running develop
running egg_info
writing ros2_jazzy.egg-info/PKG-INFO
writing dependency_links to ros2_jazzy.egg-info/dependency_links.txt
writing entry points to ros2_jazzy.egg-info/entry_points.txt
writing requirements to ros2_jazzy.egg-info/requires.txt
writing top-level names to ros2_jazzy.egg-info/top_level.txt
reading manifest file 'ros2_jazzy.egg-info/SOURCES.txt'
writing manifest file 'ros2_jazzy.egg-info/SOURCES.txt'
running build_ext
Creating /home/hari-prasad-gajurel/Our_control/leg_control/install/ros2_jazzy/lib/python3.12/site-packages/ros2-jazzy.egg-link (link to .)
Installing loadcell script to /home/hari-prasad-gajurel/Our_control/leg_control/install/ros2_jazzy/lib/ros2_jazzy
Installing oslsim_controller script to /home/hari-prasad-gajurel/Our_control/leg_control/install/ros2_jazzy/lib/ros2_jazzy
Installing oslsim_pid_tuner script to /home/hari-prasad-gajurel/Our_control/leg_control/install/ros2_jazzy/lib/ros2_jazzy
Installing oslsim_walker script to /home/hari-prasad-gajurel/Our_control/leg_control/install/ros2_jazzy/lib/ros2_jazzy

Installed /home/hari-prasad-gajurel/Our_control/leg_control/build/ros2_jazzy
running symlink_data
symbolically linking /home/hari-prasad-gajurel/Our_control/leg_control/build/ros2_jazzy/resource/ros2_jazzy -> /home/hari-prasad-gajurel/Our_control/leg_control/install/ros2_jazzy/share/ament_index/resource_index/packages
symbolically linking /home/hari-prasad-gajurel/Our_control/leg_control/build/ros2_jazzy/package.xml -> /home/hari-prasad-gajurel/Our_control/leg_control/install/ros2_jazzy/share/ros2_jazzy
symbolically linking /home/hari-prasad-gajurel/Our_control/leg_control/build/ros2_jazzy/data/StairAscent-3.csv -> /home/hari-prasad-gajurel/Our_control/leg_control/install/ros2_jazzy/share/ros2_jazzy/data
symbolically linking /home/hari-prasad-gajurel/Our_control/leg_control/build/ros2_jazzy/data/StairDescent-3.csv -> /home/hari-prasad-gajurel/Our_control/leg_control/install/ros2_jazzy/share/ros2_jazzy/data
symbolically linking /home/hari-prasad-gajurel/Our_control/leg_control/build/ros2_jazzy/data/angles.pkl -> /home/hari-prasad-gajurel/Our_control/leg_control/install/ros2_jazzy/share/ros2_jazzy/data
symbolically linking /home/hari-prasad-gajurel/Our_control/leg_control/build/ros2_jazzy/data/gyros.pkl -> /home/hari-prasad-gajurel/Our_control/leg_control/install/ros2_jazzy/share/ros2_jazzy/data
symbolically linking /home/hari-prasad-gajurel/Our_control/leg_control/build/ros2_jazzy/data/Walking-1.csv -> /home/hari-prasad-gajurel/Our_control/leg_control/install/ros2_jazzy/share/ros2_jazzy/data
symbolically linking /home/hari-prasad-gajurel/Our_control/leg_control/build/ros2_jazzy/data/StairDescent-1.csv -> /home/hari-prasad-gajurel/Our_control/leg_control/install/ros2_jazzy/share/ros2_jazzy/data
symbolically linking /home/hari-prasad-gajurel/Our_control/leg_control/build/ros2_jazzy/data/RampAscent-2.csv -> /home/hari-prasad-gajurel/Our_control/leg_control/install/ros2_jazzy/share/ros2_jazzy/data
symbolically linking /home/hari-prasad-gajurel/Our_control/leg_control/build/ros2_jazzy/data/RampDescent-3.csv -> /home/hari-prasad-gajurel/Our_control/leg_control/install/ros2_jazzy/share/ros2_jazzy/data
symbolically linking /home/hari-prasad-gajurel/Our_control/leg_control/build/ros2_jazzy/data/RampAscent-1.csv -> /home/hari-prasad-gajurel/Our_control/leg_control/install/ros2_jazzy/share/ros2_jazzy/data
symbolically linking /home/hari-prasad-gajurel/Our_control/leg_control/build/ros2_jazzy/data/RampDescent-2.csv -> /home/hari-prasad-gajurel/Our_control/leg_control/install/ros2_jazzy/share/ros2_jazzy/data
symbolically linking /home/hari-prasad-gajurel/Our_control/leg_control/build/ros2_jazzy/data/StairAscent-1.csv -> /home/hari-prasad-gajurel/Our_control/leg_control/install/ros2_jazzy/share/ros2_jazzy/data
symbolically linking /home/hari-prasad-gajurel/Our_control/leg_control/build/ros2_jazzy/data/Walking-3.csv -> /home/hari-prasad-gajurel/Our_control/leg_control/install/ros2_jazzy/share/ros2_jazzy/data
symbolically linking /home/hari-prasad-gajurel/Our_control/leg_control/build/ros2_jazzy/data/StairDescent-2.csv -> /home/hari-prasad-gajurel/Our_control/leg_control/install/ros2_jazzy/share/ros2_jazzy/data
symbolically linking /home/hari-prasad-gajurel/Our_control/leg_control/build/ros2_jazzy/data/RampAscent-3.csv -> /home/hari-prasad-gajurel/Our_control/leg_control/install/ros2_jazzy/share/ros2_jazzy/data
symbolically linking /home/hari-prasad-gajurel/Our_control/leg_control/build/ros2_jazzy/data/RampDescent-1.csv -> /home/hari-prasad-gajurel/Our_control/leg_control/install/ros2_jazzy/share/ros2_jazzy/data
symbolically linking /home/hari-prasad-gajurel/Our_control/leg_control/build/ros2_jazzy/data/StairAscent-2.csv -> /home/hari-prasad-gajurel/Our_control/leg_control/install/ros2_jazzy/share/ros2_jazzy/data
symbolically linking /home/hari-prasad-gajurel/Our_control/leg_control/build/ros2_jazzy/data/Walking-2.csv -> /home/hari-prasad-gajurel/Our_control/leg_control/install/ros2_jazzy/share/ros2_jazzy/data
symbolically linking /home/hari-prasad-gajurel/Our_control/leg_control/build/ros2_jazzy/launch/main.launch.py -> /home/hari-prasad-gajurel/Our_control/leg_control/install/ros2_jazzy/share/ros2_jazzy/launch
symbolically linking /home/hari-prasad-gajurel/Our_control/leg_control/build/ros2_jazzy/urdf/newoslsim.xacro -> /home/hari-prasad-gajurel/Our_control/leg_control/install/ros2_jazzy/share/ros2_jazzy/urdf
symbolically linking /home/hari-prasad-gajurel/Our_control/leg_control/build/ros2_jazzy/urdf/oslsim.xacro -> /home/hari-prasad-gajurel/Our_control/leg_control/install/ros2_jazzy/share/ros2_jazzy/urdf
symbolically linking /home/hari-prasad-gajurel/Our_control/leg_control/build/ros2_jazzy/config/osl_ankle.yaml -> /home/hari-prasad-gajurel/Our_control/leg_control/install/ros2_jazzy/share/ros2_jazzy/config
symbolically linking /home/hari-prasad-gajurel/Our_control/leg_control/build/ros2_jazzy/config/controllers.yaml -> /home/hari-prasad-gajurel/Our_control/leg_control/install/ros2_jazzy/share/ros2_jazzy/config
symbolically linking /home/hari-prasad-gajurel/Our_control/leg_control/build/ros2_jazzy/config/osl_knee.yaml -> /home/hari-prasad-gajurel/Our_control/leg_control/install/ros2_jazzy/share/ros2_jazzy/config
symbolically linking /home/hari-prasad-gajurel/Our_control/leg_control/build/ros2_jazzy/meshes/foot.dae -> /home/hari-prasad-gajurel/Our_control/leg_control/install/ros2_jazzy/share/ros2_jazzy/meshes
symbolically linking /home/hari-prasad-gajurel/Our_control/leg_control/build/ros2_jazzy/meshes/thigh.dae -> /home/hari-prasad-gajurel/Our_control/leg_control/install/ros2_jazzy/share/ros2_jazzy/meshes
symbolically linking /home/hari-prasad-gajurel/Our_control/leg_control/build/ros2_jazzy/meshes/osl_foot.obj -> /home/hari-prasad-gajurel/Our_control/leg_control/install/ros2_jazzy/share/ros2_jazzy/meshes
symbolically linking /home/hari-prasad-gajurel/Our_control/leg_control/build/ros2_jazzy/meshes/osl_shank.dae -> /home/hari-prasad-gajurel/Our_control/leg_control/install/ros2_jazzy/share/ros2_jazzy/meshes
symbolically linking /home/hari-prasad-gajurel/Our_control/leg_control/build/ros2_jazzy/meshes/osl_shank.obj -> /home/hari-prasad-gajurel/Our_control/leg_control/install/ros2_jazzy/share/ros2_jazzy/meshes
symbolically linking /home/hari-prasad-gajurel/Our_control/leg_control/build/ros2_jazzy/meshes/robot_foot.mtl -> /home/hari-prasad-gajurel/Our_control/leg_control/install/ros2_jazzy/share/ros2_jazzy/meshes
symbolically linking /home/hari-prasad-gajurel/Our_control/leg_control/build/ros2_jazzy/meshes/socket.dae -> /home/hari-prasad-gajurel/Our_control/leg_control/install/ros2_jazzy/share/ros2_jazzy/meshes
symbolically linking /home/hari-prasad-gajurel/Our_control/leg_control/build/ros2_jazzy/meshes/shin.dae -> /home/hari-prasad-gajurel/Our_control/leg_control/install/ros2_jazzy/share/ros2_jazzy/meshes
symbolically linking /home/hari-prasad-gajurel/Our_control/leg_control/build/ros2_jazzy/meshes/osl_knee.obj -> /home/hari-prasad-gajurel/Our_control/leg_control/install/ros2_jazzy/share/ros2_jazzy/meshes
symbolically linking /home/hari-prasad-gajurel/Our_control/leg_control/build/ros2_jazzy/meshes/osl_shin.STL -> /home/hari-prasad-gajurel/Our_control/leg_control/install/ros2_jazzy/share/ros2_jazzy/meshes
symbolically linking /home/hari-prasad-gajurel/Our_control/leg_control/build/ros2_jazzy/meshes/osl_foot.dae -> /home/hari-prasad-gajurel/Our_control/leg_control/install/ros2_jazzy/share/ros2_jazzy/meshes
symbolically linking /home/hari-prasad-gajurel/Our_control/leg_control/build/ros2_jazzy/worlds/main.world -> /home/hari-prasad-gajurel/Our_control/leg_control/install/ros2_jazzy/share/ros2_jazzy/worlds
