[1.360s] Invoking command in '/home/hari-prasad-gajurel/Our_control/leg_control/build/ros2_jazzy': AMENT_PREFIX_PATH=/home/hari-prasad-gajurel/Our_control/leg_control/install/pid_tune:/home/hari-prasad-gajurel/Our_control/leg_control/install/osl_motor:${AMENT_PREFIX_PATH} CMAKE_PREFIX_PATH=/home/hari-prasad-gajurel/Our_control/leg_control/install/pid_tune:${CMAKE_PREFIX_PATH} DEBUGINFOD_URLS=https://debuginfod.ubuntu.com LD_LIBRARY_PATH=/home/hari-prasad-gajurel/Our_control/leg_control/install/pid_tune/lib:${LD_LIBRARY_PATH} PYTHONPATH=/home/hari-prasad-gajurel/Our_control/leg_control/build/ros2_jazzy/prefix_override:/usr/lib/python3/dist-packages/colcon_core/task/python/colcon_distutils_commands:/home/hari-prasad-gajurel/Our_control/leg_control/install/ros2_jazzy/lib/python3.12/site-packages:/home/hari-prasad-gajurel/Our_control/leg_control/install/pid_tune/lib/python3.12/site-packages:/home/hari-prasad-gajurel/Our_control/leg_control/build/osl_motor:/home/hari-prasad-gajurel/Our_control/leg_control/install/osl_motor/lib/python3.12/site-packages:${PYTHONPATH} /usr/bin/python3 -W ignore:setup.py install is deprecated -W ignore:easy_install command is deprecated setup.py develop --editable --build-directory /home/hari-prasad-gajurel/Our_control/leg_control/build/ros2_jazzy/build --no-deps symlink_data --force
[1.876s] running develop
[2.239s] running egg_info
[2.272s] writing ros2_jazzy.egg-info/PKG-INFO
[2.273s] writing dependency_links to ros2_jazzy.egg-info/dependency_links.txt
[2.273s] writing entry points to ros2_jazzy.egg-info/entry_points.txt
[2.273s] writing requirements to ros2_jazzy.egg-info/requires.txt
[2.274s] writing top-level names to ros2_jazzy.egg-info/top_level.txt
[2.344s] reading manifest file 'ros2_jazzy.egg-info/SOURCES.txt'
[2.347s] writing manifest file 'ros2_jazzy.egg-info/SOURCES.txt'
[2.387s] running build_ext
[2.388s] Creating /home/hari-prasad-gajurel/Our_control/leg_control/install/ros2_jazzy/lib/python3.12/site-packages/ros2-jazzy.egg-link (link to .)
[2.388s] Installing loadcell script to /home/hari-prasad-gajurel/Our_control/leg_control/install/ros2_jazzy/lib/ros2_jazzy
[2.389s] Installing oslsim_controller script to /home/hari-prasad-gajurel/Our_control/leg_control/install/ros2_jazzy/lib/ros2_jazzy
[2.389s] Installing oslsim_pid_tuner script to /home/hari-prasad-gajurel/Our_control/leg_control/install/ros2_jazzy/lib/ros2_jazzy
[2.390s] Installing oslsim_walker script to /home/hari-prasad-gajurel/Our_control/leg_control/install/ros2_jazzy/lib/ros2_jazzy
[2.390s] 
[2.390s] Installed /home/hari-prasad-gajurel/Our_control/leg_control/build/ros2_jazzy
[2.391s] running symlink_data
[2.391s] symbolically linking /home/hari-prasad-gajurel/Our_control/leg_control/build/ros2_jazzy/resource/ros2_jazzy -> /home/hari-prasad-gajurel/Our_control/leg_control/install/ros2_jazzy/share/ament_index/resource_index/packages
[2.391s] symbolically linking /home/hari-prasad-gajurel/Our_control/leg_control/build/ros2_jazzy/package.xml -> /home/hari-prasad-gajurel/Our_control/leg_control/install/ros2_jazzy/share/ros2_jazzy
[2.392s] symbolically linking /home/hari-prasad-gajurel/Our_control/leg_control/build/ros2_jazzy/data/StairAscent-3.csv -> /home/hari-prasad-gajurel/Our_control/leg_control/install/ros2_jazzy/share/ros2_jazzy/data
[2.392s] symbolically linking /home/hari-prasad-gajurel/Our_control/leg_control/build/ros2_jazzy/data/StairDescent-3.csv -> /home/hari-prasad-gajurel/Our_control/leg_control/install/ros2_jazzy/share/ros2_jazzy/data
[2.393s] symbolically linking /home/hari-prasad-gajurel/Our_control/leg_control/build/ros2_jazzy/data/angles.pkl -> /home/hari-prasad-gajurel/Our_control/leg_control/install/ros2_jazzy/share/ros2_jazzy/data
[2.393s] symbolically linking /home/hari-prasad-gajurel/Our_control/leg_control/build/ros2_jazzy/data/gyros.pkl -> /home/hari-prasad-gajurel/Our_control/leg_control/install/ros2_jazzy/share/ros2_jazzy/data
[2.393s] symbolically linking /home/hari-prasad-gajurel/Our_control/leg_control/build/ros2_jazzy/data/Walking-1.csv -> /home/hari-prasad-gajurel/Our_control/leg_control/install/ros2_jazzy/share/ros2_jazzy/data
[2.393s] symbolically linking /home/hari-prasad-gajurel/Our_control/leg_control/build/ros2_jazzy/data/StairDescent-1.csv -> /home/hari-prasad-gajurel/Our_control/leg_control/install/ros2_jazzy/share/ros2_jazzy/data
[2.395s] symbolically linking /home/hari-prasad-gajurel/Our_control/leg_control/build/ros2_jazzy/data/RampAscent-2.csv -> /home/hari-prasad-gajurel/Our_control/leg_control/install/ros2_jazzy/share/ros2_jazzy/data
[2.395s] symbolically linking /home/hari-prasad-gajurel/Our_control/leg_control/build/ros2_jazzy/data/RampDescent-3.csv -> /home/hari-prasad-gajurel/Our_control/leg_control/install/ros2_jazzy/share/ros2_jazzy/data
[2.396s] symbolically linking /home/hari-prasad-gajurel/Our_control/leg_control/build/ros2_jazzy/data/RampAscent-1.csv -> /home/hari-prasad-gajurel/Our_control/leg_control/install/ros2_jazzy/share/ros2_jazzy/data
[2.396s] symbolically linking /home/hari-prasad-gajurel/Our_control/leg_control/build/ros2_jazzy/data/RampDescent-2.csv -> /home/hari-prasad-gajurel/Our_control/leg_control/install/ros2_jazzy/share/ros2_jazzy/data
[2.396s] symbolically linking /home/hari-prasad-gajurel/Our_control/leg_control/build/ros2_jazzy/data/StairAscent-1.csv -> /home/hari-prasad-gajurel/Our_control/leg_control/install/ros2_jazzy/share/ros2_jazzy/data
[2.396s] symbolically linking /home/hari-prasad-gajurel/Our_control/leg_control/build/ros2_jazzy/data/Walking-3.csv -> /home/hari-prasad-gajurel/Our_control/leg_control/install/ros2_jazzy/share/ros2_jazzy/data
[2.397s] symbolically linking /home/hari-prasad-gajurel/Our_control/leg_control/build/ros2_jazzy/data/StairDescent-2.csv -> /home/hari-prasad-gajurel/Our_control/leg_control/install/ros2_jazzy/share/ros2_jazzy/data
[2.397s] symbolically linking /home/hari-prasad-gajurel/Our_control/leg_control/build/ros2_jazzy/data/RampAscent-3.csv -> /home/hari-prasad-gajurel/Our_control/leg_control/install/ros2_jazzy/share/ros2_jazzy/data
[2.397s] symbolically linking /home/hari-prasad-gajurel/Our_control/leg_control/build/ros2_jazzy/data/RampDescent-1.csv -> /home/hari-prasad-gajurel/Our_control/leg_control/install/ros2_jazzy/share/ros2_jazzy/data
[2.397s] symbolically linking /home/hari-prasad-gajurel/Our_control/leg_control/build/ros2_jazzy/data/StairAscent-2.csv -> /home/hari-prasad-gajurel/Our_control/leg_control/install/ros2_jazzy/share/ros2_jazzy/data
[2.397s] symbolically linking /home/hari-prasad-gajurel/Our_control/leg_control/build/ros2_jazzy/data/Walking-2.csv -> /home/hari-prasad-gajurel/Our_control/leg_control/install/ros2_jazzy/share/ros2_jazzy/data
[2.398s] symbolically linking /home/hari-prasad-gajurel/Our_control/leg_control/build/ros2_jazzy/launch/main.launch.py -> /home/hari-prasad-gajurel/Our_control/leg_control/install/ros2_jazzy/share/ros2_jazzy/launch
[2.398s] symbolically linking /home/hari-prasad-gajurel/Our_control/leg_control/build/ros2_jazzy/urdf/newoslsim.xacro -> /home/hari-prasad-gajurel/Our_control/leg_control/install/ros2_jazzy/share/ros2_jazzy/urdf
[2.398s] symbolically linking /home/hari-prasad-gajurel/Our_control/leg_control/build/ros2_jazzy/urdf/oslsim.xacro -> /home/hari-prasad-gajurel/Our_control/leg_control/install/ros2_jazzy/share/ros2_jazzy/urdf
[2.398s] symbolically linking /home/hari-prasad-gajurel/Our_control/leg_control/build/ros2_jazzy/config/osl_ankle.yaml -> /home/hari-prasad-gajurel/Our_control/leg_control/install/ros2_jazzy/share/ros2_jazzy/config
[2.398s] symbolically linking /home/hari-prasad-gajurel/Our_control/leg_control/build/ros2_jazzy/config/controllers.yaml -> /home/hari-prasad-gajurel/Our_control/leg_control/install/ros2_jazzy/share/ros2_jazzy/config
[2.399s] symbolically linking /home/hari-prasad-gajurel/Our_control/leg_control/build/ros2_jazzy/config/osl_knee.yaml -> /home/hari-prasad-gajurel/Our_control/leg_control/install/ros2_jazzy/share/ros2_jazzy/config
[2.399s] symbolically linking /home/hari-prasad-gajurel/Our_control/leg_control/build/ros2_jazzy/meshes/foot.dae -> /home/hari-prasad-gajurel/Our_control/leg_control/install/ros2_jazzy/share/ros2_jazzy/meshes
[2.399s] symbolically linking /home/hari-prasad-gajurel/Our_control/leg_control/build/ros2_jazzy/meshes/thigh.dae -> /home/hari-prasad-gajurel/Our_control/leg_control/install/ros2_jazzy/share/ros2_jazzy/meshes
[2.400s] symbolically linking /home/hari-prasad-gajurel/Our_control/leg_control/build/ros2_jazzy/meshes/osl_foot.obj -> /home/hari-prasad-gajurel/Our_control/leg_control/install/ros2_jazzy/share/ros2_jazzy/meshes
[2.400s] symbolically linking /home/hari-prasad-gajurel/Our_control/leg_control/build/ros2_jazzy/meshes/osl_shank.dae -> /home/hari-prasad-gajurel/Our_control/leg_control/install/ros2_jazzy/share/ros2_jazzy/meshes
[2.400s] symbolically linking /home/hari-prasad-gajurel/Our_control/leg_control/build/ros2_jazzy/meshes/osl_shank.obj -> /home/hari-prasad-gajurel/Our_control/leg_control/install/ros2_jazzy/share/ros2_jazzy/meshes
[2.400s] symbolically linking /home/hari-prasad-gajurel/Our_control/leg_control/build/ros2_jazzy/meshes/robot_foot.mtl -> /home/hari-prasad-gajurel/Our_control/leg_control/install/ros2_jazzy/share/ros2_jazzy/meshes
[2.401s] symbolically linking /home/hari-prasad-gajurel/Our_control/leg_control/build/ros2_jazzy/meshes/socket.dae -> /home/hari-prasad-gajurel/Our_control/leg_control/install/ros2_jazzy/share/ros2_jazzy/meshes
[2.401s] symbolically linking /home/hari-prasad-gajurel/Our_control/leg_control/build/ros2_jazzy/meshes/shin.dae -> /home/hari-prasad-gajurel/Our_control/leg_control/install/ros2_jazzy/share/ros2_jazzy/meshes
[2.401s] symbolically linking /home/hari-prasad-gajurel/Our_control/leg_control/build/ros2_jazzy/meshes/osl_knee.obj -> /home/hari-prasad-gajurel/Our_control/leg_control/install/ros2_jazzy/share/ros2_jazzy/meshes
[2.404s] symbolically linking /home/hari-prasad-gajurel/Our_control/leg_control/build/ros2_jazzy/meshes/osl_shin.STL -> /home/hari-prasad-gajurel/Our_control/leg_control/install/ros2_jazzy/share/ros2_jazzy/meshes
[2.405s] symbolically linking /home/hari-prasad-gajurel/Our_control/leg_control/build/ros2_jazzy/meshes/osl_foot.dae -> /home/hari-prasad-gajurel/Our_control/leg_control/install/ros2_jazzy/share/ros2_jazzy/meshes
[2.405s] symbolically linking /home/hari-prasad-gajurel/Our_control/leg_control/build/ros2_jazzy/worlds/main.world -> /home/hari-prasad-gajurel/Our_control/leg_control/install/ros2_jazzy/share/ros2_jazzy/worlds
[2.496s] Invoked command in '/home/hari-prasad-gajurel/Our_control/leg_control/build/ros2_jazzy' returned '0': AMENT_PREFIX_PATH=/home/hari-prasad-gajurel/Our_control/leg_control/install/pid_tune:/home/hari-prasad-gajurel/Our_control/leg_control/install/osl_motor:${AMENT_PREFIX_PATH} CMAKE_PREFIX_PATH=/home/hari-prasad-gajurel/Our_control/leg_control/install/pid_tune:${CMAKE_PREFIX_PATH} DEBUGINFOD_URLS=https://debuginfod.ubuntu.com LD_LIBRARY_PATH=/home/hari-prasad-gajurel/Our_control/leg_control/install/pid_tune/lib:${LD_LIBRARY_PATH} PYTHONPATH=/home/hari-prasad-gajurel/Our_control/leg_control/build/ros2_jazzy/prefix_override:/usr/lib/python3/dist-packages/colcon_core/task/python/colcon_distutils_commands:/home/hari-prasad-gajurel/Our_control/leg_control/install/ros2_jazzy/lib/python3.12/site-packages:/home/hari-prasad-gajurel/Our_control/leg_control/install/pid_tune/lib/python3.12/site-packages:/home/hari-prasad-gajurel/Our_control/leg_control/build/osl_motor:/home/hari-prasad-gajurel/Our_control/leg_control/install/osl_motor/lib/python3.12/site-packages:${PYTHONPATH} /usr/bin/python3 -W ignore:setup.py install is deprecated -W ignore:easy_install command is deprecated setup.py develop --editable --build-directory /home/hari-prasad-gajurel/Our_control/leg_control/build/ros2_jazzy/build --no-deps symlink_data --force
