[0.232s] DEBUG:colcon:Command line arguments: ['/usr/bin/colcon', 'build', '--symlink-install']
[0.233s] DEBUG:colcon:Parsed command line arguments: Namespace(log_base=None, log_level=None, verb_name='build', build_base='build', install_base='install', merge_install=False, symlink_install=True, test_result_base=None, continue_on_error=False, executor='parallel', parallel_workers=8, event_handlers=None, ignore_user_meta=False, metas=['./colcon.meta'], base_paths=['.'], packages_ignore=None, packages_ignore_regex=None, paths=None, packages_up_to=None, packages_up_to_regex=None, packages_above=None, packages_above_and_dependencies=None, packages_above_depth=None, packages_select_by_dep=None, packages_skip_by_dep=None, packages_skip_up_to=None, packages_select_build_failed=False, packages_skip_build_finished=False, packages_select_test_failures=False, packages_skip_test_passed=False, packages_select=None, packages_skip=None, packages_select_regex=None, packages_skip_regex=None, packages_start=None, packages_end=None, allow_overriding=[], cmake_args=None, cmake_target=None, cmake_target_skip_unavailable=False, cmake_clean_cache=False, cmake_clean_first=False, cmake_force_configure=False, ament_cmake_args=None, catkin_cmake_args=None, catkin_skip_building_tests=False, verb_parser=<colcon_defaults.argument_parser.defaults.DefaultArgumentsDecorator object at 0x719e46b74830>, verb_extension=<colcon_core.verb.build.BuildVerb object at 0x719e46b1e0f0>, main=<bound method BuildVerb.main of <colcon_core.verb.build.BuildVerb object at 0x719e46b1e0f0>>)
[0.319s] Level 1:colcon.colcon_core.package_discovery:discover_packages(colcon_meta) check parameters
[0.319s] Level 1:colcon.colcon_core.package_discovery:discover_packages(recursive) check parameters
[0.319s] Level 1:colcon.colcon_core.package_discovery:discover_packages(ignore) check parameters
[0.319s] Level 1:colcon.colcon_core.package_discovery:discover_packages(path) check parameters
[0.319s] Level 1:colcon.colcon_core.package_discovery:discover_packages(colcon_meta) discover
[0.319s] Level 1:colcon.colcon_core.package_discovery:discover_packages(recursive) discover
[0.319s] INFO:colcon.colcon_core.package_discovery:Crawling recursively for packages in '/home/hari-prasad-gajurel/Our_control/leg_control'
[0.319s] Level 1:colcon.colcon_core.package_identification:_identify(.) by extensions ['ignore', 'ignore_ament_install']
[0.320s] Level 1:colcon.colcon_core.package_identification:_identify(.) by extension 'ignore'
[0.320s] Level 1:colcon.colcon_core.package_identification:_identify(.) by extension 'ignore_ament_install'
[0.320s] Level 1:colcon.colcon_core.package_identification:_identify(.) by extensions ['colcon_pkg']
[0.320s] Level 1:colcon.colcon_core.package_identification:_identify(.) by extension 'colcon_pkg'
[0.320s] Level 1:colcon.colcon_core.package_identification:_identify(.) by extensions ['colcon_meta']
[0.320s] Level 1:colcon.colcon_core.package_identification:_identify(.) by extension 'colcon_meta'
[0.320s] Level 1:colcon.colcon_core.package_identification:_identify(.) by extensions ['ros']
[0.320s] Level 1:colcon.colcon_core.package_identification:_identify(.) by extension 'ros'
[0.363s] Level 1:colcon.colcon_core.package_identification:_identify(.) by extensions ['cmake', 'python']
[0.363s] Level 1:colcon.colcon_core.package_identification:_identify(.) by extension 'cmake'
[0.363s] Level 1:colcon.colcon_core.package_identification:_identify(.) by extension 'python'
[0.363s] Level 1:colcon.colcon_core.package_identification:_identify(.) by extensions ['python_setup_py']
[0.363s] Level 1:colcon.colcon_core.package_identification:_identify(.) by extension 'python_setup_py'
[0.363s] Level 1:colcon.colcon_core.package_identification:_identify(build) by extensions ['ignore', 'ignore_ament_install']
[0.363s] Level 1:colcon.colcon_core.package_identification:_identify(build) by extension 'ignore'
[0.363s] Level 1:colcon.colcon_core.package_identification:_identify(build) ignored
[0.364s] Level 1:colcon.colcon_core.package_identification:_identify(config) by extensions ['ignore', 'ignore_ament_install']
[0.364s] Level 1:colcon.colcon_core.package_identification:_identify(config) by extension 'ignore'
[0.364s] Level 1:colcon.colcon_core.package_identification:_identify(config) by extension 'ignore_ament_install'
[0.364s] Level 1:colcon.colcon_core.package_identification:_identify(config) by extensions ['colcon_pkg']
[0.364s] Level 1:colcon.colcon_core.package_identification:_identify(config) by extension 'colcon_pkg'
[0.364s] Level 1:colcon.colcon_core.package_identification:_identify(config) by extensions ['colcon_meta']
[0.364s] Level 1:colcon.colcon_core.package_identification:_identify(config) by extension 'colcon_meta'
[0.364s] Level 1:colcon.colcon_core.package_identification:_identify(config) by extensions ['ros']
[0.364s] Level 1:colcon.colcon_core.package_identification:_identify(config) by extension 'ros'
[0.364s] Level 1:colcon.colcon_core.package_identification:_identify(config) by extensions ['cmake', 'python']
[0.364s] Level 1:colcon.colcon_core.package_identification:_identify(config) by extension 'cmake'
[0.365s] Level 1:colcon.colcon_core.package_identification:_identify(config) by extension 'python'
[0.365s] Level 1:colcon.colcon_core.package_identification:_identify(config) by extensions ['python_setup_py']
[0.365s] Level 1:colcon.colcon_core.package_identification:_identify(config) by extension 'python_setup_py'
[0.365s] Level 1:colcon.colcon_core.package_identification:_identify(install) by extensions ['ignore', 'ignore_ament_install']
[0.365s] Level 1:colcon.colcon_core.package_identification:_identify(install) by extension 'ignore'
[0.365s] Level 1:colcon.colcon_core.package_identification:_identify(install) ignored
[0.365s] Level 1:colcon.colcon_core.package_identification:_identify(log) by extensions ['ignore', 'ignore_ament_install']
[0.365s] Level 1:colcon.colcon_core.package_identification:_identify(log) by extension 'ignore'
[0.365s] Level 1:colcon.colcon_core.package_identification:_identify(log) ignored
[0.366s] Level 1:colcon.colcon_core.package_identification:_identify(src) by extensions ['ignore', 'ignore_ament_install']
[0.366s] Level 1:colcon.colcon_core.package_identification:_identify(src) by extension 'ignore'
[0.366s] Level 1:colcon.colcon_core.package_identification:_identify(src) by extension 'ignore_ament_install'
[0.366s] Level 1:colcon.colcon_core.package_identification:_identify(src) by extensions ['colcon_pkg']
[0.366s] Level 1:colcon.colcon_core.package_identification:_identify(src) by extension 'colcon_pkg'
[0.366s] Level 1:colcon.colcon_core.package_identification:_identify(src) by extensions ['colcon_meta']
[0.366s] Level 1:colcon.colcon_core.package_identification:_identify(src) by extension 'colcon_meta'
[0.366s] Level 1:colcon.colcon_core.package_identification:_identify(src) by extensions ['ros']
[0.366s] Level 1:colcon.colcon_core.package_identification:_identify(src) by extension 'ros'
[0.366s] Level 1:colcon.colcon_core.package_identification:_identify(src) by extensions ['cmake', 'python']
[0.366s] Level 1:colcon.colcon_core.package_identification:_identify(src) by extension 'cmake'
[0.366s] Level 1:colcon.colcon_core.package_identification:_identify(src) by extension 'python'
[0.366s] Level 1:colcon.colcon_core.package_identification:_identify(src) by extensions ['python_setup_py']
[0.366s] Level 1:colcon.colcon_core.package_identification:_identify(src) by extension 'python_setup_py'
[0.367s] Level 1:colcon.colcon_core.package_identification:_identify(src/osl_motor) by extensions ['ignore', 'ignore_ament_install']
[0.367s] Level 1:colcon.colcon_core.package_identification:_identify(src/osl_motor) by extension 'ignore'
[0.367s] Level 1:colcon.colcon_core.package_identification:_identify(src/osl_motor) by extension 'ignore_ament_install'
[0.367s] Level 1:colcon.colcon_core.package_identification:_identify(src/osl_motor) by extensions ['colcon_pkg']
[0.367s] Level 1:colcon.colcon_core.package_identification:_identify(src/osl_motor) by extension 'colcon_pkg'
[0.367s] Level 1:colcon.colcon_core.package_identification:_identify(src/osl_motor) by extensions ['colcon_meta']
[0.367s] Level 1:colcon.colcon_core.package_identification:_identify(src/osl_motor) by extension 'colcon_meta'
[0.367s] Level 1:colcon.colcon_core.package_identification:_identify(src/osl_motor) by extensions ['ros']
[0.367s] Level 1:colcon.colcon_core.package_identification:_identify(src/osl_motor) by extension 'ros'
[0.374s] DEBUG:colcon.colcon_core.package_identification:Package 'src/osl_motor' with type 'ros.ament_python' and name 'osl_motor'
[0.374s] Level 1:colcon.colcon_core.package_identification:_identify(src/pid_tune) by extensions ['ignore', 'ignore_ament_install']
[0.374s] Level 1:colcon.colcon_core.package_identification:_identify(src/pid_tune) by extension 'ignore'
[0.374s] Level 1:colcon.colcon_core.package_identification:_identify(src/pid_tune) by extension 'ignore_ament_install'
[0.374s] Level 1:colcon.colcon_core.package_identification:_identify(src/pid_tune) by extensions ['colcon_pkg']
[0.374s] Level 1:colcon.colcon_core.package_identification:_identify(src/pid_tune) by extension 'colcon_pkg'
[0.374s] Level 1:colcon.colcon_core.package_identification:_identify(src/pid_tune) by extensions ['colcon_meta']
[0.374s] Level 1:colcon.colcon_core.package_identification:_identify(src/pid_tune) by extension 'colcon_meta'
[0.374s] Level 1:colcon.colcon_core.package_identification:_identify(src/pid_tune) by extensions ['ros']
[0.374s] Level 1:colcon.colcon_core.package_identification:_identify(src/pid_tune) by extension 'ros'
[0.375s] DEBUG:colcon.colcon_core.package_identification:Package 'src/pid_tune' with type 'ros.ament_cmake' and name 'pid_tune'
[0.376s] Level 1:colcon.colcon_core.package_identification:_identify(src/ros2_jazzy) by extensions ['ignore', 'ignore_ament_install']
[0.376s] Level 1:colcon.colcon_core.package_identification:_identify(src/ros2_jazzy) by extension 'ignore'
[0.376s] Level 1:colcon.colcon_core.package_identification:_identify(src/ros2_jazzy) by extension 'ignore_ament_install'
[0.376s] Level 1:colcon.colcon_core.package_identification:_identify(src/ros2_jazzy) by extensions ['colcon_pkg']
[0.376s] Level 1:colcon.colcon_core.package_identification:_identify(src/ros2_jazzy) by extension 'colcon_pkg'
[0.376s] Level 1:colcon.colcon_core.package_identification:_identify(src/ros2_jazzy) by extensions ['colcon_meta']
[0.376s] Level 1:colcon.colcon_core.package_identification:_identify(src/ros2_jazzy) by extension 'colcon_meta'
[0.376s] Level 1:colcon.colcon_core.package_identification:_identify(src/ros2_jazzy) by extensions ['ros']
[0.376s] Level 1:colcon.colcon_core.package_identification:_identify(src/ros2_jazzy) by extension 'ros'
[0.378s] DEBUG:colcon.colcon_core.package_identification:Package 'src/ros2_jazzy' with type 'ros.ament_python' and name 'ros2_jazzy'
[0.378s] Level 1:colcon.colcon_core.package_discovery:discover_packages(recursive) using defaults
[0.378s] Level 1:colcon.colcon_core.package_discovery:discover_packages(ignore) discover
[0.378s] Level 1:colcon.colcon_core.package_discovery:discover_packages(ignore) using defaults
[0.378s] Level 1:colcon.colcon_core.package_discovery:discover_packages(path) discover
[0.378s] Level 1:colcon.colcon_core.package_discovery:discover_packages(path) using defaults
[0.411s] Level 1:colcon.colcon_core.package_discovery:discover_packages(prefix_path) check parameters
[0.411s] Level 1:colcon.colcon_core.package_discovery:discover_packages(prefix_path) discover
[0.418s] DEBUG:colcon.colcon_installed_package_information.package_discovery:Found 370 installed packages in /opt/ros/jazzy
[0.420s] Level 1:colcon.colcon_core.package_discovery:discover_packages(prefix_path) using defaults
[0.492s] Level 5:colcon.colcon_core.verb:set package 'osl_motor' build argument 'cmake_args' from command line to 'None'
[0.492s] Level 5:colcon.colcon_core.verb:set package 'osl_motor' build argument 'cmake_target' from command line to 'None'
[0.492s] Level 5:colcon.colcon_core.verb:set package 'osl_motor' build argument 'cmake_target_skip_unavailable' from command line to 'False'
[0.492s] Level 5:colcon.colcon_core.verb:set package 'osl_motor' build argument 'cmake_clean_cache' from command line to 'False'
[0.492s] Level 5:colcon.colcon_core.verb:set package 'osl_motor' build argument 'cmake_clean_first' from command line to 'False'
[0.492s] Level 5:colcon.colcon_core.verb:set package 'osl_motor' build argument 'cmake_force_configure' from command line to 'False'
[0.492s] Level 5:colcon.colcon_core.verb:set package 'osl_motor' build argument 'ament_cmake_args' from command line to 'None'
[0.492s] Level 5:colcon.colcon_core.verb:set package 'osl_motor' build argument 'catkin_cmake_args' from command line to 'None'
[0.492s] Level 5:colcon.colcon_core.verb:set package 'osl_motor' build argument 'catkin_skip_building_tests' from command line to 'False'
[0.492s] DEBUG:colcon.colcon_core.verb:Building package 'osl_motor' with the following arguments: {'ament_cmake_args': None, 'build_base': '/home/hari-prasad-gajurel/Our_control/leg_control/build/osl_motor', 'catkin_cmake_args': None, 'catkin_skip_building_tests': False, 'cmake_args': None, 'cmake_clean_cache': False, 'cmake_clean_first': False, 'cmake_force_configure': False, 'cmake_target': None, 'cmake_target_skip_unavailable': False, 'install_base': '/home/hari-prasad-gajurel/Our_control/leg_control/install/osl_motor', 'merge_install': False, 'path': '/home/hari-prasad-gajurel/Our_control/leg_control/src/osl_motor', 'symlink_install': True, 'test_result_base': None}
[0.493s] Level 5:colcon.colcon_core.verb:set package 'pid_tune' build argument 'cmake_args' from command line to 'None'
[0.493s] Level 5:colcon.colcon_core.verb:set package 'pid_tune' build argument 'cmake_target' from command line to 'None'
[0.493s] Level 5:colcon.colcon_core.verb:set package 'pid_tune' build argument 'cmake_target_skip_unavailable' from command line to 'False'
[0.493s] Level 5:colcon.colcon_core.verb:set package 'pid_tune' build argument 'cmake_clean_cache' from command line to 'False'
[0.493s] Level 5:colcon.colcon_core.verb:set package 'pid_tune' build argument 'cmake_clean_first' from command line to 'False'
[0.493s] Level 5:colcon.colcon_core.verb:set package 'pid_tune' build argument 'cmake_force_configure' from command line to 'False'
[0.493s] Level 5:colcon.colcon_core.verb:set package 'pid_tune' build argument 'ament_cmake_args' from command line to 'None'
[0.493s] Level 5:colcon.colcon_core.verb:set package 'pid_tune' build argument 'catkin_cmake_args' from command line to 'None'
[0.493s] Level 5:colcon.colcon_core.verb:set package 'pid_tune' build argument 'catkin_skip_building_tests' from command line to 'False'
[0.493s] DEBUG:colcon.colcon_core.verb:Building package 'pid_tune' with the following arguments: {'ament_cmake_args': None, 'build_base': '/home/hari-prasad-gajurel/Our_control/leg_control/build/pid_tune', 'catkin_cmake_args': None, 'catkin_skip_building_tests': False, 'cmake_args': None, 'cmake_clean_cache': False, 'cmake_clean_first': False, 'cmake_force_configure': False, 'cmake_target': None, 'cmake_target_skip_unavailable': False, 'install_base': '/home/hari-prasad-gajurel/Our_control/leg_control/install/pid_tune', 'merge_install': False, 'path': '/home/hari-prasad-gajurel/Our_control/leg_control/src/pid_tune', 'symlink_install': True, 'test_result_base': None}
[0.494s] Level 5:colcon.colcon_core.verb:set package 'ros2_jazzy' build argument 'cmake_args' from command line to 'None'
[0.494s] Level 5:colcon.colcon_core.verb:set package 'ros2_jazzy' build argument 'cmake_target' from command line to 'None'
[0.494s] Level 5:colcon.colcon_core.verb:set package 'ros2_jazzy' build argument 'cmake_target_skip_unavailable' from command line to 'False'
[0.494s] Level 5:colcon.colcon_core.verb:set package 'ros2_jazzy' build argument 'cmake_clean_cache' from command line to 'False'
[0.494s] Level 5:colcon.colcon_core.verb:set package 'ros2_jazzy' build argument 'cmake_clean_first' from command line to 'False'
[0.494s] Level 5:colcon.colcon_core.verb:set package 'ros2_jazzy' build argument 'cmake_force_configure' from command line to 'False'
[0.494s] Level 5:colcon.colcon_core.verb:set package 'ros2_jazzy' build argument 'ament_cmake_args' from command line to 'None'
[0.494s] Level 5:colcon.colcon_core.verb:set package 'ros2_jazzy' build argument 'catkin_cmake_args' from command line to 'None'
[0.494s] Level 5:colcon.colcon_core.verb:set package 'ros2_jazzy' build argument 'catkin_skip_building_tests' from command line to 'False'
[0.494s] DEBUG:colcon.colcon_core.verb:Building package 'ros2_jazzy' with the following arguments: {'ament_cmake_args': None, 'build_base': '/home/hari-prasad-gajurel/Our_control/leg_control/build/ros2_jazzy', 'catkin_cmake_args': None, 'catkin_skip_building_tests': False, 'cmake_args': None, 'cmake_clean_cache': False, 'cmake_clean_first': False, 'cmake_force_configure': False, 'cmake_target': None, 'cmake_target_skip_unavailable': False, 'install_base': '/home/hari-prasad-gajurel/Our_control/leg_control/install/ros2_jazzy', 'merge_install': False, 'path': '/home/hari-prasad-gajurel/Our_control/leg_control/src/ros2_jazzy', 'symlink_install': True, 'test_result_base': None}
[0.495s] INFO:colcon.colcon_core.executor:Executing jobs using 'parallel' executor
[0.496s] DEBUG:colcon.colcon_parallel_executor.executor.parallel:run_until_complete
[0.497s] INFO:colcon.colcon_ros.task.ament_python.build:Building ROS package in '/home/hari-prasad-gajurel/Our_control/leg_control/src/osl_motor' with build type 'ament_python'
[0.497s] Level 1:colcon.colcon_core.shell:create_environment_hook('osl_motor', 'ament_prefix_path')
[0.502s] INFO:colcon.colcon_core.plugin_system:Skipping extension 'colcon_core.shell.bat': Not used on non-Windows systems
[0.502s] INFO:colcon.colcon_core.shell:Creating environment hook '/home/hari-prasad-gajurel/Our_control/leg_control/install/osl_motor/share/osl_motor/hook/ament_prefix_path.ps1'
[0.505s] INFO:colcon.colcon_core.shell:Creating environment descriptor '/home/hari-prasad-gajurel/Our_control/leg_control/install/osl_motor/share/osl_motor/hook/ament_prefix_path.dsv'
[0.506s] INFO:colcon.colcon_core.shell:Creating environment hook '/home/hari-prasad-gajurel/Our_control/leg_control/install/osl_motor/share/osl_motor/hook/ament_prefix_path.sh'
[0.508s] INFO:colcon.colcon_core.shell:Skip shell extension 'powershell' for command environment: Not usable outside of PowerShell
[0.508s] DEBUG:colcon.colcon_core.shell:Skip shell extension 'dsv' for command environment
[0.516s] INFO:colcon.colcon_ros.task.ament_cmake.build:Building ROS package in '/home/hari-prasad-gajurel/Our_control/leg_control/src/pid_tune' with build type 'ament_cmake'
[0.516s] INFO:colcon.colcon_cmake.task.cmake.build:Building CMake package in '/home/hari-prasad-gajurel/Our_control/leg_control/src/pid_tune'
[0.516s] INFO:colcon.colcon_core.shell:Skip shell extension 'powershell' for command environment: Not usable outside of PowerShell
[0.516s] DEBUG:colcon.colcon_core.shell:Skip shell extension 'dsv' for command environment
[0.860s] INFO:colcon.colcon_core.task.python.build:Building Python package in '/home/hari-prasad-gajurel/Our_control/leg_control/src/osl_motor'
[0.861s] INFO:colcon.colcon_core.shell:Skip shell extension 'powershell' for command environment: Not usable outside of PowerShell
[0.861s] DEBUG:colcon.colcon_core.shell:Skip shell extension 'dsv' for command environment
[0.875s] DEBUG:colcon.colcon_core.event_handler.log_command:Invoking command in '/home/hari-prasad-gajurel/Our_control/leg_control/build/pid_tune': CMAKE_PREFIX_PATH=${CMAKE_PREFIX_PATH}:/opt/ros/jazzy DEBUGINFOD_URLS=https://debuginfod.ubuntu.com /usr/bin/cmake /home/hari-prasad-gajurel/Our_control/leg_control/src/pid_tune -DAMENT_CMAKE_SYMLINK_INSTALL=1 -DCMAKE_INSTALL_PREFIX=/home/hari-prasad-gajurel/Our_control/leg_control/install/pid_tune
[2.320s] DEBUG:colcon.colcon_core.task.python.build:While undoing a previous installation files outside the Python library path are being ignored: /home/hari-prasad-gajurel/Our_control/leg_control/install/osl_motor/share/ament_index/resource_index/packages/osl_motor
[2.320s] DEBUG:colcon.colcon_core.task.python.build:While undoing a previous installation files outside the Python library path are being ignored: /home/hari-prasad-gajurel/Our_control/leg_control/install/osl_motor/share/osl_motor/package.xml
[2.321s] DEBUG:colcon.colcon_core.task.python.build:While undoing a previous installation files outside the Python library path are being ignored: /home/hari-prasad-gajurel/Our_control/leg_control/install/osl_motor/share/osl_motor/launch/motor_sim.launch.py
[2.321s] DEBUG:colcon.colcon_core.task.python.build:While undoing a previous installation files outside the Python library path are being ignored: /home/hari-prasad-gajurel/Our_control/leg_control/install/osl_motor/share/osl_motor/config/ankle_motor.yaml
[2.321s] DEBUG:colcon.colcon_core.task.python.build:While undoing a previous installation files outside the Python library path are being ignored: /home/hari-prasad-gajurel/Our_control/leg_control/install/osl_motor/share/osl_motor/config/knee_motor.yaml
[2.322s] DEBUG:colcon.colcon_core.task.python.build:While undoing a previous installation files outside the Python library path are being ignored: /home/hari-prasad-gajurel/Our_control/leg_control/install/osl_motor/lib/osl_motor/motor_sim
[2.326s] DEBUG:colcon.colcon_core.event_handler.log_command:Invoking command in '/home/hari-prasad-gajurel/Our_control/leg_control/build/osl_motor': DEBUGINFOD_URLS=https://debuginfod.ubuntu.com PYTHONPATH=/home/hari-prasad-gajurel/Our_control/leg_control/build/osl_motor/prefix_override:/usr/lib/python3/dist-packages/colcon_core/task/python/colcon_distutils_commands:/home/hari-prasad-gajurel/Our_control/leg_control/install/osl_motor/lib/python3.12/site-packages:${PYTHONPATH} /usr/bin/python3 -W ignore:setup.py install is deprecated -W ignore:easy_install command is deprecated setup.py develop --editable --build-directory /home/hari-prasad-gajurel/Our_control/leg_control/build/osl_motor/build --no-deps symlink_data --force
[3.244s] DEBUG:colcon.colcon_core.event_handler.log_command:Invoked command in '/home/hari-prasad-gajurel/Our_control/leg_control/build/pid_tune' returned '0': CMAKE_PREFIX_PATH=${CMAKE_PREFIX_PATH}:/opt/ros/jazzy DEBUGINFOD_URLS=https://debuginfod.ubuntu.com /usr/bin/cmake /home/hari-prasad-gajurel/Our_control/leg_control/src/pid_tune -DAMENT_CMAKE_SYMLINK_INSTALL=1 -DCMAKE_INSTALL_PREFIX=/home/hari-prasad-gajurel/Our_control/leg_control/install/pid_tune
[3.247s] DEBUG:colcon.colcon_core.event_handler.log_command:Invoking command in '/home/hari-prasad-gajurel/Our_control/leg_control/build/pid_tune': CMAKE_PREFIX_PATH=${CMAKE_PREFIX_PATH}:/opt/ros/jazzy DEBUGINFOD_URLS=https://debuginfod.ubuntu.com /usr/bin/cmake --build /home/hari-prasad-gajurel/Our_control/leg_control/build/pid_tune -- -j8 -l8
[3.365s] DEBUG:colcon.colcon_core.event_handler.log_command:Invoked command in '/home/hari-prasad-gajurel/Our_control/leg_control/build/pid_tune' returned '2': CMAKE_PREFIX_PATH=${CMAKE_PREFIX_PATH}:/opt/ros/jazzy DEBUGINFOD_URLS=https://debuginfod.ubuntu.com /usr/bin/cmake --build /home/hari-prasad-gajurel/Our_control/leg_control/build/pid_tune -- -j8 -l8
[3.366s] Level 1:colcon.colcon_core.environment:create_environment_scripts_only(pid_tune)
[3.376s] Level 1:colcon.colcon_core.environment:checking '/home/hari-prasad-gajurel/Our_control/leg_control/install/pid_tune' for CMake module files
[3.379s] Level 1:colcon.colcon_core.environment:checking '/home/hari-prasad-gajurel/Our_control/leg_control/install/pid_tune' for CMake config files
[3.382s] Level 1:colcon.colcon_core.shell:create_environment_hook('pid_tune', 'cmake_prefix_path')
[3.383s] INFO:colcon.colcon_core.shell:Creating environment hook '/home/hari-prasad-gajurel/Our_control/leg_control/install/pid_tune/share/pid_tune/hook/cmake_prefix_path.ps1'
[3.384s] INFO:colcon.colcon_core.shell:Creating environment descriptor '/home/hari-prasad-gajurel/Our_control/leg_control/install/pid_tune/share/pid_tune/hook/cmake_prefix_path.dsv'
[3.385s] INFO:colcon.colcon_core.shell:Creating environment hook '/home/hari-prasad-gajurel/Our_control/leg_control/install/pid_tune/share/pid_tune/hook/cmake_prefix_path.sh'
[3.386s] Level 1:colcon.colcon_core.environment:checking '/home/hari-prasad-gajurel/Our_control/leg_control/install/pid_tune/lib'
[3.387s] Level 1:colcon.colcon_core.shell:create_environment_hook('pid_tune', 'ld_library_path_lib')
[3.388s] INFO:colcon.colcon_core.shell:Creating environment hook '/home/hari-prasad-gajurel/Our_control/leg_control/install/pid_tune/share/pid_tune/hook/ld_library_path_lib.ps1'
[3.390s] INFO:colcon.colcon_core.shell:Creating environment descriptor '/home/hari-prasad-gajurel/Our_control/leg_control/install/pid_tune/share/pid_tune/hook/ld_library_path_lib.dsv'
[3.391s] INFO:colcon.colcon_core.shell:Creating environment hook '/home/hari-prasad-gajurel/Our_control/leg_control/install/pid_tune/share/pid_tune/hook/ld_library_path_lib.sh'
[3.393s] Level 1:colcon.colcon_core.environment:checking '/home/hari-prasad-gajurel/Our_control/leg_control/install/pid_tune/bin'
[3.393s] Level 1:colcon.colcon_core.environment:checking '/home/hari-prasad-gajurel/Our_control/leg_control/install/pid_tune/lib/pkgconfig/pid_tune.pc'
[3.393s] Level 1:colcon.colcon_core.environment:checking '/home/hari-prasad-gajurel/Our_control/leg_control/install/pid_tune/lib/python3.12/site-packages'
[3.394s] Level 1:colcon.colcon_core.shell:create_environment_hook('pid_tune', 'pythonpath')
[3.394s] INFO:colcon.colcon_core.shell:Creating environment hook '/home/hari-prasad-gajurel/Our_control/leg_control/install/pid_tune/share/pid_tune/hook/pythonpath.ps1'
[3.396s] INFO:colcon.colcon_core.shell:Creating environment descriptor '/home/hari-prasad-gajurel/Our_control/leg_control/install/pid_tune/share/pid_tune/hook/pythonpath.dsv'
[3.396s] INFO:colcon.colcon_core.shell:Creating environment hook '/home/hari-prasad-gajurel/Our_control/leg_control/install/pid_tune/share/pid_tune/hook/pythonpath.sh'
[3.398s] Level 1:colcon.colcon_core.environment:checking '/home/hari-prasad-gajurel/Our_control/leg_control/install/pid_tune/bin'
[3.399s] INFO:colcon.colcon_core.shell:Creating package script '/home/hari-prasad-gajurel/Our_control/leg_control/install/pid_tune/share/pid_tune/package.ps1'
[3.402s] INFO:colcon.colcon_core.shell:Creating package descriptor '/home/hari-prasad-gajurel/Our_control/leg_control/install/pid_tune/share/pid_tune/package.dsv'
[3.406s] INFO:colcon.colcon_core.shell:Creating package script '/home/hari-prasad-gajurel/Our_control/leg_control/install/pid_tune/share/pid_tune/package.sh'
[3.409s] INFO:colcon.colcon_core.shell:Creating package script '/home/hari-prasad-gajurel/Our_control/leg_control/install/pid_tune/share/pid_tune/package.bash'
[3.411s] INFO:colcon.colcon_core.shell:Creating package script '/home/hari-prasad-gajurel/Our_control/leg_control/install/pid_tune/share/pid_tune/package.zsh'
[3.414s] Level 1:colcon.colcon_core.environment:create_file_with_runtime_dependencies(/home/hari-prasad-gajurel/Our_control/leg_control/install/pid_tune/share/colcon-core/packages/pid_tune)
[3.492s] DEBUG:colcon.colcon_parallel_executor.executor.parallel:closing loop
[3.492s] DEBUG:colcon.colcon_parallel_executor.executor.parallel:loop closed
[3.492s] DEBUG:colcon.colcon_parallel_executor.executor.parallel:run_until_complete finished with '2'
[3.492s] DEBUG:colcon.colcon_core.event_reactor:joining thread
[3.510s] INFO:colcon.colcon_core.plugin_system:Skipping extension 'colcon_notification.desktop_notification.terminal_notifier': Not used on non-Darwin systems
[3.510s] INFO:colcon.colcon_core.plugin_system:Skipping extension 'colcon_notification.desktop_notification.win32': Not used on non-Windows systems
[3.511s] INFO:colcon.colcon_notification.desktop_notification:Sending desktop notification using 'notify2'
[3.541s] DEBUG:colcon.colcon_core.event_reactor:joined thread
[3.542s] INFO:colcon.colcon_core.shell:Creating prefix script '/home/hari-prasad-gajurel/Our_control/leg_control/install/local_setup.ps1'
[3.544s] INFO:colcon.colcon_core.shell:Creating prefix util module '/home/hari-prasad-gajurel/Our_control/leg_control/install/_local_setup_util_ps1.py'
[3.547s] INFO:colcon.colcon_core.shell:Creating prefix chain script '/home/hari-prasad-gajurel/Our_control/leg_control/install/setup.ps1'
[3.553s] INFO:colcon.colcon_core.shell:Creating prefix script '/home/hari-prasad-gajurel/Our_control/leg_control/install/local_setup.sh'
[3.556s] INFO:colcon.colcon_core.shell:Creating prefix util module '/home/hari-prasad-gajurel/Our_control/leg_control/install/_local_setup_util_sh.py'
[3.558s] INFO:colcon.colcon_core.shell:Creating prefix chain script '/home/hari-prasad-gajurel/Our_control/leg_control/install/setup.sh'
[3.561s] INFO:colcon.colcon_core.shell:Creating prefix script '/home/hari-prasad-gajurel/Our_control/leg_control/install/local_setup.bash'
[3.563s] INFO:colcon.colcon_core.shell:Creating prefix chain script '/home/hari-prasad-gajurel/Our_control/leg_control/install/setup.bash'
[3.565s] INFO:colcon.colcon_core.shell:Creating prefix script '/home/hari-prasad-gajurel/Our_control/leg_control/install/local_setup.zsh'
[3.566s] INFO:colcon.colcon_core.shell:Creating prefix chain script '/home/hari-prasad-gajurel/Our_control/leg_control/install/setup.zsh'
