-- The C compiler identification is GNU 13.3.0
-- The CXX compiler identification is GNU 13.3.0
-- Detecting C compiler ABI info
-- Detecting C compiler ABI info - done
-- Check for working C compiler: /usr/bin/cc - skipped
-- Detecting C compile features
-- Detecting C compile features - done
-- Detecting CXX compiler ABI info
-- Detecting CXX compiler ABI info - done
-- Check for working CXX compiler: /usr/bin/c++ - skipped
-- Detecting CXX compile features
-- Detecting CXX compile features - done
-- Found ament_cmake: 2.5.4 (/opt/ros/jazzy/share/ament_cmake/cmake)
-- Found Python3: /usr/bin/python3 (found version "3.12.3") found components: Interpreter 
-- Found rosidl_default_generators: 1.6.0 (/opt/ros/jazzy/share/rosidl_default_generators/cmake)
-- Using all available rosidl_typesupport_c: rosidl_typesupport_fastrtps_c;rosidl_typesupport_introspection_c
-- Using all available rosidl_typesupport_cpp: rosidl_typesupport_fastrtps_cpp;rosidl_typesupport_introspection_cpp
-- Found rosidl_adapter: 4.6.6 (/opt/ros/jazzy/share/rosidl_adapter/cmake)
-- Found ament_cmake_ros: 0.12.0 (/opt/ros/jazzy/share/ament_cmake_ros/cmake)
-- Using all available rosidl_typesupport_c: rosidl_typesupport_fastrtps_c;rosidl_typesupport_introspection_c
-- Using all available rosidl_typesupport_cpp: rosidl_typesupport_fastrtps_cpp;rosidl_typesupport_introspection_cpp
-- Found python_cmake_module: 0.11.1 (/opt/ros/jazzy/share/python_cmake_module/cmake)
-- Found PythonExtra: /usr/bin/python3  
-- Found Python3: /usr/bin/python3 (found version "3.12.3") found components: Interpreter Development NumPy Development.Module Development.Embed 
-- Found ament_lint_auto: 0.17.3 (/opt/ros/jazzy/share/ament_lint_auto/cmake)
-- Added test 'lint_cmake' to check CMake code style
-- Added test 'xmllint' to check XML markup files
-- Configuring done (11.1s)
-- Generating done (0.1s)
-- Build files have been written to: /home/hari-prasad-gajurel/Our_control/leg_control/build/pid_tune
[  2%] [34m[1mGenerating type hashes for ROS interfaces[0m
[  2%] Built target pid_tune_msg__rosidl_generator_type_description
[  2%] Built target ament_cmake_python_copy_pid_tune
[  5%] [34m[1mGenerating C code for ROS interfaces[0m
[  8%] [32mBuilding C object CMakeFiles/pid_tune_msg__rosidl_generator_c.dir/rosidl_generator_c/pid_tune/msg/detail/pid_tune__description.c.o[0m
[ 11%] [32mBuilding C object CMakeFiles/pid_tune_msg__rosidl_generator_c.dir/rosidl_generator_c/pid_tune/msg/detail/pid_tune__type_support.c.o[0m
[ 14%] [32mBuilding C object CMakeFiles/pid_tune_msg__rosidl_generator_c.dir/rosidl_generator_c/pid_tune/msg/detail/pid_tune__functions.c.o[0m
[ 17%] [32m[1mLinking C shared library libpid_tune__rosidl_generator_c.so[0m
[ 17%] Built target pid_tune_msg__rosidl_generator_c
running egg_info
creating pid_tune.egg-info
writing pid_tune.egg-info/PKG-INFO
writing dependency_links to pid_tune.egg-info/dependency_links.txt
writing top-level names to pid_tune.egg-info/top_level.txt
writing manifest file 'pid_tune.egg-info/SOURCES.txt'
reading manifest file 'pid_tune.egg-info/SOURCES.txt'
writing manifest file 'pid_tune.egg-info/SOURCES.txt'
[ 17%] Built target ament_cmake_python_build_pid_tune_egg
[ 20%] [34m[1mGenerating C type support dispatch for ROS interfaces[0m
[ 23%] [32mBuilding CXX object CMakeFiles/pid_tune_msg__rosidl_typesupport_c.dir/rosidl_typesupport_c/pid_tune/msg/pid_tune__type_support.cpp.o[0m
[ 26%] [32m[1mLinking CXX shared library libpid_tune__rosidl_typesupport_c.so[0m
[ 26%] Built target pid_tune_msg__rosidl_typesupport_c
[ 29%] [34m[1mGenerating C introspection for ROS interfaces[0m
[ 32%] [32mBuilding C object CMakeFiles/pid_tune_msg__rosidl_typesupport_introspection_c.dir/rosidl_typesupport_introspection_c/pid_tune/msg/detail/pid_tune__type_support.c.o[0m
[ 35%] [32m[1mLinking C shared library libpid_tune__rosidl_typesupport_introspection_c.so[0m
[ 35%] Built target pid_tune_msg__rosidl_typesupport_introspection_c
[ 38%] [34m[1mGenerating C type support for eProsima Fast-RTPS[0m
[ 41%] [32mBuilding CXX object CMakeFiles/pid_tune_msg__rosidl_typesupport_fastrtps_c.dir/rosidl_typesupport_fastrtps_c/pid_tune/msg/detail/pid_tune__type_support_c.cpp.o[0m
[ 44%] [32m[1mLinking CXX shared library libpid_tune__rosidl_typesupport_fastrtps_c.so[0m
[ 44%] Built target pid_tune_msg__rosidl_typesupport_fastrtps_c
[ 47%] [34m[1mGenerating C++ code for ROS interfaces[0m
[ 47%] Built target pid_tune_msg__cpp
[ 50%] [34m[1mGenerating C++ type support for eProsima Fast-RTPS[0m
[ 52%] [32mBuilding CXX object CMakeFiles/pid_tune_msg__rosidl_typesupport_fastrtps_cpp.dir/rosidl_typesupport_fastrtps_cpp/pid_tune/msg/detail/dds_fastrtps/pid_tune__type_support.cpp.o[0m
[ 55%] [32m[1mLinking CXX shared library libpid_tune__rosidl_typesupport_fastrtps_cpp.so[0m
[ 55%] Built target pid_tune_msg__rosidl_typesupport_fastrtps_cpp
[ 58%] [34m[1mGenerating C++ type support dispatch for ROS interfaces[0m
[ 61%] [32mBuilding CXX object CMakeFiles/pid_tune_msg__rosidl_typesupport_cpp.dir/rosidl_typesupport_cpp/pid_tune/msg/pid_tune__type_support.cpp.o[0m
[ 64%] [32m[1mLinking CXX shared library libpid_tune__rosidl_typesupport_cpp.so[0m
[ 64%] Built target pid_tune_msg__rosidl_typesupport_cpp
[ 67%] [34m[1mGenerating C++ introspection for ROS interfaces[0m
[ 70%] [32mBuilding CXX object CMakeFiles/pid_tune_msg__rosidl_typesupport_introspection_cpp.dir/rosidl_typesupport_introspection_cpp/pid_tune/msg/detail/pid_tune__type_support.cpp.o[0m
[ 73%] [32m[1mLinking CXX shared library libpid_tune__rosidl_typesupport_introspection_cpp.so[0m
[ 73%] Built target pid_tune_msg__rosidl_typesupport_introspection_cpp
[ 73%] Built target pid_tune_msg
[ 76%] [34m[1mGenerating Python code for ROS interfaces[0m
[ 76%] Built target pid_tune_msg__py
[ 79%] [32mBuilding C object CMakeFiles/pid_tune_msg__rosidl_generator_py.dir/rosidl_generator_py/pid_tune/msg/_pid_tune_s.c.o[0m
[ 82%] [32m[1mLinking C shared library libpid_tune_msg__rosidl_generator_py.so[0m
[ 82%] Built target pid_tune_msg__rosidl_generator_py
[ 85%] [32mBuilding C object CMakeFiles/pid_tune_s__rosidl_typesupport_fastrtps_c.dir/rosidl_generator_py/pid_tune/_pid_tune_s.ep.rosidl_typesupport_fastrtps_c.c.o[0m
[ 88%] [32m[1mLinking C shared module rosidl_generator_py/pid_tune/pid_tune_s__rosidl_typesupport_fastrtps_c.so[0m
[ 88%] Built target pid_tune_s__rosidl_typesupport_fastrtps_c
[ 91%] [32mBuilding C object CMakeFiles/pid_tune_s__rosidl_typesupport_c.dir/rosidl_generator_py/pid_tune/_pid_tune_s.ep.rosidl_typesupport_c.c.o[0m
[ 94%] [32m[1mLinking C shared module rosidl_generator_py/pid_tune/pid_tune_s__rosidl_typesupport_c.so[0m
[ 94%] Built target pid_tune_s__rosidl_typesupport_c
[ 97%] [32mBuilding C object CMakeFiles/pid_tune_s__rosidl_typesupport_introspection_c.dir/rosidl_generator_py/pid_tune/_pid_tune_s.ep.rosidl_typesupport_introspection_c.c.o[0m
[100%] [32m[1mLinking C shared module rosidl_generator_py/pid_tune/pid_tune_s__rosidl_typesupport_introspection_c.so[0m
[100%] Built target pid_tune_s__rosidl_typesupport_introspection_c
-- Install configuration: ""
-- Installing: /home/hari-prasad-gajurel/Our_control/leg_control/install/pid_tune/share/ament_index/resource_index/rosidl_interfaces/pid_tune
-- Installing: /home/hari-prasad-gajurel/Our_control/leg_control/install/pid_tune/share/pid_tune/msg/PidTune.json
-- Up-to-date: /home/hari-prasad-gajurel/Our_control/leg_control/install/pid_tune/include/pid_tune/pid_tune
-- Up-to-date: /home/hari-prasad-gajurel/Our_control/leg_control/install/pid_tune/include/pid_tune/pid_tune/msg
-- Installing: /home/hari-prasad-gajurel/Our_control/leg_control/install/pid_tune/include/pid_tune/pid_tune/msg/pid_tune.h
-- Up-to-date: /home/hari-prasad-gajurel/Our_control/leg_control/install/pid_tune/include/pid_tune/pid_tune/msg/detail
-- Installing: /home/hari-prasad-gajurel/Our_control/leg_control/install/pid_tune/include/pid_tune/pid_tune/msg/detail/pid_tune__struct.h
-- Installing: /home/hari-prasad-gajurel/Our_control/leg_control/install/pid_tune/include/pid_tune/pid_tune/msg/detail/pid_tune__type_support.h
-- Installing: /home/hari-prasad-gajurel/Our_control/leg_control/install/pid_tune/include/pid_tune/pid_tune/msg/detail/pid_tune__type_support.c
-- Installing: /home/hari-prasad-gajurel/Our_control/leg_control/install/pid_tune/include/pid_tune/pid_tune/msg/detail/pid_tune__description.c
-- Installing: /home/hari-prasad-gajurel/Our_control/leg_control/install/pid_tune/include/pid_tune/pid_tune/msg/detail/pid_tune__functions.c
-- Installing: /home/hari-prasad-gajurel/Our_control/leg_control/install/pid_tune/include/pid_tune/pid_tune/msg/detail/pid_tune__functions.h
-- Installing: /home/hari-prasad-gajurel/Our_control/leg_control/install/pid_tune/include/pid_tune/pid_tune/msg/rosidl_generator_c__visibility_control.h
-- Installing: /home/hari-prasad-gajurel/Our_control/leg_control/install/pid_tune/share/pid_tune/environment/library_path.sh
-- Installing: /home/hari-prasad-gajurel/Our_control/leg_control/install/pid_tune/share/pid_tune/environment/library_path.dsv
-- Installing: /home/hari-prasad-gajurel/Our_control/leg_control/install/pid_tune/lib/libpid_tune__rosidl_generator_c.so
-- Set non-toolchain portion of runtime path of "/home/hari-prasad-gajurel/Our_control/leg_control/install/pid_tune/lib/libpid_tune__rosidl_generator_c.so" to ""
-- Up-to-date: /home/hari-prasad-gajurel/Our_control/leg_control/install/pid_tune/include/pid_tune/pid_tune
-- Up-to-date: /home/hari-prasad-gajurel/Our_control/leg_control/install/pid_tune/include/pid_tune/pid_tune/msg
-- Up-to-date: /home/hari-prasad-gajurel/Our_control/leg_control/install/pid_tune/include/pid_tune/pid_tune/msg/detail
-- Installing: /home/hari-prasad-gajurel/Our_control/leg_control/install/pid_tune/include/pid_tune/pid_tune/msg/detail/pid_tune__rosidl_typesupport_fastrtps_c.h
-- Installing: /home/hari-prasad-gajurel/Our_control/leg_control/install/pid_tune/include/pid_tune/pid_tune/msg/rosidl_typesupport_fastrtps_c__visibility_control.h
-- Installing: /home/hari-prasad-gajurel/Our_control/leg_control/install/pid_tune/lib/libpid_tune__rosidl_typesupport_fastrtps_c.so
-- Set non-toolchain portion of runtime path of "/home/hari-prasad-gajurel/Our_control/leg_control/install/pid_tune/lib/libpid_tune__rosidl_typesupport_fastrtps_c.so" to ""
-- Up-to-date: /home/hari-prasad-gajurel/Our_control/leg_control/install/pid_tune/include/pid_tune/pid_tune
-- Up-to-date: /home/hari-prasad-gajurel/Our_control/leg_control/install/pid_tune/include/pid_tune/pid_tune/msg
-- Up-to-date: /home/hari-prasad-gajurel/Our_control/leg_control/install/pid_tune/include/pid_tune/pid_tune/msg/detail
-- Installing: /home/hari-prasad-gajurel/Our_control/leg_control/install/pid_tune/include/pid_tune/pid_tune/msg/detail/pid_tune__type_support.c
-- Installing: /home/hari-prasad-gajurel/Our_control/leg_control/install/pid_tune/include/pid_tune/pid_tune/msg/detail/pid_tune__rosidl_typesupport_introspection_c.h
-- Installing: /home/hari-prasad-gajurel/Our_control/leg_control/install/pid_tune/include/pid_tune/pid_tune/msg/rosidl_typesupport_introspection_c__visibility_control.h
-- Installing: /home/hari-prasad-gajurel/Our_control/leg_control/install/pid_tune/lib/libpid_tune__rosidl_typesupport_introspection_c.so
-- Set non-toolchain portion of runtime path of "/home/hari-prasad-gajurel/Our_control/leg_control/install/pid_tune/lib/libpid_tune__rosidl_typesupport_introspection_c.so" to ""
-- Installing: /home/hari-prasad-gajurel/Our_control/leg_control/install/pid_tune/lib/libpid_tune__rosidl_typesupport_c.so
-- Set non-toolchain portion of runtime path of "/home/hari-prasad-gajurel/Our_control/leg_control/install/pid_tune/lib/libpid_tune__rosidl_typesupport_c.so" to ""
-- Up-to-date: /home/hari-prasad-gajurel/Our_control/leg_control/install/pid_tune/include/pid_tune/pid_tune
-- Up-to-date: /home/hari-prasad-gajurel/Our_control/leg_control/install/pid_tune/include/pid_tune/pid_tune/msg
-- Up-to-date: /home/hari-prasad-gajurel/Our_control/leg_control/install/pid_tune/include/pid_tune/pid_tune/msg/detail
-- Installing: /home/hari-prasad-gajurel/Our_control/leg_control/install/pid_tune/include/pid_tune/pid_tune/msg/detail/pid_tune__struct.hpp
-- Installing: /home/hari-prasad-gajurel/Our_control/leg_control/install/pid_tune/include/pid_tune/pid_tune/msg/detail/pid_tune__type_support.hpp
-- Installing: /home/hari-prasad-gajurel/Our_control/leg_control/install/pid_tune/include/pid_tune/pid_tune/msg/detail/pid_tune__traits.hpp
-- Installing: /home/hari-prasad-gajurel/Our_control/leg_control/install/pid_tune/include/pid_tune/pid_tune/msg/detail/pid_tune__builder.hpp
-- Installing: /home/hari-prasad-gajurel/Our_control/leg_control/install/pid_tune/include/pid_tune/pid_tune/msg/pid_tune.hpp
-- Installing: /home/hari-prasad-gajurel/Our_control/leg_control/install/pid_tune/include/pid_tune/pid_tune/msg/rosidl_generator_cpp__visibility_control.hpp
-- Up-to-date: /home/hari-prasad-gajurel/Our_control/leg_control/install/pid_tune/include/pid_tune/pid_tune
-- Up-to-date: /home/hari-prasad-gajurel/Our_control/leg_control/install/pid_tune/include/pid_tune/pid_tune/msg
-- Up-to-date: /home/hari-prasad-gajurel/Our_control/leg_control/install/pid_tune/include/pid_tune/pid_tune/msg/detail
-- Installing: /home/hari-prasad-gajurel/Our_control/leg_control/install/pid_tune/include/pid_tune/pid_tune/msg/detail/pid_tune__rosidl_typesupport_fastrtps_cpp.hpp
-- Up-to-date: /home/hari-prasad-gajurel/Our_control/leg_control/install/pid_tune/include/pid_tune/pid_tune/msg/detail/dds_fastrtps
-- Installing: /home/hari-prasad-gajurel/Our_control/leg_control/install/pid_tune/include/pid_tune/pid_tune/msg/rosidl_typesupport_fastrtps_cpp__visibility_control.h
-- Installing: /home/hari-prasad-gajurel/Our_control/leg_control/install/pid_tune/lib/libpid_tune__rosidl_typesupport_fastrtps_cpp.so
-- Set non-toolchain portion of runtime path of "/home/hari-prasad-gajurel/Our_control/leg_control/install/pid_tune/lib/libpid_tune__rosidl_typesupport_fastrtps_cpp.so" to ""
-- Up-to-date: /home/hari-prasad-gajurel/Our_control/leg_control/install/pid_tune/include/pid_tune/pid_tune
-- Up-to-date: /home/hari-prasad-gajurel/Our_control/leg_control/install/pid_tune/include/pid_tune/pid_tune/msg
-- Up-to-date: /home/hari-prasad-gajurel/Our_control/leg_control/install/pid_tune/include/pid_tune/pid_tune/msg/detail
-- Installing: /home/hari-prasad-gajurel/Our_control/leg_control/install/pid_tune/include/pid_tune/pid_tune/msg/detail/pid_tune__rosidl_typesupport_introspection_cpp.hpp
-- Installing: /home/hari-prasad-gajurel/Our_control/leg_control/install/pid_tune/include/pid_tune/pid_tune/msg/detail/pid_tune__type_support.cpp
-- Installing: /home/hari-prasad-gajurel/Our_control/leg_control/install/pid_tune/lib/libpid_tune__rosidl_typesupport_introspection_cpp.so
-- Set non-toolchain portion of runtime path of "/home/hari-prasad-gajurel/Our_control/leg_control/install/pid_tune/lib/libpid_tune__rosidl_typesupport_introspection_cpp.so" to ""
-- Installing: /home/hari-prasad-gajurel/Our_control/leg_control/install/pid_tune/lib/libpid_tune__rosidl_typesupport_cpp.so
-- Set non-toolchain portion of runtime path of "/home/hari-prasad-gajurel/Our_control/leg_control/install/pid_tune/lib/libpid_tune__rosidl_typesupport_cpp.so" to ""
-- Installing: /home/hari-prasad-gajurel/Our_control/leg_control/install/pid_tune/share/pid_tune/environment/pythonpath.sh
-- Installing: /home/hari-prasad-gajurel/Our_control/leg_control/install/pid_tune/share/pid_tune/environment/pythonpath.dsv
-- Installing: /home/hari-prasad-gajurel/Our_control/leg_control/install/pid_tune/lib/python3.12/site-packages/pid_tune-0.0.0-py3.12.egg-info
-- Installing: /home/hari-prasad-gajurel/Our_control/leg_control/install/pid_tune/lib/python3.12/site-packages/pid_tune-0.0.0-py3.12.egg-info/dependency_links.txt
-- Installing: /home/hari-prasad-gajurel/Our_control/leg_control/install/pid_tune/lib/python3.12/site-packages/pid_tune-0.0.0-py3.12.egg-info/top_level.txt
-- Installing: /home/hari-prasad-gajurel/Our_control/leg_control/install/pid_tune/lib/python3.12/site-packages/pid_tune-0.0.0-py3.12.egg-info/PKG-INFO
-- Installing: /home/hari-prasad-gajurel/Our_control/leg_control/install/pid_tune/lib/python3.12/site-packages/pid_tune-0.0.0-py3.12.egg-info/SOURCES.txt
-- Installing: /home/hari-prasad-gajurel/Our_control/leg_control/install/pid_tune/lib/python3.12/site-packages/pid_tune
-- Installing: /home/hari-prasad-gajurel/Our_control/leg_control/install/pid_tune/lib/python3.12/site-packages/pid_tune/pid_tune_s__rosidl_typesupport_introspection_c.so
-- Installing: /home/hari-prasad-gajurel/Our_control/leg_control/install/pid_tune/lib/python3.12/site-packages/pid_tune/_pid_tune_s.ep.rosidl_typesupport_c.c
-- Installing: /home/hari-prasad-gajurel/Our_control/leg_control/install/pid_tune/lib/python3.12/site-packages/pid_tune/pid_tune_s__rosidl_typesupport_fastrtps_c.so
-- Installing: /home/hari-prasad-gajurel/Our_control/leg_control/install/pid_tune/lib/python3.12/site-packages/pid_tune/_pid_tune_s.ep.rosidl_typesupport_fastrtps_c.c
-- Installing: /home/hari-prasad-gajurel/Our_control/leg_control/install/pid_tune/lib/python3.12/site-packages/pid_tune/pid_tune_s__rosidl_typesupport_c.so
-- Installing: /home/hari-prasad-gajurel/Our_control/leg_control/install/pid_tune/lib/python3.12/site-packages/pid_tune/__init__.py
-- Installing: /home/hari-prasad-gajurel/Our_control/leg_control/install/pid_tune/lib/python3.12/site-packages/pid_tune/msg
-- Installing: /home/hari-prasad-gajurel/Our_control/leg_control/install/pid_tune/lib/python3.12/site-packages/pid_tune/msg/_pid_tune.py
-- Installing: /home/hari-prasad-gajurel/Our_control/leg_control/install/pid_tune/lib/python3.12/site-packages/pid_tune/msg/__init__.py
-- Installing: /home/hari-prasad-gajurel/Our_control/leg_control/install/pid_tune/lib/python3.12/site-packages/pid_tune/msg/_pid_tune_s.c
-- Installing: /home/hari-prasad-gajurel/Our_control/leg_control/install/pid_tune/lib/python3.12/site-packages/pid_tune/_pid_tune_s.ep.rosidl_typesupport_introspection_c.c
Listing '/home/hari-prasad-gajurel/Our_control/leg_control/install/pid_tune/lib/python3.12/site-packages/pid_tune'...
Compiling '/home/hari-prasad-gajurel/Our_control/leg_control/install/pid_tune/lib/python3.12/site-packages/pid_tune/__init__.py'...
Listing '/home/hari-prasad-gajurel/Our_control/leg_control/install/pid_tune/lib/python3.12/site-packages/pid_tune/msg'...
Compiling '/home/hari-prasad-gajurel/Our_control/leg_control/install/pid_tune/lib/python3.12/site-packages/pid_tune/msg/__init__.py'...
Compiling '/home/hari-prasad-gajurel/Our_control/leg_control/install/pid_tune/lib/python3.12/site-packages/pid_tune/msg/_pid_tune.py'...
-- Installing: /home/hari-prasad-gajurel/Our_control/leg_control/install/pid_tune/lib/python3.12/site-packages/pid_tune/pid_tune_s__rosidl_typesupport_fastrtps_c.so
-- Set non-toolchain portion of runtime path of "/home/hari-prasad-gajurel/Our_control/leg_control/install/pid_tune/lib/python3.12/site-packages/pid_tune/pid_tune_s__rosidl_typesupport_fastrtps_c.so" to ""
-- Installing: /home/hari-prasad-gajurel/Our_control/leg_control/install/pid_tune/lib/python3.12/site-packages/pid_tune/pid_tune_s__rosidl_typesupport_introspection_c.so
-- Set non-toolchain portion of runtime path of "/home/hari-prasad-gajurel/Our_control/leg_control/install/pid_tune/lib/python3.12/site-packages/pid_tune/pid_tune_s__rosidl_typesupport_introspection_c.so" to ""
-- Installing: /home/hari-prasad-gajurel/Our_control/leg_control/install/pid_tune/lib/python3.12/site-packages/pid_tune/pid_tune_s__rosidl_typesupport_c.so
-- Set non-toolchain portion of runtime path of "/home/hari-prasad-gajurel/Our_control/leg_control/install/pid_tune/lib/python3.12/site-packages/pid_tune/pid_tune_s__rosidl_typesupport_c.so" to ""
-- Installing: /home/hari-prasad-gajurel/Our_control/leg_control/install/pid_tune/lib/libpid_tune_msg__rosidl_generator_py.so
-- Set non-toolchain portion of runtime path of "/home/hari-prasad-gajurel/Our_control/leg_control/install/pid_tune/lib/libpid_tune_msg__rosidl_generator_py.so" to ""
-- Installing: /home/hari-prasad-gajurel/Our_control/leg_control/install/pid_tune/share/pid_tune/msg/PidTune.idl
-- Installing: /home/hari-prasad-gajurel/Our_control/leg_control/install/pid_tune/share/pid_tune/msg/PidTune.msg
-- Installing: /home/hari-prasad-gajurel/Our_control/leg_control/install/pid_tune/share/ament_index/resource_index/package_run_dependencies/pid_tune
-- Installing: /home/hari-prasad-gajurel/Our_control/leg_control/install/pid_tune/share/ament_index/resource_index/parent_prefix_path/pid_tune
-- Installing: /home/hari-prasad-gajurel/Our_control/leg_control/install/pid_tune/share/pid_tune/environment/ament_prefix_path.sh
-- Installing: /home/hari-prasad-gajurel/Our_control/leg_control/install/pid_tune/share/pid_tune/environment/ament_prefix_path.dsv
-- Installing: /home/hari-prasad-gajurel/Our_control/leg_control/install/pid_tune/share/pid_tune/environment/path.sh
-- Installing: /home/hari-prasad-gajurel/Our_control/leg_control/install/pid_tune/share/pid_tune/environment/path.dsv
-- Installing: /home/hari-prasad-gajurel/Our_control/leg_control/install/pid_tune/share/pid_tune/local_setup.bash
-- Installing: /home/hari-prasad-gajurel/Our_control/leg_control/install/pid_tune/share/pid_tune/local_setup.sh
-- Installing: /home/hari-prasad-gajurel/Our_control/leg_control/install/pid_tune/share/pid_tune/local_setup.zsh
-- Installing: /home/hari-prasad-gajurel/Our_control/leg_control/install/pid_tune/share/pid_tune/local_setup.dsv
-- Installing: /home/hari-prasad-gajurel/Our_control/leg_control/install/pid_tune/share/pid_tune/package.dsv
-- Installing: /home/hari-prasad-gajurel/Our_control/leg_control/install/pid_tune/share/ament_index/resource_index/packages/pid_tune
-- Installing: /home/hari-prasad-gajurel/Our_control/leg_control/install/pid_tune/share/pid_tune/cmake/export_pid_tune_msg__rosidl_generator_cExport.cmake
-- Installing: /home/hari-prasad-gajurel/Our_control/leg_control/install/pid_tune/share/pid_tune/cmake/export_pid_tune_msg__rosidl_generator_cExport-noconfig.cmake
-- Installing: /home/hari-prasad-gajurel/Our_control/leg_control/install/pid_tune/share/pid_tune/cmake/export_pid_tune_msg__rosidl_typesupport_fastrtps_cExport.cmake
-- Installing: /home/hari-prasad-gajurel/Our_control/leg_control/install/pid_tune/share/pid_tune/cmake/export_pid_tune_msg__rosidl_typesupport_fastrtps_cExport-noconfig.cmake
-- Installing: /home/hari-prasad-gajurel/Our_control/leg_control/install/pid_tune/share/pid_tune/cmake/pid_tune_msg__rosidl_typesupport_introspection_cExport.cmake
-- Installing: /home/hari-prasad-gajurel/Our_control/leg_control/install/pid_tune/share/pid_tune/cmake/pid_tune_msg__rosidl_typesupport_introspection_cExport-noconfig.cmake
-- Installing: /home/hari-prasad-gajurel/Our_control/leg_control/install/pid_tune/share/pid_tune/cmake/pid_tune_msg__rosidl_typesupport_cExport.cmake
-- Installing: /home/hari-prasad-gajurel/Our_control/leg_control/install/pid_tune/share/pid_tune/cmake/pid_tune_msg__rosidl_typesupport_cExport-noconfig.cmake
-- Installing: /home/hari-prasad-gajurel/Our_control/leg_control/install/pid_tune/share/pid_tune/cmake/export_pid_tune_msg__rosidl_generator_cppExport.cmake
-- Installing: /home/hari-prasad-gajurel/Our_control/leg_control/install/pid_tune/share/pid_tune/cmake/export_pid_tune_msg__rosidl_typesupport_fastrtps_cppExport.cmake
-- Installing: /home/hari-prasad-gajurel/Our_control/leg_control/install/pid_tune/share/pid_tune/cmake/export_pid_tune_msg__rosidl_typesupport_fastrtps_cppExport-noconfig.cmake
-- Installing: /home/hari-prasad-gajurel/Our_control/leg_control/install/pid_tune/share/pid_tune/cmake/pid_tune_msg__rosidl_typesupport_introspection_cppExport.cmake
-- Installing: /home/hari-prasad-gajurel/Our_control/leg_control/install/pid_tune/share/pid_tune/cmake/pid_tune_msg__rosidl_typesupport_introspection_cppExport-noconfig.cmake
-- Installing: /home/hari-prasad-gajurel/Our_control/leg_control/install/pid_tune/share/pid_tune/cmake/pid_tune_msg__rosidl_typesupport_cppExport.cmake
-- Installing: /home/hari-prasad-gajurel/Our_control/leg_control/install/pid_tune/share/pid_tune/cmake/pid_tune_msg__rosidl_typesupport_cppExport-noconfig.cmake
-- Installing: /home/hari-prasad-gajurel/Our_control/leg_control/install/pid_tune/share/pid_tune/cmake/export_pid_tune_msg__rosidl_generator_pyExport.cmake
-- Installing: /home/hari-prasad-gajurel/Our_control/leg_control/install/pid_tune/share/pid_tune/cmake/export_pid_tune_msg__rosidl_generator_pyExport-noconfig.cmake
-- Installing: /home/hari-prasad-gajurel/Our_control/leg_control/install/pid_tune/share/pid_tune/cmake/rosidl_cmake-extras.cmake
-- Installing: /home/hari-prasad-gajurel/Our_control/leg_control/install/pid_tune/share/pid_tune/cmake/ament_cmake_export_include_directories-extras.cmake
-- Installing: /home/hari-prasad-gajurel/Our_control/leg_control/install/pid_tune/share/pid_tune/cmake/ament_cmake_export_libraries-extras.cmake
-- Installing: /home/hari-prasad-gajurel/Our_control/leg_control/install/pid_tune/share/pid_tune/cmake/ament_cmake_export_targets-extras.cmake
-- Installing: /home/hari-prasad-gajurel/Our_control/leg_control/install/pid_tune/share/pid_tune/cmake/rosidl_cmake_export_typesupport_targets-extras.cmake
-- Installing: /home/hari-prasad-gajurel/Our_control/leg_control/install/pid_tune/share/pid_tune/cmake/ament_cmake_export_dependencies-extras.cmake
-- Installing: /home/hari-prasad-gajurel/Our_control/leg_control/install/pid_tune/share/pid_tune/cmake/rosidl_cmake_export_typesupport_libraries-extras.cmake
-- Installing: /home/hari-prasad-gajurel/Our_control/leg_control/install/pid_tune/share/pid_tune/cmake/pid_tuneConfig.cmake
-- Installing: /home/hari-prasad-gajurel/Our_control/leg_control/install/pid_tune/share/pid_tune/cmake/pid_tuneConfig-version.cmake
-- Installing: /home/hari-prasad-gajurel/Our_control/leg_control/install/pid_tune/share/pid_tune/package.xml
