[0.780s] Invoking command in '/home/hari-prasad-gajurel/Our_control/leg_control/build/pid_tune': CMAKE_PREFIX_PATH=${CMAKE_PREFIX_PATH}:/opt/ros/jazzy DEBUGINFOD_URLS=https://debuginfod.ubuntu.com /usr/bin/cmake /home/hari-prasad-gajurel/Our_control/leg_control/src/pid_tune -DCMAKE_INSTALL_PREFIX=/home/hari-prasad-gajurel/Our_control/leg_control/install/pid_tune
[1.077s] -- The C compiler identification is GNU 13.3.0
[1.358s] -- The CXX compiler identification is GNU 13.3.0
[1.442s] -- Detecting C compiler ABI info
[1.836s] -- Detecting C compiler ABI info - done
[1.889s] -- Check for working C compiler: /usr/bin/cc - skipped
[1.889s] -- Detecting C compile features
[1.893s] -- Detecting C compile features - done
[1.941s] -- Detecting CXX compiler ABI info
[2.406s] -- Detecting CXX compiler ABI info - done
[2.457s] -- Check for working CXX compiler: /usr/bin/c++ - skipped
[2.459s] -- Detecting CXX compile features
[2.460s] -- Detecting CXX compile features - done
[2.476s] -- Found ament_cmake: 2.5.4 (/opt/ros/jazzy/share/ament_cmake/cmake)
[3.048s] -- Found Python3: /usr/bin/python3 (found version "3.12.3") found components: Interpreter 
[3.553s] -- Found rosidl_default_generators: 1.6.0 (/opt/ros/jazzy/share/rosidl_default_generators/cmake)
[3.583s] -- Using all available rosidl_typesupport_c: rosidl_typesupport_fastrtps_c;rosidl_typesupport_introspection_c
[3.856s] -- Using all available rosidl_typesupport_cpp: rosidl_typesupport_fastrtps_cpp;rosidl_typesupport_introspection_cpp
[4.078s] -- Found rosidl_adapter: 4.6.6 (/opt/ros/jazzy/share/rosidl_adapter/cmake)
[6.220s] -- Found ament_cmake_ros: 0.12.0 (/opt/ros/jazzy/share/ament_cmake_ros/cmake)
[7.608s] -- Using all available rosidl_typesupport_c: rosidl_typesupport_fastrtps_c;rosidl_typesupport_introspection_c
[9.495s] -- Using all available rosidl_typesupport_cpp: rosidl_typesupport_fastrtps_cpp;rosidl_typesupport_introspection_cpp
[9.509s] -- Found python_cmake_module: 0.11.1 (/opt/ros/jazzy/share/python_cmake_module/cmake)
[9.965s] -- Found PythonExtra: /usr/bin/python3  
[11.550s] -- Found Python3: /usr/bin/python3 (found version "3.12.3") found components: Interpreter Development NumPy Development.Module Development.Embed 
[11.683s] -- Found ament_lint_auto: 0.17.3 (/opt/ros/jazzy/share/ament_lint_auto/cmake)
[11.865s] -- Added test 'lint_cmake' to check CMake code style
[11.871s] -- Added test 'xmllint' to check XML markup files
[11.887s] -- Configuring done (11.1s)
[12.025s] -- Generating done (0.1s)
[12.080s] -- Build files have been written to: /home/hari-prasad-gajurel/Our_control/leg_control/build/pid_tune
[12.112s] Invoked command in '/home/hari-prasad-gajurel/Our_control/leg_control/build/pid_tune' returned '0': CMAKE_PREFIX_PATH=${CMAKE_PREFIX_PATH}:/opt/ros/jazzy DEBUGINFOD_URLS=https://debuginfod.ubuntu.com /usr/bin/cmake /home/hari-prasad-gajurel/Our_control/leg_control/src/pid_tune -DCMAKE_INSTALL_PREFIX=/home/hari-prasad-gajurel/Our_control/leg_control/install/pid_tune
[12.114s] Invoking command in '/home/hari-prasad-gajurel/Our_control/leg_control/build/pid_tune': CMAKE_PREFIX_PATH=${CMAKE_PREFIX_PATH}:/opt/ros/jazzy DEBUGINFOD_URLS=https://debuginfod.ubuntu.com /usr/bin/cmake --build /home/hari-prasad-gajurel/Our_control/leg_control/build/pid_tune -- -j8 -l8
[12.332s] [  2%] [34m[1mGenerating type hashes for ROS interfaces[0m
[13.097s] [  2%] Built target pid_tune_msg__rosidl_generator_type_description
[13.229s] [  2%] Built target ament_cmake_python_copy_pid_tune
[13.271s] [  5%] [34m[1mGenerating C code for ROS interfaces[0m
[14.485s] [  8%] [32mBuilding C object CMakeFiles/pid_tune_msg__rosidl_generator_c.dir/rosidl_generator_c/pid_tune/msg/detail/pid_tune__description.c.o[0m
[14.672s] [ 11%] [32mBuilding C object CMakeFiles/pid_tune_msg__rosidl_generator_c.dir/rosidl_generator_c/pid_tune/msg/detail/pid_tune__type_support.c.o[0m
[14.837s] [ 14%] [32mBuilding C object CMakeFiles/pid_tune_msg__rosidl_generator_c.dir/rosidl_generator_c/pid_tune/msg/detail/pid_tune__functions.c.o[0m
[15.040s] [ 17%] [32m[1mLinking C shared library libpid_tune__rosidl_generator_c.so[0m
[15.266s] [ 17%] Built target pid_tune_msg__rosidl_generator_c
[16.210s] running egg_info
[16.215s] creating pid_tune.egg-info
[16.300s] writing pid_tune.egg-info/PKG-INFO
[16.302s] writing dependency_links to pid_tune.egg-info/dependency_links.txt
[16.304s] writing top-level names to pid_tune.egg-info/top_level.txt
[16.307s] writing manifest file 'pid_tune.egg-info/SOURCES.txt'
[16.635s] reading manifest file 'pid_tune.egg-info/SOURCES.txt'
[16.637s] writing manifest file 'pid_tune.egg-info/SOURCES.txt'
[16.771s] [ 17%] Built target ament_cmake_python_build_pid_tune_egg
[16.821s] [ 20%] [34m[1mGenerating C type support dispatch for ROS interfaces[0m
[17.521s] [ 23%] [32mBuilding CXX object CMakeFiles/pid_tune_msg__rosidl_typesupport_c.dir/rosidl_typesupport_c/pid_tune/msg/pid_tune__type_support.cpp.o[0m
[17.655s] [ 26%] [32m[1mLinking CXX shared library libpid_tune__rosidl_typesupport_c.so[0m
[17.783s] [ 26%] Built target pid_tune_msg__rosidl_typesupport_c
[17.821s] [ 29%] [34m[1mGenerating C introspection for ROS interfaces[0m
[18.668s] [ 32%] [32mBuilding C object CMakeFiles/pid_tune_msg__rosidl_typesupport_introspection_c.dir/rosidl_typesupport_introspection_c/pid_tune/msg/detail/pid_tune__type_support.c.o[0m
[18.806s] [ 35%] [32m[1mLinking C shared library libpid_tune__rosidl_typesupport_introspection_c.so[0m
[18.932s] [ 35%] Built target pid_tune_msg__rosidl_typesupport_introspection_c
[18.977s] [ 38%] [34m[1mGenerating C type support for eProsima Fast-RTPS[0m
[19.935s] [ 41%] [32mBuilding CXX object CMakeFiles/pid_tune_msg__rosidl_typesupport_fastrtps_c.dir/rosidl_typesupport_fastrtps_c/pid_tune/msg/detail/pid_tune__type_support_c.cpp.o[0m
[21.670s] [ 44%] [32m[1mLinking CXX shared library libpid_tune__rosidl_typesupport_fastrtps_c.so[0m
[21.847s] [ 44%] Built target pid_tune_msg__rosidl_typesupport_fastrtps_c
[21.936s] [ 47%] [34m[1mGenerating C++ code for ROS interfaces[0m
[22.826s] [ 47%] Built target pid_tune_msg__cpp
[22.862s] [ 50%] [34m[1mGenerating C++ type support for eProsima Fast-RTPS[0m
[23.674s] [ 52%] [32mBuilding CXX object CMakeFiles/pid_tune_msg__rosidl_typesupport_fastrtps_cpp.dir/rosidl_typesupport_fastrtps_cpp/pid_tune/msg/detail/dds_fastrtps/pid_tune__type_support.cpp.o[0m
[25.056s] [ 55%] [32m[1mLinking CXX shared library libpid_tune__rosidl_typesupport_fastrtps_cpp.so[0m
[25.230s] [ 55%] Built target pid_tune_msg__rosidl_typesupport_fastrtps_cpp
[25.265s] [ 58%] [34m[1mGenerating C++ type support dispatch for ROS interfaces[0m
[25.961s] [ 61%] [32mBuilding CXX object CMakeFiles/pid_tune_msg__rosidl_typesupport_cpp.dir/rosidl_typesupport_cpp/pid_tune/msg/pid_tune__type_support.cpp.o[0m
[26.893s] [ 64%] [32m[1mLinking CXX shared library libpid_tune__rosidl_typesupport_cpp.so[0m
[27.031s] [ 64%] Built target pid_tune_msg__rosidl_typesupport_cpp
[27.069s] [ 67%] [34m[1mGenerating C++ introspection for ROS interfaces[0m
[27.870s] [ 70%] [32mBuilding CXX object CMakeFiles/pid_tune_msg__rosidl_typesupport_introspection_cpp.dir/rosidl_typesupport_introspection_cpp/pid_tune/msg/detail/pid_tune__type_support.cpp.o[0m
[28.877s] [ 73%] [32m[1mLinking CXX shared library libpid_tune__rosidl_typesupport_introspection_cpp.so[0m
[28.998s] [ 73%] Built target pid_tune_msg__rosidl_typesupport_introspection_cpp
[29.068s] [ 73%] Built target pid_tune_msg
[29.144s] [ 76%] [34m[1mGenerating Python code for ROS interfaces[0m
[30.124s] [ 76%] Built target pid_tune_msg__py
[30.200s] [ 79%] [32mBuilding C object CMakeFiles/pid_tune_msg__rosidl_generator_py.dir/rosidl_generator_py/pid_tune/msg/_pid_tune_s.c.o[0m
[30.647s] [ 82%] [32m[1mLinking C shared library libpid_tune_msg__rosidl_generator_py.so[0m
[30.798s] [ 82%] Built target pid_tune_msg__rosidl_generator_py
[30.883s] [ 85%] [32mBuilding C object CMakeFiles/pid_tune_s__rosidl_typesupport_fastrtps_c.dir/rosidl_generator_py/pid_tune/_pid_tune_s.ep.rosidl_typesupport_fastrtps_c.c.o[0m
[31.207s] [ 88%] [32m[1mLinking C shared module rosidl_generator_py/pid_tune/pid_tune_s__rosidl_typesupport_fastrtps_c.so[0m
[31.309s] [ 88%] Built target pid_tune_s__rosidl_typesupport_fastrtps_c
[31.387s] [ 91%] [32mBuilding C object CMakeFiles/pid_tune_s__rosidl_typesupport_c.dir/rosidl_generator_py/pid_tune/_pid_tune_s.ep.rosidl_typesupport_c.c.o[0m
[31.717s] [ 94%] [32m[1mLinking C shared module rosidl_generator_py/pid_tune/pid_tune_s__rosidl_typesupport_c.so[0m
[31.829s] [ 94%] Built target pid_tune_s__rosidl_typesupport_c
[31.912s] [ 97%] [32mBuilding C object CMakeFiles/pid_tune_s__rosidl_typesupport_introspection_c.dir/rosidl_generator_py/pid_tune/_pid_tune_s.ep.rosidl_typesupport_introspection_c.c.o[0m
[32.233s] [100%] [32m[1mLinking C shared module rosidl_generator_py/pid_tune/pid_tune_s__rosidl_typesupport_introspection_c.so[0m
[32.339s] [100%] Built target pid_tune_s__rosidl_typesupport_introspection_c
[32.384s] Invoked command in '/home/hari-prasad-gajurel/Our_control/leg_control/build/pid_tune' returned '0': CMAKE_PREFIX_PATH=${CMAKE_PREFIX_PATH}:/opt/ros/jazzy DEBUGINFOD_URLS=https://debuginfod.ubuntu.com /usr/bin/cmake --build /home/hari-prasad-gajurel/Our_control/leg_control/build/pid_tune -- -j8 -l8
[32.419s] Invoking command in '/home/hari-prasad-gajurel/Our_control/leg_control/build/pid_tune': CMAKE_PREFIX_PATH=${CMAKE_PREFIX_PATH}:/opt/ros/jazzy DEBUGINFOD_URLS=https://debuginfod.ubuntu.com /usr/bin/cmake --install /home/hari-prasad-gajurel/Our_control/leg_control/build/pid_tune
[32.447s] -- Install configuration: ""
[32.452s] -- Installing: /home/hari-prasad-gajurel/Our_control/leg_control/install/pid_tune/share/ament_index/resource_index/rosidl_interfaces/pid_tune
[32.452s] -- Installing: /home/hari-prasad-gajurel/Our_control/leg_control/install/pid_tune/share/pid_tune/msg/PidTune.json
[32.453s] -- Up-to-date: /home/hari-prasad-gajurel/Our_control/leg_control/install/pid_tune/include/pid_tune/pid_tune
[32.453s] -- Up-to-date: /home/hari-prasad-gajurel/Our_control/leg_control/install/pid_tune/include/pid_tune/pid_tune/msg
[32.453s] -- Installing: /home/hari-prasad-gajurel/Our_control/leg_control/install/pid_tune/include/pid_tune/pid_tune/msg/pid_tune.h
[32.454s] -- Up-to-date: /home/hari-prasad-gajurel/Our_control/leg_control/install/pid_tune/include/pid_tune/pid_tune/msg/detail
[32.454s] -- Installing: /home/hari-prasad-gajurel/Our_control/leg_control/install/pid_tune/include/pid_tune/pid_tune/msg/detail/pid_tune__struct.h
[32.454s] -- Installing: /home/hari-prasad-gajurel/Our_control/leg_control/install/pid_tune/include/pid_tune/pid_tune/msg/detail/pid_tune__type_support.h
[32.455s] -- Installing: /home/hari-prasad-gajurel/Our_control/leg_control/install/pid_tune/include/pid_tune/pid_tune/msg/detail/pid_tune__type_support.c
[32.455s] -- Installing: /home/hari-prasad-gajurel/Our_control/leg_control/install/pid_tune/include/pid_tune/pid_tune/msg/detail/pid_tune__description.c
[32.456s] -- Installing: /home/hari-prasad-gajurel/Our_control/leg_control/install/pid_tune/include/pid_tune/pid_tune/msg/detail/pid_tune__functions.c
[32.456s] -- Installing: /home/hari-prasad-gajurel/Our_control/leg_control/install/pid_tune/include/pid_tune/pid_tune/msg/detail/pid_tune__functions.h
[32.456s] -- Installing: /home/hari-prasad-gajurel/Our_control/leg_control/install/pid_tune/include/pid_tune/pid_tune/msg/rosidl_generator_c__visibility_control.h
[32.457s] -- Installing: /home/hari-prasad-gajurel/Our_control/leg_control/install/pid_tune/share/pid_tune/environment/library_path.sh
[32.458s] -- Installing: /home/hari-prasad-gajurel/Our_control/leg_control/install/pid_tune/share/pid_tune/environment/library_path.dsv
[32.459s] -- Installing: /home/hari-prasad-gajurel/Our_control/leg_control/install/pid_tune/lib/libpid_tune__rosidl_generator_c.so
[32.460s] -- Set non-toolchain portion of runtime path of "/home/hari-prasad-gajurel/Our_control/leg_control/install/pid_tune/lib/libpid_tune__rosidl_generator_c.so" to ""
[32.461s] -- Up-to-date: /home/hari-prasad-gajurel/Our_control/leg_control/install/pid_tune/include/pid_tune/pid_tune
[32.462s] -- Up-to-date: /home/hari-prasad-gajurel/Our_control/leg_control/install/pid_tune/include/pid_tune/pid_tune/msg
[32.463s] -- Up-to-date: /home/hari-prasad-gajurel/Our_control/leg_control/install/pid_tune/include/pid_tune/pid_tune/msg/detail
[32.464s] -- Installing: /home/hari-prasad-gajurel/Our_control/leg_control/install/pid_tune/include/pid_tune/pid_tune/msg/detail/pid_tune__rosidl_typesupport_fastrtps_c.h
[32.465s] -- Installing: /home/hari-prasad-gajurel/Our_control/leg_control/install/pid_tune/include/pid_tune/pid_tune/msg/rosidl_typesupport_fastrtps_c__visibility_control.h
[32.466s] -- Installing: /home/hari-prasad-gajurel/Our_control/leg_control/install/pid_tune/lib/libpid_tune__rosidl_typesupport_fastrtps_c.so
[32.466s] -- Set non-toolchain portion of runtime path of "/home/hari-prasad-gajurel/Our_control/leg_control/install/pid_tune/lib/libpid_tune__rosidl_typesupport_fastrtps_c.so" to ""
[32.467s] -- Up-to-date: /home/hari-prasad-gajurel/Our_control/leg_control/install/pid_tune/include/pid_tune/pid_tune
[32.467s] -- Up-to-date: /home/hari-prasad-gajurel/Our_control/leg_control/install/pid_tune/include/pid_tune/pid_tune/msg
[32.467s] -- Up-to-date: /home/hari-prasad-gajurel/Our_control/leg_control/install/pid_tune/include/pid_tune/pid_tune/msg/detail
[32.468s] -- Installing: /home/hari-prasad-gajurel/Our_control/leg_control/install/pid_tune/include/pid_tune/pid_tune/msg/detail/pid_tune__type_support.c
[32.468s] -- Installing: /home/hari-prasad-gajurel/Our_control/leg_control/install/pid_tune/include/pid_tune/pid_tune/msg/detail/pid_tune__rosidl_typesupport_introspection_c.h
[32.469s] -- Installing: /home/hari-prasad-gajurel/Our_control/leg_control/install/pid_tune/include/pid_tune/pid_tune/msg/rosidl_typesupport_introspection_c__visibility_control.h
[32.470s] -- Installing: /home/hari-prasad-gajurel/Our_control/leg_control/install/pid_tune/lib/libpid_tune__rosidl_typesupport_introspection_c.so
[32.471s] -- Set non-toolchain portion of runtime path of "/home/hari-prasad-gajurel/Our_control/leg_control/install/pid_tune/lib/libpid_tune__rosidl_typesupport_introspection_c.so" to ""
[32.472s] -- Installing: /home/hari-prasad-gajurel/Our_control/leg_control/install/pid_tune/lib/libpid_tune__rosidl_typesupport_c.so
[32.473s] -- Set non-toolchain portion of runtime path of "/home/hari-prasad-gajurel/Our_control/leg_control/install/pid_tune/lib/libpid_tune__rosidl_typesupport_c.so" to ""
[32.473s] -- Up-to-date: /home/hari-prasad-gajurel/Our_control/leg_control/install/pid_tune/include/pid_tune/pid_tune
[32.474s] -- Up-to-date: /home/hari-prasad-gajurel/Our_control/leg_control/install/pid_tune/include/pid_tune/pid_tune/msg
[32.475s] -- Up-to-date: /home/hari-prasad-gajurel/Our_control/leg_control/install/pid_tune/include/pid_tune/pid_tune/msg/detail
[32.476s] -- Installing: /home/hari-prasad-gajurel/Our_control/leg_control/install/pid_tune/include/pid_tune/pid_tune/msg/detail/pid_tune__struct.hpp
[32.476s] -- Installing: /home/hari-prasad-gajurel/Our_control/leg_control/install/pid_tune/include/pid_tune/pid_tune/msg/detail/pid_tune__type_support.hpp
[32.477s] -- Installing: /home/hari-prasad-gajurel/Our_control/leg_control/install/pid_tune/include/pid_tune/pid_tune/msg/detail/pid_tune__traits.hpp
[32.478s] -- Installing: /home/hari-prasad-gajurel/Our_control/leg_control/install/pid_tune/include/pid_tune/pid_tune/msg/detail/pid_tune__builder.hpp
[32.479s] -- Installing: /home/hari-prasad-gajurel/Our_control/leg_control/install/pid_tune/include/pid_tune/pid_tune/msg/pid_tune.hpp
[32.479s] -- Installing: /home/hari-prasad-gajurel/Our_control/leg_control/install/pid_tune/include/pid_tune/pid_tune/msg/rosidl_generator_cpp__visibility_control.hpp
[32.480s] -- Up-to-date: /home/hari-prasad-gajurel/Our_control/leg_control/install/pid_tune/include/pid_tune/pid_tune
[32.481s] -- Up-to-date: /home/hari-prasad-gajurel/Our_control/leg_control/install/pid_tune/include/pid_tune/pid_tune/msg
[32.482s] -- Up-to-date: /home/hari-prasad-gajurel/Our_control/leg_control/install/pid_tune/include/pid_tune/pid_tune/msg/detail
[32.482s] -- Installing: /home/hari-prasad-gajurel/Our_control/leg_control/install/pid_tune/include/pid_tune/pid_tune/msg/detail/pid_tune__rosidl_typesupport_fastrtps_cpp.hpp
[32.483s] -- Up-to-date: /home/hari-prasad-gajurel/Our_control/leg_control/install/pid_tune/include/pid_tune/pid_tune/msg/detail/dds_fastrtps
[32.484s] -- Installing: /home/hari-prasad-gajurel/Our_control/leg_control/install/pid_tune/include/pid_tune/pid_tune/msg/rosidl_typesupport_fastrtps_cpp__visibility_control.h
[32.485s] -- Installing: /home/hari-prasad-gajurel/Our_control/leg_control/install/pid_tune/lib/libpid_tune__rosidl_typesupport_fastrtps_cpp.so
[32.486s] -- Set non-toolchain portion of runtime path of "/home/hari-prasad-gajurel/Our_control/leg_control/install/pid_tune/lib/libpid_tune__rosidl_typesupport_fastrtps_cpp.so" to ""
[32.487s] -- Up-to-date: /home/hari-prasad-gajurel/Our_control/leg_control/install/pid_tune/include/pid_tune/pid_tune
[32.488s] -- Up-to-date: /home/hari-prasad-gajurel/Our_control/leg_control/install/pid_tune/include/pid_tune/pid_tune/msg
[32.489s] -- Up-to-date: /home/hari-prasad-gajurel/Our_control/leg_control/install/pid_tune/include/pid_tune/pid_tune/msg/detail
[32.490s] -- Installing: /home/hari-prasad-gajurel/Our_control/leg_control/install/pid_tune/include/pid_tune/pid_tune/msg/detail/pid_tune__rosidl_typesupport_introspection_cpp.hpp
[32.490s] -- Installing: /home/hari-prasad-gajurel/Our_control/leg_control/install/pid_tune/include/pid_tune/pid_tune/msg/detail/pid_tune__type_support.cpp
[32.491s] -- Installing: /home/hari-prasad-gajurel/Our_control/leg_control/install/pid_tune/lib/libpid_tune__rosidl_typesupport_introspection_cpp.so
[32.492s] -- Set non-toolchain portion of runtime path of "/home/hari-prasad-gajurel/Our_control/leg_control/install/pid_tune/lib/libpid_tune__rosidl_typesupport_introspection_cpp.so" to ""
[32.492s] -- Installing: /home/hari-prasad-gajurel/Our_control/leg_control/install/pid_tune/lib/libpid_tune__rosidl_typesupport_cpp.so
[32.493s] -- Set non-toolchain portion of runtime path of "/home/hari-prasad-gajurel/Our_control/leg_control/install/pid_tune/lib/libpid_tune__rosidl_typesupport_cpp.so" to ""
[32.493s] -- Installing: /home/hari-prasad-gajurel/Our_control/leg_control/install/pid_tune/share/pid_tune/environment/pythonpath.sh
[32.494s] -- Installing: /home/hari-prasad-gajurel/Our_control/leg_control/install/pid_tune/share/pid_tune/environment/pythonpath.dsv
[32.494s] -- Installing: /home/hari-prasad-gajurel/Our_control/leg_control/install/pid_tune/lib/python3.12/site-packages/pid_tune-0.0.0-py3.12.egg-info
[32.494s] -- Installing: /home/hari-prasad-gajurel/Our_control/leg_control/install/pid_tune/lib/python3.12/site-packages/pid_tune-0.0.0-py3.12.egg-info/dependency_links.txt
[32.495s] -- Installing: /home/hari-prasad-gajurel/Our_control/leg_control/install/pid_tune/lib/python3.12/site-packages/pid_tune-0.0.0-py3.12.egg-info/top_level.txt
[32.496s] -- Installing: /home/hari-prasad-gajurel/Our_control/leg_control/install/pid_tune/lib/python3.12/site-packages/pid_tune-0.0.0-py3.12.egg-info/PKG-INFO
[32.496s] -- Installing: /home/hari-prasad-gajurel/Our_control/leg_control/install/pid_tune/lib/python3.12/site-packages/pid_tune-0.0.0-py3.12.egg-info/SOURCES.txt
[32.497s] -- Installing: /home/hari-prasad-gajurel/Our_control/leg_control/install/pid_tune/lib/python3.12/site-packages/pid_tune
[32.498s] -- Installing: /home/hari-prasad-gajurel/Our_control/leg_control/install/pid_tune/lib/python3.12/site-packages/pid_tune/pid_tune_s__rosidl_typesupport_introspection_c.so
[32.498s] -- Installing: /home/hari-prasad-gajurel/Our_control/leg_control/install/pid_tune/lib/python3.12/site-packages/pid_tune/_pid_tune_s.ep.rosidl_typesupport_c.c
[32.499s] -- Installing: /home/hari-prasad-gajurel/Our_control/leg_control/install/pid_tune/lib/python3.12/site-packages/pid_tune/pid_tune_s__rosidl_typesupport_fastrtps_c.so
[32.500s] -- Installing: /home/hari-prasad-gajurel/Our_control/leg_control/install/pid_tune/lib/python3.12/site-packages/pid_tune/_pid_tune_s.ep.rosidl_typesupport_fastrtps_c.c
[32.501s] -- Installing: /home/hari-prasad-gajurel/Our_control/leg_control/install/pid_tune/lib/python3.12/site-packages/pid_tune/pid_tune_s__rosidl_typesupport_c.so
[32.501s] -- Installing: /home/hari-prasad-gajurel/Our_control/leg_control/install/pid_tune/lib/python3.12/site-packages/pid_tune/__init__.py
[32.502s] -- Installing: /home/hari-prasad-gajurel/Our_control/leg_control/install/pid_tune/lib/python3.12/site-packages/pid_tune/msg
[32.503s] -- Installing: /home/hari-prasad-gajurel/Our_control/leg_control/install/pid_tune/lib/python3.12/site-packages/pid_tune/msg/_pid_tune.py
[32.504s] -- Installing: /home/hari-prasad-gajurel/Our_control/leg_control/install/pid_tune/lib/python3.12/site-packages/pid_tune/msg/__init__.py
[32.504s] -- Installing: /home/hari-prasad-gajurel/Our_control/leg_control/install/pid_tune/lib/python3.12/site-packages/pid_tune/msg/_pid_tune_s.c
[32.504s] -- Installing: /home/hari-prasad-gajurel/Our_control/leg_control/install/pid_tune/lib/python3.12/site-packages/pid_tune/_pid_tune_s.ep.rosidl_typesupport_introspection_c.c
[32.644s] Listing '/home/hari-prasad-gajurel/Our_control/leg_control/install/pid_tune/lib/python3.12/site-packages/pid_tune'...
[32.644s] Compiling '/home/hari-prasad-gajurel/Our_control/leg_control/install/pid_tune/lib/python3.12/site-packages/pid_tune/__init__.py'...
[32.645s] Listing '/home/hari-prasad-gajurel/Our_control/leg_control/install/pid_tune/lib/python3.12/site-packages/pid_tune/msg'...
[32.645s] Compiling '/home/hari-prasad-gajurel/Our_control/leg_control/install/pid_tune/lib/python3.12/site-packages/pid_tune/msg/__init__.py'...
[32.645s] Compiling '/home/hari-prasad-gajurel/Our_control/leg_control/install/pid_tune/lib/python3.12/site-packages/pid_tune/msg/_pid_tune.py'...
[32.668s] -- Installing: /home/hari-prasad-gajurel/Our_control/leg_control/install/pid_tune/lib/python3.12/site-packages/pid_tune/pid_tune_s__rosidl_typesupport_fastrtps_c.so
[32.670s] -- Set non-toolchain portion of runtime path of "/home/hari-prasad-gajurel/Our_control/leg_control/install/pid_tune/lib/python3.12/site-packages/pid_tune/pid_tune_s__rosidl_typesupport_fastrtps_c.so" to ""
[32.673s] -- Installing: /home/hari-prasad-gajurel/Our_control/leg_control/install/pid_tune/lib/python3.12/site-packages/pid_tune/pid_tune_s__rosidl_typesupport_introspection_c.so
[32.676s] -- Set non-toolchain portion of runtime path of "/home/hari-prasad-gajurel/Our_control/leg_control/install/pid_tune/lib/python3.12/site-packages/pid_tune/pid_tune_s__rosidl_typesupport_introspection_c.so" to ""
[32.677s] -- Installing: /home/hari-prasad-gajurel/Our_control/leg_control/install/pid_tune/lib/python3.12/site-packages/pid_tune/pid_tune_s__rosidl_typesupport_c.so
[32.678s] -- Set non-toolchain portion of runtime path of "/home/hari-prasad-gajurel/Our_control/leg_control/install/pid_tune/lib/python3.12/site-packages/pid_tune/pid_tune_s__rosidl_typesupport_c.so" to ""
[32.679s] -- Installing: /home/hari-prasad-gajurel/Our_control/leg_control/install/pid_tune/lib/libpid_tune_msg__rosidl_generator_py.so
[32.680s] -- Set non-toolchain portion of runtime path of "/home/hari-prasad-gajurel/Our_control/leg_control/install/pid_tune/lib/libpid_tune_msg__rosidl_generator_py.so" to ""
[32.681s] -- Installing: /home/hari-prasad-gajurel/Our_control/leg_control/install/pid_tune/share/pid_tune/msg/PidTune.idl
[32.681s] -- Installing: /home/hari-prasad-gajurel/Our_control/leg_control/install/pid_tune/share/pid_tune/msg/PidTune.msg
[32.682s] -- Installing: /home/hari-prasad-gajurel/Our_control/leg_control/install/pid_tune/share/ament_index/resource_index/package_run_dependencies/pid_tune
[32.683s] -- Installing: /home/hari-prasad-gajurel/Our_control/leg_control/install/pid_tune/share/ament_index/resource_index/parent_prefix_path/pid_tune
[32.683s] -- Installing: /home/hari-prasad-gajurel/Our_control/leg_control/install/pid_tune/share/pid_tune/environment/ament_prefix_path.sh
[32.684s] -- Installing: /home/hari-prasad-gajurel/Our_control/leg_control/install/pid_tune/share/pid_tune/environment/ament_prefix_path.dsv
[32.684s] -- Installing: /home/hari-prasad-gajurel/Our_control/leg_control/install/pid_tune/share/pid_tune/environment/path.sh
[32.685s] -- Installing: /home/hari-prasad-gajurel/Our_control/leg_control/install/pid_tune/share/pid_tune/environment/path.dsv
[32.685s] -- Installing: /home/hari-prasad-gajurel/Our_control/leg_control/install/pid_tune/share/pid_tune/local_setup.bash
[32.686s] -- Installing: /home/hari-prasad-gajurel/Our_control/leg_control/install/pid_tune/share/pid_tune/local_setup.sh
[32.690s] -- Installing: /home/hari-prasad-gajurel/Our_control/leg_control/install/pid_tune/share/pid_tune/local_setup.zsh
[32.693s] -- Installing: /home/hari-prasad-gajurel/Our_control/leg_control/install/pid_tune/share/pid_tune/local_setup.dsv
[32.693s] -- Installing: /home/hari-prasad-gajurel/Our_control/leg_control/install/pid_tune/share/pid_tune/package.dsv
[32.693s] -- Installing: /home/hari-prasad-gajurel/Our_control/leg_control/install/pid_tune/share/ament_index/resource_index/packages/pid_tune
[32.694s] -- Installing: /home/hari-prasad-gajurel/Our_control/leg_control/install/pid_tune/share/pid_tune/cmake/export_pid_tune_msg__rosidl_generator_cExport.cmake
[32.694s] -- Installing: /home/hari-prasad-gajurel/Our_control/leg_control/install/pid_tune/share/pid_tune/cmake/export_pid_tune_msg__rosidl_generator_cExport-noconfig.cmake
[32.695s] -- Installing: /home/hari-prasad-gajurel/Our_control/leg_control/install/pid_tune/share/pid_tune/cmake/export_pid_tune_msg__rosidl_typesupport_fastrtps_cExport.cmake
[32.696s] -- Installing: /home/hari-prasad-gajurel/Our_control/leg_control/install/pid_tune/share/pid_tune/cmake/export_pid_tune_msg__rosidl_typesupport_fastrtps_cExport-noconfig.cmake
[32.697s] -- Installing: /home/hari-prasad-gajurel/Our_control/leg_control/install/pid_tune/share/pid_tune/cmake/pid_tune_msg__rosidl_typesupport_introspection_cExport.cmake
[32.697s] -- Installing: /home/hari-prasad-gajurel/Our_control/leg_control/install/pid_tune/share/pid_tune/cmake/pid_tune_msg__rosidl_typesupport_introspection_cExport-noconfig.cmake
[32.698s] -- Installing: /home/hari-prasad-gajurel/Our_control/leg_control/install/pid_tune/share/pid_tune/cmake/pid_tune_msg__rosidl_typesupport_cExport.cmake
[32.699s] -- Installing: /home/hari-prasad-gajurel/Our_control/leg_control/install/pid_tune/share/pid_tune/cmake/pid_tune_msg__rosidl_typesupport_cExport-noconfig.cmake
[32.699s] -- Installing: /home/hari-prasad-gajurel/Our_control/leg_control/install/pid_tune/share/pid_tune/cmake/export_pid_tune_msg__rosidl_generator_cppExport.cmake
[32.700s] -- Installing: /home/hari-prasad-gajurel/Our_control/leg_control/install/pid_tune/share/pid_tune/cmake/export_pid_tune_msg__rosidl_typesupport_fastrtps_cppExport.cmake
[32.700s] -- Installing: /home/hari-prasad-gajurel/Our_control/leg_control/install/pid_tune/share/pid_tune/cmake/export_pid_tune_msg__rosidl_typesupport_fastrtps_cppExport-noconfig.cmake
[32.702s] -- Installing: /home/hari-prasad-gajurel/Our_control/leg_control/install/pid_tune/share/pid_tune/cmake/pid_tune_msg__rosidl_typesupport_introspection_cppExport.cmake
[32.702s] -- Installing: /home/hari-prasad-gajurel/Our_control/leg_control/install/pid_tune/share/pid_tune/cmake/pid_tune_msg__rosidl_typesupport_introspection_cppExport-noconfig.cmake
[32.703s] -- Installing: /home/hari-prasad-gajurel/Our_control/leg_control/install/pid_tune/share/pid_tune/cmake/pid_tune_msg__rosidl_typesupport_cppExport.cmake
[32.704s] -- Installing: /home/hari-prasad-gajurel/Our_control/leg_control/install/pid_tune/share/pid_tune/cmake/pid_tune_msg__rosidl_typesupport_cppExport-noconfig.cmake
[32.706s] -- Installing: /home/hari-prasad-gajurel/Our_control/leg_control/install/pid_tune/share/pid_tune/cmake/export_pid_tune_msg__rosidl_generator_pyExport.cmake
[32.708s] -- Installing: /home/hari-prasad-gajurel/Our_control/leg_control/install/pid_tune/share/pid_tune/cmake/export_pid_tune_msg__rosidl_generator_pyExport-noconfig.cmake
[32.709s] -- Installing: /home/hari-prasad-gajurel/Our_control/leg_control/install/pid_tune/share/pid_tune/cmake/rosidl_cmake-extras.cmake
[32.709s] -- Installing: /home/hari-prasad-gajurel/Our_control/leg_control/install/pid_tune/share/pid_tune/cmake/ament_cmake_export_include_directories-extras.cmake
[32.709s] -- Installing: /home/hari-prasad-gajurel/Our_control/leg_control/install/pid_tune/share/pid_tune/cmake/ament_cmake_export_libraries-extras.cmake
[32.710s] -- Installing: /home/hari-prasad-gajurel/Our_control/leg_control/install/pid_tune/share/pid_tune/cmake/ament_cmake_export_targets-extras.cmake
[32.710s] -- Installing: /home/hari-prasad-gajurel/Our_control/leg_control/install/pid_tune/share/pid_tune/cmake/rosidl_cmake_export_typesupport_targets-extras.cmake
[32.712s] -- Installing: /home/hari-prasad-gajurel/Our_control/leg_control/install/pid_tune/share/pid_tune/cmake/ament_cmake_export_dependencies-extras.cmake
[32.713s] -- Installing: /home/hari-prasad-gajurel/Our_control/leg_control/install/pid_tune/share/pid_tune/cmake/rosidl_cmake_export_typesupport_libraries-extras.cmake
[32.713s] -- Installing: /home/hari-prasad-gajurel/Our_control/leg_control/install/pid_tune/share/pid_tune/cmake/pid_tuneConfig.cmake
[32.714s] -- Installing: /home/hari-prasad-gajurel/Our_control/leg_control/install/pid_tune/share/pid_tune/cmake/pid_tuneConfig-version.cmake
[32.714s] -- Installing: /home/hari-prasad-gajurel/Our_control/leg_control/install/pid_tune/share/pid_tune/package.xml
[32.720s] Invoked command in '/home/hari-prasad-gajurel/Our_control/leg_control/build/pid_tune' returned '0': CMAKE_PREFIX_PATH=${CMAKE_PREFIX_PATH}:/opt/ros/jazzy DEBUGINFOD_URLS=https://debuginfod.ubuntu.com /usr/bin/cmake --install /home/hari-prasad-gajurel/Our_control/leg_control/build/pid_tune
