[0.332s] DEBUG:colcon:Command line arguments: ['/usr/bin/colcon', 'build']
[0.333s] DEBUG:colcon:Parsed command line arguments: Namespace(log_base=None, log_level=None, verb_name='build', build_base='build', install_base='install', merge_install=False, symlink_install=False, test_result_base=None, continue_on_error=False, executor='parallel', parallel_workers=8, event_handlers=None, ignore_user_meta=False, metas=['./colcon.meta'], base_paths=['.'], packages_ignore=None, packages_ignore_regex=None, paths=None, packages_up_to=None, packages_up_to_regex=None, packages_above=None, packages_above_and_dependencies=None, packages_above_depth=None, packages_select_by_dep=None, packages_skip_by_dep=None, packages_skip_up_to=None, packages_select_build_failed=False, packages_skip_build_finished=False, packages_select_test_failures=False, packages_skip_test_passed=False, packages_select=None, packages_skip=None, packages_select_regex=None, packages_skip_regex=None, packages_start=None, packages_end=None, allow_overriding=[], cmake_args=None, cmake_target=None, cmake_target_skip_unavailable=False, cmake_clean_cache=False, cmake_clean_first=False, cmake_force_configure=False, ament_cmake_args=None, catkin_cmake_args=None, catkin_skip_building_tests=False, verb_parser=<colcon_defaults.argument_parser.defaults.DefaultArgumentsDecorator object at 0x7dc84e874590>, verb_extension=<colcon_core.verb.build.BuildVerb object at 0x7dc84e81e030>, main=<bound method BuildVerb.main of <colcon_core.verb.build.BuildVerb object at 0x7dc84e81e030>>)
[0.479s] Level 1:colcon.colcon_core.package_discovery:discover_packages(colcon_meta) check parameters
[0.479s] Level 1:colcon.colcon_core.package_discovery:discover_packages(recursive) check parameters
[0.480s] Level 1:colcon.colcon_core.package_discovery:discover_packages(ignore) check parameters
[0.480s] Level 1:colcon.colcon_core.package_discovery:discover_packages(path) check parameters
[0.481s] Level 1:colcon.colcon_core.package_discovery:discover_packages(colcon_meta) discover
[0.481s] Level 1:colcon.colcon_core.package_discovery:discover_packages(recursive) discover
[0.481s] INFO:colcon.colcon_core.package_discovery:Crawling recursively for packages in '/home/hari-prasad-gajurel/Our_control/leg_control'
[0.481s] Level 1:colcon.colcon_core.package_identification:_identify(.) by extensions ['ignore', 'ignore_ament_install']
[0.482s] Level 1:colcon.colcon_core.package_identification:_identify(.) by extension 'ignore'
[0.482s] Level 1:colcon.colcon_core.package_identification:_identify(.) by extension 'ignore_ament_install'
[0.482s] Level 1:colcon.colcon_core.package_identification:_identify(.) by extensions ['colcon_pkg']
[0.482s] Level 1:colcon.colcon_core.package_identification:_identify(.) by extension 'colcon_pkg'
[0.482s] Level 1:colcon.colcon_core.package_identification:_identify(.) by extensions ['colcon_meta']
[0.483s] Level 1:colcon.colcon_core.package_identification:_identify(.) by extension 'colcon_meta'
[0.483s] Level 1:colcon.colcon_core.package_identification:_identify(.) by extensions ['ros']
[0.483s] Level 1:colcon.colcon_core.package_identification:_identify(.) by extension 'ros'
[0.562s] Level 1:colcon.colcon_core.package_identification:_identify(.) by extensions ['cmake', 'python']
[0.562s] Level 1:colcon.colcon_core.package_identification:_identify(.) by extension 'cmake'
[0.562s] Level 1:colcon.colcon_core.package_identification:_identify(.) by extension 'python'
[0.563s] Level 1:colcon.colcon_core.package_identification:_identify(.) by extensions ['python_setup_py']
[0.563s] Level 1:colcon.colcon_core.package_identification:_identify(.) by extension 'python_setup_py'
[0.563s] Level 1:colcon.colcon_core.package_identification:_identify(build) by extensions ['ignore', 'ignore_ament_install']
[0.563s] Level 1:colcon.colcon_core.package_identification:_identify(build) by extension 'ignore'
[0.563s] Level 1:colcon.colcon_core.package_identification:_identify(build) ignored
[0.563s] Level 1:colcon.colcon_core.package_identification:_identify(install) by extensions ['ignore', 'ignore_ament_install']
[0.564s] Level 1:colcon.colcon_core.package_identification:_identify(install) by extension 'ignore'
[0.564s] Level 1:colcon.colcon_core.package_identification:_identify(install) ignored
[0.564s] Level 1:colcon.colcon_core.package_identification:_identify(log) by extensions ['ignore', 'ignore_ament_install']
[0.564s] Level 1:colcon.colcon_core.package_identification:_identify(log) by extension 'ignore'
[0.564s] Level 1:colcon.colcon_core.package_identification:_identify(log) ignored
[0.565s] Level 1:colcon.colcon_core.package_identification:_identify(src) by extensions ['ignore', 'ignore_ament_install']
[0.565s] Level 1:colcon.colcon_core.package_identification:_identify(src) by extension 'ignore'
[0.565s] Level 1:colcon.colcon_core.package_identification:_identify(src) by extension 'ignore_ament_install'
[0.565s] Level 1:colcon.colcon_core.package_identification:_identify(src) by extensions ['colcon_pkg']
[0.565s] Level 1:colcon.colcon_core.package_identification:_identify(src) by extension 'colcon_pkg'
[0.566s] Level 1:colcon.colcon_core.package_identification:_identify(src) by extensions ['colcon_meta']
[0.566s] Level 1:colcon.colcon_core.package_identification:_identify(src) by extension 'colcon_meta'
[0.566s] Level 1:colcon.colcon_core.package_identification:_identify(src) by extensions ['ros']
[0.566s] Level 1:colcon.colcon_core.package_identification:_identify(src) by extension 'ros'
[0.566s] Level 1:colcon.colcon_core.package_identification:_identify(src) by extensions ['cmake', 'python']
[0.566s] Level 1:colcon.colcon_core.package_identification:_identify(src) by extension 'cmake'
[0.566s] Level 1:colcon.colcon_core.package_identification:_identify(src) by extension 'python'
[0.566s] Level 1:colcon.colcon_core.package_identification:_identify(src) by extensions ['python_setup_py']
[0.566s] Level 1:colcon.colcon_core.package_identification:_identify(src) by extension 'python_setup_py'
[0.567s] Level 1:colcon.colcon_core.package_identification:_identify(src/osl_motor) by extensions ['ignore', 'ignore_ament_install']
[0.567s] Level 1:colcon.colcon_core.package_identification:_identify(src/osl_motor) by extension 'ignore'
[0.567s] Level 1:colcon.colcon_core.package_identification:_identify(src/osl_motor) by extension 'ignore_ament_install'
[0.567s] Level 1:colcon.colcon_core.package_identification:_identify(src/osl_motor) by extensions ['colcon_pkg']
[0.567s] Level 1:colcon.colcon_core.package_identification:_identify(src/osl_motor) by extension 'colcon_pkg'
[0.567s] Level 1:colcon.colcon_core.package_identification:_identify(src/osl_motor) by extensions ['colcon_meta']
[0.567s] Level 1:colcon.colcon_core.package_identification:_identify(src/osl_motor) by extension 'colcon_meta'
[0.568s] Level 1:colcon.colcon_core.package_identification:_identify(src/osl_motor) by extensions ['ros']
[0.568s] Level 1:colcon.colcon_core.package_identification:_identify(src/osl_motor) by extension 'ros'
[0.577s] DEBUG:colcon.colcon_core.package_identification:Package 'src/osl_motor' with type 'ros.ament_python' and name 'osl_motor'
[0.577s] Level 1:colcon.colcon_core.package_identification:_identify(src/pid_tune) by extensions ['ignore', 'ignore_ament_install']
[0.578s] Level 1:colcon.colcon_core.package_identification:_identify(src/pid_tune) by extension 'ignore'
[0.578s] Level 1:colcon.colcon_core.package_identification:_identify(src/pid_tune) by extension 'ignore_ament_install'
[0.578s] Level 1:colcon.colcon_core.package_identification:_identify(src/pid_tune) by extensions ['colcon_pkg']
[0.578s] Level 1:colcon.colcon_core.package_identification:_identify(src/pid_tune) by extension 'colcon_pkg'
[0.578s] Level 1:colcon.colcon_core.package_identification:_identify(src/pid_tune) by extensions ['colcon_meta']
[0.579s] Level 1:colcon.colcon_core.package_identification:_identify(src/pid_tune) by extension 'colcon_meta'
[0.579s] Level 1:colcon.colcon_core.package_identification:_identify(src/pid_tune) by extensions ['ros']
[0.579s] Level 1:colcon.colcon_core.package_identification:_identify(src/pid_tune) by extension 'ros'
[0.580s] DEBUG:colcon.colcon_core.package_identification:Package 'src/pid_tune' with type 'ros.ament_cmake' and name 'pid_tune'
[0.581s] Level 1:colcon.colcon_core.package_identification:_identify(src/ros2_jazzy) by extensions ['ignore', 'ignore_ament_install']
[0.581s] Level 1:colcon.colcon_core.package_identification:_identify(src/ros2_jazzy) by extension 'ignore'
[0.582s] Level 1:colcon.colcon_core.package_identification:_identify(src/ros2_jazzy) by extension 'ignore_ament_install'
[0.582s] Level 1:colcon.colcon_core.package_identification:_identify(src/ros2_jazzy) by extensions ['colcon_pkg']
[0.582s] Level 1:colcon.colcon_core.package_identification:_identify(src/ros2_jazzy) by extension 'colcon_pkg'
[0.582s] Level 1:colcon.colcon_core.package_identification:_identify(src/ros2_jazzy) by extensions ['colcon_meta']
[0.582s] Level 1:colcon.colcon_core.package_identification:_identify(src/ros2_jazzy) by extension 'colcon_meta'
[0.582s] Level 1:colcon.colcon_core.package_identification:_identify(src/ros2_jazzy) by extensions ['ros']
[0.582s] Level 1:colcon.colcon_core.package_identification:_identify(src/ros2_jazzy) by extension 'ros'
[0.585s] DEBUG:colcon.colcon_core.package_identification:Package 'src/ros2_jazzy' with type 'ros.ament_python' and name 'ros2_jazzy'
[0.585s] Level 1:colcon.colcon_core.package_discovery:discover_packages(recursive) using defaults
[0.585s] Level 1:colcon.colcon_core.package_discovery:discover_packages(ignore) discover
[0.585s] Level 1:colcon.colcon_core.package_discovery:discover_packages(ignore) using defaults
[0.585s] Level 1:colcon.colcon_core.package_discovery:discover_packages(path) discover
[0.585s] Level 1:colcon.colcon_core.package_discovery:discover_packages(path) using defaults
[0.637s] Level 1:colcon.colcon_core.package_discovery:discover_packages(prefix_path) check parameters
[0.638s] Level 1:colcon.colcon_core.package_discovery:discover_packages(prefix_path) discover
[0.648s] DEBUG:colcon.colcon_installed_package_information.package_discovery:Found 370 installed packages in /opt/ros/jazzy
[0.651s] Level 1:colcon.colcon_core.package_discovery:discover_packages(prefix_path) using defaults
[0.806s] Level 5:colcon.colcon_core.verb:set package 'osl_motor' build argument 'cmake_args' from command line to 'None'
[0.806s] Level 5:colcon.colcon_core.verb:set package 'osl_motor' build argument 'cmake_target' from command line to 'None'
[0.806s] Level 5:colcon.colcon_core.verb:set package 'osl_motor' build argument 'cmake_target_skip_unavailable' from command line to 'False'
[0.806s] Level 5:colcon.colcon_core.verb:set package 'osl_motor' build argument 'cmake_clean_cache' from command line to 'False'
[0.806s] Level 5:colcon.colcon_core.verb:set package 'osl_motor' build argument 'cmake_clean_first' from command line to 'False'
[0.806s] Level 5:colcon.colcon_core.verb:set package 'osl_motor' build argument 'cmake_force_configure' from command line to 'False'
[0.806s] Level 5:colcon.colcon_core.verb:set package 'osl_motor' build argument 'ament_cmake_args' from command line to 'None'
[0.807s] Level 5:colcon.colcon_core.verb:set package 'osl_motor' build argument 'catkin_cmake_args' from command line to 'None'
[0.807s] Level 5:colcon.colcon_core.verb:set package 'osl_motor' build argument 'catkin_skip_building_tests' from command line to 'False'
[0.807s] DEBUG:colcon.colcon_core.verb:Building package 'osl_motor' with the following arguments: {'ament_cmake_args': None, 'build_base': '/home/hari-prasad-gajurel/Our_control/leg_control/build/osl_motor', 'catkin_cmake_args': None, 'catkin_skip_building_tests': False, 'cmake_args': None, 'cmake_clean_cache': False, 'cmake_clean_first': False, 'cmake_force_configure': False, 'cmake_target': None, 'cmake_target_skip_unavailable': False, 'install_base': '/home/hari-prasad-gajurel/Our_control/leg_control/install/osl_motor', 'merge_install': False, 'path': '/home/hari-prasad-gajurel/Our_control/leg_control/src/osl_motor', 'symlink_install': False, 'test_result_base': None}
[0.808s] Level 5:colcon.colcon_core.verb:set package 'pid_tune' build argument 'cmake_args' from command line to 'None'
[0.808s] Level 5:colcon.colcon_core.verb:set package 'pid_tune' build argument 'cmake_target' from command line to 'None'
[0.808s] Level 5:colcon.colcon_core.verb:set package 'pid_tune' build argument 'cmake_target_skip_unavailable' from command line to 'False'
[0.808s] Level 5:colcon.colcon_core.verb:set package 'pid_tune' build argument 'cmake_clean_cache' from command line to 'False'
[0.808s] Level 5:colcon.colcon_core.verb:set package 'pid_tune' build argument 'cmake_clean_first' from command line to 'False'
[0.808s] Level 5:colcon.colcon_core.verb:set package 'pid_tune' build argument 'cmake_force_configure' from command line to 'False'
[0.808s] Level 5:colcon.colcon_core.verb:set package 'pid_tune' build argument 'ament_cmake_args' from command line to 'None'
[0.809s] Level 5:colcon.colcon_core.verb:set package 'pid_tune' build argument 'catkin_cmake_args' from command line to 'None'
[0.809s] Level 5:colcon.colcon_core.verb:set package 'pid_tune' build argument 'catkin_skip_building_tests' from command line to 'False'
[0.809s] DEBUG:colcon.colcon_core.verb:Building package 'pid_tune' with the following arguments: {'ament_cmake_args': None, 'build_base': '/home/hari-prasad-gajurel/Our_control/leg_control/build/pid_tune', 'catkin_cmake_args': None, 'catkin_skip_building_tests': False, 'cmake_args': None, 'cmake_clean_cache': False, 'cmake_clean_first': False, 'cmake_force_configure': False, 'cmake_target': None, 'cmake_target_skip_unavailable': False, 'install_base': '/home/hari-prasad-gajurel/Our_control/leg_control/install/pid_tune', 'merge_install': False, 'path': '/home/hari-prasad-gajurel/Our_control/leg_control/src/pid_tune', 'symlink_install': False, 'test_result_base': None}
[0.810s] Level 5:colcon.colcon_core.verb:set package 'ros2_jazzy' build argument 'cmake_args' from command line to 'None'
[0.810s] Level 5:colcon.colcon_core.verb:set package 'ros2_jazzy' build argument 'cmake_target' from command line to 'None'
[0.810s] Level 5:colcon.colcon_core.verb:set package 'ros2_jazzy' build argument 'cmake_target_skip_unavailable' from command line to 'False'
[0.810s] Level 5:colcon.colcon_core.verb:set package 'ros2_jazzy' build argument 'cmake_clean_cache' from command line to 'False'
[0.810s] Level 5:colcon.colcon_core.verb:set package 'ros2_jazzy' build argument 'cmake_clean_first' from command line to 'False'
[0.810s] Level 5:colcon.colcon_core.verb:set package 'ros2_jazzy' build argument 'cmake_force_configure' from command line to 'False'
[0.810s] Level 5:colcon.colcon_core.verb:set package 'ros2_jazzy' build argument 'ament_cmake_args' from command line to 'None'
[0.810s] Level 5:colcon.colcon_core.verb:set package 'ros2_jazzy' build argument 'catkin_cmake_args' from command line to 'None'
[0.811s] Level 5:colcon.colcon_core.verb:set package 'ros2_jazzy' build argument 'catkin_skip_building_tests' from command line to 'False'
[0.811s] DEBUG:colcon.colcon_core.verb:Building package 'ros2_jazzy' with the following arguments: {'ament_cmake_args': None, 'build_base': '/home/hari-prasad-gajurel/Our_control/leg_control/build/ros2_jazzy', 'catkin_cmake_args': None, 'catkin_skip_building_tests': False, 'cmake_args': None, 'cmake_clean_cache': False, 'cmake_clean_first': False, 'cmake_force_configure': False, 'cmake_target': None, 'cmake_target_skip_unavailable': False, 'install_base': '/home/hari-prasad-gajurel/Our_control/leg_control/install/ros2_jazzy', 'merge_install': False, 'path': '/home/hari-prasad-gajurel/Our_control/leg_control/src/ros2_jazzy', 'symlink_install': False, 'test_result_base': None}
[0.811s] INFO:colcon.colcon_core.executor:Executing jobs using 'parallel' executor
[0.814s] DEBUG:colcon.colcon_parallel_executor.executor.parallel:run_until_complete
[0.814s] INFO:colcon.colcon_ros.task.ament_python.build:Building ROS package in '/home/hari-prasad-gajurel/Our_control/leg_control/src/osl_motor' with build type 'ament_python'
[0.815s] Level 1:colcon.colcon_core.shell:create_environment_hook('osl_motor', 'ament_prefix_path')
[0.823s] INFO:colcon.colcon_core.plugin_system:Skipping extension 'colcon_core.shell.bat': Not used on non-Windows systems
[0.824s] INFO:colcon.colcon_core.shell:Creating environment hook '/home/hari-prasad-gajurel/Our_control/leg_control/install/osl_motor/share/osl_motor/hook/ament_prefix_path.ps1'
[0.832s] INFO:colcon.colcon_core.shell:Creating environment descriptor '/home/hari-prasad-gajurel/Our_control/leg_control/install/osl_motor/share/osl_motor/hook/ament_prefix_path.dsv'
[0.834s] INFO:colcon.colcon_core.shell:Creating environment hook '/home/hari-prasad-gajurel/Our_control/leg_control/install/osl_motor/share/osl_motor/hook/ament_prefix_path.sh'
[0.836s] INFO:colcon.colcon_core.shell:Skip shell extension 'powershell' for command environment: Not usable outside of PowerShell
[0.836s] DEBUG:colcon.colcon_core.shell:Skip shell extension 'dsv' for command environment
[0.845s] INFO:colcon.colcon_ros.task.ament_cmake.build:Building ROS package in '/home/hari-prasad-gajurel/Our_control/leg_control/src/pid_tune' with build type 'ament_cmake'
[0.845s] INFO:colcon.colcon_cmake.task.cmake.build:Building CMake package in '/home/hari-prasad-gajurel/Our_control/leg_control/src/pid_tune'
[0.846s] INFO:colcon.colcon_core.shell:Skip shell extension 'powershell' for command environment: Not usable outside of PowerShell
[0.846s] DEBUG:colcon.colcon_core.shell:Skip shell extension 'dsv' for command environment
[1.607s] INFO:colcon.colcon_core.task.python.build:Building Python package in '/home/hari-prasad-gajurel/Our_control/leg_control/src/osl_motor'
[1.607s] INFO:colcon.colcon_core.shell:Skip shell extension 'powershell' for command environment: Not usable outside of PowerShell
[1.607s] DEBUG:colcon.colcon_core.shell:Skip shell extension 'dsv' for command environment
[1.631s] DEBUG:colcon.colcon_core.event_handler.log_command:Invoking command in '/home/hari-prasad-gajurel/Our_control/leg_control/build/pid_tune': CMAKE_PREFIX_PATH=${CMAKE_PREFIX_PATH}:/opt/ros/jazzy DEBUGINFOD_URLS=https://debuginfod.ubuntu.com /usr/bin/cmake /home/hari-prasad-gajurel/Our_control/leg_control/src/pid_tune -DCMAKE_INSTALL_PREFIX=/home/hari-prasad-gajurel/Our_control/leg_control/install/pid_tune
[3.944s] DEBUG:colcon.colcon_core.event_handler.log_command:Invoking command in '/home/hari-prasad-gajurel/Our_control/leg_control/src/osl_motor': DEBUGINFOD_URLS=https://debuginfod.ubuntu.com PYTHONPATH=/home/hari-prasad-gajurel/Our_control/leg_control/build/osl_motor/prefix_override:/usr/lib/python3/dist-packages/colcon_core/task/python/colcon_distutils_commands:/home/hari-prasad-gajurel/Our_control/leg_control/install/osl_motor/lib/python3.12/site-packages:${PYTHONPATH} /usr/bin/python3 -W ignore:setup.py install is deprecated -W ignore:easy_install command is deprecated setup.py egg_info --egg-base ../../build/osl_motor build --build-base /home/hari-prasad-gajurel/Our_control/leg_control/build/osl_motor/build install --record /home/hari-prasad-gajurel/Our_control/leg_control/build/osl_motor/install.log --single-version-externally-managed install_data
[6.148s] DEBUG:colcon.colcon_core.event_handler.log_command:Invoked command in '/home/hari-prasad-gajurel/Our_control/leg_control/src/osl_motor' returned '0': DEBUGINFOD_URLS=https://debuginfod.ubuntu.com PYTHONPATH=/home/hari-prasad-gajurel/Our_control/leg_control/build/osl_motor/prefix_override:/usr/lib/python3/dist-packages/colcon_core/task/python/colcon_distutils_commands:/home/hari-prasad-gajurel/Our_control/leg_control/install/osl_motor/lib/python3.12/site-packages:${PYTHONPATH} /usr/bin/python3 -W ignore:setup.py install is deprecated -W ignore:easy_install command is deprecated setup.py egg_info --egg-base ../../build/osl_motor build --build-base /home/hari-prasad-gajurel/Our_control/leg_control/build/osl_motor/build install --record /home/hari-prasad-gajurel/Our_control/leg_control/build/osl_motor/install.log --single-version-externally-managed install_data
[6.153s] Level 1:colcon.colcon_core.environment:checking '/home/hari-prasad-gajurel/Our_control/leg_control/install/osl_motor' for CMake module files
[6.154s] Level 1:colcon.colcon_core.environment:checking '/home/hari-prasad-gajurel/Our_control/leg_control/install/osl_motor' for CMake config files
[6.157s] Level 1:colcon.colcon_core.environment:checking '/home/hari-prasad-gajurel/Our_control/leg_control/install/osl_motor/lib'
[6.158s] Level 1:colcon.colcon_core.environment:checking '/home/hari-prasad-gajurel/Our_control/leg_control/install/osl_motor/bin'
[6.159s] Level 1:colcon.colcon_core.environment:checking '/home/hari-prasad-gajurel/Our_control/leg_control/install/osl_motor/lib/pkgconfig/osl_motor.pc'
[6.159s] Level 1:colcon.colcon_core.environment:checking '/home/hari-prasad-gajurel/Our_control/leg_control/install/osl_motor/lib/python3.12/site-packages'
[6.163s] Level 1:colcon.colcon_core.shell:create_environment_hook('osl_motor', 'pythonpath')
[6.163s] INFO:colcon.colcon_core.shell:Creating environment hook '/home/hari-prasad-gajurel/Our_control/leg_control/install/osl_motor/share/osl_motor/hook/pythonpath.ps1'
[6.165s] INFO:colcon.colcon_core.shell:Creating environment descriptor '/home/hari-prasad-gajurel/Our_control/leg_control/install/osl_motor/share/osl_motor/hook/pythonpath.dsv'
[6.166s] INFO:colcon.colcon_core.shell:Creating environment hook '/home/hari-prasad-gajurel/Our_control/leg_control/install/osl_motor/share/osl_motor/hook/pythonpath.sh'
[6.169s] Level 1:colcon.colcon_core.environment:checking '/home/hari-prasad-gajurel/Our_control/leg_control/install/osl_motor/bin'
[6.170s] Level 1:colcon.colcon_core.environment:create_environment_scripts_only(osl_motor)
[6.170s] INFO:colcon.colcon_core.shell:Creating package script '/home/hari-prasad-gajurel/Our_control/leg_control/install/osl_motor/share/osl_motor/package.ps1'
[6.175s] INFO:colcon.colcon_core.shell:Creating package descriptor '/home/hari-prasad-gajurel/Our_control/leg_control/install/osl_motor/share/osl_motor/package.dsv'
[6.177s] INFO:colcon.colcon_core.shell:Creating package script '/home/hari-prasad-gajurel/Our_control/leg_control/install/osl_motor/share/osl_motor/package.sh'
[6.180s] INFO:colcon.colcon_core.shell:Creating package script '/home/hari-prasad-gajurel/Our_control/leg_control/install/osl_motor/share/osl_motor/package.bash'
[6.183s] INFO:colcon.colcon_core.shell:Creating package script '/home/hari-prasad-gajurel/Our_control/leg_control/install/osl_motor/share/osl_motor/package.zsh'
[6.185s] Level 1:colcon.colcon_core.environment:create_file_with_runtime_dependencies(/home/hari-prasad-gajurel/Our_control/leg_control/install/osl_motor/share/colcon-core/packages/osl_motor)
[12.962s] DEBUG:colcon.colcon_core.event_handler.log_command:Invoked command in '/home/hari-prasad-gajurel/Our_control/leg_control/build/pid_tune' returned '0': CMAKE_PREFIX_PATH=${CMAKE_PREFIX_PATH}:/opt/ros/jazzy DEBUGINFOD_URLS=https://debuginfod.ubuntu.com /usr/bin/cmake /home/hari-prasad-gajurel/Our_control/leg_control/src/pid_tune -DCMAKE_INSTALL_PREFIX=/home/hari-prasad-gajurel/Our_control/leg_control/install/pid_tune
[12.964s] DEBUG:colcon.colcon_core.event_handler.log_command:Invoking command in '/home/hari-prasad-gajurel/Our_control/leg_control/build/pid_tune': CMAKE_PREFIX_PATH=${CMAKE_PREFIX_PATH}:/opt/ros/jazzy DEBUGINFOD_URLS=https://debuginfod.ubuntu.com /usr/bin/cmake --build /home/hari-prasad-gajurel/Our_control/leg_control/build/pid_tune -- -j8 -l8
[33.234s] DEBUG:colcon.colcon_core.event_handler.log_command:Invoked command in '/home/hari-prasad-gajurel/Our_control/leg_control/build/pid_tune' returned '0': CMAKE_PREFIX_PATH=${CMAKE_PREFIX_PATH}:/opt/ros/jazzy DEBUGINFOD_URLS=https://debuginfod.ubuntu.com /usr/bin/cmake --build /home/hari-prasad-gajurel/Our_control/leg_control/build/pid_tune -- -j8 -l8
[33.269s] DEBUG:colcon.colcon_core.event_handler.log_command:Invoking command in '/home/hari-prasad-gajurel/Our_control/leg_control/build/pid_tune': CMAKE_PREFIX_PATH=${CMAKE_PREFIX_PATH}:/opt/ros/jazzy DEBUGINFOD_URLS=https://debuginfod.ubuntu.com /usr/bin/cmake --install /home/hari-prasad-gajurel/Our_control/leg_control/build/pid_tune
[33.568s] Level 1:colcon.colcon_core.environment:create_environment_scripts_only(pid_tune)
[33.569s] Level 1:colcon.colcon_core.environment:checking '/home/hari-prasad-gajurel/Our_control/leg_control/install/pid_tune' for CMake module files
[33.570s] DEBUG:colcon.colcon_core.event_handler.log_command:Invoked command in '/home/hari-prasad-gajurel/Our_control/leg_control/build/pid_tune' returned '0': CMAKE_PREFIX_PATH=${CMAKE_PREFIX_PATH}:/opt/ros/jazzy DEBUGINFOD_URLS=https://debuginfod.ubuntu.com /usr/bin/cmake --install /home/hari-prasad-gajurel/Our_control/leg_control/build/pid_tune
[33.573s] Level 1:colcon.colcon_core.environment:checking '/home/hari-prasad-gajurel/Our_control/leg_control/install/pid_tune' for CMake config files
[33.576s] Level 1:colcon.colcon_core.shell:create_environment_hook('pid_tune', 'cmake_prefix_path')
[33.577s] INFO:colcon.colcon_core.shell:Creating environment hook '/home/hari-prasad-gajurel/Our_control/leg_control/install/pid_tune/share/pid_tune/hook/cmake_prefix_path.ps1'
[33.581s] INFO:colcon.colcon_core.shell:Creating environment descriptor '/home/hari-prasad-gajurel/Our_control/leg_control/install/pid_tune/share/pid_tune/hook/cmake_prefix_path.dsv'
[33.582s] INFO:colcon.colcon_core.shell:Creating environment hook '/home/hari-prasad-gajurel/Our_control/leg_control/install/pid_tune/share/pid_tune/hook/cmake_prefix_path.sh'
[33.585s] Level 1:colcon.colcon_core.environment:checking '/home/hari-prasad-gajurel/Our_control/leg_control/install/pid_tune/lib'
[33.585s] Level 1:colcon.colcon_core.shell:create_environment_hook('pid_tune', 'ld_library_path_lib')
[33.586s] INFO:colcon.colcon_core.shell:Creating environment hook '/home/hari-prasad-gajurel/Our_control/leg_control/install/pid_tune/share/pid_tune/hook/ld_library_path_lib.ps1'
[33.589s] INFO:colcon.colcon_core.shell:Creating environment descriptor '/home/hari-prasad-gajurel/Our_control/leg_control/install/pid_tune/share/pid_tune/hook/ld_library_path_lib.dsv'
[33.590s] INFO:colcon.colcon_core.shell:Creating environment hook '/home/hari-prasad-gajurel/Our_control/leg_control/install/pid_tune/share/pid_tune/hook/ld_library_path_lib.sh'
[33.592s] Level 1:colcon.colcon_core.environment:checking '/home/hari-prasad-gajurel/Our_control/leg_control/install/pid_tune/bin'
[33.592s] Level 1:colcon.colcon_core.environment:checking '/home/hari-prasad-gajurel/Our_control/leg_control/install/pid_tune/lib/pkgconfig/pid_tune.pc'
[33.592s] Level 1:colcon.colcon_core.environment:checking '/home/hari-prasad-gajurel/Our_control/leg_control/install/pid_tune/lib/python3.12/site-packages'
[33.593s] Level 1:colcon.colcon_core.shell:create_environment_hook('pid_tune', 'pythonpath')
[33.593s] INFO:colcon.colcon_core.shell:Creating environment hook '/home/hari-prasad-gajurel/Our_control/leg_control/install/pid_tune/share/pid_tune/hook/pythonpath.ps1'
[33.595s] INFO:colcon.colcon_core.shell:Creating environment descriptor '/home/hari-prasad-gajurel/Our_control/leg_control/install/pid_tune/share/pid_tune/hook/pythonpath.dsv'
[33.596s] INFO:colcon.colcon_core.shell:Creating environment hook '/home/hari-prasad-gajurel/Our_control/leg_control/install/pid_tune/share/pid_tune/hook/pythonpath.sh'
[33.598s] Level 1:colcon.colcon_core.environment:checking '/home/hari-prasad-gajurel/Our_control/leg_control/install/pid_tune/bin'
[33.599s] INFO:colcon.colcon_core.shell:Creating package script '/home/hari-prasad-gajurel/Our_control/leg_control/install/pid_tune/share/pid_tune/package.ps1'
[33.601s] INFO:colcon.colcon_core.shell:Creating package descriptor '/home/hari-prasad-gajurel/Our_control/leg_control/install/pid_tune/share/pid_tune/package.dsv'
[33.603s] INFO:colcon.colcon_core.shell:Creating package script '/home/hari-prasad-gajurel/Our_control/leg_control/install/pid_tune/share/pid_tune/package.sh'
[33.605s] INFO:colcon.colcon_core.shell:Creating package script '/home/hari-prasad-gajurel/Our_control/leg_control/install/pid_tune/share/pid_tune/package.bash'
[33.607s] INFO:colcon.colcon_core.shell:Creating package script '/home/hari-prasad-gajurel/Our_control/leg_control/install/pid_tune/share/pid_tune/package.zsh'
[33.608s] Level 1:colcon.colcon_core.environment:create_file_with_runtime_dependencies(/home/hari-prasad-gajurel/Our_control/leg_control/install/pid_tune/share/colcon-core/packages/pid_tune)
[33.610s] Level 1:colcon.colcon_core.environment:create_environment_scripts_only(pid_tune)
[33.611s] Level 1:colcon.colcon_core.environment:checking '/home/hari-prasad-gajurel/Our_control/leg_control/install/pid_tune' for CMake module files
[33.613s] Level 1:colcon.colcon_core.environment:checking '/home/hari-prasad-gajurel/Our_control/leg_control/install/pid_tune' for CMake config files
[33.614s] Level 1:colcon.colcon_core.shell:create_environment_hook('pid_tune', 'cmake_prefix_path')
[33.615s] INFO:colcon.colcon_core.shell:Creating environment hook '/home/hari-prasad-gajurel/Our_control/leg_control/install/pid_tune/share/pid_tune/hook/cmake_prefix_path.ps1'
[33.616s] INFO:colcon.colcon_core.shell:Creating environment descriptor '/home/hari-prasad-gajurel/Our_control/leg_control/install/pid_tune/share/pid_tune/hook/cmake_prefix_path.dsv'
[33.617s] INFO:colcon.colcon_core.shell:Creating environment hook '/home/hari-prasad-gajurel/Our_control/leg_control/install/pid_tune/share/pid_tune/hook/cmake_prefix_path.sh'
[33.619s] Level 1:colcon.colcon_core.environment:checking '/home/hari-prasad-gajurel/Our_control/leg_control/install/pid_tune/lib'
[33.619s] Level 1:colcon.colcon_core.shell:create_environment_hook('pid_tune', 'ld_library_path_lib')
[33.620s] INFO:colcon.colcon_core.shell:Creating environment hook '/home/hari-prasad-gajurel/Our_control/leg_control/install/pid_tune/share/pid_tune/hook/ld_library_path_lib.ps1'
[33.622s] INFO:colcon.colcon_core.shell:Creating environment descriptor '/home/hari-prasad-gajurel/Our_control/leg_control/install/pid_tune/share/pid_tune/hook/ld_library_path_lib.dsv'
[33.623s] INFO:colcon.colcon_core.shell:Creating environment hook '/home/hari-prasad-gajurel/Our_control/leg_control/install/pid_tune/share/pid_tune/hook/ld_library_path_lib.sh'
[33.624s] Level 1:colcon.colcon_core.environment:checking '/home/hari-prasad-gajurel/Our_control/leg_control/install/pid_tune/bin'
[33.624s] Level 1:colcon.colcon_core.environment:checking '/home/hari-prasad-gajurel/Our_control/leg_control/install/pid_tune/lib/pkgconfig/pid_tune.pc'
[33.625s] Level 1:colcon.colcon_core.environment:checking '/home/hari-prasad-gajurel/Our_control/leg_control/install/pid_tune/lib/python3.12/site-packages'
[33.625s] Level 1:colcon.colcon_core.shell:create_environment_hook('pid_tune', 'pythonpath')
[33.626s] INFO:colcon.colcon_core.shell:Creating environment hook '/home/hari-prasad-gajurel/Our_control/leg_control/install/pid_tune/share/pid_tune/hook/pythonpath.ps1'
[33.628s] INFO:colcon.colcon_core.shell:Creating environment descriptor '/home/hari-prasad-gajurel/Our_control/leg_control/install/pid_tune/share/pid_tune/hook/pythonpath.dsv'
[33.629s] INFO:colcon.colcon_core.shell:Creating environment hook '/home/hari-prasad-gajurel/Our_control/leg_control/install/pid_tune/share/pid_tune/hook/pythonpath.sh'
[33.631s] Level 1:colcon.colcon_core.environment:checking '/home/hari-prasad-gajurel/Our_control/leg_control/install/pid_tune/bin'
[33.632s] INFO:colcon.colcon_core.shell:Creating package script '/home/hari-prasad-gajurel/Our_control/leg_control/install/pid_tune/share/pid_tune/package.ps1'
[33.634s] INFO:colcon.colcon_core.shell:Creating package descriptor '/home/hari-prasad-gajurel/Our_control/leg_control/install/pid_tune/share/pid_tune/package.dsv'
[33.637s] INFO:colcon.colcon_core.shell:Creating package script '/home/hari-prasad-gajurel/Our_control/leg_control/install/pid_tune/share/pid_tune/package.sh'
[33.639s] INFO:colcon.colcon_core.shell:Creating package script '/home/hari-prasad-gajurel/Our_control/leg_control/install/pid_tune/share/pid_tune/package.bash'
[33.641s] INFO:colcon.colcon_core.shell:Creating package script '/home/hari-prasad-gajurel/Our_control/leg_control/install/pid_tune/share/pid_tune/package.zsh'
[33.642s] Level 1:colcon.colcon_core.environment:create_file_with_runtime_dependencies(/home/hari-prasad-gajurel/Our_control/leg_control/install/pid_tune/share/colcon-core/packages/pid_tune)
[33.644s] INFO:colcon.colcon_ros.task.ament_python.build:Building ROS package in '/home/hari-prasad-gajurel/Our_control/leg_control/src/ros2_jazzy' with build type 'ament_python'
[33.645s] Level 1:colcon.colcon_core.shell:create_environment_hook('ros2_jazzy', 'ament_prefix_path')
[33.647s] INFO:colcon.colcon_core.shell:Creating environment hook '/home/hari-prasad-gajurel/Our_control/leg_control/install/ros2_jazzy/share/ros2_jazzy/hook/ament_prefix_path.ps1'
[33.650s] INFO:colcon.colcon_core.shell:Creating environment descriptor '/home/hari-prasad-gajurel/Our_control/leg_control/install/ros2_jazzy/share/ros2_jazzy/hook/ament_prefix_path.dsv'
[33.651s] INFO:colcon.colcon_core.shell:Creating environment hook '/home/hari-prasad-gajurel/Our_control/leg_control/install/ros2_jazzy/share/ros2_jazzy/hook/ament_prefix_path.sh'
[33.653s] INFO:colcon.colcon_core.shell:Skip shell extension 'powershell' for command environment: Not usable outside of PowerShell
[33.654s] DEBUG:colcon.colcon_core.shell:Skip shell extension 'dsv' for command environment
[34.450s] INFO:colcon.colcon_core.task.python.build:Building Python package in '/home/hari-prasad-gajurel/Our_control/leg_control/src/ros2_jazzy'
[34.451s] INFO:colcon.colcon_core.shell:Skip shell extension 'powershell' for command environment: Not usable outside of PowerShell
[34.451s] DEBUG:colcon.colcon_core.shell:Skip shell extension 'dsv' for command environment
[36.536s] DEBUG:colcon.colcon_core.event_handler.log_command:Invoking command in '/home/hari-prasad-gajurel/Our_control/leg_control/src/ros2_jazzy': AMENT_PREFIX_PATH=/home/hari-prasad-gajurel/Our_control/leg_control/install/pid_tune:/home/hari-prasad-gajurel/Our_control/leg_control/install/osl_motor:${AMENT_PREFIX_PATH} CMAKE_PREFIX_PATH=/home/hari-prasad-gajurel/Our_control/leg_control/install/pid_tune:${CMAKE_PREFIX_PATH} DEBUGINFOD_URLS=https://debuginfod.ubuntu.com LD_LIBRARY_PATH=/home/hari-prasad-gajurel/Our_control/leg_control/install/pid_tune/lib:${LD_LIBRARY_PATH} PYTHONPATH=/home/hari-prasad-gajurel/Our_control/leg_control/build/ros2_jazzy/prefix_override:/usr/lib/python3/dist-packages/colcon_core/task/python/colcon_distutils_commands:/home/hari-prasad-gajurel/Our_control/leg_control/install/ros2_jazzy/lib/python3.12/site-packages:/home/hari-prasad-gajurel/Our_control/leg_control/install/pid_tune/lib/python3.12/site-packages:/home/hari-prasad-gajurel/Our_control/leg_control/install/osl_motor/lib/python3.12/site-packages:${PYTHONPATH} /usr/bin/python3 -W ignore:setup.py install is deprecated -W ignore:easy_install command is deprecated setup.py egg_info --egg-base ../../build/ros2_jazzy build --build-base /home/hari-prasad-gajurel/Our_control/leg_control/build/ros2_jazzy/build install --record /home/hari-prasad-gajurel/Our_control/leg_control/build/ros2_jazzy/install.log --single-version-externally-managed install_data
[39.192s] Level 1:colcon.colcon_core.environment:checking '/home/hari-prasad-gajurel/Our_control/leg_control/install/ros2_jazzy' for CMake module files
[39.194s] Level 1:colcon.colcon_core.environment:checking '/home/hari-prasad-gajurel/Our_control/leg_control/install/ros2_jazzy' for CMake config files
[39.196s] Level 1:colcon.colcon_core.environment:checking '/home/hari-prasad-gajurel/Our_control/leg_control/install/ros2_jazzy/lib'
[39.196s] Level 1:colcon.colcon_core.environment:checking '/home/hari-prasad-gajurel/Our_control/leg_control/install/ros2_jazzy/bin'
[39.197s] Level 1:colcon.colcon_core.environment:checking '/home/hari-prasad-gajurel/Our_control/leg_control/install/ros2_jazzy/lib/pkgconfig/ros2_jazzy.pc'
[39.198s] Level 1:colcon.colcon_core.environment:checking '/home/hari-prasad-gajurel/Our_control/leg_control/install/ros2_jazzy/lib/python3.12/site-packages'
[39.199s] Level 1:colcon.colcon_core.shell:create_environment_hook('ros2_jazzy', 'pythonpath')
[39.199s] INFO:colcon.colcon_core.shell:Creating environment hook '/home/hari-prasad-gajurel/Our_control/leg_control/install/ros2_jazzy/share/ros2_jazzy/hook/pythonpath.ps1'
[39.197s] DEBUG:colcon.colcon_core.event_handler.log_command:Invoked command in '/home/hari-prasad-gajurel/Our_control/leg_control/src/ros2_jazzy' returned '0': AMENT_PREFIX_PATH=/home/hari-prasad-gajurel/Our_control/leg_control/install/pid_tune:/home/hari-prasad-gajurel/Our_control/leg_control/install/osl_motor:${AMENT_PREFIX_PATH} CMAKE_PREFIX_PATH=/home/hari-prasad-gajurel/Our_control/leg_control/install/pid_tune:${CMAKE_PREFIX_PATH} DEBUGINFOD_URLS=https://debuginfod.ubuntu.com LD_LIBRARY_PATH=/home/hari-prasad-gajurel/Our_control/leg_control/install/pid_tune/lib:${LD_LIBRARY_PATH} PYTHONPATH=/home/hari-prasad-gajurel/Our_control/leg_control/build/ros2_jazzy/prefix_override:/usr/lib/python3/dist-packages/colcon_core/task/python/colcon_distutils_commands:/home/hari-prasad-gajurel/Our_control/leg_control/install/ros2_jazzy/lib/python3.12/site-packages:/home/hari-prasad-gajurel/Our_control/leg_control/install/pid_tune/lib/python3.12/site-packages:/home/hari-prasad-gajurel/Our_control/leg_control/install/osl_motor/lib/python3.12/site-packages:${PYTHONPATH} /usr/bin/python3 -W ignore:setup.py install is deprecated -W ignore:easy_install command is deprecated setup.py egg_info --egg-base ../../build/ros2_jazzy build --build-base /home/hari-prasad-gajurel/Our_control/leg_control/build/ros2_jazzy/build install --record /home/hari-prasad-gajurel/Our_control/leg_control/build/ros2_jazzy/install.log --single-version-externally-managed install_data
[39.203s] INFO:colcon.colcon_core.shell:Creating environment descriptor '/home/hari-prasad-gajurel/Our_control/leg_control/install/ros2_jazzy/share/ros2_jazzy/hook/pythonpath.dsv'
[39.205s] INFO:colcon.colcon_core.shell:Creating environment hook '/home/hari-prasad-gajurel/Our_control/leg_control/install/ros2_jazzy/share/ros2_jazzy/hook/pythonpath.sh'
[39.207s] Level 1:colcon.colcon_core.environment:checking '/home/hari-prasad-gajurel/Our_control/leg_control/install/ros2_jazzy/bin'
[39.207s] Level 1:colcon.colcon_core.environment:create_environment_scripts_only(ros2_jazzy)
[39.208s] INFO:colcon.colcon_core.shell:Creating package script '/home/hari-prasad-gajurel/Our_control/leg_control/install/ros2_jazzy/share/ros2_jazzy/package.ps1'
[39.211s] INFO:colcon.colcon_core.shell:Creating package descriptor '/home/hari-prasad-gajurel/Our_control/leg_control/install/ros2_jazzy/share/ros2_jazzy/package.dsv'
[39.213s] INFO:colcon.colcon_core.shell:Creating package script '/home/hari-prasad-gajurel/Our_control/leg_control/install/ros2_jazzy/share/ros2_jazzy/package.sh'
[39.214s] INFO:colcon.colcon_core.shell:Creating package script '/home/hari-prasad-gajurel/Our_control/leg_control/install/ros2_jazzy/share/ros2_jazzy/package.bash'
[39.216s] INFO:colcon.colcon_core.shell:Creating package script '/home/hari-prasad-gajurel/Our_control/leg_control/install/ros2_jazzy/share/ros2_jazzy/package.zsh'
[39.217s] Level 1:colcon.colcon_core.environment:create_file_with_runtime_dependencies(/home/hari-prasad-gajurel/Our_control/leg_control/install/ros2_jazzy/share/colcon-core/packages/ros2_jazzy)
[39.222s] DEBUG:colcon.colcon_parallel_executor.executor.parallel:closing loop
[39.222s] DEBUG:colcon.colcon_parallel_executor.executor.parallel:loop closed
[39.223s] DEBUG:colcon.colcon_parallel_executor.executor.parallel:run_until_complete finished with '0'
[39.223s] DEBUG:colcon.colcon_core.event_reactor:joining thread
[39.250s] INFO:colcon.colcon_core.plugin_system:Skipping extension 'colcon_notification.desktop_notification.terminal_notifier': Not used on non-Darwin systems
[39.250s] INFO:colcon.colcon_core.plugin_system:Skipping extension 'colcon_notification.desktop_notification.win32': Not used on non-Windows systems
[39.251s] INFO:colcon.colcon_notification.desktop_notification:Sending desktop notification using 'notify2'
[39.309s] DEBUG:colcon.colcon_core.event_reactor:joined thread
[39.310s] INFO:colcon.colcon_core.shell:Creating prefix script '/home/hari-prasad-gajurel/Our_control/leg_control/install/local_setup.ps1'
[39.317s] INFO:colcon.colcon_core.shell:Creating prefix util module '/home/hari-prasad-gajurel/Our_control/leg_control/install/_local_setup_util_ps1.py'
[39.325s] INFO:colcon.colcon_core.shell:Creating prefix chain script '/home/hari-prasad-gajurel/Our_control/leg_control/install/setup.ps1'
[39.333s] INFO:colcon.colcon_core.shell:Creating prefix script '/home/hari-prasad-gajurel/Our_control/leg_control/install/local_setup.sh'
[39.337s] INFO:colcon.colcon_core.shell:Creating prefix util module '/home/hari-prasad-gajurel/Our_control/leg_control/install/_local_setup_util_sh.py'
[39.339s] INFO:colcon.colcon_core.shell:Creating prefix chain script '/home/hari-prasad-gajurel/Our_control/leg_control/install/setup.sh'
[39.344s] INFO:colcon.colcon_core.shell:Creating prefix script '/home/hari-prasad-gajurel/Our_control/leg_control/install/local_setup.bash'
[39.346s] INFO:colcon.colcon_core.shell:Creating prefix chain script '/home/hari-prasad-gajurel/Our_control/leg_control/install/setup.bash'
[39.350s] INFO:colcon.colcon_core.shell:Creating prefix script '/home/hari-prasad-gajurel/Our_control/leg_control/install/local_setup.zsh'
[39.352s] INFO:colcon.colcon_core.shell:Creating prefix chain script '/home/hari-prasad-gajurel/Our_control/leg_control/install/setup.zsh'
