[0.397s] Invoking command in '/home/hari-prasad-gajurel/Our_control/leg_control/build/pid_tune': CMAKE_PREFIX_PATH=${CMAKE_PREFIX_PATH}:/home/hari-prasad-gajurel/Our_control/leg_control/install/ros2_jazzy:/home/hari-prasad-gajurel/Our_control/leg_control/install/osl_motor:/opt/ros/jazzy DEBUGINFOD_URLS=https://debuginfod.ubuntu.com /usr/bin/cmake --build /home/hari-prasad-gajurel/Our_control/leg_control/build/pid_tune -- -j8 -l8
[0.526s] [  2%] Built target pid_tune_msg__rosidl_generator_type_description
[0.545s] [  2%] Built target ament_cmake_python_symlink_pid_tune
[0.578s] [  5%] Built target pid_tune_msg__cpp
[0.586s] [ 20%] Built target pid_tune_msg__rosidl_generator_c
[0.679s] [ 29%] Built target pid_tune_msg__rosidl_typesupport_c
[0.686s] [ 38%] Built target pid_tune_msg__rosidl_typesupport_introspection_c
[0.694s] [ 47%] Built target pid_tune_msg__rosidl_typesupport_fastrtps_cpp
[0.695s] [ 55%] Built target pid_tune_msg__rosidl_typesupport_introspection_cpp
[0.702s] [ 73%] Built target pid_tune_msg__rosidl_typesupport_cpp
[0.702s] [ 73%] Built target pid_tune_msg__rosidl_typesupport_fastrtps_c
[0.753s] [ 73%] Built target pid_tune_msg
[0.802s] [ 76%] Built target pid_tune_msg__py
[0.851s] [ 82%] Built target pid_tune_msg__rosidl_generator_py
[0.917s] [ 88%] Built target pid_tune_s__rosidl_typesupport_fastrtps_c
[0.918s] [ 94%] Built target pid_tune_s__rosidl_typesupport_c
[0.920s] [100%] Built target pid_tune_s__rosidl_typesupport_introspection_c
[1.052s] running egg_info
[1.102s] writing pid_tune.egg-info/PKG-INFO
[1.102s] writing dependency_links to pid_tune.egg-info/dependency_links.txt
[1.103s] writing top-level names to pid_tune.egg-info/top_level.txt
[1.218s] reading manifest file 'pid_tune.egg-info/SOURCES.txt'
[1.220s] writing manifest file 'pid_tune.egg-info/SOURCES.txt'
[1.285s] [100%] Built target ament_cmake_python_build_pid_tune_egg
[1.312s] Invoked command in '/home/hari-prasad-gajurel/Our_control/leg_control/build/pid_tune' returned '0': CMAKE_PREFIX_PATH=${CMAKE_PREFIX_PATH}:/home/hari-prasad-gajurel/Our_control/leg_control/install/ros2_jazzy:/home/hari-prasad-gajurel/Our_control/leg_control/install/osl_motor:/opt/ros/jazzy DEBUGINFOD_URLS=https://debuginfod.ubuntu.com /usr/bin/cmake --build /home/hari-prasad-gajurel/Our_control/leg_control/build/pid_tune -- -j8 -l8
[1.332s] Invoking command in '/home/hari-prasad-gajurel/Our_control/leg_control/build/pid_tune': CMAKE_PREFIX_PATH=${CMAKE_PREFIX_PATH}:/home/hari-prasad-gajurel/Our_control/leg_control/install/ros2_jazzy:/home/hari-prasad-gajurel/Our_control/leg_control/install/osl_motor:/opt/ros/jazzy DEBUGINFOD_URLS=https://debuginfod.ubuntu.com /usr/bin/cmake --install /home/hari-prasad-gajurel/Our_control/leg_control/build/pid_tune
[1.350s] -- Install configuration: ""
[1.351s] -- Execute custom install script
[1.352s] -- Up-to-date symlink: /home/hari-prasad-gajurel/Our_control/leg_control/install/pid_tune/share/ament_index/resource_index/rosidl_interfaces/pid_tune
[1.353s] -- Up-to-date symlink: /home/hari-prasad-gajurel/Our_control/leg_control/install/pid_tune/share/pid_tune/msg/PidTune.json
[1.354s] -- Up-to-date symlink: /home/hari-prasad-gajurel/Our_control/leg_control/install/pid_tune/include/pid_tune/pid_tune/msg/detail/pid_tune__functions.h
[1.355s] -- Up-to-date symlink: /home/hari-prasad-gajurel/Our_control/leg_control/install/pid_tune/include/pid_tune/pid_tune/msg/detail/pid_tune__struct.h
[1.355s] -- Up-to-date symlink: /home/hari-prasad-gajurel/Our_control/leg_control/install/pid_tune/include/pid_tune/pid_tune/msg/detail/pid_tune__type_support.h
[1.356s] -- Up-to-date symlink: /home/hari-prasad-gajurel/Our_control/leg_control/install/pid_tune/include/pid_tune/pid_tune/msg/pid_tune.h
[1.356s] -- Up-to-date symlink: /home/hari-prasad-gajurel/Our_control/leg_control/install/pid_tune/include/pid_tune/pid_tune/msg/rosidl_generator_c__visibility_control.h
[1.356s] -- Up-to-date symlink: /home/hari-prasad-gajurel/Our_control/leg_control/install/pid_tune/share/pid_tune/environment/library_path.sh
[1.357s] -- Up-to-date symlink: /home/hari-prasad-gajurel/Our_control/leg_control/install/pid_tune/share/pid_tune/environment/library_path.dsv
[1.357s] -- Up-to-date symlink: /home/hari-prasad-gajurel/Our_control/leg_control/install/pid_tune/include/pid_tune/pid_tune/msg/detail/pid_tune__rosidl_typesupport_fastrtps_c.h
[1.357s] -- Up-to-date symlink: /home/hari-prasad-gajurel/Our_control/leg_control/install/pid_tune/include/pid_tune/pid_tune/msg/rosidl_typesupport_fastrtps_c__visibility_control.h
[1.358s] -- Up-to-date symlink: /home/hari-prasad-gajurel/Our_control/leg_control/install/pid_tune/include/pid_tune/pid_tune/msg/detail/pid_tune__rosidl_typesupport_introspection_c.h
[1.358s] -- Up-to-date symlink: /home/hari-prasad-gajurel/Our_control/leg_control/install/pid_tune/include/pid_tune/pid_tune/msg/rosidl_typesupport_introspection_c__visibility_control.h
[1.358s] -- Up-to-date symlink: /home/hari-prasad-gajurel/Our_control/leg_control/install/pid_tune/include/pid_tune/pid_tune/msg/detail/pid_tune__builder.hpp
[1.358s] -- Up-to-date symlink: /home/hari-prasad-gajurel/Our_control/leg_control/install/pid_tune/include/pid_tune/pid_tune/msg/detail/pid_tune__struct.hpp
[1.359s] -- Up-to-date symlink: /home/hari-prasad-gajurel/Our_control/leg_control/install/pid_tune/include/pid_tune/pid_tune/msg/detail/pid_tune__traits.hpp
[1.359s] -- Up-to-date symlink: /home/hari-prasad-gajurel/Our_control/leg_control/install/pid_tune/include/pid_tune/pid_tune/msg/detail/pid_tune__type_support.hpp
[1.359s] -- Up-to-date symlink: /home/hari-prasad-gajurel/Our_control/leg_control/install/pid_tune/include/pid_tune/pid_tune/msg/pid_tune.hpp
[1.360s] -- Up-to-date symlink: /home/hari-prasad-gajurel/Our_control/leg_control/install/pid_tune/include/pid_tune/pid_tune/msg/rosidl_generator_cpp__visibility_control.hpp
[1.360s] -- Up-to-date symlink: /home/hari-prasad-gajurel/Our_control/leg_control/install/pid_tune/include/pid_tune/pid_tune/msg/detail/pid_tune__rosidl_typesupport_fastrtps_cpp.hpp
[1.360s] -- Up-to-date symlink: /home/hari-prasad-gajurel/Our_control/leg_control/install/pid_tune/include/pid_tune/pid_tune/msg/rosidl_typesupport_fastrtps_cpp__visibility_control.h
[1.360s] -- Up-to-date symlink: /home/hari-prasad-gajurel/Our_control/leg_control/install/pid_tune/include/pid_tune/pid_tune/msg/detail/pid_tune__rosidl_typesupport_introspection_cpp.hpp
[1.361s] -- Up-to-date symlink: /home/hari-prasad-gajurel/Our_control/leg_control/install/pid_tune/share/pid_tune/environment/pythonpath.sh
[1.361s] -- Up-to-date symlink: /home/hari-prasad-gajurel/Our_control/leg_control/install/pid_tune/share/pid_tune/environment/pythonpath.dsv
[1.361s] -- Up-to-date symlink: /home/hari-prasad-gajurel/Our_control/leg_control/install/pid_tune/lib/python3.12/site-packages/pid_tune-0.0.0-py3.12.egg-info/PKG-INFO
[1.362s] -- Up-to-date symlink: /home/hari-prasad-gajurel/Our_control/leg_control/install/pid_tune/lib/python3.12/site-packages/pid_tune-0.0.0-py3.12.egg-info/SOURCES.txt
[1.362s] -- Up-to-date symlink: /home/hari-prasad-gajurel/Our_control/leg_control/install/pid_tune/lib/python3.12/site-packages/pid_tune-0.0.0-py3.12.egg-info/dependency_links.txt
[1.362s] -- Up-to-date symlink: /home/hari-prasad-gajurel/Our_control/leg_control/install/pid_tune/lib/python3.12/site-packages/pid_tune-0.0.0-py3.12.egg-info/top_level.txt
[1.363s] -- Up-to-date symlink: /home/hari-prasad-gajurel/Our_control/leg_control/install/pid_tune/lib/python3.12/site-packages/pid_tune/__init__.py
[1.364s] -- Up-to-date symlink: /home/hari-prasad-gajurel/Our_control/leg_control/install/pid_tune/lib/python3.12/site-packages/pid_tune/_pid_tune_s.ep.rosidl_typesupport_c.c
[1.364s] -- Up-to-date symlink: /home/hari-prasad-gajurel/Our_control/leg_control/install/pid_tune/lib/python3.12/site-packages/pid_tune/_pid_tune_s.ep.rosidl_typesupport_fastrtps_c.c
[1.365s] -- Up-to-date symlink: /home/hari-prasad-gajurel/Our_control/leg_control/install/pid_tune/lib/python3.12/site-packages/pid_tune/_pid_tune_s.ep.rosidl_typesupport_introspection_c.c
[1.365s] -- Up-to-date symlink: /home/hari-prasad-gajurel/Our_control/leg_control/install/pid_tune/lib/python3.12/site-packages/pid_tune/msg/__init__.py
[1.365s] -- Up-to-date symlink: /home/hari-prasad-gajurel/Our_control/leg_control/install/pid_tune/lib/python3.12/site-packages/pid_tune/msg/_pid_tune.py
[1.365s] -- Up-to-date symlink: /home/hari-prasad-gajurel/Our_control/leg_control/install/pid_tune/lib/python3.12/site-packages/pid_tune/msg/_pid_tune_s.c
[1.366s] -- Up-to-date symlink: /home/hari-prasad-gajurel/Our_control/leg_control/install/pid_tune/lib/python3.12/site-packages/pid_tune/pid_tune_s__rosidl_typesupport_c.so
[1.366s] -- Up-to-date symlink: /home/hari-prasad-gajurel/Our_control/leg_control/install/pid_tune/lib/python3.12/site-packages/pid_tune/pid_tune_s__rosidl_typesupport_fastrtps_c.so
[1.366s] -- Up-to-date symlink: /home/hari-prasad-gajurel/Our_control/leg_control/install/pid_tune/lib/python3.12/site-packages/pid_tune/pid_tune_s__rosidl_typesupport_introspection_c.so
[1.367s] -- Up-to-date symlink: /home/hari-prasad-gajurel/Our_control/leg_control/install/pid_tune/lib/python3.12/site-packages/pid_tune/pid_tune_s__rosidl_typesupport_fastrtps_c.so
[1.367s] -- Up-to-date symlink: /home/hari-prasad-gajurel/Our_control/leg_control/install/pid_tune/lib/python3.12/site-packages/pid_tune/pid_tune_s__rosidl_typesupport_introspection_c.so
[1.368s] -- Up-to-date symlink: /home/hari-prasad-gajurel/Our_control/leg_control/install/pid_tune/lib/python3.12/site-packages/pid_tune/pid_tune_s__rosidl_typesupport_c.so
[1.369s] -- Up-to-date symlink: /home/hari-prasad-gajurel/Our_control/leg_control/install/pid_tune/share/pid_tune/msg/PidTune.idl
[1.369s] -- Up-to-date symlink: /home/hari-prasad-gajurel/Our_control/leg_control/install/pid_tune/share/pid_tune/msg/PidTune.msg
[1.370s] -- Up-to-date symlink: /home/hari-prasad-gajurel/Our_control/leg_control/install/pid_tune/share/ament_index/resource_index/package_run_dependencies/pid_tune
[1.370s] -- Up-to-date symlink: /home/hari-prasad-gajurel/Our_control/leg_control/install/pid_tune/share/ament_index/resource_index/parent_prefix_path/pid_tune
[1.370s] -- Up-to-date symlink: /home/hari-prasad-gajurel/Our_control/leg_control/install/pid_tune/share/pid_tune/environment/ament_prefix_path.sh
[1.371s] -- Up-to-date symlink: /home/hari-prasad-gajurel/Our_control/leg_control/install/pid_tune/share/pid_tune/environment/ament_prefix_path.dsv
[1.371s] -- Up-to-date symlink: /home/hari-prasad-gajurel/Our_control/leg_control/install/pid_tune/share/pid_tune/environment/path.sh
[1.371s] -- Up-to-date symlink: /home/hari-prasad-gajurel/Our_control/leg_control/install/pid_tune/share/pid_tune/environment/path.dsv
[1.372s] -- Up-to-date symlink: /home/hari-prasad-gajurel/Our_control/leg_control/install/pid_tune/share/pid_tune/local_setup.bash
[1.372s] -- Up-to-date symlink: /home/hari-prasad-gajurel/Our_control/leg_control/install/pid_tune/share/pid_tune/local_setup.sh
[1.372s] -- Up-to-date symlink: /home/hari-prasad-gajurel/Our_control/leg_control/install/pid_tune/share/pid_tune/local_setup.zsh
[1.372s] -- Up-to-date symlink: /home/hari-prasad-gajurel/Our_control/leg_control/install/pid_tune/share/pid_tune/local_setup.dsv
[1.372s] -- Symlinking: /home/hari-prasad-gajurel/Our_control/leg_control/install/pid_tune/share/pid_tune/package.dsv
[1.391s] -- Up-to-date symlink: /home/hari-prasad-gajurel/Our_control/leg_control/install/pid_tune/share/ament_index/resource_index/packages/pid_tune
[1.391s] -- Up-to-date symlink: /home/hari-prasad-gajurel/Our_control/leg_control/install/pid_tune/share/pid_tune/cmake/rosidl_cmake-extras.cmake
[1.392s] -- Up-to-date symlink: /home/hari-prasad-gajurel/Our_control/leg_control/install/pid_tune/share/pid_tune/cmake/ament_cmake_export_include_directories-extras.cmake
[1.392s] -- Up-to-date symlink: /home/hari-prasad-gajurel/Our_control/leg_control/install/pid_tune/share/pid_tune/cmake/ament_cmake_export_libraries-extras.cmake
[1.393s] -- Up-to-date symlink: /home/hari-prasad-gajurel/Our_control/leg_control/install/pid_tune/share/pid_tune/cmake/ament_cmake_export_targets-extras.cmake
[1.393s] -- Up-to-date symlink: /home/hari-prasad-gajurel/Our_control/leg_control/install/pid_tune/share/pid_tune/cmake/rosidl_cmake_export_typesupport_targets-extras.cmake
[1.394s] -- Up-to-date symlink: /home/hari-prasad-gajurel/Our_control/leg_control/install/pid_tune/share/pid_tune/cmake/ament_cmake_export_dependencies-extras.cmake
[1.395s] -- Up-to-date symlink: /home/hari-prasad-gajurel/Our_control/leg_control/install/pid_tune/share/pid_tune/cmake/rosidl_cmake_export_typesupport_libraries-extras.cmake
[1.395s] -- Up-to-date symlink: /home/hari-prasad-gajurel/Our_control/leg_control/install/pid_tune/share/pid_tune/cmake/pid_tuneConfig.cmake
[1.396s] -- Up-to-date symlink: /home/hari-prasad-gajurel/Our_control/leg_control/install/pid_tune/share/pid_tune/cmake/pid_tuneConfig-version.cmake
[1.396s] -- Up-to-date symlink: /home/hari-prasad-gajurel/Our_control/leg_control/install/pid_tune/share/pid_tune/package.xml
[1.396s] -- Up-to-date: /home/hari-prasad-gajurel/Our_control/leg_control/install/pid_tune/lib/libpid_tune__rosidl_generator_c.so
[1.397s] -- Up-to-date: /home/hari-prasad-gajurel/Our_control/leg_control/install/pid_tune/lib/libpid_tune__rosidl_typesupport_fastrtps_c.so
[1.397s] -- Up-to-date: /home/hari-prasad-gajurel/Our_control/leg_control/install/pid_tune/lib/libpid_tune__rosidl_typesupport_introspection_c.so
[1.398s] -- Up-to-date: /home/hari-prasad-gajurel/Our_control/leg_control/install/pid_tune/lib/libpid_tune__rosidl_typesupport_c.so
[1.398s] -- Up-to-date: /home/hari-prasad-gajurel/Our_control/leg_control/install/pid_tune/lib/libpid_tune__rosidl_typesupport_fastrtps_cpp.so
[1.399s] -- Up-to-date: /home/hari-prasad-gajurel/Our_control/leg_control/install/pid_tune/lib/libpid_tune__rosidl_typesupport_introspection_cpp.so
[1.401s] -- Up-to-date: /home/hari-prasad-gajurel/Our_control/leg_control/install/pid_tune/lib/libpid_tune__rosidl_typesupport_cpp.so
[1.472s] Listing '/home/hari-prasad-gajurel/Our_control/leg_control/install/pid_tune/lib/python3.12/site-packages/pid_tune'...
[1.472s] Listing '/home/hari-prasad-gajurel/Our_control/leg_control/install/pid_tune/lib/python3.12/site-packages/pid_tune/msg'...
[1.482s] -- Up-to-date: /home/hari-prasad-gajurel/Our_control/leg_control/install/pid_tune/lib/libpid_tune_msg__rosidl_generator_py.so
[1.483s] -- Up-to-date: /home/hari-prasad-gajurel/Our_control/leg_control/install/pid_tune/share/pid_tune/cmake/export_pid_tune_msg__rosidl_generator_cExport.cmake
[1.484s] -- Up-to-date: /home/hari-prasad-gajurel/Our_control/leg_control/install/pid_tune/share/pid_tune/cmake/export_pid_tune_msg__rosidl_generator_cExport-noconfig.cmake
[1.484s] -- Up-to-date: /home/hari-prasad-gajurel/Our_control/leg_control/install/pid_tune/share/pid_tune/cmake/export_pid_tune_msg__rosidl_typesupport_fastrtps_cExport.cmake
[1.484s] -- Up-to-date: /home/hari-prasad-gajurel/Our_control/leg_control/install/pid_tune/share/pid_tune/cmake/export_pid_tune_msg__rosidl_typesupport_fastrtps_cExport-noconfig.cmake
[1.485s] -- Up-to-date: /home/hari-prasad-gajurel/Our_control/leg_control/install/pid_tune/share/pid_tune/cmake/pid_tune_msg__rosidl_typesupport_introspection_cExport.cmake
[1.485s] -- Up-to-date: /home/hari-prasad-gajurel/Our_control/leg_control/install/pid_tune/share/pid_tune/cmake/pid_tune_msg__rosidl_typesupport_introspection_cExport-noconfig.cmake
[1.486s] -- Up-to-date: /home/hari-prasad-gajurel/Our_control/leg_control/install/pid_tune/share/pid_tune/cmake/pid_tune_msg__rosidl_typesupport_cExport.cmake
[1.486s] -- Up-to-date: /home/hari-prasad-gajurel/Our_control/leg_control/install/pid_tune/share/pid_tune/cmake/pid_tune_msg__rosidl_typesupport_cExport-noconfig.cmake
[1.486s] -- Up-to-date: /home/hari-prasad-gajurel/Our_control/leg_control/install/pid_tune/share/pid_tune/cmake/export_pid_tune_msg__rosidl_generator_cppExport.cmake
[1.487s] -- Up-to-date: /home/hari-prasad-gajurel/Our_control/leg_control/install/pid_tune/share/pid_tune/cmake/export_pid_tune_msg__rosidl_typesupport_fastrtps_cppExport.cmake
[1.487s] -- Up-to-date: /home/hari-prasad-gajurel/Our_control/leg_control/install/pid_tune/share/pid_tune/cmake/export_pid_tune_msg__rosidl_typesupport_fastrtps_cppExport-noconfig.cmake
[1.487s] -- Up-to-date: /home/hari-prasad-gajurel/Our_control/leg_control/install/pid_tune/share/pid_tune/cmake/pid_tune_msg__rosidl_typesupport_introspection_cppExport.cmake
[1.488s] -- Up-to-date: /home/hari-prasad-gajurel/Our_control/leg_control/install/pid_tune/share/pid_tune/cmake/pid_tune_msg__rosidl_typesupport_introspection_cppExport-noconfig.cmake
[1.488s] -- Up-to-date: /home/hari-prasad-gajurel/Our_control/leg_control/install/pid_tune/share/pid_tune/cmake/pid_tune_msg__rosidl_typesupport_cppExport.cmake
[1.488s] -- Up-to-date: /home/hari-prasad-gajurel/Our_control/leg_control/install/pid_tune/share/pid_tune/cmake/pid_tune_msg__rosidl_typesupport_cppExport-noconfig.cmake
[1.488s] -- Up-to-date: /home/hari-prasad-gajurel/Our_control/leg_control/install/pid_tune/share/pid_tune/cmake/export_pid_tune_msg__rosidl_generator_pyExport.cmake
[1.488s] -- Up-to-date: /home/hari-prasad-gajurel/Our_control/leg_control/install/pid_tune/share/pid_tune/cmake/export_pid_tune_msg__rosidl_generator_pyExport-noconfig.cmake
[1.492s] Invoked command in '/home/hari-prasad-gajurel/Our_control/leg_control/build/pid_tune' returned '0': CMAKE_PREFIX_PATH=${CMAKE_PREFIX_PATH}:/home/hari-prasad-gajurel/Our_control/leg_control/install/ros2_jazzy:/home/hari-prasad-gajurel/Our_control/leg_control/install/osl_motor:/opt/ros/jazzy DEBUGINFOD_URLS=https://debuginfod.ubuntu.com /usr/bin/cmake --install /home/hari-prasad-gajurel/Our_control/leg_control/build/pid_tune
