running egg_info
creating ../../build/ros2_jazzy/ros2_jazzy.egg-info
writing ../../build/ros2_jazzy/ros2_jazzy.egg-info/PKG-INFO
writing dependency_links to ../../build/ros2_jazzy/ros2_jazzy.egg-info/dependency_links.txt
writing entry points to ../../build/ros2_jazzy/ros2_jazzy.egg-info/entry_points.txt
writing requirements to ../../build/ros2_jazzy/ros2_jazzy.egg-info/requires.txt
writing top-level names to ../../build/ros2_jazzy/ros2_jazzy.egg-info/top_level.txt
writing manifest file '../../build/ros2_jazzy/ros2_jazzy.egg-info/SOURCES.txt'
reading manifest file '../../build/ros2_jazzy/ros2_jazzy.egg-info/SOURCES.txt'
writing manifest file '../../build/ros2_jazzy/ros2_jazzy.egg-info/SOURCES.txt'
running build
running build_py
creating /home/hari-prasad-gajurel/Our_control/leg_control/build/ros2_jazzy/build
creating /home/hari-prasad-gajurel/Our_control/leg_control/build/ros2_jazzy/build/lib
creating /home/hari-prasad-gajurel/Our_control/leg_control/build/ros2_jazzy/build/lib/ros2_jazzy
copying ros2_jazzy/walk.py -> /home/hari-prasad-gajurel/Our_control/leg_control/build/ros2_jazzy/build/lib/ros2_jazzy
copying ros2_jazzy/controller.py -> /home/hari-prasad-gajurel/Our_control/leg_control/build/ros2_jazzy/build/lib/ros2_jazzy
copying ros2_jazzy/tuner.py -> /home/hari-prasad-gajurel/Our_control/leg_control/build/ros2_jazzy/build/lib/ros2_jazzy
copying ros2_jazzy/loadcell.py -> /home/hari-prasad-gajurel/Our_control/leg_control/build/ros2_jazzy/build/lib/ros2_jazzy
copying ros2_jazzy/__init__.py -> /home/hari-prasad-gajurel/Our_control/leg_control/build/ros2_jazzy/build/lib/ros2_jazzy
running install
running install_lib
creating /home/hari-prasad-gajurel/Our_control/leg_control/install/ros2_jazzy/lib/python3.12/site-packages/ros2_jazzy
copying /home/hari-prasad-gajurel/Our_control/leg_control/build/ros2_jazzy/build/lib/ros2_jazzy/walk.py -> /home/hari-prasad-gajurel/Our_control/leg_control/install/ros2_jazzy/lib/python3.12/site-packages/ros2_jazzy
copying /home/hari-prasad-gajurel/Our_control/leg_control/build/ros2_jazzy/build/lib/ros2_jazzy/controller.py -> /home/hari-prasad-gajurel/Our_control/leg_control/install/ros2_jazzy/lib/python3.12/site-packages/ros2_jazzy
copying /home/hari-prasad-gajurel/Our_control/leg_control/build/ros2_jazzy/build/lib/ros2_jazzy/tuner.py -> /home/hari-prasad-gajurel/Our_control/leg_control/install/ros2_jazzy/lib/python3.12/site-packages/ros2_jazzy
copying /home/hari-prasad-gajurel/Our_control/leg_control/build/ros2_jazzy/build/lib/ros2_jazzy/loadcell.py -> /home/hari-prasad-gajurel/Our_control/leg_control/install/ros2_jazzy/lib/python3.12/site-packages/ros2_jazzy
copying /home/hari-prasad-gajurel/Our_control/leg_control/build/ros2_jazzy/build/lib/ros2_jazzy/__init__.py -> /home/hari-prasad-gajurel/Our_control/leg_control/install/ros2_jazzy/lib/python3.12/site-packages/ros2_jazzy
byte-compiling /home/hari-prasad-gajurel/Our_control/leg_control/install/ros2_jazzy/lib/python3.12/site-packages/ros2_jazzy/walk.py to walk.cpython-312.pyc
byte-compiling /home/hari-prasad-gajurel/Our_control/leg_control/install/ros2_jazzy/lib/python3.12/site-packages/ros2_jazzy/controller.py to controller.cpython-312.pyc
byte-compiling /home/hari-prasad-gajurel/Our_control/leg_control/install/ros2_jazzy/lib/python3.12/site-packages/ros2_jazzy/tuner.py to tuner.cpython-312.pyc
byte-compiling /home/hari-prasad-gajurel/Our_control/leg_control/install/ros2_jazzy/lib/python3.12/site-packages/ros2_jazzy/loadcell.py to loadcell.cpython-312.pyc
byte-compiling /home/hari-prasad-gajurel/Our_control/leg_control/install/ros2_jazzy/lib/python3.12/site-packages/ros2_jazzy/__init__.py to __init__.cpython-312.pyc
running install_data
creating /home/hari-prasad-gajurel/Our_control/leg_control/install/ros2_jazzy/share/ament_index
creating /home/hari-prasad-gajurel/Our_control/leg_control/install/ros2_jazzy/share/ament_index/resource_index
creating /home/hari-prasad-gajurel/Our_control/leg_control/install/ros2_jazzy/share/ament_index/resource_index/packages
copying resource/ros2_jazzy -> /home/hari-prasad-gajurel/Our_control/leg_control/install/ros2_jazzy/share/ament_index/resource_index/packages
copying package.xml -> /home/hari-prasad-gajurel/Our_control/leg_control/install/ros2_jazzy/share/ros2_jazzy
creating /home/hari-prasad-gajurel/Our_control/leg_control/install/ros2_jazzy/share/ros2_jazzy/data
copying data/StairAscent-3.csv -> /home/hari-prasad-gajurel/Our_control/leg_control/install/ros2_jazzy/share/ros2_jazzy/data
copying data/StairDescent-3.csv -> /home/hari-prasad-gajurel/Our_control/leg_control/install/ros2_jazzy/share/ros2_jazzy/data
copying data/angles.pkl -> /home/hari-prasad-gajurel/Our_control/leg_control/install/ros2_jazzy/share/ros2_jazzy/data
copying data/gyros.pkl -> /home/hari-prasad-gajurel/Our_control/leg_control/install/ros2_jazzy/share/ros2_jazzy/data
copying data/Walking-1.csv -> /home/hari-prasad-gajurel/Our_control/leg_control/install/ros2_jazzy/share/ros2_jazzy/data
copying data/StairDescent-1.csv -> /home/hari-prasad-gajurel/Our_control/leg_control/install/ros2_jazzy/share/ros2_jazzy/data
copying data/RampAscent-2.csv -> /home/hari-prasad-gajurel/Our_control/leg_control/install/ros2_jazzy/share/ros2_jazzy/data
copying data/RampDescent-3.csv -> /home/hari-prasad-gajurel/Our_control/leg_control/install/ros2_jazzy/share/ros2_jazzy/data
copying data/RampAscent-1.csv -> /home/hari-prasad-gajurel/Our_control/leg_control/install/ros2_jazzy/share/ros2_jazzy/data
copying data/RampDescent-2.csv -> /home/hari-prasad-gajurel/Our_control/leg_control/install/ros2_jazzy/share/ros2_jazzy/data
copying data/StairAscent-1.csv -> /home/hari-prasad-gajurel/Our_control/leg_control/install/ros2_jazzy/share/ros2_jazzy/data
copying data/Walking-3.csv -> /home/hari-prasad-gajurel/Our_control/leg_control/install/ros2_jazzy/share/ros2_jazzy/data
copying data/StairDescent-2.csv -> /home/hari-prasad-gajurel/Our_control/leg_control/install/ros2_jazzy/share/ros2_jazzy/data
copying data/RampAscent-3.csv -> /home/hari-prasad-gajurel/Our_control/leg_control/install/ros2_jazzy/share/ros2_jazzy/data
copying data/RampDescent-1.csv -> /home/hari-prasad-gajurel/Our_control/leg_control/install/ros2_jazzy/share/ros2_jazzy/data
copying data/StairAscent-2.csv -> /home/hari-prasad-gajurel/Our_control/leg_control/install/ros2_jazzy/share/ros2_jazzy/data
copying data/Walking-2.csv -> /home/hari-prasad-gajurel/Our_control/leg_control/install/ros2_jazzy/share/ros2_jazzy/data
creating /home/hari-prasad-gajurel/Our_control/leg_control/install/ros2_jazzy/share/ros2_jazzy/launch
copying launch/main.launch.py -> /home/hari-prasad-gajurel/Our_control/leg_control/install/ros2_jazzy/share/ros2_jazzy/launch
creating /home/hari-prasad-gajurel/Our_control/leg_control/install/ros2_jazzy/share/ros2_jazzy/urdf
copying urdf/newoslsim.xacro -> /home/hari-prasad-gajurel/Our_control/leg_control/install/ros2_jazzy/share/ros2_jazzy/urdf
copying urdf/oslsim.xacro -> /home/hari-prasad-gajurel/Our_control/leg_control/install/ros2_jazzy/share/ros2_jazzy/urdf
creating /home/hari-prasad-gajurel/Our_control/leg_control/install/ros2_jazzy/share/ros2_jazzy/config
copying config/osl_ankle.yaml -> /home/hari-prasad-gajurel/Our_control/leg_control/install/ros2_jazzy/share/ros2_jazzy/config
copying config/controllers.yaml -> /home/hari-prasad-gajurel/Our_control/leg_control/install/ros2_jazzy/share/ros2_jazzy/config
copying config/osl_knee.yaml -> /home/hari-prasad-gajurel/Our_control/leg_control/install/ros2_jazzy/share/ros2_jazzy/config
creating /home/hari-prasad-gajurel/Our_control/leg_control/install/ros2_jazzy/share/ros2_jazzy/meshes
copying meshes/foot.dae -> /home/hari-prasad-gajurel/Our_control/leg_control/install/ros2_jazzy/share/ros2_jazzy/meshes
copying meshes/thigh.dae -> /home/hari-prasad-gajurel/Our_control/leg_control/install/ros2_jazzy/share/ros2_jazzy/meshes
copying meshes/osl_foot.obj -> /home/hari-prasad-gajurel/Our_control/leg_control/install/ros2_jazzy/share/ros2_jazzy/meshes
copying meshes/osl_shank.dae -> /home/hari-prasad-gajurel/Our_control/leg_control/install/ros2_jazzy/share/ros2_jazzy/meshes
copying meshes/osl_shank.obj -> /home/hari-prasad-gajurel/Our_control/leg_control/install/ros2_jazzy/share/ros2_jazzy/meshes
copying meshes/robot_foot.mtl -> /home/hari-prasad-gajurel/Our_control/leg_control/install/ros2_jazzy/share/ros2_jazzy/meshes
copying meshes/socket.dae -> /home/hari-prasad-gajurel/Our_control/leg_control/install/ros2_jazzy/share/ros2_jazzy/meshes
copying meshes/shin.dae -> /home/hari-prasad-gajurel/Our_control/leg_control/install/ros2_jazzy/share/ros2_jazzy/meshes
copying meshes/osl_knee.obj -> /home/hari-prasad-gajurel/Our_control/leg_control/install/ros2_jazzy/share/ros2_jazzy/meshes
copying meshes/osl_shin.STL -> /home/hari-prasad-gajurel/Our_control/leg_control/install/ros2_jazzy/share/ros2_jazzy/meshes
copying meshes/osl_foot.dae -> /home/hari-prasad-gajurel/Our_control/leg_control/install/ros2_jazzy/share/ros2_jazzy/meshes
creating /home/hari-prasad-gajurel/Our_control/leg_control/install/ros2_jazzy/share/ros2_jazzy/worlds
copying worlds/main.world -> /home/hari-prasad-gajurel/Our_control/leg_control/install/ros2_jazzy/share/ros2_jazzy/worlds
running install_egg_info
Copying ../../build/ros2_jazzy/ros2_jazzy.egg-info to /home/hari-prasad-gajurel/Our_control/leg_control/install/ros2_jazzy/lib/python3.12/site-packages/ros2_jazzy-0.0.0-py3.12.egg-info
running install_scripts
Installing loadcell script to /home/hari-prasad-gajurel/Our_control/leg_control/install/ros2_jazzy/lib/ros2_jazzy
Installing oslsim_controller script to /home/hari-prasad-gajurel/Our_control/leg_control/install/ros2_jazzy/lib/ros2_jazzy
Installing oslsim_pid_tuner script to /home/hari-prasad-gajurel/Our_control/leg_control/install/ros2_jazzy/lib/ros2_jazzy
Installing oslsim_walker script to /home/hari-prasad-gajurel/Our_control/leg_control/install/ros2_jazzy/lib/ros2_jazzy
writing list of installed files to '/home/hari-prasad-gajurel/Our_control/leg_control/build/ros2_jazzy/install.log'
