[2.889s] Invoking command in '/home/hari-prasad-gajurel/Our_control/leg_control/src/ros2_jazzy': AMENT_PREFIX_PATH=/home/hari-prasad-gajurel/Our_control/leg_control/install/pid_tune:/home/hari-prasad-gajurel/Our_control/leg_control/install/osl_motor:${AMENT_PREFIX_PATH} CMAKE_PREFIX_PATH=/home/hari-prasad-gajurel/Our_control/leg_control/install/pid_tune:${CMAKE_PREFIX_PATH} DEBUGINFOD_URLS=https://debuginfod.ubuntu.com LD_LIBRARY_PATH=/home/hari-prasad-gajurel/Our_control/leg_control/install/pid_tune/lib:${LD_LIBRARY_PATH} PYTHONPATH=/home/hari-prasad-gajurel/Our_control/leg_control/build/ros2_jazzy/prefix_override:/usr/lib/python3/dist-packages/colcon_core/task/python/colcon_distutils_commands:/home/hari-prasad-gajurel/Our_control/leg_control/install/ros2_jazzy/lib/python3.12/site-packages:/home/hari-prasad-gajurel/Our_control/leg_control/install/pid_tune/lib/python3.12/site-packages:/home/hari-prasad-gajurel/Our_control/leg_control/install/osl_motor/lib/python3.12/site-packages:${PYTHONPATH} /usr/bin/python3 -W ignore:setup.py install is deprecated -W ignore:easy_install command is deprecated setup.py egg_info --egg-base ../../build/ros2_jazzy build --build-base /home/hari-prasad-gajurel/Our_control/leg_control/build/ros2_jazzy/build install --record /home/hari-prasad-gajurel/Our_control/leg_control/build/ros2_jazzy/install.log --single-version-externally-managed install_data
[3.866s] running egg_info
[3.867s] creating ../../build/ros2_jazzy/ros2_jazzy.egg-info
[3.941s] writing ../../build/ros2_jazzy/ros2_jazzy.egg-info/PKG-INFO
[3.942s] writing dependency_links to ../../build/ros2_jazzy/ros2_jazzy.egg-info/dependency_links.txt
[3.943s] writing entry points to ../../build/ros2_jazzy/ros2_jazzy.egg-info/entry_points.txt
[3.943s] writing requirements to ../../build/ros2_jazzy/ros2_jazzy.egg-info/requires.txt
[3.943s] writing top-level names to ../../build/ros2_jazzy/ros2_jazzy.egg-info/top_level.txt
[3.946s] writing manifest file '../../build/ros2_jazzy/ros2_jazzy.egg-info/SOURCES.txt'
[4.075s] reading manifest file '../../build/ros2_jazzy/ros2_jazzy.egg-info/SOURCES.txt'
[4.080s] writing manifest file '../../build/ros2_jazzy/ros2_jazzy.egg-info/SOURCES.txt'
[4.083s] running build
[4.085s] running build_py
[4.088s] creating /home/hari-prasad-gajurel/Our_control/leg_control/build/ros2_jazzy/build
[4.090s] creating /home/hari-prasad-gajurel/Our_control/leg_control/build/ros2_jazzy/build/lib
[4.090s] creating /home/hari-prasad-gajurel/Our_control/leg_control/build/ros2_jazzy/build/lib/ros2_jazzy
[4.091s] copying ros2_jazzy/walk.py -> /home/hari-prasad-gajurel/Our_control/leg_control/build/ros2_jazzy/build/lib/ros2_jazzy
[4.091s] copying ros2_jazzy/controller.py -> /home/hari-prasad-gajurel/Our_control/leg_control/build/ros2_jazzy/build/lib/ros2_jazzy
[4.091s] copying ros2_jazzy/tuner.py -> /home/hari-prasad-gajurel/Our_control/leg_control/build/ros2_jazzy/build/lib/ros2_jazzy
[4.092s] copying ros2_jazzy/loadcell.py -> /home/hari-prasad-gajurel/Our_control/leg_control/build/ros2_jazzy/build/lib/ros2_jazzy
[4.092s] copying ros2_jazzy/__init__.py -> /home/hari-prasad-gajurel/Our_control/leg_control/build/ros2_jazzy/build/lib/ros2_jazzy
[4.096s] running install
[4.114s] running install_lib
[4.183s] creating /home/hari-prasad-gajurel/Our_control/leg_control/install/ros2_jazzy/lib/python3.12/site-packages/ros2_jazzy
[4.185s] copying /home/hari-prasad-gajurel/Our_control/leg_control/build/ros2_jazzy/build/lib/ros2_jazzy/walk.py -> /home/hari-prasad-gajurel/Our_control/leg_control/install/ros2_jazzy/lib/python3.12/site-packages/ros2_jazzy
[4.185s] copying /home/hari-prasad-gajurel/Our_control/leg_control/build/ros2_jazzy/build/lib/ros2_jazzy/controller.py -> /home/hari-prasad-gajurel/Our_control/leg_control/install/ros2_jazzy/lib/python3.12/site-packages/ros2_jazzy
[4.185s] copying /home/hari-prasad-gajurel/Our_control/leg_control/build/ros2_jazzy/build/lib/ros2_jazzy/tuner.py -> /home/hari-prasad-gajurel/Our_control/leg_control/install/ros2_jazzy/lib/python3.12/site-packages/ros2_jazzy
[4.185s] copying /home/hari-prasad-gajurel/Our_control/leg_control/build/ros2_jazzy/build/lib/ros2_jazzy/loadcell.py -> /home/hari-prasad-gajurel/Our_control/leg_control/install/ros2_jazzy/lib/python3.12/site-packages/ros2_jazzy
[4.186s] copying /home/hari-prasad-gajurel/Our_control/leg_control/build/ros2_jazzy/build/lib/ros2_jazzy/__init__.py -> /home/hari-prasad-gajurel/Our_control/leg_control/install/ros2_jazzy/lib/python3.12/site-packages/ros2_jazzy
[4.186s] byte-compiling /home/hari-prasad-gajurel/Our_control/leg_control/install/ros2_jazzy/lib/python3.12/site-packages/ros2_jazzy/walk.py to walk.cpython-312.pyc
[4.190s] byte-compiling /home/hari-prasad-gajurel/Our_control/leg_control/install/ros2_jazzy/lib/python3.12/site-packages/ros2_jazzy/controller.py to controller.cpython-312.pyc
[4.194s] byte-compiling /home/hari-prasad-gajurel/Our_control/leg_control/install/ros2_jazzy/lib/python3.12/site-packages/ros2_jazzy/tuner.py to tuner.cpython-312.pyc
[4.197s] byte-compiling /home/hari-prasad-gajurel/Our_control/leg_control/install/ros2_jazzy/lib/python3.12/site-packages/ros2_jazzy/loadcell.py to loadcell.cpython-312.pyc
[4.200s] byte-compiling /home/hari-prasad-gajurel/Our_control/leg_control/install/ros2_jazzy/lib/python3.12/site-packages/ros2_jazzy/__init__.py to __init__.cpython-312.pyc
[4.200s] running install_data
[4.201s] creating /home/hari-prasad-gajurel/Our_control/leg_control/install/ros2_jazzy/share/ament_index
[4.201s] creating /home/hari-prasad-gajurel/Our_control/leg_control/install/ros2_jazzy/share/ament_index/resource_index
[4.204s] creating /home/hari-prasad-gajurel/Our_control/leg_control/install/ros2_jazzy/share/ament_index/resource_index/packages
[4.204s] copying resource/ros2_jazzy -> /home/hari-prasad-gajurel/Our_control/leg_control/install/ros2_jazzy/share/ament_index/resource_index/packages
[4.205s] copying package.xml -> /home/hari-prasad-gajurel/Our_control/leg_control/install/ros2_jazzy/share/ros2_jazzy
[4.205s] creating /home/hari-prasad-gajurel/Our_control/leg_control/install/ros2_jazzy/share/ros2_jazzy/data
[4.205s] copying data/StairAscent-3.csv -> /home/hari-prasad-gajurel/Our_control/leg_control/install/ros2_jazzy/share/ros2_jazzy/data
[4.206s] copying data/StairDescent-3.csv -> /home/hari-prasad-gajurel/Our_control/leg_control/install/ros2_jazzy/share/ros2_jazzy/data
[4.207s] copying data/angles.pkl -> /home/hari-prasad-gajurel/Our_control/leg_control/install/ros2_jazzy/share/ros2_jazzy/data
[4.208s] copying data/gyros.pkl -> /home/hari-prasad-gajurel/Our_control/leg_control/install/ros2_jazzy/share/ros2_jazzy/data
[4.209s] copying data/Walking-1.csv -> /home/hari-prasad-gajurel/Our_control/leg_control/install/ros2_jazzy/share/ros2_jazzy/data
[4.210s] copying data/StairDescent-1.csv -> /home/hari-prasad-gajurel/Our_control/leg_control/install/ros2_jazzy/share/ros2_jazzy/data
[4.215s] copying data/RampAscent-2.csv -> /home/hari-prasad-gajurel/Our_control/leg_control/install/ros2_jazzy/share/ros2_jazzy/data
[4.217s] copying data/RampDescent-3.csv -> /home/hari-prasad-gajurel/Our_control/leg_control/install/ros2_jazzy/share/ros2_jazzy/data
[4.219s] copying data/RampAscent-1.csv -> /home/hari-prasad-gajurel/Our_control/leg_control/install/ros2_jazzy/share/ros2_jazzy/data
[4.220s] copying data/RampDescent-2.csv -> /home/hari-prasad-gajurel/Our_control/leg_control/install/ros2_jazzy/share/ros2_jazzy/data
[4.222s] copying data/StairAscent-1.csv -> /home/hari-prasad-gajurel/Our_control/leg_control/install/ros2_jazzy/share/ros2_jazzy/data
[4.223s] copying data/Walking-3.csv -> /home/hari-prasad-gajurel/Our_control/leg_control/install/ros2_jazzy/share/ros2_jazzy/data
[4.226s] copying data/StairDescent-2.csv -> /home/hari-prasad-gajurel/Our_control/leg_control/install/ros2_jazzy/share/ros2_jazzy/data
[4.228s] copying data/RampAscent-3.csv -> /home/hari-prasad-gajurel/Our_control/leg_control/install/ros2_jazzy/share/ros2_jazzy/data
[4.229s] copying data/RampDescent-1.csv -> /home/hari-prasad-gajurel/Our_control/leg_control/install/ros2_jazzy/share/ros2_jazzy/data
[4.229s] copying data/StairAscent-2.csv -> /home/hari-prasad-gajurel/Our_control/leg_control/install/ros2_jazzy/share/ros2_jazzy/data
[4.230s] copying data/Walking-2.csv -> /home/hari-prasad-gajurel/Our_control/leg_control/install/ros2_jazzy/share/ros2_jazzy/data
[4.232s] creating /home/hari-prasad-gajurel/Our_control/leg_control/install/ros2_jazzy/share/ros2_jazzy/launch
[4.233s] copying launch/main.launch.py -> /home/hari-prasad-gajurel/Our_control/leg_control/install/ros2_jazzy/share/ros2_jazzy/launch
[4.233s] creating /home/hari-prasad-gajurel/Our_control/leg_control/install/ros2_jazzy/share/ros2_jazzy/urdf
[4.234s] copying urdf/newoslsim.xacro -> /home/hari-prasad-gajurel/Our_control/leg_control/install/ros2_jazzy/share/ros2_jazzy/urdf
[4.235s] copying urdf/oslsim.xacro -> /home/hari-prasad-gajurel/Our_control/leg_control/install/ros2_jazzy/share/ros2_jazzy/urdf
[4.237s] creating /home/hari-prasad-gajurel/Our_control/leg_control/install/ros2_jazzy/share/ros2_jazzy/config
[4.238s] copying config/osl_ankle.yaml -> /home/hari-prasad-gajurel/Our_control/leg_control/install/ros2_jazzy/share/ros2_jazzy/config
[4.239s] copying config/controllers.yaml -> /home/hari-prasad-gajurel/Our_control/leg_control/install/ros2_jazzy/share/ros2_jazzy/config
[4.239s] copying config/osl_knee.yaml -> /home/hari-prasad-gajurel/Our_control/leg_control/install/ros2_jazzy/share/ros2_jazzy/config
[4.240s] creating /home/hari-prasad-gajurel/Our_control/leg_control/install/ros2_jazzy/share/ros2_jazzy/meshes
[4.240s] copying meshes/foot.dae -> /home/hari-prasad-gajurel/Our_control/leg_control/install/ros2_jazzy/share/ros2_jazzy/meshes
[4.243s] copying meshes/thigh.dae -> /home/hari-prasad-gajurel/Our_control/leg_control/install/ros2_jazzy/share/ros2_jazzy/meshes
[4.248s] copying meshes/osl_foot.obj -> /home/hari-prasad-gajurel/Our_control/leg_control/install/ros2_jazzy/share/ros2_jazzy/meshes
[4.251s] copying meshes/osl_shank.dae -> /home/hari-prasad-gajurel/Our_control/leg_control/install/ros2_jazzy/share/ros2_jazzy/meshes
[4.563s] copying meshes/osl_shank.obj -> /home/hari-prasad-gajurel/Our_control/leg_control/install/ros2_jazzy/share/ros2_jazzy/meshes
[4.590s] copying meshes/robot_foot.mtl -> /home/hari-prasad-gajurel/Our_control/leg_control/install/ros2_jazzy/share/ros2_jazzy/meshes
[4.591s] copying meshes/socket.dae -> /home/hari-prasad-gajurel/Our_control/leg_control/install/ros2_jazzy/share/ros2_jazzy/meshes
[4.690s] copying meshes/shin.dae -> /home/hari-prasad-gajurel/Our_control/leg_control/install/ros2_jazzy/share/ros2_jazzy/meshes
[4.692s] copying meshes/osl_knee.obj -> /home/hari-prasad-gajurel/Our_control/leg_control/install/ros2_jazzy/share/ros2_jazzy/meshes
[4.725s] copying meshes/osl_shin.STL -> /home/hari-prasad-gajurel/Our_control/leg_control/install/ros2_jazzy/share/ros2_jazzy/meshes
[4.768s] copying meshes/osl_foot.dae -> /home/hari-prasad-gajurel/Our_control/leg_control/install/ros2_jazzy/share/ros2_jazzy/meshes
[4.773s] creating /home/hari-prasad-gajurel/Our_control/leg_control/install/ros2_jazzy/share/ros2_jazzy/worlds
[4.774s] copying worlds/main.world -> /home/hari-prasad-gajurel/Our_control/leg_control/install/ros2_jazzy/share/ros2_jazzy/worlds
[4.774s] running install_egg_info
[4.853s] Copying ../../build/ros2_jazzy/ros2_jazzy.egg-info to /home/hari-prasad-gajurel/Our_control/leg_control/install/ros2_jazzy/lib/python3.12/site-packages/ros2_jazzy-0.0.0-py3.12.egg-info
[4.855s] running install_scripts
[5.392s] Installing loadcell script to /home/hari-prasad-gajurel/Our_control/leg_control/install/ros2_jazzy/lib/ros2_jazzy
[5.396s] Installing oslsim_controller script to /home/hari-prasad-gajurel/Our_control/leg_control/install/ros2_jazzy/lib/ros2_jazzy
[5.397s] Installing oslsim_pid_tuner script to /home/hari-prasad-gajurel/Our_control/leg_control/install/ros2_jazzy/lib/ros2_jazzy
[5.397s] Installing oslsim_walker script to /home/hari-prasad-gajurel/Our_control/leg_control/install/ros2_jazzy/lib/ros2_jazzy
[5.404s] writing list of installed files to '/home/hari-prasad-gajurel/Our_control/leg_control/build/ros2_jazzy/install.log'
[5.551s] Invoked command in '/home/hari-prasad-gajurel/Our_control/leg_control/src/ros2_jazzy' returned '0': AMENT_PREFIX_PATH=/home/hari-prasad-gajurel/Our_control/leg_control/install/pid_tune:/home/hari-prasad-gajurel/Our_control/leg_control/install/osl_motor:${AMENT_PREFIX_PATH} CMAKE_PREFIX_PATH=/home/hari-prasad-gajurel/Our_control/leg_control/install/pid_tune:${CMAKE_PREFIX_PATH} DEBUGINFOD_URLS=https://debuginfod.ubuntu.com LD_LIBRARY_PATH=/home/hari-prasad-gajurel/Our_control/leg_control/install/pid_tune/lib:${LD_LIBRARY_PATH} PYTHONPATH=/home/hari-prasad-gajurel/Our_control/leg_control/build/ros2_jazzy/prefix_override:/usr/lib/python3/dist-packages/colcon_core/task/python/colcon_distutils_commands:/home/hari-prasad-gajurel/Our_control/leg_control/install/ros2_jazzy/lib/python3.12/site-packages:/home/hari-prasad-gajurel/Our_control/leg_control/install/pid_tune/lib/python3.12/site-packages:/home/hari-prasad-gajurel/Our_control/leg_control/install/osl_motor/lib/python3.12/site-packages:${PYTHONPATH} /usr/bin/python3 -W ignore:setup.py install is deprecated -W ignore:easy_install command is deprecated setup.py egg_info --egg-base ../../build/ros2_jazzy build --build-base /home/hari-prasad-gajurel/Our_control/leg_control/build/ros2_jazzy/build install --record /home/hari-prasad-gajurel/Our_control/leg_control/build/ros2_jazzy/install.log --single-version-externally-managed install_data
