[0.359s] Invoking command in '/home/hari-prasad-gajurel/Our_control/leg_control/build/pid_tune': CMAKE_PREFIX_PATH=${CMAKE_PREFIX_PATH}:/opt/ros/jazzy DEBUGINFOD_URLS=https://debuginfod.ubuntu.com /usr/bin/cmake /home/hari-prasad-gajurel/Our_control/leg_control/src/pid_tune -DAMENT_CMAKE_SYMLINK_INSTALL=1 -DCMAKE_INSTALL_PREFIX=/home/hari-prasad-gajurel/Our_control/leg_control/install/pid_tune
[0.466s] -- Found ament_cmake: 2.5.4 (/opt/ros/jazzy/share/ament_cmake/cmake)
[0.531s] -- Found Python3: /usr/bin/python3 (found version "3.12.3") found components: Interpreter 
[0.744s] -- Override CMake install command with custom implementation using symlinks instead of copying resources
[0.785s] -- Found rosidl_default_generators: 1.6.0 (/opt/ros/jazzy/share/rosidl_default_generators/cmake)
[0.798s] -- Using all available rosidl_typesupport_c: rosidl_typesupport_fastrtps_c;rosidl_typesupport_introspection_c
[0.937s] -- Using all available rosidl_typesupport_cpp: rosidl_typesupport_fastrtps_cpp;rosidl_typesupport_introspection_cpp
[1.017s] -- Found rosidl_adapter: 4.6.6 (/opt/ros/jazzy/share/rosidl_adapter/cmake)
[1.464s] -- Found ament_cmake_ros: 0.12.0 (/opt/ros/jazzy/share/ament_cmake_ros/cmake)
[1.671s] -- Using all available rosidl_typesupport_c: rosidl_typesupport_fastrtps_c;rosidl_typesupport_introspection_c
[1.916s] -- Using all available rosidl_typesupport_cpp: rosidl_typesupport_fastrtps_cpp;rosidl_typesupport_introspection_cpp
[1.920s] -- Found python_cmake_module: 0.11.1 (/opt/ros/jazzy/share/python_cmake_module/cmake)
[2.473s] -- Found Python3: /usr/bin/python3 (found version "3.12.3") found components: Interpreter Development NumPy Development.Module Development.Embed 
[2.511s] -- Found ament_lint_auto: 0.17.3 (/opt/ros/jazzy/share/ament_lint_auto/cmake)
[2.551s] -- Added test 'lint_cmake' to check CMake code style
[2.553s] -- Added test 'xmllint' to check XML markup files
[2.563s] -- Configuring done (2.1s)
[2.679s] -- Generating done (0.1s)
[2.709s] -- Build files have been written to: /home/hari-prasad-gajurel/Our_control/leg_control/build/pid_tune
[2.727s] Invoked command in '/home/hari-prasad-gajurel/Our_control/leg_control/build/pid_tune' returned '0': CMAKE_PREFIX_PATH=${CMAKE_PREFIX_PATH}:/opt/ros/jazzy DEBUGINFOD_URLS=https://debuginfod.ubuntu.com /usr/bin/cmake /home/hari-prasad-gajurel/Our_control/leg_control/src/pid_tune -DAMENT_CMAKE_SYMLINK_INSTALL=1 -DCMAKE_INSTALL_PREFIX=/home/hari-prasad-gajurel/Our_control/leg_control/install/pid_tune
[2.731s] Invoking command in '/home/hari-prasad-gajurel/Our_control/leg_control/build/pid_tune': CMAKE_PREFIX_PATH=${CMAKE_PREFIX_PATH}:/opt/ros/jazzy DEBUGINFOD_URLS=https://debuginfod.ubuntu.com /usr/bin/cmake --build /home/hari-prasad-gajurel/Our_control/leg_control/build/pid_tune -- -j8 -l8
[2.840s] failed to create symbolic link '/home/hari-prasad-gajurel/Our_control/leg_control/build/pid_tune/ament_cmake_python/pid_tune/pid_tune' because existing path cannot be removed: Is a directory
[2.842s] gmake[2]: *** [CMakeFiles/ament_cmake_python_symlink_pid_tune.dir/build.make:70: CMakeFiles/ament_cmake_python_symlink_pid_tune] Error 1
[2.843s] [  2%] Built target pid_tune_msg__rosidl_generator_type_description
[2.843s] gmake[1]: *** [CMakeFiles/Makefile2:452: CMakeFiles/ament_cmake_python_symlink_pid_tune.dir/all] Error 2
[2.843s] gmake[1]: *** Waiting for unfinished jobs....
[2.845s] gmake: *** [Makefile:146: all] Error 2
[2.849s] Invoked command in '/home/hari-prasad-gajurel/Our_control/leg_control/build/pid_tune' returned '2': CMAKE_PREFIX_PATH=${CMAKE_PREFIX_PATH}:/opt/ros/jazzy DEBUGINFOD_URLS=https://debuginfod.ubuntu.com /usr/bin/cmake --build /home/hari-prasad-gajurel/Our_control/leg_control/build/pid_tune -- -j8 -l8
