/home/hari-prasad-gajurel/Our_control/leg_control/install/ros2_jazzy/lib/python3.12/site-packages/ros2_jazzy/walk.py
/home/hari-prasad-gajurel/Our_control/leg_control/install/ros2_jazzy/lib/python3.12/site-packages/ros2_jazzy/controller.py
/home/hari-prasad-gajurel/Our_control/leg_control/install/ros2_jazzy/lib/python3.12/site-packages/ros2_jazzy/tuner.py
/home/hari-prasad-gajurel/Our_control/leg_control/install/ros2_jazzy/lib/python3.12/site-packages/ros2_jazzy/loadcell.py
/home/hari-prasad-gajurel/Our_control/leg_control/install/ros2_jazzy/lib/python3.12/site-packages/ros2_jazzy/__init__.py
/home/hari-prasad-gajurel/Our_control/leg_control/install/ros2_jazzy/lib/python3.12/site-packages/ros2_jazzy/__pycache__/walk.cpython-312.pyc
/home/hari-prasad-gajurel/Our_control/leg_control/install/ros2_jazzy/lib/python3.12/site-packages/ros2_jazzy/__pycache__/controller.cpython-312.pyc
/home/hari-prasad-gajurel/Our_control/leg_control/install/ros2_jazzy/lib/python3.12/site-packages/ros2_jazzy/__pycache__/tuner.cpython-312.pyc
/home/hari-prasad-gajurel/Our_control/leg_control/install/ros2_jazzy/lib/python3.12/site-packages/ros2_jazzy/__pycache__/loadcell.cpython-312.pyc
/home/hari-prasad-gajurel/Our_control/leg_control/install/ros2_jazzy/lib/python3.12/site-packages/ros2_jazzy/__pycache__/__init__.cpython-312.pyc
/home/hari-prasad-gajurel/Our_control/leg_control/install/ros2_jazzy/share/ament_index/resource_index/packages/ros2_jazzy
/home/hari-prasad-gajurel/Our_control/leg_control/install/ros2_jazzy/share/ros2_jazzy/package.xml
/home/hari-prasad-gajurel/Our_control/leg_control/install/ros2_jazzy/share/ros2_jazzy/data/StairAscent-3.csv
/home/hari-prasad-gajurel/Our_control/leg_control/install/ros2_jazzy/share/ros2_jazzy/data/StairDescent-3.csv
/home/hari-prasad-gajurel/Our_control/leg_control/install/ros2_jazzy/share/ros2_jazzy/data/angles.pkl
/home/hari-prasad-gajurel/Our_control/leg_control/install/ros2_jazzy/share/ros2_jazzy/data/gyros.pkl
/home/hari-prasad-gajurel/Our_control/leg_control/install/ros2_jazzy/share/ros2_jazzy/data/Walking-1.csv
/home/hari-prasad-gajurel/Our_control/leg_control/install/ros2_jazzy/share/ros2_jazzy/data/StairDescent-1.csv
/home/hari-prasad-gajurel/Our_control/leg_control/install/ros2_jazzy/share/ros2_jazzy/data/RampAscent-2.csv
/home/hari-prasad-gajurel/Our_control/leg_control/install/ros2_jazzy/share/ros2_jazzy/data/RampDescent-3.csv
/home/hari-prasad-gajurel/Our_control/leg_control/install/ros2_jazzy/share/ros2_jazzy/data/RampAscent-1.csv
/home/hari-prasad-gajurel/Our_control/leg_control/install/ros2_jazzy/share/ros2_jazzy/data/RampDescent-2.csv
/home/hari-prasad-gajurel/Our_control/leg_control/install/ros2_jazzy/share/ros2_jazzy/data/StairAscent-1.csv
/home/hari-prasad-gajurel/Our_control/leg_control/install/ros2_jazzy/share/ros2_jazzy/data/Walking-3.csv
/home/hari-prasad-gajurel/Our_control/leg_control/install/ros2_jazzy/share/ros2_jazzy/data/StairDescent-2.csv
/home/hari-prasad-gajurel/Our_control/leg_control/install/ros2_jazzy/share/ros2_jazzy/data/RampAscent-3.csv
/home/hari-prasad-gajurel/Our_control/leg_control/install/ros2_jazzy/share/ros2_jazzy/data/RampDescent-1.csv
/home/hari-prasad-gajurel/Our_control/leg_control/install/ros2_jazzy/share/ros2_jazzy/data/StairAscent-2.csv
/home/hari-prasad-gajurel/Our_control/leg_control/install/ros2_jazzy/share/ros2_jazzy/data/Walking-2.csv
/home/hari-prasad-gajurel/Our_control/leg_control/install/ros2_jazzy/share/ros2_jazzy/launch/main.launch.py
/home/hari-prasad-gajurel/Our_control/leg_control/install/ros2_jazzy/share/ros2_jazzy/urdf/newoslsim.xacro
/home/hari-prasad-gajurel/Our_control/leg_control/install/ros2_jazzy/share/ros2_jazzy/urdf/oslsim.xacro
/home/hari-prasad-gajurel/Our_control/leg_control/install/ros2_jazzy/share/ros2_jazzy/config/osl_ankle.yaml
/home/hari-prasad-gajurel/Our_control/leg_control/install/ros2_jazzy/share/ros2_jazzy/config/controllers.yaml
/home/hari-prasad-gajurel/Our_control/leg_control/install/ros2_jazzy/share/ros2_jazzy/config/osl_knee.yaml
/home/hari-prasad-gajurel/Our_control/leg_control/install/ros2_jazzy/share/ros2_jazzy/meshes/foot.dae
/home/hari-prasad-gajurel/Our_control/leg_control/install/ros2_jazzy/share/ros2_jazzy/meshes/thigh.dae
/home/hari-prasad-gajurel/Our_control/leg_control/install/ros2_jazzy/share/ros2_jazzy/meshes/osl_foot.obj
/home/hari-prasad-gajurel/Our_control/leg_control/install/ros2_jazzy/share/ros2_jazzy/meshes/osl_shank.dae
/home/hari-prasad-gajurel/Our_control/leg_control/install/ros2_jazzy/share/ros2_jazzy/meshes/osl_shank.obj
/home/hari-prasad-gajurel/Our_control/leg_control/install/ros2_jazzy/share/ros2_jazzy/meshes/robot_foot.mtl
/home/hari-prasad-gajurel/Our_control/leg_control/install/ros2_jazzy/share/ros2_jazzy/meshes/socket.dae
/home/hari-prasad-gajurel/Our_control/leg_control/install/ros2_jazzy/share/ros2_jazzy/meshes/shin.dae
/home/hari-prasad-gajurel/Our_control/leg_control/install/ros2_jazzy/share/ros2_jazzy/meshes/osl_knee.obj
/home/hari-prasad-gajurel/Our_control/leg_control/install/ros2_jazzy/share/ros2_jazzy/meshes/osl_shin.STL
/home/hari-prasad-gajurel/Our_control/leg_control/install/ros2_jazzy/share/ros2_jazzy/meshes/osl_foot.dae
/home/hari-prasad-gajurel/Our_control/leg_control/install/ros2_jazzy/share/ros2_jazzy/worlds/main.world
/home/hari-prasad-gajurel/Our_control/leg_control/install/ros2_jazzy/lib/python3.12/site-packages/ros2_jazzy-0.0.0-py3.12.egg-info/dependency_links.txt
/home/hari-prasad-gajurel/Our_control/leg_control/install/ros2_jazzy/lib/python3.12/site-packages/ros2_jazzy-0.0.0-py3.12.egg-info/top_level.txt
/home/hari-prasad-gajurel/Our_control/leg_control/install/ros2_jazzy/lib/python3.12/site-packages/ros2_jazzy-0.0.0-py3.12.egg-info/PKG-INFO
/home/hari-prasad-gajurel/Our_control/leg_control/install/ros2_jazzy/lib/python3.12/site-packages/ros2_jazzy-0.0.0-py3.12.egg-info/SOURCES.txt
/home/hari-prasad-gajurel/Our_control/leg_control/install/ros2_jazzy/lib/python3.12/site-packages/ros2_jazzy-0.0.0-py3.12.egg-info/entry_points.txt
/home/hari-prasad-gajurel/Our_control/leg_control/install/ros2_jazzy/lib/python3.12/site-packages/ros2_jazzy-0.0.0-py3.12.egg-info/requires.txt
/home/hari-prasad-gajurel/Our_control/leg_control/install/ros2_jazzy/lib/python3.12/site-packages/ros2_jazzy-0.0.0-py3.12.egg-info/zip-safe
/home/hari-prasad-gajurel/Our_control/leg_control/install/ros2_jazzy/lib/ros2_jazzy/loadcell
/home/hari-prasad-gajurel/Our_control/leg_control/install/ros2_jazzy/lib/ros2_jazzy/oslsim_controller
/home/hari-prasad-gajurel/Our_control/leg_control/install/ros2_jazzy/lib/ros2_jazzy/oslsim_pid_tuner
/home/hari-prasad-gajurel/Our_control/leg_control/install/ros2_jazzy/lib/ros2_jazzy/oslsim_walker
