[0.144s] DEBUG:colcon:Command line arguments: ['/usr/bin/colcon', 'build', '--symlink-install']
[0.144s] DEBUG:colcon:Parsed command line arguments: Namespace(log_base=None, log_level=None, verb_name='build', build_base='build', install_base='install', merge_install=False, symlink_install=True, test_result_base=None, continue_on_error=False, executor='parallel', parallel_workers=8, event_handlers=None, ignore_user_meta=False, metas=['./colcon.meta'], base_paths=['.'], packages_ignore=None, packages_ignore_regex=None, paths=None, packages_up_to=None, packages_up_to_regex=None, packages_above=None, packages_above_and_dependencies=None, packages_above_depth=None, packages_select_by_dep=None, packages_skip_by_dep=None, packages_skip_up_to=None, packages_select_build_failed=False, packages_skip_build_finished=False, packages_select_test_failures=False, packages_skip_test_passed=False, packages_select=None, packages_skip=None, packages_select_regex=None, packages_skip_regex=None, packages_start=None, packages_end=None, allow_overriding=[], cmake_args=None, cmake_target=None, cmake_target_skip_unavailable=False, cmake_clean_cache=False, cmake_clean_first=False, cmake_force_configure=False, ament_cmake_args=None, catkin_cmake_args=None, catkin_skip_building_tests=False, verb_parser=<colcon_defaults.argument_parser.defaults.DefaultArgumentsDecorator object at 0x7bc97370f5c0>, verb_extension=<colcon_core.verb.build.BuildVerb object at 0x7bc9736b6e70>, main=<bound method BuildVerb.main of <colcon_core.verb.build.BuildVerb object at 0x7bc9736b6e70>>)
[0.195s] Level 1:colcon.colcon_core.package_discovery:discover_packages(colcon_meta) check parameters
[0.195s] Level 1:colcon.colcon_core.package_discovery:discover_packages(recursive) check parameters
[0.195s] Level 1:colcon.colcon_core.package_discovery:discover_packages(ignore) check parameters
[0.195s] Level 1:colcon.colcon_core.package_discovery:discover_packages(path) check parameters
[0.196s] Level 1:colcon.colcon_core.package_discovery:discover_packages(colcon_meta) discover
[0.196s] Level 1:colcon.colcon_core.package_discovery:discover_packages(recursive) discover
[0.196s] INFO:colcon.colcon_core.package_discovery:Crawling recursively for packages in '/home/hari-prasad-gajurel/Our_control/leg_control'
[0.196s] Level 1:colcon.colcon_core.package_identification:_identify(.) by extensions ['ignore', 'ignore_ament_install']
[0.196s] Level 1:colcon.colcon_core.package_identification:_identify(.) by extension 'ignore'
[0.196s] Level 1:colcon.colcon_core.package_identification:_identify(.) by extension 'ignore_ament_install'
[0.196s] Level 1:colcon.colcon_core.package_identification:_identify(.) by extensions ['colcon_pkg']
[0.196s] Level 1:colcon.colcon_core.package_identification:_identify(.) by extension 'colcon_pkg'
[0.196s] Level 1:colcon.colcon_core.package_identification:_identify(.) by extensions ['colcon_meta']
[0.196s] Level 1:colcon.colcon_core.package_identification:_identify(.) by extension 'colcon_meta'
[0.196s] Level 1:colcon.colcon_core.package_identification:_identify(.) by extensions ['ros']
[0.197s] Level 1:colcon.colcon_core.package_identification:_identify(.) by extension 'ros'
[0.229s] Level 1:colcon.colcon_core.package_identification:_identify(.) by extensions ['cmake', 'python']
[0.229s] Level 1:colcon.colcon_core.package_identification:_identify(.) by extension 'cmake'
[0.229s] Level 1:colcon.colcon_core.package_identification:_identify(.) by extension 'python'
[0.229s] Level 1:colcon.colcon_core.package_identification:_identify(.) by extensions ['python_setup_py']
[0.229s] Level 1:colcon.colcon_core.package_identification:_identify(.) by extension 'python_setup_py'
[0.230s] Level 1:colcon.colcon_core.package_identification:_identify(build) by extensions ['ignore', 'ignore_ament_install']
[0.230s] Level 1:colcon.colcon_core.package_identification:_identify(build) by extension 'ignore'
[0.230s] Level 1:colcon.colcon_core.package_identification:_identify(build) ignored
[0.230s] Level 1:colcon.colcon_core.package_identification:_identify(config) by extensions ['ignore', 'ignore_ament_install']
[0.230s] Level 1:colcon.colcon_core.package_identification:_identify(config) by extension 'ignore'
[0.230s] Level 1:colcon.colcon_core.package_identification:_identify(config) by extension 'ignore_ament_install'
[0.230s] Level 1:colcon.colcon_core.package_identification:_identify(config) by extensions ['colcon_pkg']
[0.230s] Level 1:colcon.colcon_core.package_identification:_identify(config) by extension 'colcon_pkg'
[0.230s] Level 1:colcon.colcon_core.package_identification:_identify(config) by extensions ['colcon_meta']
[0.231s] Level 1:colcon.colcon_core.package_identification:_identify(config) by extension 'colcon_meta'
[0.231s] Level 1:colcon.colcon_core.package_identification:_identify(config) by extensions ['ros']
[0.231s] Level 1:colcon.colcon_core.package_identification:_identify(config) by extension 'ros'
[0.231s] Level 1:colcon.colcon_core.package_identification:_identify(config) by extensions ['cmake', 'python']
[0.231s] Level 1:colcon.colcon_core.package_identification:_identify(config) by extension 'cmake'
[0.231s] Level 1:colcon.colcon_core.package_identification:_identify(config) by extension 'python'
[0.231s] Level 1:colcon.colcon_core.package_identification:_identify(config) by extensions ['python_setup_py']
[0.231s] Level 1:colcon.colcon_core.package_identification:_identify(config) by extension 'python_setup_py'
[0.231s] Level 1:colcon.colcon_core.package_identification:_identify(install) by extensions ['ignore', 'ignore_ament_install']
[0.231s] Level 1:colcon.colcon_core.package_identification:_identify(install) by extension 'ignore'
[0.232s] Level 1:colcon.colcon_core.package_identification:_identify(install) ignored
[0.232s] Level 1:colcon.colcon_core.package_identification:_identify(log) by extensions ['ignore', 'ignore_ament_install']
[0.232s] Level 1:colcon.colcon_core.package_identification:_identify(log) by extension 'ignore'
[0.232s] Level 1:colcon.colcon_core.package_identification:_identify(log) ignored
[0.232s] Level 1:colcon.colcon_core.package_identification:_identify(src) by extensions ['ignore', 'ignore_ament_install']
[0.232s] Level 1:colcon.colcon_core.package_identification:_identify(src) by extension 'ignore'
[0.232s] Level 1:colcon.colcon_core.package_identification:_identify(src) by extension 'ignore_ament_install'
[0.232s] Level 1:colcon.colcon_core.package_identification:_identify(src) by extensions ['colcon_pkg']
[0.232s] Level 1:colcon.colcon_core.package_identification:_identify(src) by extension 'colcon_pkg'
[0.233s] Level 1:colcon.colcon_core.package_identification:_identify(src) by extensions ['colcon_meta']
[0.233s] Level 1:colcon.colcon_core.package_identification:_identify(src) by extension 'colcon_meta'
[0.233s] Level 1:colcon.colcon_core.package_identification:_identify(src) by extensions ['ros']
[0.233s] Level 1:colcon.colcon_core.package_identification:_identify(src) by extension 'ros'
[0.233s] Level 1:colcon.colcon_core.package_identification:_identify(src) by extensions ['cmake', 'python']
[0.233s] Level 1:colcon.colcon_core.package_identification:_identify(src) by extension 'cmake'
[0.233s] Level 1:colcon.colcon_core.package_identification:_identify(src) by extension 'python'
[0.233s] Level 1:colcon.colcon_core.package_identification:_identify(src) by extensions ['python_setup_py']
[0.233s] Level 1:colcon.colcon_core.package_identification:_identify(src) by extension 'python_setup_py'
[0.233s] Level 1:colcon.colcon_core.package_identification:_identify(src/osl_motor) by extensions ['ignore', 'ignore_ament_install']
[0.234s] Level 1:colcon.colcon_core.package_identification:_identify(src/osl_motor) by extension 'ignore'
[0.234s] Level 1:colcon.colcon_core.package_identification:_identify(src/osl_motor) by extension 'ignore_ament_install'
[0.234s] Level 1:colcon.colcon_core.package_identification:_identify(src/osl_motor) by extensions ['colcon_pkg']
[0.234s] Level 1:colcon.colcon_core.package_identification:_identify(src/osl_motor) by extension 'colcon_pkg'
[0.234s] Level 1:colcon.colcon_core.package_identification:_identify(src/osl_motor) by extensions ['colcon_meta']
[0.234s] Level 1:colcon.colcon_core.package_identification:_identify(src/osl_motor) by extension 'colcon_meta'
[0.234s] Level 1:colcon.colcon_core.package_identification:_identify(src/osl_motor) by extensions ['ros']
[0.234s] Level 1:colcon.colcon_core.package_identification:_identify(src/osl_motor) by extension 'ros'
[0.239s] DEBUG:colcon.colcon_core.package_identification:Package 'src/osl_motor' with type 'ros.ament_python' and name 'osl_motor'
[0.239s] Level 1:colcon.colcon_core.package_identification:_identify(src/pid_tune) by extensions ['ignore', 'ignore_ament_install']
[0.239s] Level 1:colcon.colcon_core.package_identification:_identify(src/pid_tune) by extension 'ignore'
[0.239s] Level 1:colcon.colcon_core.package_identification:_identify(src/pid_tune) by extension 'ignore_ament_install'
[0.240s] Level 1:colcon.colcon_core.package_identification:_identify(src/pid_tune) by extensions ['colcon_pkg']
[0.240s] Level 1:colcon.colcon_core.package_identification:_identify(src/pid_tune) by extension 'colcon_pkg'
[0.240s] Level 1:colcon.colcon_core.package_identification:_identify(src/pid_tune) by extensions ['colcon_meta']
[0.240s] Level 1:colcon.colcon_core.package_identification:_identify(src/pid_tune) by extension 'colcon_meta'
[0.240s] Level 1:colcon.colcon_core.package_identification:_identify(src/pid_tune) by extensions ['ros']
[0.240s] Level 1:colcon.colcon_core.package_identification:_identify(src/pid_tune) by extension 'ros'
[0.241s] DEBUG:colcon.colcon_core.package_identification:Package 'src/pid_tune' with type 'ros.ament_cmake' and name 'pid_tune'
[0.241s] Level 1:colcon.colcon_core.package_identification:_identify(src/ros2_jazzy) by extensions ['ignore', 'ignore_ament_install']
[0.241s] Level 1:colcon.colcon_core.package_identification:_identify(src/ros2_jazzy) by extension 'ignore'
[0.241s] Level 1:colcon.colcon_core.package_identification:_identify(src/ros2_jazzy) by extension 'ignore_ament_install'
[0.242s] Level 1:colcon.colcon_core.package_identification:_identify(src/ros2_jazzy) by extensions ['colcon_pkg']
[0.242s] Level 1:colcon.colcon_core.package_identification:_identify(src/ros2_jazzy) by extension 'colcon_pkg'
[0.242s] Level 1:colcon.colcon_core.package_identification:_identify(src/ros2_jazzy) by extensions ['colcon_meta']
[0.242s] Level 1:colcon.colcon_core.package_identification:_identify(src/ros2_jazzy) by extension 'colcon_meta'
[0.242s] Level 1:colcon.colcon_core.package_identification:_identify(src/ros2_jazzy) by extensions ['ros']
[0.242s] Level 1:colcon.colcon_core.package_identification:_identify(src/ros2_jazzy) by extension 'ros'
[0.243s] DEBUG:colcon.colcon_core.package_identification:Package 'src/ros2_jazzy' with type 'ros.ament_python' and name 'ros2_jazzy'
[0.244s] Level 1:colcon.colcon_core.package_discovery:discover_packages(recursive) using defaults
[0.244s] Level 1:colcon.colcon_core.package_discovery:discover_packages(ignore) discover
[0.244s] Level 1:colcon.colcon_core.package_discovery:discover_packages(ignore) using defaults
[0.244s] Level 1:colcon.colcon_core.package_discovery:discover_packages(path) discover
[0.244s] Level 1:colcon.colcon_core.package_discovery:discover_packages(path) using defaults
[0.272s] Level 1:colcon.colcon_core.package_discovery:discover_packages(prefix_path) check parameters
[0.272s] Level 1:colcon.colcon_core.package_discovery:discover_packages(prefix_path) discover
[0.276s] DEBUG:colcon.colcon_installed_package_information.package_discovery:Found 3 installed packages in /home/hari-prasad-gajurel/Our_control/leg_control/install
[0.279s] DEBUG:colcon.colcon_installed_package_information.package_discovery:Found 370 installed packages in /opt/ros/jazzy
[0.281s] Level 1:colcon.colcon_core.package_discovery:discover_packages(prefix_path) using defaults
[0.354s] Level 5:colcon.colcon_core.verb:set package 'osl_motor' build argument 'cmake_args' from command line to 'None'
[0.355s] Level 5:colcon.colcon_core.verb:set package 'osl_motor' build argument 'cmake_target' from command line to 'None'
[0.355s] Level 5:colcon.colcon_core.verb:set package 'osl_motor' build argument 'cmake_target_skip_unavailable' from command line to 'False'
[0.355s] Level 5:colcon.colcon_core.verb:set package 'osl_motor' build argument 'cmake_clean_cache' from command line to 'False'
[0.355s] Level 5:colcon.colcon_core.verb:set package 'osl_motor' build argument 'cmake_clean_first' from command line to 'False'
[0.355s] Level 5:colcon.colcon_core.verb:set package 'osl_motor' build argument 'cmake_force_configure' from command line to 'False'
[0.355s] Level 5:colcon.colcon_core.verb:set package 'osl_motor' build argument 'ament_cmake_args' from command line to 'None'
[0.355s] Level 5:colcon.colcon_core.verb:set package 'osl_motor' build argument 'catkin_cmake_args' from command line to 'None'
[0.355s] Level 5:colcon.colcon_core.verb:set package 'osl_motor' build argument 'catkin_skip_building_tests' from command line to 'False'
[0.355s] DEBUG:colcon.colcon_core.verb:Building package 'osl_motor' with the following arguments: {'ament_cmake_args': None, 'build_base': '/home/hari-prasad-gajurel/Our_control/leg_control/build/osl_motor', 'catkin_cmake_args': None, 'catkin_skip_building_tests': False, 'cmake_args': None, 'cmake_clean_cache': False, 'cmake_clean_first': False, 'cmake_force_configure': False, 'cmake_target': None, 'cmake_target_skip_unavailable': False, 'install_base': '/home/hari-prasad-gajurel/Our_control/leg_control/install/osl_motor', 'merge_install': False, 'path': '/home/hari-prasad-gajurel/Our_control/leg_control/src/osl_motor', 'symlink_install': True, 'test_result_base': None}
[0.355s] Level 5:colcon.colcon_core.verb:set package 'pid_tune' build argument 'cmake_args' from command line to 'None'
[0.355s] Level 5:colcon.colcon_core.verb:set package 'pid_tune' build argument 'cmake_target' from command line to 'None'
[0.355s] Level 5:colcon.colcon_core.verb:set package 'pid_tune' build argument 'cmake_target_skip_unavailable' from command line to 'False'
[0.356s] Level 5:colcon.colcon_core.verb:set package 'pid_tune' build argument 'cmake_clean_cache' from command line to 'False'
[0.356s] Level 5:colcon.colcon_core.verb:set package 'pid_tune' build argument 'cmake_clean_first' from command line to 'False'
[0.356s] Level 5:colcon.colcon_core.verb:set package 'pid_tune' build argument 'cmake_force_configure' from command line to 'False'
[0.356s] Level 5:colcon.colcon_core.verb:set package 'pid_tune' build argument 'ament_cmake_args' from command line to 'None'
[0.356s] Level 5:colcon.colcon_core.verb:set package 'pid_tune' build argument 'catkin_cmake_args' from command line to 'None'
[0.356s] Level 5:colcon.colcon_core.verb:set package 'pid_tune' build argument 'catkin_skip_building_tests' from command line to 'False'
[0.356s] DEBUG:colcon.colcon_core.verb:Building package 'pid_tune' with the following arguments: {'ament_cmake_args': None, 'build_base': '/home/hari-prasad-gajurel/Our_control/leg_control/build/pid_tune', 'catkin_cmake_args': None, 'catkin_skip_building_tests': False, 'cmake_args': None, 'cmake_clean_cache': False, 'cmake_clean_first': False, 'cmake_force_configure': False, 'cmake_target': None, 'cmake_target_skip_unavailable': False, 'install_base': '/home/hari-prasad-gajurel/Our_control/leg_control/install/pid_tune', 'merge_install': False, 'path': '/home/hari-prasad-gajurel/Our_control/leg_control/src/pid_tune', 'symlink_install': True, 'test_result_base': None}
[0.356s] Level 5:colcon.colcon_core.verb:set package 'ros2_jazzy' build argument 'cmake_args' from command line to 'None'
[0.356s] Level 5:colcon.colcon_core.verb:set package 'ros2_jazzy' build argument 'cmake_target' from command line to 'None'
[0.356s] Level 5:colcon.colcon_core.verb:set package 'ros2_jazzy' build argument 'cmake_target_skip_unavailable' from command line to 'False'
[0.356s] Level 5:colcon.colcon_core.verb:set package 'ros2_jazzy' build argument 'cmake_clean_cache' from command line to 'False'
[0.356s] Level 5:colcon.colcon_core.verb:set package 'ros2_jazzy' build argument 'cmake_clean_first' from command line to 'False'
[0.356s] Level 5:colcon.colcon_core.verb:set package 'ros2_jazzy' build argument 'cmake_force_configure' from command line to 'False'
[0.356s] Level 5:colcon.colcon_core.verb:set package 'ros2_jazzy' build argument 'ament_cmake_args' from command line to 'None'
[0.356s] Level 5:colcon.colcon_core.verb:set package 'ros2_jazzy' build argument 'catkin_cmake_args' from command line to 'None'
[0.356s] Level 5:colcon.colcon_core.verb:set package 'ros2_jazzy' build argument 'catkin_skip_building_tests' from command line to 'False'
[0.356s] DEBUG:colcon.colcon_core.verb:Building package 'ros2_jazzy' with the following arguments: {'ament_cmake_args': None, 'build_base': '/home/hari-prasad-gajurel/Our_control/leg_control/build/ros2_jazzy', 'catkin_cmake_args': None, 'catkin_skip_building_tests': False, 'cmake_args': None, 'cmake_clean_cache': False, 'cmake_clean_first': False, 'cmake_force_configure': False, 'cmake_target': None, 'cmake_target_skip_unavailable': False, 'install_base': '/home/hari-prasad-gajurel/Our_control/leg_control/install/ros2_jazzy', 'merge_install': False, 'path': '/home/hari-prasad-gajurel/Our_control/leg_control/src/ros2_jazzy', 'symlink_install': True, 'test_result_base': None}
[0.357s] INFO:colcon.colcon_core.executor:Executing jobs using 'parallel' executor
[0.358s] DEBUG:colcon.colcon_parallel_executor.executor.parallel:run_until_complete
[0.358s] INFO:colcon.colcon_ros.task.ament_python.build:Building ROS package in '/home/hari-prasad-gajurel/Our_control/leg_control/src/osl_motor' with build type 'ament_python'
[0.358s] Level 1:colcon.colcon_core.shell:create_environment_hook('osl_motor', 'ament_prefix_path')
[0.361s] INFO:colcon.colcon_core.plugin_system:Skipping extension 'colcon_core.shell.bat': Not used on non-Windows systems
[0.361s] INFO:colcon.colcon_core.shell:Creating environment hook '/home/hari-prasad-gajurel/Our_control/leg_control/install/osl_motor/share/osl_motor/hook/ament_prefix_path.ps1'
[0.362s] INFO:colcon.colcon_core.shell:Creating environment descriptor '/home/hari-prasad-gajurel/Our_control/leg_control/install/osl_motor/share/osl_motor/hook/ament_prefix_path.dsv'
[0.363s] INFO:colcon.colcon_core.shell:Creating environment hook '/home/hari-prasad-gajurel/Our_control/leg_control/install/osl_motor/share/osl_motor/hook/ament_prefix_path.sh'
[0.364s] INFO:colcon.colcon_core.shell:Skip shell extension 'powershell' for command environment: Not usable outside of PowerShell
[0.364s] DEBUG:colcon.colcon_core.shell:Skip shell extension 'dsv' for command environment
[0.369s] INFO:colcon.colcon_ros.task.ament_cmake.build:Building ROS package in '/home/hari-prasad-gajurel/Our_control/leg_control/src/pid_tune' with build type 'ament_cmake'
[0.369s] INFO:colcon.colcon_cmake.task.cmake.build:Building CMake package in '/home/hari-prasad-gajurel/Our_control/leg_control/src/pid_tune'
[0.370s] INFO:colcon.colcon_core.shell:Skip shell extension 'powershell' for command environment: Not usable outside of PowerShell
[0.370s] DEBUG:colcon.colcon_core.shell:Skip shell extension 'dsv' for command environment
[0.752s] INFO:colcon.colcon_core.task.python.build:Building Python package in '/home/hari-prasad-gajurel/Our_control/leg_control/src/osl_motor'
[0.752s] INFO:colcon.colcon_core.shell:Skip shell extension 'powershell' for command environment: Not usable outside of PowerShell
[0.752s] DEBUG:colcon.colcon_core.shell:Skip shell extension 'dsv' for command environment
[0.766s] DEBUG:colcon.colcon_core.event_handler.log_command:Invoking command in '/home/hari-prasad-gajurel/Our_control/leg_control/build/pid_tune': CMAKE_PREFIX_PATH=${CMAKE_PREFIX_PATH}:/home/hari-prasad-gajurel/Our_control/leg_control/install/ros2_jazzy:/home/hari-prasad-gajurel/Our_control/leg_control/install/osl_motor:/opt/ros/jazzy DEBUGINFOD_URLS=https://debuginfod.ubuntu.com /usr/bin/cmake --build /home/hari-prasad-gajurel/Our_control/leg_control/build/pid_tune -- -j8 -l8
[1.682s] DEBUG:colcon.colcon_core.event_handler.log_command:Invoked command in '/home/hari-prasad-gajurel/Our_control/leg_control/build/pid_tune' returned '0': CMAKE_PREFIX_PATH=${CMAKE_PREFIX_PATH}:/home/hari-prasad-gajurel/Our_control/leg_control/install/ros2_jazzy:/home/hari-prasad-gajurel/Our_control/leg_control/install/osl_motor:/opt/ros/jazzy DEBUGINFOD_URLS=https://debuginfod.ubuntu.com /usr/bin/cmake --build /home/hari-prasad-gajurel/Our_control/leg_control/build/pid_tune -- -j8 -l8
[1.701s] DEBUG:colcon.colcon_core.event_handler.log_command:Invoking command in '/home/hari-prasad-gajurel/Our_control/leg_control/build/pid_tune': CMAKE_PREFIX_PATH=${CMAKE_PREFIX_PATH}:/home/hari-prasad-gajurel/Our_control/leg_control/install/ros2_jazzy:/home/hari-prasad-gajurel/Our_control/leg_control/install/osl_motor:/opt/ros/jazzy DEBUGINFOD_URLS=https://debuginfod.ubuntu.com /usr/bin/cmake --install /home/hari-prasad-gajurel/Our_control/leg_control/build/pid_tune
[1.860s] Level 1:colcon.colcon_core.environment:create_environment_scripts_only(pid_tune)
[1.861s] DEBUG:colcon.colcon_core.event_handler.log_command:Invoked command in '/home/hari-prasad-gajurel/Our_control/leg_control/build/pid_tune' returned '0': CMAKE_PREFIX_PATH=${CMAKE_PREFIX_PATH}:/home/hari-prasad-gajurel/Our_control/leg_control/install/ros2_jazzy:/home/hari-prasad-gajurel/Our_control/leg_control/install/osl_motor:/opt/ros/jazzy DEBUGINFOD_URLS=https://debuginfod.ubuntu.com /usr/bin/cmake --install /home/hari-prasad-gajurel/Our_control/leg_control/build/pid_tune
[1.870s] Level 1:colcon.colcon_core.environment:checking '/home/hari-prasad-gajurel/Our_control/leg_control/install/pid_tune' for CMake module files
[1.873s] Level 1:colcon.colcon_core.environment:checking '/home/hari-prasad-gajurel/Our_control/leg_control/install/pid_tune' for CMake config files
[1.875s] Level 1:colcon.colcon_core.shell:create_environment_hook('pid_tune', 'cmake_prefix_path')
[1.876s] INFO:colcon.colcon_core.shell:Creating environment hook '/home/hari-prasad-gajurel/Our_control/leg_control/install/pid_tune/share/pid_tune/hook/cmake_prefix_path.ps1'
[1.877s] INFO:colcon.colcon_core.shell:Creating environment descriptor '/home/hari-prasad-gajurel/Our_control/leg_control/install/pid_tune/share/pid_tune/hook/cmake_prefix_path.dsv'
[1.879s] INFO:colcon.colcon_core.shell:Creating environment hook '/home/hari-prasad-gajurel/Our_control/leg_control/install/pid_tune/share/pid_tune/hook/cmake_prefix_path.sh'
[1.881s] Level 1:colcon.colcon_core.environment:checking '/home/hari-prasad-gajurel/Our_control/leg_control/install/pid_tune/lib'
[1.881s] Level 1:colcon.colcon_core.shell:create_environment_hook('pid_tune', 'ld_library_path_lib')
[1.882s] INFO:colcon.colcon_core.shell:Creating environment hook '/home/hari-prasad-gajurel/Our_control/leg_control/install/pid_tune/share/pid_tune/hook/ld_library_path_lib.ps1'
[1.884s] INFO:colcon.colcon_core.shell:Creating environment descriptor '/home/hari-prasad-gajurel/Our_control/leg_control/install/pid_tune/share/pid_tune/hook/ld_library_path_lib.dsv'
[1.885s] INFO:colcon.colcon_core.shell:Creating environment hook '/home/hari-prasad-gajurel/Our_control/leg_control/install/pid_tune/share/pid_tune/hook/ld_library_path_lib.sh'
[1.886s] Level 1:colcon.colcon_core.environment:checking '/home/hari-prasad-gajurel/Our_control/leg_control/install/pid_tune/bin'
[1.887s] Level 1:colcon.colcon_core.environment:checking '/home/hari-prasad-gajurel/Our_control/leg_control/install/pid_tune/lib/pkgconfig/pid_tune.pc'
[1.887s] Level 1:colcon.colcon_core.environment:checking '/home/hari-prasad-gajurel/Our_control/leg_control/install/pid_tune/lib/python3.12/site-packages'
[1.888s] Level 1:colcon.colcon_core.shell:create_environment_hook('pid_tune', 'pythonpath')
[1.888s] INFO:colcon.colcon_core.shell:Creating environment hook '/home/hari-prasad-gajurel/Our_control/leg_control/install/pid_tune/share/pid_tune/hook/pythonpath.ps1'
[1.890s] INFO:colcon.colcon_core.shell:Creating environment descriptor '/home/hari-prasad-gajurel/Our_control/leg_control/install/pid_tune/share/pid_tune/hook/pythonpath.dsv'
[1.891s] INFO:colcon.colcon_core.shell:Creating environment hook '/home/hari-prasad-gajurel/Our_control/leg_control/install/pid_tune/share/pid_tune/hook/pythonpath.sh'
[1.893s] Level 1:colcon.colcon_core.environment:checking '/home/hari-prasad-gajurel/Our_control/leg_control/install/pid_tune/bin'
[1.894s] INFO:colcon.colcon_core.shell:Creating package script '/home/hari-prasad-gajurel/Our_control/leg_control/install/pid_tune/share/pid_tune/package.ps1'
[1.897s] INFO:colcon.colcon_core.shell:Creating package descriptor '/home/hari-prasad-gajurel/Our_control/leg_control/install/pid_tune/share/pid_tune/package.dsv'
[1.899s] INFO:colcon.colcon_core.shell:Creating package script '/home/hari-prasad-gajurel/Our_control/leg_control/install/pid_tune/share/pid_tune/package.sh'
[1.901s] INFO:colcon.colcon_core.shell:Creating package script '/home/hari-prasad-gajurel/Our_control/leg_control/install/pid_tune/share/pid_tune/package.bash'
[1.903s] INFO:colcon.colcon_core.shell:Creating package script '/home/hari-prasad-gajurel/Our_control/leg_control/install/pid_tune/share/pid_tune/package.zsh'
[1.905s] Level 1:colcon.colcon_core.environment:create_file_with_runtime_dependencies(/home/hari-prasad-gajurel/Our_control/leg_control/install/pid_tune/share/colcon-core/packages/pid_tune)
[1.907s] Level 1:colcon.colcon_core.environment:create_environment_scripts_only(pid_tune)
[1.907s] Level 1:colcon.colcon_core.environment:checking '/home/hari-prasad-gajurel/Our_control/leg_control/install/pid_tune' for CMake module files
[1.908s] Level 1:colcon.colcon_core.environment:checking '/home/hari-prasad-gajurel/Our_control/leg_control/install/pid_tune' for CMake config files
[1.909s] Level 1:colcon.colcon_core.shell:create_environment_hook('pid_tune', 'cmake_prefix_path')
[1.910s] INFO:colcon.colcon_core.shell:Creating environment hook '/home/hari-prasad-gajurel/Our_control/leg_control/install/pid_tune/share/pid_tune/hook/cmake_prefix_path.ps1'
[1.910s] INFO:colcon.colcon_core.shell:Creating environment descriptor '/home/hari-prasad-gajurel/Our_control/leg_control/install/pid_tune/share/pid_tune/hook/cmake_prefix_path.dsv'
[1.911s] INFO:colcon.colcon_core.shell:Creating environment hook '/home/hari-prasad-gajurel/Our_control/leg_control/install/pid_tune/share/pid_tune/hook/cmake_prefix_path.sh'
[1.912s] Level 1:colcon.colcon_core.environment:checking '/home/hari-prasad-gajurel/Our_control/leg_control/install/pid_tune/lib'
[1.912s] Level 1:colcon.colcon_core.shell:create_environment_hook('pid_tune', 'ld_library_path_lib')
[1.912s] INFO:colcon.colcon_core.shell:Creating environment hook '/home/hari-prasad-gajurel/Our_control/leg_control/install/pid_tune/share/pid_tune/hook/ld_library_path_lib.ps1'
[1.913s] INFO:colcon.colcon_core.shell:Creating environment descriptor '/home/hari-prasad-gajurel/Our_control/leg_control/install/pid_tune/share/pid_tune/hook/ld_library_path_lib.dsv'
[1.914s] INFO:colcon.colcon_core.shell:Creating environment hook '/home/hari-prasad-gajurel/Our_control/leg_control/install/pid_tune/share/pid_tune/hook/ld_library_path_lib.sh'
[1.914s] Level 1:colcon.colcon_core.environment:checking '/home/hari-prasad-gajurel/Our_control/leg_control/install/pid_tune/bin'
[1.915s] Level 1:colcon.colcon_core.environment:checking '/home/hari-prasad-gajurel/Our_control/leg_control/install/pid_tune/lib/pkgconfig/pid_tune.pc'
[1.915s] Level 1:colcon.colcon_core.environment:checking '/home/hari-prasad-gajurel/Our_control/leg_control/install/pid_tune/lib/python3.12/site-packages'
[1.915s] Level 1:colcon.colcon_core.shell:create_environment_hook('pid_tune', 'pythonpath')
[1.915s] INFO:colcon.colcon_core.shell:Creating environment hook '/home/hari-prasad-gajurel/Our_control/leg_control/install/pid_tune/share/pid_tune/hook/pythonpath.ps1'
[1.916s] INFO:colcon.colcon_core.shell:Creating environment descriptor '/home/hari-prasad-gajurel/Our_control/leg_control/install/pid_tune/share/pid_tune/hook/pythonpath.dsv'
[1.917s] INFO:colcon.colcon_core.shell:Creating environment hook '/home/hari-prasad-gajurel/Our_control/leg_control/install/pid_tune/share/pid_tune/hook/pythonpath.sh'
[1.918s] Level 1:colcon.colcon_core.environment:checking '/home/hari-prasad-gajurel/Our_control/leg_control/install/pid_tune/bin'
[1.919s] INFO:colcon.colcon_core.shell:Creating package script '/home/hari-prasad-gajurel/Our_control/leg_control/install/pid_tune/share/pid_tune/package.ps1'
[1.920s] INFO:colcon.colcon_core.shell:Creating package descriptor '/home/hari-prasad-gajurel/Our_control/leg_control/install/pid_tune/share/pid_tune/package.dsv'
[1.921s] INFO:colcon.colcon_core.shell:Creating package script '/home/hari-prasad-gajurel/Our_control/leg_control/install/pid_tune/share/pid_tune/package.sh'
[1.922s] INFO:colcon.colcon_core.shell:Creating package script '/home/hari-prasad-gajurel/Our_control/leg_control/install/pid_tune/share/pid_tune/package.bash'
[1.922s] INFO:colcon.colcon_core.shell:Creating package script '/home/hari-prasad-gajurel/Our_control/leg_control/install/pid_tune/share/pid_tune/package.zsh'
[1.923s] Level 1:colcon.colcon_core.environment:create_file_with_runtime_dependencies(/home/hari-prasad-gajurel/Our_control/leg_control/install/pid_tune/share/colcon-core/packages/pid_tune)
[2.009s] DEBUG:colcon.colcon_core.event_handler.log_command:Invoking command in '/home/hari-prasad-gajurel/Our_control/leg_control/build/osl_motor': DEBUGINFOD_URLS=https://debuginfod.ubuntu.com PYTHONPATH=/home/hari-prasad-gajurel/Our_control/leg_control/build/osl_motor/prefix_override:/usr/lib/python3/dist-packages/colcon_core/task/python/colcon_distutils_commands:/home/hari-prasad-gajurel/Our_control/leg_control/install/osl_motor/lib/python3.12/site-packages:${PYTHONPATH} /usr/bin/python3 -W ignore:setup.py install is deprecated -W ignore:easy_install command is deprecated setup.py develop --editable --build-directory /home/hari-prasad-gajurel/Our_control/leg_control/build/osl_motor/build --no-deps symlink_data
[3.071s] Level 1:colcon.colcon_core.shell:create_environment_hook('osl_motor', 'pythonpath_develop')
[3.072s] INFO:colcon.colcon_core.shell:Creating environment hook '/home/hari-prasad-gajurel/Our_control/leg_control/build/osl_motor/share/osl_motor/hook/pythonpath_develop.ps1'
[3.073s] DEBUG:colcon.colcon_core.event_handler.log_command:Invoked command in '/home/hari-prasad-gajurel/Our_control/leg_control/build/osl_motor' returned '0': DEBUGINFOD_URLS=https://debuginfod.ubuntu.com PYTHONPATH=/home/hari-prasad-gajurel/Our_control/leg_control/build/osl_motor/prefix_override:/usr/lib/python3/dist-packages/colcon_core/task/python/colcon_distutils_commands:/home/hari-prasad-gajurel/Our_control/leg_control/install/osl_motor/lib/python3.12/site-packages:${PYTHONPATH} /usr/bin/python3 -W ignore:setup.py install is deprecated -W ignore:easy_install command is deprecated setup.py develop --editable --build-directory /home/hari-prasad-gajurel/Our_control/leg_control/build/osl_motor/build --no-deps symlink_data
[3.074s] INFO:colcon.colcon_core.shell:Creating environment descriptor '/home/hari-prasad-gajurel/Our_control/leg_control/build/osl_motor/share/osl_motor/hook/pythonpath_develop.dsv'
[3.075s] INFO:colcon.colcon_core.shell:Creating environment hook '/home/hari-prasad-gajurel/Our_control/leg_control/build/osl_motor/share/osl_motor/hook/pythonpath_develop.sh'
[3.077s] Level 1:colcon.colcon_core.environment:checking '/home/hari-prasad-gajurel/Our_control/leg_control/install/osl_motor' for CMake module files
[3.078s] Level 1:colcon.colcon_core.environment:checking '/home/hari-prasad-gajurel/Our_control/leg_control/install/osl_motor' for CMake config files
[3.079s] Level 1:colcon.colcon_core.environment:checking '/home/hari-prasad-gajurel/Our_control/leg_control/install/osl_motor/lib'
[3.080s] Level 1:colcon.colcon_core.environment:checking '/home/hari-prasad-gajurel/Our_control/leg_control/install/osl_motor/bin'
[3.080s] Level 1:colcon.colcon_core.environment:checking '/home/hari-prasad-gajurel/Our_control/leg_control/install/osl_motor/lib/pkgconfig/osl_motor.pc'
[3.080s] Level 1:colcon.colcon_core.environment:checking '/home/hari-prasad-gajurel/Our_control/leg_control/install/osl_motor/lib/python3.12/site-packages'
[3.081s] Level 1:colcon.colcon_core.shell:create_environment_hook('osl_motor', 'pythonpath')
[3.081s] INFO:colcon.colcon_core.shell:Creating environment hook '/home/hari-prasad-gajurel/Our_control/leg_control/install/osl_motor/share/osl_motor/hook/pythonpath.ps1'
[3.083s] INFO:colcon.colcon_core.shell:Creating environment descriptor '/home/hari-prasad-gajurel/Our_control/leg_control/install/osl_motor/share/osl_motor/hook/pythonpath.dsv'
[3.084s] INFO:colcon.colcon_core.shell:Creating environment hook '/home/hari-prasad-gajurel/Our_control/leg_control/install/osl_motor/share/osl_motor/hook/pythonpath.sh'
[3.086s] Level 1:colcon.colcon_core.environment:checking '/home/hari-prasad-gajurel/Our_control/leg_control/install/osl_motor/bin'
[3.086s] Level 1:colcon.colcon_core.environment:create_environment_scripts_only(osl_motor)
[3.087s] INFO:colcon.colcon_core.shell:Creating package script '/home/hari-prasad-gajurel/Our_control/leg_control/install/osl_motor/share/osl_motor/package.ps1'
[3.089s] INFO:colcon.colcon_core.shell:Creating package descriptor '/home/hari-prasad-gajurel/Our_control/leg_control/install/osl_motor/share/osl_motor/package.dsv'
[3.091s] INFO:colcon.colcon_core.shell:Creating package script '/home/hari-prasad-gajurel/Our_control/leg_control/install/osl_motor/share/osl_motor/package.sh'
[3.092s] INFO:colcon.colcon_core.shell:Creating package script '/home/hari-prasad-gajurel/Our_control/leg_control/install/osl_motor/share/osl_motor/package.bash'
[3.093s] INFO:colcon.colcon_core.shell:Creating package script '/home/hari-prasad-gajurel/Our_control/leg_control/install/osl_motor/share/osl_motor/package.zsh'
[3.094s] Level 1:colcon.colcon_core.environment:create_file_with_runtime_dependencies(/home/hari-prasad-gajurel/Our_control/leg_control/install/osl_motor/share/colcon-core/packages/osl_motor)
[3.095s] INFO:colcon.colcon_ros.task.ament_python.build:Building ROS package in '/home/hari-prasad-gajurel/Our_control/leg_control/src/ros2_jazzy' with build type 'ament_python'
[3.095s] Level 1:colcon.colcon_core.shell:create_environment_hook('ros2_jazzy', 'ament_prefix_path')
[3.096s] INFO:colcon.colcon_core.shell:Creating environment hook '/home/hari-prasad-gajurel/Our_control/leg_control/install/ros2_jazzy/share/ros2_jazzy/hook/ament_prefix_path.ps1'
[3.098s] INFO:colcon.colcon_core.shell:Creating environment descriptor '/home/hari-prasad-gajurel/Our_control/leg_control/install/ros2_jazzy/share/ros2_jazzy/hook/ament_prefix_path.dsv'
[3.099s] INFO:colcon.colcon_core.shell:Creating environment hook '/home/hari-prasad-gajurel/Our_control/leg_control/install/ros2_jazzy/share/ros2_jazzy/hook/ament_prefix_path.sh'
[3.101s] INFO:colcon.colcon_core.shell:Skip shell extension 'powershell' for command environment: Not usable outside of PowerShell
[3.101s] DEBUG:colcon.colcon_core.shell:Skip shell extension 'dsv' for command environment
[3.472s] INFO:colcon.colcon_core.task.python.build:Building Python package in '/home/hari-prasad-gajurel/Our_control/leg_control/src/ros2_jazzy'
[3.473s] INFO:colcon.colcon_core.shell:Skip shell extension 'powershell' for command environment: Not usable outside of PowerShell
[3.473s] DEBUG:colcon.colcon_core.shell:Skip shell extension 'dsv' for command environment
[4.410s] DEBUG:colcon.colcon_core.event_handler.log_command:Invoking command in '/home/hari-prasad-gajurel/Our_control/leg_control/build/ros2_jazzy': AMENT_PREFIX_PATH=/home/hari-prasad-gajurel/Our_control/leg_control/install/osl_motor:/home/hari-prasad-gajurel/Our_control/leg_control/install/ros2_jazzy:/home/hari-prasad-gajurel/Our_control/leg_control/install/pid_tune:/opt/ros/jazzy DEBUGINFOD_URLS=https://debuginfod.ubuntu.com PYTHONPATH=/home/hari-prasad-gajurel/Our_control/leg_control/build/ros2_jazzy/prefix_override:/usr/lib/python3/dist-packages/colcon_core/task/python/colcon_distutils_commands:/home/hari-prasad-gajurel/Our_control/leg_control/install/ros2_jazzy/lib/python3.12/site-packages:/home/hari-prasad-gajurel/Our_control/leg_control/install/pid_tune/lib/python3.12/site-packages:/home/hari-prasad-gajurel/Our_control/leg_control/build/osl_motor:/home/hari-prasad-gajurel/Our_control/leg_control/install/osl_motor/lib/python3.12/site-packages:/home/hari-prasad-gajurel/Our_control/leg_control/build/ros2_jazzy:/home/hari-prasad-gajurel/Our_control/leg_control/install/ros2_jazzy/lib/python3.12/site-packages:/opt/ros/jazzy/lib/python3.12/site-packages /usr/bin/python3 -W ignore:setup.py install is deprecated -W ignore:easy_install command is deprecated setup.py develop --editable --build-directory /home/hari-prasad-gajurel/Our_control/leg_control/build/ros2_jazzy/build --no-deps symlink_data
[5.486s] Level 1:colcon.colcon_core.shell:create_environment_hook('ros2_jazzy', 'pythonpath_develop')
[5.487s] INFO:colcon.colcon_core.shell:Creating environment hook '/home/hari-prasad-gajurel/Our_control/leg_control/build/ros2_jazzy/share/ros2_jazzy/hook/pythonpath_develop.ps1'
[5.488s] DEBUG:colcon.colcon_core.event_handler.log_command:Invoked command in '/home/hari-prasad-gajurel/Our_control/leg_control/build/ros2_jazzy' returned '0': AMENT_PREFIX_PATH=/home/hari-prasad-gajurel/Our_control/leg_control/install/osl_motor:/home/hari-prasad-gajurel/Our_control/leg_control/install/ros2_jazzy:/home/hari-prasad-gajurel/Our_control/leg_control/install/pid_tune:/opt/ros/jazzy DEBUGINFOD_URLS=https://debuginfod.ubuntu.com PYTHONPATH=/home/hari-prasad-gajurel/Our_control/leg_control/build/ros2_jazzy/prefix_override:/usr/lib/python3/dist-packages/colcon_core/task/python/colcon_distutils_commands:/home/hari-prasad-gajurel/Our_control/leg_control/install/ros2_jazzy/lib/python3.12/site-packages:/home/hari-prasad-gajurel/Our_control/leg_control/install/pid_tune/lib/python3.12/site-packages:/home/hari-prasad-gajurel/Our_control/leg_control/build/osl_motor:/home/hari-prasad-gajurel/Our_control/leg_control/install/osl_motor/lib/python3.12/site-packages:/home/hari-prasad-gajurel/Our_control/leg_control/build/ros2_jazzy:/home/hari-prasad-gajurel/Our_control/leg_control/install/ros2_jazzy/lib/python3.12/site-packages:/opt/ros/jazzy/lib/python3.12/site-packages /usr/bin/python3 -W ignore:setup.py install is deprecated -W ignore:easy_install command is deprecated setup.py develop --editable --build-directory /home/hari-prasad-gajurel/Our_control/leg_control/build/ros2_jazzy/build --no-deps symlink_data
[5.490s] INFO:colcon.colcon_core.shell:Creating environment descriptor '/home/hari-prasad-gajurel/Our_control/leg_control/build/ros2_jazzy/share/ros2_jazzy/hook/pythonpath_develop.dsv'
[5.491s] INFO:colcon.colcon_core.shell:Creating environment hook '/home/hari-prasad-gajurel/Our_control/leg_control/build/ros2_jazzy/share/ros2_jazzy/hook/pythonpath_develop.sh'
[5.493s] Level 1:colcon.colcon_core.environment:checking '/home/hari-prasad-gajurel/Our_control/leg_control/install/ros2_jazzy' for CMake module files
[5.495s] Level 1:colcon.colcon_core.environment:checking '/home/hari-prasad-gajurel/Our_control/leg_control/install/ros2_jazzy' for CMake config files
[5.498s] Level 1:colcon.colcon_core.environment:checking '/home/hari-prasad-gajurel/Our_control/leg_control/install/ros2_jazzy/lib'
[5.499s] Level 1:colcon.colcon_core.environment:checking '/home/hari-prasad-gajurel/Our_control/leg_control/install/ros2_jazzy/bin'
[5.499s] Level 1:colcon.colcon_core.environment:checking '/home/hari-prasad-gajurel/Our_control/leg_control/install/ros2_jazzy/lib/pkgconfig/ros2_jazzy.pc'
[5.500s] Level 1:colcon.colcon_core.environment:checking '/home/hari-prasad-gajurel/Our_control/leg_control/install/ros2_jazzy/lib/python3.12/site-packages'
[5.500s] Level 1:colcon.colcon_core.shell:create_environment_hook('ros2_jazzy', 'pythonpath')
[5.501s] INFO:colcon.colcon_core.shell:Creating environment hook '/home/hari-prasad-gajurel/Our_control/leg_control/install/ros2_jazzy/share/ros2_jazzy/hook/pythonpath.ps1'
[5.502s] INFO:colcon.colcon_core.shell:Creating environment descriptor '/home/hari-prasad-gajurel/Our_control/leg_control/install/ros2_jazzy/share/ros2_jazzy/hook/pythonpath.dsv'
[5.504s] INFO:colcon.colcon_core.shell:Creating environment hook '/home/hari-prasad-gajurel/Our_control/leg_control/install/ros2_jazzy/share/ros2_jazzy/hook/pythonpath.sh'
[5.506s] Level 1:colcon.colcon_core.environment:checking '/home/hari-prasad-gajurel/Our_control/leg_control/install/ros2_jazzy/bin'
[5.506s] Level 1:colcon.colcon_core.environment:create_environment_scripts_only(ros2_jazzy)
[5.507s] INFO:colcon.colcon_core.shell:Creating package script '/home/hari-prasad-gajurel/Our_control/leg_control/install/ros2_jazzy/share/ros2_jazzy/package.ps1'
[5.510s] INFO:colcon.colcon_core.shell:Creating package descriptor '/home/hari-prasad-gajurel/Our_control/leg_control/install/ros2_jazzy/share/ros2_jazzy/package.dsv'
[5.512s] INFO:colcon.colcon_core.shell:Creating package script '/home/hari-prasad-gajurel/Our_control/leg_control/install/ros2_jazzy/share/ros2_jazzy/package.sh'
[5.514s] INFO:colcon.colcon_core.shell:Creating package script '/home/hari-prasad-gajurel/Our_control/leg_control/install/ros2_jazzy/share/ros2_jazzy/package.bash'
[5.515s] INFO:colcon.colcon_core.shell:Creating package script '/home/hari-prasad-gajurel/Our_control/leg_control/install/ros2_jazzy/share/ros2_jazzy/package.zsh'
[5.516s] Level 1:colcon.colcon_core.environment:create_file_with_runtime_dependencies(/home/hari-prasad-gajurel/Our_control/leg_control/install/ros2_jazzy/share/colcon-core/packages/ros2_jazzy)
[5.517s] DEBUG:colcon.colcon_parallel_executor.executor.parallel:closing loop
[5.519s] DEBUG:colcon.colcon_parallel_executor.executor.parallel:loop closed
[5.519s] DEBUG:colcon.colcon_parallel_executor.executor.parallel:run_until_complete finished with '0'
[5.519s] DEBUG:colcon.colcon_core.event_reactor:joining thread
[5.535s] INFO:colcon.colcon_core.plugin_system:Skipping extension 'colcon_notification.desktop_notification.terminal_notifier': Not used on non-Darwin systems
[5.535s] INFO:colcon.colcon_core.plugin_system:Skipping extension 'colcon_notification.desktop_notification.win32': Not used on non-Windows systems
[5.535s] INFO:colcon.colcon_notification.desktop_notification:Sending desktop notification using 'notify2'
[5.579s] DEBUG:colcon.colcon_core.event_reactor:joined thread
[5.580s] INFO:colcon.colcon_core.shell:Creating prefix script '/home/hari-prasad-gajurel/Our_control/leg_control/install/local_setup.ps1'
[5.582s] INFO:colcon.colcon_core.shell:Creating prefix util module '/home/hari-prasad-gajurel/Our_control/leg_control/install/_local_setup_util_ps1.py'
[5.585s] INFO:colcon.colcon_core.shell:Creating prefix chain script '/home/hari-prasad-gajurel/Our_control/leg_control/install/setup.ps1'
[5.587s] INFO:colcon.colcon_core.shell:Creating prefix script '/home/hari-prasad-gajurel/Our_control/leg_control/install/local_setup.sh'
[5.588s] INFO:colcon.colcon_core.shell:Creating prefix util module '/home/hari-prasad-gajurel/Our_control/leg_control/install/_local_setup_util_sh.py'
[5.589s] INFO:colcon.colcon_core.shell:Creating prefix chain script '/home/hari-prasad-gajurel/Our_control/leg_control/install/setup.sh'
[5.591s] INFO:colcon.colcon_core.shell:Creating prefix script '/home/hari-prasad-gajurel/Our_control/leg_control/install/local_setup.bash'
[5.592s] INFO:colcon.colcon_core.shell:Creating prefix chain script '/home/hari-prasad-gajurel/Our_control/leg_control/install/setup.bash'
[5.594s] INFO:colcon.colcon_core.shell:Creating prefix script '/home/hari-prasad-gajurel/Our_control/leg_control/install/local_setup.zsh'
[5.595s] INFO:colcon.colcon_core.shell:Creating prefix chain script '/home/hari-prasad-gajurel/Our_control/leg_control/install/setup.zsh'
