-- The C compiler identification is GNU 13.3.0
-- The CXX compiler identification is GNU 13.3.0
-- Detecting C compiler ABI info
-- Detecting C compiler ABI info - done
-- Check for working C compiler: /usr/bin/cc - skipped
-- Detecting C compile features
-- Detecting C compile features - done
-- Detecting CXX compiler ABI info
-- Detecting CXX compiler ABI info - done
-- Check for working CXX compiler: /usr/bin/c++ - skipped
-- Detecting CXX compile features
-- Detecting CXX compile features - done
-- Found ament_cmake: 2.5.4 (/opt/ros/jazzy/share/ament_cmake/cmake)
-- Found Python3: /usr/bin/python3 (found version "3.12.3") found components: Interpreter 
-- Override CMake install command with custom implementation using symlinks instead of copying resources
-- Found rosidl_default_generators: 1.6.0 (/opt/ros/jazzy/share/rosidl_default_generators/cmake)
-- Using all available rosidl_typesupport_c: rosidl_typesupport_fastrtps_c;rosidl_typesupport_introspection_c
-- Using all available rosidl_typesupport_cpp: rosidl_typesupport_fastrtps_cpp;rosidl_typesupport_introspection_cpp
-- Found rosidl_adapter: 4.6.6 (/opt/ros/jazzy/share/rosidl_adapter/cmake)
-- Found ament_cmake_ros: 0.12.0 (/opt/ros/jazzy/share/ament_cmake_ros/cmake)
-- Using all available rosidl_typesupport_c: rosidl_typesupport_fastrtps_c;rosidl_typesupport_introspection_c
-- Using all available rosidl_typesupport_cpp: rosidl_typesupport_fastrtps_cpp;rosidl_typesupport_introspection_cpp
-- Found python_cmake_module: 0.11.1 (/opt/ros/jazzy/share/python_cmake_module/cmake)
-- Found PythonExtra: /usr/bin/python3  
-- Found Python3: /usr/bin/python3 (found version "3.12.3") found components: Interpreter Development NumPy Development.Module Development.Embed 
-- Found ament_lint_auto: 0.17.3 (/opt/ros/jazzy/share/ament_lint_auto/cmake)
-- Added test 'lint_cmake' to check CMake code style
-- Added test 'xmllint' to check XML markup files
-- Configuring done (5.8s)
-- Generating done (0.0s)
-- Build files have been written to: /home/hari-prasad-gajurel/Our_control/leg_control/build/pid_tune
[  2%] Generating type hashes for ROS interfaces
[  2%] Built target ament_cmake_python_symlink_pid_tune
[  2%] Built target pid_tune_msg__rosidl_generator_type_description
[  5%] Generating C code for ROS interfaces
[  8%] Generating C++ code for ROS interfaces
running egg_info
creating pid_tune.egg-info
writing pid_tune.egg-info/PKG-INFO
writing dependency_links to pid_tune.egg-info/dependency_links.txt
writing top-level names to pid_tune.egg-info/top_level.txt
writing manifest file 'pid_tune.egg-info/SOURCES.txt'
reading manifest file 'pid_tune.egg-info/SOURCES.txt'
writing manifest file 'pid_tune.egg-info/SOURCES.txt'
[  8%] Built target ament_cmake_python_build_pid_tune_egg
[  8%] Built target pid_tune_msg__cpp
[ 11%] Building C object CMakeFiles/pid_tune_msg__rosidl_generator_c.dir/rosidl_generator_c/pid_tune/msg/detail/pid_tune__type_support.c.o
[ 14%] Building C object CMakeFiles/pid_tune_msg__rosidl_generator_c.dir/rosidl_generator_c/pid_tune/msg/detail/pid_tune__functions.c.o
[ 17%] Building C object CMakeFiles/pid_tune_msg__rosidl_generator_c.dir/rosidl_generator_c/pid_tune/msg/detail/pid_tune__description.c.o
[ 20%] Linking C shared library libpid_tune__rosidl_generator_c.so
[ 20%] Built target pid_tune_msg__rosidl_generator_c
[ 29%] Generating C++ type support for eProsima Fast-RTPS
[ 29%] Generating C introspection for ROS interfaces
[ 29%] Generating C type support for eProsima Fast-RTPS
[ 32%] Generating C++ type support dispatch for ROS interfaces
[ 35%] Generating C type support dispatch for ROS interfaces
[ 38%] Generating C++ introspection for ROS interfaces
[ 41%] Building CXX object CMakeFiles/pid_tune_msg__rosidl_typesupport_c.dir/rosidl_typesupport_c/pid_tune/msg/pid_tune__type_support.cpp.o
[ 47%] Building CXX object CMakeFiles/pid_tune_msg__rosidl_typesupport_introspection_cpp.dir/rosidl_typesupport_introspection_cpp/pid_tune/msg/detail/pid_tune__type_support.cpp.o
[ 47%] Building CXX object CMakeFiles/pid_tune_msg__rosidl_typesupport_cpp.dir/rosidl_typesupport_cpp/pid_tune/msg/pid_tune__type_support.cpp.o
[ 50%] Building C object CMakeFiles/pid_tune_msg__rosidl_typesupport_introspection_c.dir/rosidl_typesupport_introspection_c/pid_tune/msg/detail/pid_tune__type_support.c.o
[ 52%] Building CXX object CMakeFiles/pid_tune_msg__rosidl_typesupport_fastrtps_c.dir/rosidl_typesupport_fastrtps_c/pid_tune/msg/detail/pid_tune__type_support_c.cpp.o
[ 55%] Building CXX object CMakeFiles/pid_tune_msg__rosidl_typesupport_fastrtps_cpp.dir/rosidl_typesupport_fastrtps_cpp/pid_tune/msg/detail/dds_fastrtps/pid_tune__type_support.cpp.o
[ 58%] Linking CXX shared library libpid_tune__rosidl_typesupport_c.so
[ 61%] Linking C shared library libpid_tune__rosidl_typesupport_introspection_c.so
[ 61%] Built target pid_tune_msg__rosidl_typesupport_c
[ 61%] Built target pid_tune_msg__rosidl_typesupport_introspection_c
[ 64%] Linking CXX shared library libpid_tune__rosidl_typesupport_cpp.so
[ 64%] Built target pid_tune_msg__rosidl_typesupport_cpp
[ 67%] Linking CXX shared library libpid_tune__rosidl_typesupport_introspection_cpp.so
[ 67%] Built target pid_tune_msg__rosidl_typesupport_introspection_cpp
[ 70%] Linking CXX shared library libpid_tune__rosidl_typesupport_fastrtps_cpp.so
[ 73%] Linking CXX shared library libpid_tune__rosidl_typesupport_fastrtps_c.so
[ 73%] Built target pid_tune_msg__rosidl_typesupport_fastrtps_cpp
[ 73%] Built target pid_tune_msg__rosidl_typesupport_fastrtps_c
[ 73%] Built target pid_tune_msg
[ 76%] Generating Python code for ROS interfaces
[ 76%] Built target pid_tune_msg__py
[ 79%] Building C object CMakeFiles/pid_tune_msg__rosidl_generator_py.dir/rosidl_generator_py/pid_tune/msg/_pid_tune_s.c.o
[ 82%] Linking C shared library libpid_tune_msg__rosidl_generator_py.so
[ 82%] Built target pid_tune_msg__rosidl_generator_py
[ 88%] Building C object CMakeFiles/pid_tune_s__rosidl_typesupport_c.dir/rosidl_generator_py/pid_tune/_pid_tune_s.ep.rosidl_typesupport_c.c.o
[ 88%] Building C object CMakeFiles/pid_tune_s__rosidl_typesupport_fastrtps_c.dir/rosidl_generator_py/pid_tune/_pid_tune_s.ep.rosidl_typesupport_fastrtps_c.c.o
[ 91%] Building C object CMakeFiles/pid_tune_s__rosidl_typesupport_introspection_c.dir/rosidl_generator_py/pid_tune/_pid_tune_s.ep.rosidl_typesupport_introspection_c.c.o
[ 94%] Linking C shared module rosidl_generator_py/pid_tune/pid_tune_s__rosidl_typesupport_c.so
[ 97%] Linking C shared module rosidl_generator_py/pid_tune/pid_tune_s__rosidl_typesupport_fastrtps_c.so
[100%] Linking C shared module rosidl_generator_py/pid_tune/pid_tune_s__rosidl_typesupport_introspection_c.so
[100%] Built target pid_tune_s__rosidl_typesupport_c
[100%] Built target pid_tune_s__rosidl_typesupport_fastrtps_c
[100%] Built target pid_tune_s__rosidl_typesupport_introspection_c
-- Install configuration: ""
-- Execute custom install script
-- Symlinking: /home/hari-prasad-gajurel/Our_control/leg_control/install/pid_tune/share/ament_index/resource_index/rosidl_interfaces/pid_tune
-- Symlinking: /home/hari-prasad-gajurel/Our_control/leg_control/install/pid_tune/share/pid_tune/msg/PidTune.json
-- Symlinking: /home/hari-prasad-gajurel/Our_control/leg_control/install/pid_tune/include/pid_tune/pid_tune/msg/detail/pid_tune__functions.h
-- Symlinking: /home/hari-prasad-gajurel/Our_control/leg_control/install/pid_tune/include/pid_tune/pid_tune/msg/detail/pid_tune__struct.h
-- Symlinking: /home/hari-prasad-gajurel/Our_control/leg_control/install/pid_tune/include/pid_tune/pid_tune/msg/detail/pid_tune__type_support.h
-- Symlinking: /home/hari-prasad-gajurel/Our_control/leg_control/install/pid_tune/include/pid_tune/pid_tune/msg/pid_tune.h
-- Symlinking: /home/hari-prasad-gajurel/Our_control/leg_control/install/pid_tune/include/pid_tune/pid_tune/msg/rosidl_generator_c__visibility_control.h
-- Symlinking: /home/hari-prasad-gajurel/Our_control/leg_control/install/pid_tune/share/pid_tune/environment/library_path.sh
-- Symlinking: /home/hari-prasad-gajurel/Our_control/leg_control/install/pid_tune/share/pid_tune/environment/library_path.dsv
-- Symlinking: /home/hari-prasad-gajurel/Our_control/leg_control/install/pid_tune/include/pid_tune/pid_tune/msg/detail/pid_tune__rosidl_typesupport_fastrtps_c.h
-- Symlinking: /home/hari-prasad-gajurel/Our_control/leg_control/install/pid_tune/include/pid_tune/pid_tune/msg/rosidl_typesupport_fastrtps_c__visibility_control.h
-- Symlinking: /home/hari-prasad-gajurel/Our_control/leg_control/install/pid_tune/include/pid_tune/pid_tune/msg/detail/pid_tune__rosidl_typesupport_introspection_c.h
-- Symlinking: /home/hari-prasad-gajurel/Our_control/leg_control/install/pid_tune/include/pid_tune/pid_tune/msg/rosidl_typesupport_introspection_c__visibility_control.h
-- Symlinking: /home/hari-prasad-gajurel/Our_control/leg_control/install/pid_tune/include/pid_tune/pid_tune/msg/detail/pid_tune__builder.hpp
-- Symlinking: /home/hari-prasad-gajurel/Our_control/leg_control/install/pid_tune/include/pid_tune/pid_tune/msg/detail/pid_tune__struct.hpp
-- Symlinking: /home/hari-prasad-gajurel/Our_control/leg_control/install/pid_tune/include/pid_tune/pid_tune/msg/detail/pid_tune__traits.hpp
-- Symlinking: /home/hari-prasad-gajurel/Our_control/leg_control/install/pid_tune/include/pid_tune/pid_tune/msg/detail/pid_tune__type_support.hpp
-- Symlinking: /home/hari-prasad-gajurel/Our_control/leg_control/install/pid_tune/include/pid_tune/pid_tune/msg/pid_tune.hpp
-- Symlinking: /home/hari-prasad-gajurel/Our_control/leg_control/install/pid_tune/include/pid_tune/pid_tune/msg/rosidl_generator_cpp__visibility_control.hpp
-- Symlinking: /home/hari-prasad-gajurel/Our_control/leg_control/install/pid_tune/include/pid_tune/pid_tune/msg/detail/pid_tune__rosidl_typesupport_fastrtps_cpp.hpp
-- Symlinking: /home/hari-prasad-gajurel/Our_control/leg_control/install/pid_tune/include/pid_tune/pid_tune/msg/rosidl_typesupport_fastrtps_cpp__visibility_control.h
-- Symlinking: /home/hari-prasad-gajurel/Our_control/leg_control/install/pid_tune/include/pid_tune/pid_tune/msg/detail/pid_tune__rosidl_typesupport_introspection_cpp.hpp
-- Symlinking: /home/hari-prasad-gajurel/Our_control/leg_control/install/pid_tune/share/pid_tune/environment/pythonpath.sh
-- Symlinking: /home/hari-prasad-gajurel/Our_control/leg_control/install/pid_tune/share/pid_tune/environment/pythonpath.dsv
-- Symlinking: /home/hari-prasad-gajurel/Our_control/leg_control/install/pid_tune/lib/python3.12/site-packages/pid_tune-0.0.0-py3.12.egg-info/PKG-INFO
-- Symlinking: /home/hari-prasad-gajurel/Our_control/leg_control/install/pid_tune/lib/python3.12/site-packages/pid_tune-0.0.0-py3.12.egg-info/SOURCES.txt
-- Symlinking: /home/hari-prasad-gajurel/Our_control/leg_control/install/pid_tune/lib/python3.12/site-packages/pid_tune-0.0.0-py3.12.egg-info/dependency_links.txt
-- Symlinking: /home/hari-prasad-gajurel/Our_control/leg_control/install/pid_tune/lib/python3.12/site-packages/pid_tune-0.0.0-py3.12.egg-info/top_level.txt
-- Symlinking: /home/hari-prasad-gajurel/Our_control/leg_control/install/pid_tune/lib/python3.12/site-packages/pid_tune/__init__.py
-- Symlinking: /home/hari-prasad-gajurel/Our_control/leg_control/install/pid_tune/lib/python3.12/site-packages/pid_tune/_pid_tune_s.ep.rosidl_typesupport_c.c
-- Symlinking: /home/hari-prasad-gajurel/Our_control/leg_control/install/pid_tune/lib/python3.12/site-packages/pid_tune/_pid_tune_s.ep.rosidl_typesupport_fastrtps_c.c
-- Symlinking: /home/hari-prasad-gajurel/Our_control/leg_control/install/pid_tune/lib/python3.12/site-packages/pid_tune/_pid_tune_s.ep.rosidl_typesupport_introspection_c.c
-- Symlinking: /home/hari-prasad-gajurel/Our_control/leg_control/install/pid_tune/lib/python3.12/site-packages/pid_tune/msg/__init__.py
-- Symlinking: /home/hari-prasad-gajurel/Our_control/leg_control/install/pid_tune/lib/python3.12/site-packages/pid_tune/msg/_pid_tune.py
-- Symlinking: /home/hari-prasad-gajurel/Our_control/leg_control/install/pid_tune/lib/python3.12/site-packages/pid_tune/msg/_pid_tune_s.c
-- Symlinking: /home/hari-prasad-gajurel/Our_control/leg_control/install/pid_tune/lib/python3.12/site-packages/pid_tune/pid_tune_s__rosidl_typesupport_c.so
-- Symlinking: /home/hari-prasad-gajurel/Our_control/leg_control/install/pid_tune/lib/python3.12/site-packages/pid_tune/pid_tune_s__rosidl_typesupport_fastrtps_c.so
-- Symlinking: /home/hari-prasad-gajurel/Our_control/leg_control/install/pid_tune/lib/python3.12/site-packages/pid_tune/pid_tune_s__rosidl_typesupport_introspection_c.so
-- Up-to-date symlink: /home/hari-prasad-gajurel/Our_control/leg_control/install/pid_tune/lib/python3.12/site-packages/pid_tune/pid_tune_s__rosidl_typesupport_fastrtps_c.so
-- Up-to-date symlink: /home/hari-prasad-gajurel/Our_control/leg_control/install/pid_tune/lib/python3.12/site-packages/pid_tune/pid_tune_s__rosidl_typesupport_introspection_c.so
-- Up-to-date symlink: /home/hari-prasad-gajurel/Our_control/leg_control/install/pid_tune/lib/python3.12/site-packages/pid_tune/pid_tune_s__rosidl_typesupport_c.so
-- Symlinking: /home/hari-prasad-gajurel/Our_control/leg_control/install/pid_tune/share/pid_tune/msg/PidTune.idl
-- Symlinking: /home/hari-prasad-gajurel/Our_control/leg_control/install/pid_tune/share/pid_tune/msg/PidTune.msg
-- Symlinking: /home/hari-prasad-gajurel/Our_control/leg_control/install/pid_tune/share/ament_index/resource_index/package_run_dependencies/pid_tune
-- Symlinking: /home/hari-prasad-gajurel/Our_control/leg_control/install/pid_tune/share/ament_index/resource_index/parent_prefix_path/pid_tune
-- Symlinking: /home/hari-prasad-gajurel/Our_control/leg_control/install/pid_tune/share/pid_tune/environment/ament_prefix_path.sh
-- Symlinking: /home/hari-prasad-gajurel/Our_control/leg_control/install/pid_tune/share/pid_tune/environment/ament_prefix_path.dsv
-- Symlinking: /home/hari-prasad-gajurel/Our_control/leg_control/install/pid_tune/share/pid_tune/environment/path.sh
-- Symlinking: /home/hari-prasad-gajurel/Our_control/leg_control/install/pid_tune/share/pid_tune/environment/path.dsv
-- Symlinking: /home/hari-prasad-gajurel/Our_control/leg_control/install/pid_tune/share/pid_tune/local_setup.bash
-- Symlinking: /home/hari-prasad-gajurel/Our_control/leg_control/install/pid_tune/share/pid_tune/local_setup.sh
-- Symlinking: /home/hari-prasad-gajurel/Our_control/leg_control/install/pid_tune/share/pid_tune/local_setup.zsh
-- Symlinking: /home/hari-prasad-gajurel/Our_control/leg_control/install/pid_tune/share/pid_tune/local_setup.dsv
-- Symlinking: /home/hari-prasad-gajurel/Our_control/leg_control/install/pid_tune/share/pid_tune/package.dsv
-- Symlinking: /home/hari-prasad-gajurel/Our_control/leg_control/install/pid_tune/share/ament_index/resource_index/packages/pid_tune
-- Symlinking: /home/hari-prasad-gajurel/Our_control/leg_control/install/pid_tune/share/pid_tune/cmake/rosidl_cmake-extras.cmake
-- Symlinking: /home/hari-prasad-gajurel/Our_control/leg_control/install/pid_tune/share/pid_tune/cmake/ament_cmake_export_include_directories-extras.cmake
-- Symlinking: /home/hari-prasad-gajurel/Our_control/leg_control/install/pid_tune/share/pid_tune/cmake/ament_cmake_export_libraries-extras.cmake
-- Symlinking: /home/hari-prasad-gajurel/Our_control/leg_control/install/pid_tune/share/pid_tune/cmake/ament_cmake_export_targets-extras.cmake
-- Symlinking: /home/hari-prasad-gajurel/Our_control/leg_control/install/pid_tune/share/pid_tune/cmake/rosidl_cmake_export_typesupport_targets-extras.cmake
-- Symlinking: /home/hari-prasad-gajurel/Our_control/leg_control/install/pid_tune/share/pid_tune/cmake/ament_cmake_export_dependencies-extras.cmake
-- Symlinking: /home/hari-prasad-gajurel/Our_control/leg_control/install/pid_tune/share/pid_tune/cmake/rosidl_cmake_export_typesupport_libraries-extras.cmake
-- Symlinking: /home/hari-prasad-gajurel/Our_control/leg_control/install/pid_tune/share/pid_tune/cmake/pid_tuneConfig.cmake
-- Symlinking: /home/hari-prasad-gajurel/Our_control/leg_control/install/pid_tune/share/pid_tune/cmake/pid_tuneConfig-version.cmake
-- Symlinking: /home/hari-prasad-gajurel/Our_control/leg_control/install/pid_tune/share/pid_tune/package.xml
-- Installing: /home/hari-prasad-gajurel/Our_control/leg_control/install/pid_tune/lib/libpid_tune__rosidl_generator_c.so
-- Set non-toolchain portion of runtime path of "/home/hari-prasad-gajurel/Our_control/leg_control/install/pid_tune/lib/libpid_tune__rosidl_generator_c.so" to ""
-- Installing: /home/hari-prasad-gajurel/Our_control/leg_control/install/pid_tune/lib/libpid_tune__rosidl_typesupport_fastrtps_c.so
-- Set non-toolchain portion of runtime path of "/home/hari-prasad-gajurel/Our_control/leg_control/install/pid_tune/lib/libpid_tune__rosidl_typesupport_fastrtps_c.so" to ""
-- Installing: /home/hari-prasad-gajurel/Our_control/leg_control/install/pid_tune/lib/libpid_tune__rosidl_typesupport_introspection_c.so
-- Set non-toolchain portion of runtime path of "/home/hari-prasad-gajurel/Our_control/leg_control/install/pid_tune/lib/libpid_tune__rosidl_typesupport_introspection_c.so" to ""
-- Installing: /home/hari-prasad-gajurel/Our_control/leg_control/install/pid_tune/lib/libpid_tune__rosidl_typesupport_c.so
-- Set non-toolchain portion of runtime path of "/home/hari-prasad-gajurel/Our_control/leg_control/install/pid_tune/lib/libpid_tune__rosidl_typesupport_c.so" to ""
-- Installing: /home/hari-prasad-gajurel/Our_control/leg_control/install/pid_tune/lib/libpid_tune__rosidl_typesupport_fastrtps_cpp.so
-- Set non-toolchain portion of runtime path of "/home/hari-prasad-gajurel/Our_control/leg_control/install/pid_tune/lib/libpid_tune__rosidl_typesupport_fastrtps_cpp.so" to ""
-- Installing: /home/hari-prasad-gajurel/Our_control/leg_control/install/pid_tune/lib/libpid_tune__rosidl_typesupport_introspection_cpp.so
-- Set non-toolchain portion of runtime path of "/home/hari-prasad-gajurel/Our_control/leg_control/install/pid_tune/lib/libpid_tune__rosidl_typesupport_introspection_cpp.so" to ""
-- Installing: /home/hari-prasad-gajurel/Our_control/leg_control/install/pid_tune/lib/libpid_tune__rosidl_typesupport_cpp.so
-- Set non-toolchain portion of runtime path of "/home/hari-prasad-gajurel/Our_control/leg_control/install/pid_tune/lib/libpid_tune__rosidl_typesupport_cpp.so" to ""
Listing '/home/hari-prasad-gajurel/Our_control/leg_control/install/pid_tune/lib/python3.12/site-packages/pid_tune'...
Compiling '/home/hari-prasad-gajurel/Our_control/leg_control/install/pid_tune/lib/python3.12/site-packages/pid_tune/__init__.py'...
Listing '/home/hari-prasad-gajurel/Our_control/leg_control/install/pid_tune/lib/python3.12/site-packages/pid_tune/msg'...
Compiling '/home/hari-prasad-gajurel/Our_control/leg_control/install/pid_tune/lib/python3.12/site-packages/pid_tune/msg/__init__.py'...
Compiling '/home/hari-prasad-gajurel/Our_control/leg_control/install/pid_tune/lib/python3.12/site-packages/pid_tune/msg/_pid_tune.py'...
-- Installing: /home/hari-prasad-gajurel/Our_control/leg_control/install/pid_tune/lib/libpid_tune_msg__rosidl_generator_py.so
-- Set non-toolchain portion of runtime path of "/home/hari-prasad-gajurel/Our_control/leg_control/install/pid_tune/lib/libpid_tune_msg__rosidl_generator_py.so" to ""
-- Installing: /home/hari-prasad-gajurel/Our_control/leg_control/install/pid_tune/share/pid_tune/cmake/export_pid_tune_msg__rosidl_generator_cExport.cmake
-- Installing: /home/hari-prasad-gajurel/Our_control/leg_control/install/pid_tune/share/pid_tune/cmake/export_pid_tune_msg__rosidl_generator_cExport-noconfig.cmake
-- Installing: /home/hari-prasad-gajurel/Our_control/leg_control/install/pid_tune/share/pid_tune/cmake/export_pid_tune_msg__rosidl_typesupport_fastrtps_cExport.cmake
-- Installing: /home/hari-prasad-gajurel/Our_control/leg_control/install/pid_tune/share/pid_tune/cmake/export_pid_tune_msg__rosidl_typesupport_fastrtps_cExport-noconfig.cmake
-- Installing: /home/hari-prasad-gajurel/Our_control/leg_control/install/pid_tune/share/pid_tune/cmake/pid_tune_msg__rosidl_typesupport_introspection_cExport.cmake
-- Installing: /home/hari-prasad-gajurel/Our_control/leg_control/install/pid_tune/share/pid_tune/cmake/pid_tune_msg__rosidl_typesupport_introspection_cExport-noconfig.cmake
-- Installing: /home/hari-prasad-gajurel/Our_control/leg_control/install/pid_tune/share/pid_tune/cmake/pid_tune_msg__rosidl_typesupport_cExport.cmake
-- Installing: /home/hari-prasad-gajurel/Our_control/leg_control/install/pid_tune/share/pid_tune/cmake/pid_tune_msg__rosidl_typesupport_cExport-noconfig.cmake
-- Installing: /home/hari-prasad-gajurel/Our_control/leg_control/install/pid_tune/share/pid_tune/cmake/export_pid_tune_msg__rosidl_generator_cppExport.cmake
-- Installing: /home/hari-prasad-gajurel/Our_control/leg_control/install/pid_tune/share/pid_tune/cmake/export_pid_tune_msg__rosidl_typesupport_fastrtps_cppExport.cmake
-- Installing: /home/hari-prasad-gajurel/Our_control/leg_control/install/pid_tune/share/pid_tune/cmake/export_pid_tune_msg__rosidl_typesupport_fastrtps_cppExport-noconfig.cmake
-- Installing: /home/hari-prasad-gajurel/Our_control/leg_control/install/pid_tune/share/pid_tune/cmake/pid_tune_msg__rosidl_typesupport_introspection_cppExport.cmake
-- Installing: /home/hari-prasad-gajurel/Our_control/leg_control/install/pid_tune/share/pid_tune/cmake/pid_tune_msg__rosidl_typesupport_introspection_cppExport-noconfig.cmake
-- Installing: /home/hari-prasad-gajurel/Our_control/leg_control/install/pid_tune/share/pid_tune/cmake/pid_tune_msg__rosidl_typesupport_cppExport.cmake
-- Installing: /home/hari-prasad-gajurel/Our_control/leg_control/install/pid_tune/share/pid_tune/cmake/pid_tune_msg__rosidl_typesupport_cppExport-noconfig.cmake
-- Installing: /home/hari-prasad-gajurel/Our_control/leg_control/install/pid_tune/share/pid_tune/cmake/export_pid_tune_msg__rosidl_generator_pyExport.cmake
-- Installing: /home/hari-prasad-gajurel/Our_control/leg_control/install/pid_tune/share/pid_tune/cmake/export_pid_tune_msg__rosidl_generator_pyExport-noconfig.cmake
