[0.362s] Invoking command in '/home/hari-prasad-gajurel/Our_control/leg_control/build/pid_tune': CMAKE_PREFIX_PATH=${CMAKE_PREFIX_PATH}:/opt/ros/jazzy DEBUGINFOD_URLS=https://debuginfod.ubuntu.com /usr/bin/cmake /home/hari-prasad-gajurel/Our_control/leg_control/src/pid_tune -DAMENT_CMAKE_SYMLINK_INSTALL=1 -DCMAKE_INSTALL_PREFIX=/home/hari-prasad-gajurel/Our_control/leg_control/install/pid_tune
[0.644s] -- The C compiler identification is GNU 13.3.0
[0.854s] -- The CXX compiler identification is GNU 13.3.0
[0.903s] -- Detecting C compiler ABI info
[1.111s] -- Detecting C compiler ABI info - done
[1.128s] -- Check for working C compiler: /usr/bin/cc - skipped
[1.129s] -- Detecting C compile features
[1.130s] -- Detecting C compile features - done
[1.151s] -- Detecting CXX compiler ABI info
[1.358s] -- Detecting CXX compiler ABI info - done
[1.374s] -- Check for working CXX compiler: /usr/bin/c++ - skipped
[1.374s] -- Detecting CXX compile features
[1.375s] -- Detecting CXX compile features - done
[1.403s] -- Found ament_cmake: 2.5.4 (/opt/ros/jazzy/share/ament_cmake/cmake)
[1.686s] -- Found Python3: /usr/bin/python3 (found version "3.12.3") found components: Interpreter 
[1.817s] -- Override CMake install command with custom implementation using symlinks instead of copying resources
[1.944s] -- Found rosidl_default_generators: 1.6.0 (/opt/ros/jazzy/share/rosidl_default_generators/cmake)
[1.960s] -- Using all available rosidl_typesupport_c: rosidl_typesupport_fastrtps_c;rosidl_typesupport_introspection_c
[2.074s] -- Using all available rosidl_typesupport_cpp: rosidl_typesupport_fastrtps_cpp;rosidl_typesupport_introspection_cpp
[2.165s] -- Found rosidl_adapter: 4.6.6 (/opt/ros/jazzy/share/rosidl_adapter/cmake)
[3.222s] -- Found ament_cmake_ros: 0.12.0 (/opt/ros/jazzy/share/ament_cmake_ros/cmake)
[3.974s] -- Using all available rosidl_typesupport_c: rosidl_typesupport_fastrtps_c;rosidl_typesupport_introspection_c
[4.999s] -- Using all available rosidl_typesupport_cpp: rosidl_typesupport_fastrtps_cpp;rosidl_typesupport_introspection_cpp
[5.018s] -- Found python_cmake_module: 0.11.1 (/opt/ros/jazzy/share/python_cmake_module/cmake)
[5.247s] -- Found PythonExtra: /usr/bin/python3  
[5.991s] -- Found Python3: /usr/bin/python3 (found version "3.12.3") found components: Interpreter Development NumPy Development.Module Development.Embed 
[6.084s] -- Found ament_lint_auto: 0.17.3 (/opt/ros/jazzy/share/ament_lint_auto/cmake)
[6.137s] -- Added test 'lint_cmake' to check CMake code style
[6.139s] -- Added test 'xmllint' to check XML markup files
[6.146s] -- Configuring done (5.8s)
[6.200s] -- Generating done (0.0s)
[6.218s] -- Build files have been written to: /home/hari-prasad-gajurel/Our_control/leg_control/build/pid_tune
[6.232s] Invoked command in '/home/hari-prasad-gajurel/Our_control/leg_control/build/pid_tune' returned '0': CMAKE_PREFIX_PATH=${CMAKE_PREFIX_PATH}:/opt/ros/jazzy DEBUGINFOD_URLS=https://debuginfod.ubuntu.com /usr/bin/cmake /home/hari-prasad-gajurel/Our_control/leg_control/src/pid_tune -DAMENT_CMAKE_SYMLINK_INSTALL=1 -DCMAKE_INSTALL_PREFIX=/home/hari-prasad-gajurel/Our_control/leg_control/install/pid_tune
[6.234s] Invoking command in '/home/hari-prasad-gajurel/Our_control/leg_control/build/pid_tune': CMAKE_PREFIX_PATH=${CMAKE_PREFIX_PATH}:/opt/ros/jazzy DEBUGINFOD_URLS=https://debuginfod.ubuntu.com /usr/bin/cmake --build /home/hari-prasad-gajurel/Our_control/leg_control/build/pid_tune -- -j8 -l8
[6.337s] [  2%] Generating type hashes for ROS interfaces
[6.355s] [  2%] Built target ament_cmake_python_symlink_pid_tune
[6.681s] [  2%] Built target pid_tune_msg__rosidl_generator_type_description
[6.701s] [  5%] Generating C code for ROS interfaces
[6.722s] [  8%] Generating C++ code for ROS interfaces
[6.726s] running egg_info
[6.728s] creating pid_tune.egg-info
[6.763s] writing pid_tune.egg-info/PKG-INFO
[6.764s] writing dependency_links to pid_tune.egg-info/dependency_links.txt
[6.764s] writing top-level names to pid_tune.egg-info/top_level.txt
[6.764s] writing manifest file 'pid_tune.egg-info/SOURCES.txt'
[6.872s] reading manifest file 'pid_tune.egg-info/SOURCES.txt'
[6.875s] writing manifest file 'pid_tune.egg-info/SOURCES.txt'
[6.938s] [  8%] Built target ament_cmake_python_build_pid_tune_egg
[7.117s] [  8%] Built target pid_tune_msg__cpp
[7.168s] [ 11%] Building C object CMakeFiles/pid_tune_msg__rosidl_generator_c.dir/rosidl_generator_c/pid_tune/msg/detail/pid_tune__type_support.c.o
[7.170s] [ 14%] Building C object CMakeFiles/pid_tune_msg__rosidl_generator_c.dir/rosidl_generator_c/pid_tune/msg/detail/pid_tune__functions.c.o
[7.174s] [ 17%] Building C object CMakeFiles/pid_tune_msg__rosidl_generator_c.dir/rosidl_generator_c/pid_tune/msg/detail/pid_tune__description.c.o
[7.278s] [ 20%] Linking C shared library libpid_tune__rosidl_generator_c.so
[7.352s] [ 20%] Built target pid_tune_msg__rosidl_generator_c
[7.377s] [ 29%] Generating C++ type support for eProsima Fast-RTPS
[7.378s] [ 29%] Generating C introspection for ROS interfaces
[7.378s] [ 29%] Generating C type support for eProsima Fast-RTPS
[7.378s] [ 32%] Generating C++ type support dispatch for ROS interfaces
[7.382s] [ 35%] Generating C type support dispatch for ROS interfaces
[7.383s] [ 38%] Generating C++ introspection for ROS interfaces
[7.936s] [ 41%] Building CXX object CMakeFiles/pid_tune_msg__rosidl_typesupport_c.dir/rosidl_typesupport_c/pid_tune/msg/pid_tune__type_support.cpp.o
[7.987s] [ 47%] Building CXX object CMakeFiles/pid_tune_msg__rosidl_typesupport_introspection_cpp.dir/rosidl_typesupport_introspection_cpp/pid_tune/msg/detail/pid_tune__type_support.cpp.o
[7.987s] [ 47%] Building CXX object CMakeFiles/pid_tune_msg__rosidl_typesupport_cpp.dir/rosidl_typesupport_cpp/pid_tune/msg/pid_tune__type_support.cpp.o
[8.035s] [ 50%] Building C object CMakeFiles/pid_tune_msg__rosidl_typesupport_introspection_c.dir/rosidl_typesupport_introspection_c/pid_tune/msg/detail/pid_tune__type_support.c.o
[8.071s] [ 52%] Building CXX object CMakeFiles/pid_tune_msg__rosidl_typesupport_fastrtps_c.dir/rosidl_typesupport_fastrtps_c/pid_tune/msg/detail/pid_tune__type_support_c.cpp.o
[8.073s] [ 55%] Building CXX object CMakeFiles/pid_tune_msg__rosidl_typesupport_fastrtps_cpp.dir/rosidl_typesupport_fastrtps_cpp/pid_tune/msg/detail/dds_fastrtps/pid_tune__type_support.cpp.o
[8.075s] [ 58%] Linking CXX shared library libpid_tune__rosidl_typesupport_c.so
[8.121s] [ 61%] Linking C shared library libpid_tune__rosidl_typesupport_introspection_c.so
[8.186s] [ 61%] Built target pid_tune_msg__rosidl_typesupport_c
[8.217s] [ 61%] Built target pid_tune_msg__rosidl_typesupport_introspection_c
[8.622s] [ 64%] Linking CXX shared library libpid_tune__rosidl_typesupport_cpp.so
[8.728s] [ 64%] Built target pid_tune_msg__rosidl_typesupport_cpp
[8.737s] [ 67%] Linking CXX shared library libpid_tune__rosidl_typesupport_introspection_cpp.so
[8.823s] [ 67%] Built target pid_tune_msg__rosidl_typesupport_introspection_cpp
[8.916s] [ 70%] Linking CXX shared library libpid_tune__rosidl_typesupport_fastrtps_cpp.so
[9.004s] [ 73%] Linking CXX shared library libpid_tune__rosidl_typesupport_fastrtps_c.so
[9.014s] [ 73%] Built target pid_tune_msg__rosidl_typesupport_fastrtps_cpp
[9.085s] [ 73%] Built target pid_tune_msg__rosidl_typesupport_fastrtps_c
[9.129s] [ 73%] Built target pid_tune_msg
[9.181s] [ 76%] Generating Python code for ROS interfaces
[9.588s] [ 76%] Built target pid_tune_msg__py
[9.627s] [ 79%] Building C object CMakeFiles/pid_tune_msg__rosidl_generator_py.dir/rosidl_generator_py/pid_tune/msg/_pid_tune_s.c.o
[9.848s] [ 82%] Linking C shared library libpid_tune_msg__rosidl_generator_py.so
[9.937s] [ 82%] Built target pid_tune_msg__rosidl_generator_py
[9.976s] [ 88%] Building C object CMakeFiles/pid_tune_s__rosidl_typesupport_c.dir/rosidl_generator_py/pid_tune/_pid_tune_s.ep.rosidl_typesupport_c.c.o
[9.977s] [ 88%] Building C object CMakeFiles/pid_tune_s__rosidl_typesupport_fastrtps_c.dir/rosidl_generator_py/pid_tune/_pid_tune_s.ep.rosidl_typesupport_fastrtps_c.c.o
[9.980s] [ 91%] Building C object CMakeFiles/pid_tune_s__rosidl_typesupport_introspection_c.dir/rosidl_generator_py/pid_tune/_pid_tune_s.ep.rosidl_typesupport_introspection_c.c.o
[10.138s] [ 94%] Linking C shared module rosidl_generator_py/pid_tune/pid_tune_s__rosidl_typesupport_c.so
[10.150s] [ 97%] Linking C shared module rosidl_generator_py/pid_tune/pid_tune_s__rosidl_typesupport_fastrtps_c.so
[10.151s] [100%] Linking C shared module rosidl_generator_py/pid_tune/pid_tune_s__rosidl_typesupport_introspection_c.so
[10.204s] [100%] Built target pid_tune_s__rosidl_typesupport_c
[10.214s] [100%] Built target pid_tune_s__rosidl_typesupport_fastrtps_c
[10.215s] [100%] Built target pid_tune_s__rosidl_typesupport_introspection_c
[10.238s] Invoked command in '/home/hari-prasad-gajurel/Our_control/leg_control/build/pid_tune' returned '0': CMAKE_PREFIX_PATH=${CMAKE_PREFIX_PATH}:/opt/ros/jazzy DEBUGINFOD_URLS=https://debuginfod.ubuntu.com /usr/bin/cmake --build /home/hari-prasad-gajurel/Our_control/leg_control/build/pid_tune -- -j8 -l8
[10.258s] Invoking command in '/home/hari-prasad-gajurel/Our_control/leg_control/build/pid_tune': CMAKE_PREFIX_PATH=${CMAKE_PREFIX_PATH}:/opt/ros/jazzy DEBUGINFOD_URLS=https://debuginfod.ubuntu.com /usr/bin/cmake --install /home/hari-prasad-gajurel/Our_control/leg_control/build/pid_tune
[10.272s] -- Install configuration: ""
[10.273s] -- Execute custom install script
[10.273s] -- Symlinking: /home/hari-prasad-gajurel/Our_control/leg_control/install/pid_tune/share/ament_index/resource_index/rosidl_interfaces/pid_tune
[10.294s] -- Symlinking: /home/hari-prasad-gajurel/Our_control/leg_control/install/pid_tune/share/pid_tune/msg/PidTune.json
[10.310s] -- Symlinking: /home/hari-prasad-gajurel/Our_control/leg_control/install/pid_tune/include/pid_tune/pid_tune/msg/detail/pid_tune__functions.h
[10.326s] -- Symlinking: /home/hari-prasad-gajurel/Our_control/leg_control/install/pid_tune/include/pid_tune/pid_tune/msg/detail/pid_tune__struct.h
[10.342s] -- Symlinking: /home/hari-prasad-gajurel/Our_control/leg_control/install/pid_tune/include/pid_tune/pid_tune/msg/detail/pid_tune__type_support.h
[10.358s] -- Symlinking: /home/hari-prasad-gajurel/Our_control/leg_control/install/pid_tune/include/pid_tune/pid_tune/msg/pid_tune.h
[10.373s] -- Symlinking: /home/hari-prasad-gajurel/Our_control/leg_control/install/pid_tune/include/pid_tune/pid_tune/msg/rosidl_generator_c__visibility_control.h
[10.387s] -- Symlinking: /home/hari-prasad-gajurel/Our_control/leg_control/install/pid_tune/share/pid_tune/environment/library_path.sh
[10.403s] -- Symlinking: /home/hari-prasad-gajurel/Our_control/leg_control/install/pid_tune/share/pid_tune/environment/library_path.dsv
[10.420s] -- Symlinking: /home/hari-prasad-gajurel/Our_control/leg_control/install/pid_tune/include/pid_tune/pid_tune/msg/detail/pid_tune__rosidl_typesupport_fastrtps_c.h
[10.435s] -- Symlinking: /home/hari-prasad-gajurel/Our_control/leg_control/install/pid_tune/include/pid_tune/pid_tune/msg/rosidl_typesupport_fastrtps_c__visibility_control.h
[10.451s] -- Symlinking: /home/hari-prasad-gajurel/Our_control/leg_control/install/pid_tune/include/pid_tune/pid_tune/msg/detail/pid_tune__rosidl_typesupport_introspection_c.h
[10.466s] -- Symlinking: /home/hari-prasad-gajurel/Our_control/leg_control/install/pid_tune/include/pid_tune/pid_tune/msg/rosidl_typesupport_introspection_c__visibility_control.h
[10.487s] -- Symlinking: /home/hari-prasad-gajurel/Our_control/leg_control/install/pid_tune/include/pid_tune/pid_tune/msg/detail/pid_tune__builder.hpp
[10.502s] -- Symlinking: /home/hari-prasad-gajurel/Our_control/leg_control/install/pid_tune/include/pid_tune/pid_tune/msg/detail/pid_tune__struct.hpp
[10.516s] -- Symlinking: /home/hari-prasad-gajurel/Our_control/leg_control/install/pid_tune/include/pid_tune/pid_tune/msg/detail/pid_tune__traits.hpp
[10.545s] -- Symlinking: /home/hari-prasad-gajurel/Our_control/leg_control/install/pid_tune/include/pid_tune/pid_tune/msg/detail/pid_tune__type_support.hpp
[10.570s] -- Symlinking: /home/hari-prasad-gajurel/Our_control/leg_control/install/pid_tune/include/pid_tune/pid_tune/msg/pid_tune.hpp
[10.599s] -- Symlinking: /home/hari-prasad-gajurel/Our_control/leg_control/install/pid_tune/include/pid_tune/pid_tune/msg/rosidl_generator_cpp__visibility_control.hpp
[10.615s] -- Symlinking: /home/hari-prasad-gajurel/Our_control/leg_control/install/pid_tune/include/pid_tune/pid_tune/msg/detail/pid_tune__rosidl_typesupport_fastrtps_cpp.hpp
[10.638s] -- Symlinking: /home/hari-prasad-gajurel/Our_control/leg_control/install/pid_tune/include/pid_tune/pid_tune/msg/rosidl_typesupport_fastrtps_cpp__visibility_control.h
[10.664s] -- Symlinking: /home/hari-prasad-gajurel/Our_control/leg_control/install/pid_tune/include/pid_tune/pid_tune/msg/detail/pid_tune__rosidl_typesupport_introspection_cpp.hpp
[10.681s] -- Symlinking: /home/hari-prasad-gajurel/Our_control/leg_control/install/pid_tune/share/pid_tune/environment/pythonpath.sh
[10.696s] -- Symlinking: /home/hari-prasad-gajurel/Our_control/leg_control/install/pid_tune/share/pid_tune/environment/pythonpath.dsv
[10.723s] -- Symlinking: /home/hari-prasad-gajurel/Our_control/leg_control/install/pid_tune/lib/python3.12/site-packages/pid_tune-0.0.0-py3.12.egg-info/PKG-INFO
[10.742s] -- Symlinking: /home/hari-prasad-gajurel/Our_control/leg_control/install/pid_tune/lib/python3.12/site-packages/pid_tune-0.0.0-py3.12.egg-info/SOURCES.txt
[10.766s] -- Symlinking: /home/hari-prasad-gajurel/Our_control/leg_control/install/pid_tune/lib/python3.12/site-packages/pid_tune-0.0.0-py3.12.egg-info/dependency_links.txt
[10.790s] -- Symlinking: /home/hari-prasad-gajurel/Our_control/leg_control/install/pid_tune/lib/python3.12/site-packages/pid_tune-0.0.0-py3.12.egg-info/top_level.txt
[10.808s] -- Symlinking: /home/hari-prasad-gajurel/Our_control/leg_control/install/pid_tune/lib/python3.12/site-packages/pid_tune/__init__.py
[10.824s] -- Symlinking: /home/hari-prasad-gajurel/Our_control/leg_control/install/pid_tune/lib/python3.12/site-packages/pid_tune/_pid_tune_s.ep.rosidl_typesupport_c.c
[10.839s] -- Symlinking: /home/hari-prasad-gajurel/Our_control/leg_control/install/pid_tune/lib/python3.12/site-packages/pid_tune/_pid_tune_s.ep.rosidl_typesupport_fastrtps_c.c
[10.855s] -- Symlinking: /home/hari-prasad-gajurel/Our_control/leg_control/install/pid_tune/lib/python3.12/site-packages/pid_tune/_pid_tune_s.ep.rosidl_typesupport_introspection_c.c
[10.870s] -- Symlinking: /home/hari-prasad-gajurel/Our_control/leg_control/install/pid_tune/lib/python3.12/site-packages/pid_tune/msg/__init__.py
[10.886s] -- Symlinking: /home/hari-prasad-gajurel/Our_control/leg_control/install/pid_tune/lib/python3.12/site-packages/pid_tune/msg/_pid_tune.py
[10.900s] -- Symlinking: /home/hari-prasad-gajurel/Our_control/leg_control/install/pid_tune/lib/python3.12/site-packages/pid_tune/msg/_pid_tune_s.c
[10.924s] -- Symlinking: /home/hari-prasad-gajurel/Our_control/leg_control/install/pid_tune/lib/python3.12/site-packages/pid_tune/pid_tune_s__rosidl_typesupport_c.so
[10.943s] -- Symlinking: /home/hari-prasad-gajurel/Our_control/leg_control/install/pid_tune/lib/python3.12/site-packages/pid_tune/pid_tune_s__rosidl_typesupport_fastrtps_c.so
[10.958s] -- Symlinking: /home/hari-prasad-gajurel/Our_control/leg_control/install/pid_tune/lib/python3.12/site-packages/pid_tune/pid_tune_s__rosidl_typesupport_introspection_c.so
[10.982s] -- Up-to-date symlink: /home/hari-prasad-gajurel/Our_control/leg_control/install/pid_tune/lib/python3.12/site-packages/pid_tune/pid_tune_s__rosidl_typesupport_fastrtps_c.so
[10.983s] -- Up-to-date symlink: /home/hari-prasad-gajurel/Our_control/leg_control/install/pid_tune/lib/python3.12/site-packages/pid_tune/pid_tune_s__rosidl_typesupport_introspection_c.so
[10.984s] -- Up-to-date symlink: /home/hari-prasad-gajurel/Our_control/leg_control/install/pid_tune/lib/python3.12/site-packages/pid_tune/pid_tune_s__rosidl_typesupport_c.so
[10.985s] -- Symlinking: /home/hari-prasad-gajurel/Our_control/leg_control/install/pid_tune/share/pid_tune/msg/PidTune.idl
[10.999s] -- Symlinking: /home/hari-prasad-gajurel/Our_control/leg_control/install/pid_tune/share/pid_tune/msg/PidTune.msg
[11.023s] -- Symlinking: /home/hari-prasad-gajurel/Our_control/leg_control/install/pid_tune/share/ament_index/resource_index/package_run_dependencies/pid_tune
[11.037s] -- Symlinking: /home/hari-prasad-gajurel/Our_control/leg_control/install/pid_tune/share/ament_index/resource_index/parent_prefix_path/pid_tune
[11.062s] -- Symlinking: /home/hari-prasad-gajurel/Our_control/leg_control/install/pid_tune/share/pid_tune/environment/ament_prefix_path.sh
[11.077s] -- Symlinking: /home/hari-prasad-gajurel/Our_control/leg_control/install/pid_tune/share/pid_tune/environment/ament_prefix_path.dsv
[11.092s] -- Symlinking: /home/hari-prasad-gajurel/Our_control/leg_control/install/pid_tune/share/pid_tune/environment/path.sh
[11.106s] -- Symlinking: /home/hari-prasad-gajurel/Our_control/leg_control/install/pid_tune/share/pid_tune/environment/path.dsv
[11.120s] -- Symlinking: /home/hari-prasad-gajurel/Our_control/leg_control/install/pid_tune/share/pid_tune/local_setup.bash
[11.135s] -- Symlinking: /home/hari-prasad-gajurel/Our_control/leg_control/install/pid_tune/share/pid_tune/local_setup.sh
[11.150s] -- Symlinking: /home/hari-prasad-gajurel/Our_control/leg_control/install/pid_tune/share/pid_tune/local_setup.zsh
[11.165s] -- Symlinking: /home/hari-prasad-gajurel/Our_control/leg_control/install/pid_tune/share/pid_tune/local_setup.dsv
[11.187s] -- Symlinking: /home/hari-prasad-gajurel/Our_control/leg_control/install/pid_tune/share/pid_tune/package.dsv
[11.202s] -- Symlinking: /home/hari-prasad-gajurel/Our_control/leg_control/install/pid_tune/share/ament_index/resource_index/packages/pid_tune
[11.227s] -- Symlinking: /home/hari-prasad-gajurel/Our_control/leg_control/install/pid_tune/share/pid_tune/cmake/rosidl_cmake-extras.cmake
[11.243s] -- Symlinking: /home/hari-prasad-gajurel/Our_control/leg_control/install/pid_tune/share/pid_tune/cmake/ament_cmake_export_include_directories-extras.cmake
[11.269s] -- Symlinking: /home/hari-prasad-gajurel/Our_control/leg_control/install/pid_tune/share/pid_tune/cmake/ament_cmake_export_libraries-extras.cmake
[11.293s] -- Symlinking: /home/hari-prasad-gajurel/Our_control/leg_control/install/pid_tune/share/pid_tune/cmake/ament_cmake_export_targets-extras.cmake
[11.310s] -- Symlinking: /home/hari-prasad-gajurel/Our_control/leg_control/install/pid_tune/share/pid_tune/cmake/rosidl_cmake_export_typesupport_targets-extras.cmake
[11.337s] -- Symlinking: /home/hari-prasad-gajurel/Our_control/leg_control/install/pid_tune/share/pid_tune/cmake/ament_cmake_export_dependencies-extras.cmake
[11.353s] -- Symlinking: /home/hari-prasad-gajurel/Our_control/leg_control/install/pid_tune/share/pid_tune/cmake/rosidl_cmake_export_typesupport_libraries-extras.cmake
[11.369s] -- Symlinking: /home/hari-prasad-gajurel/Our_control/leg_control/install/pid_tune/share/pid_tune/cmake/pid_tuneConfig.cmake
[11.394s] -- Symlinking: /home/hari-prasad-gajurel/Our_control/leg_control/install/pid_tune/share/pid_tune/cmake/pid_tuneConfig-version.cmake
[11.409s] -- Symlinking: /home/hari-prasad-gajurel/Our_control/leg_control/install/pid_tune/share/pid_tune/package.xml
[11.425s] -- Installing: /home/hari-prasad-gajurel/Our_control/leg_control/install/pid_tune/lib/libpid_tune__rosidl_generator_c.so
[11.425s] -- Set non-toolchain portion of runtime path of "/home/hari-prasad-gajurel/Our_control/leg_control/install/pid_tune/lib/libpid_tune__rosidl_generator_c.so" to ""
[11.426s] -- Installing: /home/hari-prasad-gajurel/Our_control/leg_control/install/pid_tune/lib/libpid_tune__rosidl_typesupport_fastrtps_c.so
[11.427s] -- Set non-toolchain portion of runtime path of "/home/hari-prasad-gajurel/Our_control/leg_control/install/pid_tune/lib/libpid_tune__rosidl_typesupport_fastrtps_c.so" to ""
[11.427s] -- Installing: /home/hari-prasad-gajurel/Our_control/leg_control/install/pid_tune/lib/libpid_tune__rosidl_typesupport_introspection_c.so
[11.428s] -- Set non-toolchain portion of runtime path of "/home/hari-prasad-gajurel/Our_control/leg_control/install/pid_tune/lib/libpid_tune__rosidl_typesupport_introspection_c.so" to ""
[11.429s] -- Installing: /home/hari-prasad-gajurel/Our_control/leg_control/install/pid_tune/lib/libpid_tune__rosidl_typesupport_c.so
[11.429s] -- Set non-toolchain portion of runtime path of "/home/hari-prasad-gajurel/Our_control/leg_control/install/pid_tune/lib/libpid_tune__rosidl_typesupport_c.so" to ""
[11.430s] -- Installing: /home/hari-prasad-gajurel/Our_control/leg_control/install/pid_tune/lib/libpid_tune__rosidl_typesupport_fastrtps_cpp.so
[11.431s] -- Set non-toolchain portion of runtime path of "/home/hari-prasad-gajurel/Our_control/leg_control/install/pid_tune/lib/libpid_tune__rosidl_typesupport_fastrtps_cpp.so" to ""
[11.432s] -- Installing: /home/hari-prasad-gajurel/Our_control/leg_control/install/pid_tune/lib/libpid_tune__rosidl_typesupport_introspection_cpp.so
[11.433s] -- Set non-toolchain portion of runtime path of "/home/hari-prasad-gajurel/Our_control/leg_control/install/pid_tune/lib/libpid_tune__rosidl_typesupport_introspection_cpp.so" to ""
[11.433s] -- Installing: /home/hari-prasad-gajurel/Our_control/leg_control/install/pid_tune/lib/libpid_tune__rosidl_typesupport_cpp.so
[11.435s] -- Set non-toolchain portion of runtime path of "/home/hari-prasad-gajurel/Our_control/leg_control/install/pid_tune/lib/libpid_tune__rosidl_typesupport_cpp.so" to ""
[11.495s] Listing '/home/hari-prasad-gajurel/Our_control/leg_control/install/pid_tune/lib/python3.12/site-packages/pid_tune'...
[11.496s] Compiling '/home/hari-prasad-gajurel/Our_control/leg_control/install/pid_tune/lib/python3.12/site-packages/pid_tune/__init__.py'...
[11.496s] Listing '/home/hari-prasad-gajurel/Our_control/leg_control/install/pid_tune/lib/python3.12/site-packages/pid_tune/msg'...
[11.497s] Compiling '/home/hari-prasad-gajurel/Our_control/leg_control/install/pid_tune/lib/python3.12/site-packages/pid_tune/msg/__init__.py'...
[11.497s] Compiling '/home/hari-prasad-gajurel/Our_control/leg_control/install/pid_tune/lib/python3.12/site-packages/pid_tune/msg/_pid_tune.py'...
[11.506s] -- Installing: /home/hari-prasad-gajurel/Our_control/leg_control/install/pid_tune/lib/libpid_tune_msg__rosidl_generator_py.so
[11.508s] -- Set non-toolchain portion of runtime path of "/home/hari-prasad-gajurel/Our_control/leg_control/install/pid_tune/lib/libpid_tune_msg__rosidl_generator_py.so" to ""
[11.509s] -- Installing: /home/hari-prasad-gajurel/Our_control/leg_control/install/pid_tune/share/pid_tune/cmake/export_pid_tune_msg__rosidl_generator_cExport.cmake
[11.509s] -- Installing: /home/hari-prasad-gajurel/Our_control/leg_control/install/pid_tune/share/pid_tune/cmake/export_pid_tune_msg__rosidl_generator_cExport-noconfig.cmake
[11.511s] -- Installing: /home/hari-prasad-gajurel/Our_control/leg_control/install/pid_tune/share/pid_tune/cmake/export_pid_tune_msg__rosidl_typesupport_fastrtps_cExport.cmake
[11.511s] -- Installing: /home/hari-prasad-gajurel/Our_control/leg_control/install/pid_tune/share/pid_tune/cmake/export_pid_tune_msg__rosidl_typesupport_fastrtps_cExport-noconfig.cmake
[11.513s] -- Installing: /home/hari-prasad-gajurel/Our_control/leg_control/install/pid_tune/share/pid_tune/cmake/pid_tune_msg__rosidl_typesupport_introspection_cExport.cmake
[11.513s] -- Installing: /home/hari-prasad-gajurel/Our_control/leg_control/install/pid_tune/share/pid_tune/cmake/pid_tune_msg__rosidl_typesupport_introspection_cExport-noconfig.cmake
[11.515s] -- Installing: /home/hari-prasad-gajurel/Our_control/leg_control/install/pid_tune/share/pid_tune/cmake/pid_tune_msg__rosidl_typesupport_cExport.cmake
[11.516s] -- Installing: /home/hari-prasad-gajurel/Our_control/leg_control/install/pid_tune/share/pid_tune/cmake/pid_tune_msg__rosidl_typesupport_cExport-noconfig.cmake
[11.517s] -- Installing: /home/hari-prasad-gajurel/Our_control/leg_control/install/pid_tune/share/pid_tune/cmake/export_pid_tune_msg__rosidl_generator_cppExport.cmake
[11.519s] -- Installing: /home/hari-prasad-gajurel/Our_control/leg_control/install/pid_tune/share/pid_tune/cmake/export_pid_tune_msg__rosidl_typesupport_fastrtps_cppExport.cmake
[11.520s] -- Installing: /home/hari-prasad-gajurel/Our_control/leg_control/install/pid_tune/share/pid_tune/cmake/export_pid_tune_msg__rosidl_typesupport_fastrtps_cppExport-noconfig.cmake
[11.522s] -- Installing: /home/hari-prasad-gajurel/Our_control/leg_control/install/pid_tune/share/pid_tune/cmake/pid_tune_msg__rosidl_typesupport_introspection_cppExport.cmake
[11.522s] -- Installing: /home/hari-prasad-gajurel/Our_control/leg_control/install/pid_tune/share/pid_tune/cmake/pid_tune_msg__rosidl_typesupport_introspection_cppExport-noconfig.cmake
[11.523s] -- Installing: /home/hari-prasad-gajurel/Our_control/leg_control/install/pid_tune/share/pid_tune/cmake/pid_tune_msg__rosidl_typesupport_cppExport.cmake
[11.524s] -- Installing: /home/hari-prasad-gajurel/Our_control/leg_control/install/pid_tune/share/pid_tune/cmake/pid_tune_msg__rosidl_typesupport_cppExport-noconfig.cmake
[11.526s] -- Installing: /home/hari-prasad-gajurel/Our_control/leg_control/install/pid_tune/share/pid_tune/cmake/export_pid_tune_msg__rosidl_generator_pyExport.cmake
[11.526s] -- Installing: /home/hari-prasad-gajurel/Our_control/leg_control/install/pid_tune/share/pid_tune/cmake/export_pid_tune_msg__rosidl_generator_pyExport-noconfig.cmake
[11.536s] Invoked command in '/home/hari-prasad-gajurel/Our_control/leg_control/build/pid_tune' returned '0': CMAKE_PREFIX_PATH=${CMAKE_PREFIX_PATH}:/opt/ros/jazzy DEBUGINFOD_URLS=https://debuginfod.ubuntu.com /usr/bin/cmake --install /home/hari-prasad-gajurel/Our_control/leg_control/build/pid_tune
