[3.128s] Invoking command in '/home/hari-prasad-gajurel/Our_control/leg_control/src/osl_motor': DEBUGINFOD_URLS=https://debuginfod.ubuntu.com PYTHONPATH=/home/hari-prasad-gajurel/Our_control/leg_control/build/osl_motor/prefix_override:/usr/lib/python3/dist-packages/colcon_core/task/python/colcon_distutils_commands:/home/hari-prasad-gajurel/Our_control/leg_control/install/osl_motor/lib/python3.12/site-packages:${PYTHONPATH} /usr/bin/python3 -W ignore:setup.py install is deprecated -W ignore:easy_install command is deprecated setup.py egg_info --egg-base ../../build/osl_motor build --build-base /home/hari-prasad-gajurel/Our_control/leg_control/build/osl_motor/build install --record /home/hari-prasad-gajurel/Our_control/leg_control/build/osl_motor/install.log --single-version-externally-managed install_data
[4.176s] running egg_info
[4.177s] creating ../../build/osl_motor/osl_motor.egg-info
[4.248s] writing ../../build/osl_motor/osl_motor.egg-info/PKG-INFO
[4.253s] writing dependency_links to ../../build/osl_motor/osl_motor.egg-info/dependency_links.txt
[4.253s] writing entry points to ../../build/osl_motor/osl_motor.egg-info/entry_points.txt
[4.256s] writing requirements to ../../build/osl_motor/osl_motor.egg-info/requires.txt
[4.256s] writing top-level names to ../../build/osl_motor/osl_motor.egg-info/top_level.txt
[4.257s] writing manifest file '../../build/osl_motor/osl_motor.egg-info/SOURCES.txt'
[4.432s] reading manifest file '../../build/osl_motor/osl_motor.egg-info/SOURCES.txt'
[4.436s] writing manifest file '../../build/osl_motor/osl_motor.egg-info/SOURCES.txt'
[4.436s] running build
[4.438s] running build_py
[4.438s] creating /home/hari-prasad-gajurel/Our_control/leg_control/build/osl_motor/build
[4.439s] creating /home/hari-prasad-gajurel/Our_control/leg_control/build/osl_motor/build/lib
[4.439s] creating /home/hari-prasad-gajurel/Our_control/leg_control/build/osl_motor/build/lib/osl_motor
[4.439s] copying osl_motor/motor_sim.py -> /home/hari-prasad-gajurel/Our_control/leg_control/build/osl_motor/build/lib/osl_motor
[4.440s] copying osl_motor/__init__.py -> /home/hari-prasad-gajurel/Our_control/leg_control/build/osl_motor/build/lib/osl_motor
[4.442s] running install
[4.459s] running install_lib
[4.577s] creating /home/hari-prasad-gajurel/Our_control/leg_control/install/osl_motor/lib/python3.12/site-packages/osl_motor
[4.578s] copying /home/hari-prasad-gajurel/Our_control/leg_control/build/osl_motor/build/lib/osl_motor/motor_sim.py -> /home/hari-prasad-gajurel/Our_control/leg_control/install/osl_motor/lib/python3.12/site-packages/osl_motor
[4.580s] copying /home/hari-prasad-gajurel/Our_control/leg_control/build/osl_motor/build/lib/osl_motor/__init__.py -> /home/hari-prasad-gajurel/Our_control/leg_control/install/osl_motor/lib/python3.12/site-packages/osl_motor
[4.580s] byte-compiling /home/hari-prasad-gajurel/Our_control/leg_control/install/osl_motor/lib/python3.12/site-packages/osl_motor/motor_sim.py to motor_sim.cpython-312.pyc
[4.587s] byte-compiling /home/hari-prasad-gajurel/Our_control/leg_control/install/osl_motor/lib/python3.12/site-packages/osl_motor/__init__.py to __init__.cpython-312.pyc
[4.587s] running install_data
[4.593s] creating /home/hari-prasad-gajurel/Our_control/leg_control/install/osl_motor/share/ament_index
[4.594s] creating /home/hari-prasad-gajurel/Our_control/leg_control/install/osl_motor/share/ament_index/resource_index
[4.594s] creating /home/hari-prasad-gajurel/Our_control/leg_control/install/osl_motor/share/ament_index/resource_index/packages
[4.598s] copying resource/osl_motor -> /home/hari-prasad-gajurel/Our_control/leg_control/install/osl_motor/share/ament_index/resource_index/packages
[4.598s] copying package.xml -> /home/hari-prasad-gajurel/Our_control/leg_control/install/osl_motor/share/osl_motor
[4.599s] creating /home/hari-prasad-gajurel/Our_control/leg_control/install/osl_motor/share/osl_motor/launch
[4.599s] copying launch/motor_sim.launch.py -> /home/hari-prasad-gajurel/Our_control/leg_control/install/osl_motor/share/osl_motor/launch
[4.599s] creating /home/hari-prasad-gajurel/Our_control/leg_control/install/osl_motor/share/osl_motor/config
[4.600s] copying config/ankle_motor.yaml -> /home/hari-prasad-gajurel/Our_control/leg_control/install/osl_motor/share/osl_motor/config
[4.600s] copying config/knee_motor.yaml -> /home/hari-prasad-gajurel/Our_control/leg_control/install/osl_motor/share/osl_motor/config
[4.600s] running install_egg_info
[4.688s] Copying ../../build/osl_motor/osl_motor.egg-info to /home/hari-prasad-gajurel/Our_control/leg_control/install/osl_motor/lib/python3.12/site-packages/osl_motor-0.0.0-py3.12.egg-info
[4.691s] running install_scripts
[5.197s] Installing motor_sim script to /home/hari-prasad-gajurel/Our_control/leg_control/install/osl_motor/lib/osl_motor
[5.200s] writing list of installed files to '/home/hari-prasad-gajurel/Our_control/leg_control/build/osl_motor/install.log'
[5.331s] Invoked command in '/home/hari-prasad-gajurel/Our_control/leg_control/src/osl_motor' returned '0': DEBUGINFOD_URLS=https://debuginfod.ubuntu.com PYTHONPATH=/home/hari-prasad-gajurel/Our_control/leg_control/build/osl_motor/prefix_override:/usr/lib/python3/dist-packages/colcon_core/task/python/colcon_distutils_commands:/home/hari-prasad-gajurel/Our_control/leg_control/install/osl_motor/lib/python3.12/site-packages:${PYTHONPATH} /usr/bin/python3 -W ignore:setup.py install is deprecated -W ignore:easy_install command is deprecated setup.py egg_info --egg-base ../../build/osl_motor build --build-base /home/hari-prasad-gajurel/Our_control/leg_control/build/osl_motor/build install --record /home/hari-prasad-gajurel/Our_control/leg_control/build/osl_motor/install.log --single-version-externally-managed install_data
