[0.167s] DEBUG:colcon:Command line arguments: ['/usr/bin/colcon', 'build', '--symlink-install']
[0.167s] DEBUG:colcon:Parsed command line arguments: Namespace(log_base=None, log_level=None, verb_name='build', build_base='build', install_base='install', merge_install=False, symlink_install=True, test_result_base=None, continue_on_error=False, executor='parallel', parallel_workers=8, event_handlers=None, ignore_user_meta=False, metas=['./colcon.meta'], base_paths=['.'], packages_ignore=None, packages_ignore_regex=None, paths=None, packages_up_to=None, packages_up_to_regex=None, packages_above=None, packages_above_and_dependencies=None, packages_above_depth=None, packages_select_by_dep=None, packages_skip_by_dep=None, packages_skip_up_to=None, packages_select_build_failed=False, packages_skip_build_finished=False, packages_select_test_failures=False, packages_skip_test_passed=False, packages_select=None, packages_skip=None, packages_select_regex=None, packages_skip_regex=None, packages_start=None, packages_end=None, allow_overriding=[], cmake_args=None, cmake_target=None, cmake_target_skip_unavailable=False, cmake_clean_cache=False, cmake_clean_first=False, cmake_force_configure=False, ament_cmake_args=None, catkin_cmake_args=None, catkin_skip_building_tests=False, verb_parser=<colcon_defaults.argument_parser.defaults.DefaultArgumentsDecorator object at 0x7a816fc0e990>, verb_extension=<colcon_core.verb.build.BuildVerb object at 0x7a816fbb55b0>, main=<bound method BuildVerb.main of <colcon_core.verb.build.BuildVerb object at 0x7a816fbb55b0>>)
[0.223s] Level 1:colcon.colcon_core.package_discovery:discover_packages(colcon_meta) check parameters
[0.223s] Level 1:colcon.colcon_core.package_discovery:discover_packages(recursive) check parameters
[0.223s] Level 1:colcon.colcon_core.package_discovery:discover_packages(ignore) check parameters
[0.223s] Level 1:colcon.colcon_core.package_discovery:discover_packages(path) check parameters
[0.223s] Level 1:colcon.colcon_core.package_discovery:discover_packages(colcon_meta) discover
[0.224s] Level 1:colcon.colcon_core.package_discovery:discover_packages(recursive) discover
[0.224s] INFO:colcon.colcon_core.package_discovery:Crawling recursively for packages in '/home/hari-prasad-gajurel/Our_control/leg_control'
[0.224s] Level 1:colcon.colcon_core.package_identification:_identify(.) by extensions ['ignore', 'ignore_ament_install']
[0.224s] Level 1:colcon.colcon_core.package_identification:_identify(.) by extension 'ignore'
[0.224s] Level 1:colcon.colcon_core.package_identification:_identify(.) by extension 'ignore_ament_install'
[0.224s] Level 1:colcon.colcon_core.package_identification:_identify(.) by extensions ['colcon_pkg']
[0.224s] Level 1:colcon.colcon_core.package_identification:_identify(.) by extension 'colcon_pkg'
[0.224s] Level 1:colcon.colcon_core.package_identification:_identify(.) by extensions ['colcon_meta']
[0.224s] Level 1:colcon.colcon_core.package_identification:_identify(.) by extension 'colcon_meta'
[0.224s] Level 1:colcon.colcon_core.package_identification:_identify(.) by extensions ['ros']
[0.224s] Level 1:colcon.colcon_core.package_identification:_identify(.) by extension 'ros'
[0.258s] Level 1:colcon.colcon_core.package_identification:_identify(.) by extensions ['cmake', 'python']
[0.258s] Level 1:colcon.colcon_core.package_identification:_identify(.) by extension 'cmake'
[0.259s] Level 1:colcon.colcon_core.package_identification:_identify(.) by extension 'python'
[0.259s] Level 1:colcon.colcon_core.package_identification:_identify(.) by extensions ['python_setup_py']
[0.259s] Level 1:colcon.colcon_core.package_identification:_identify(.) by extension 'python_setup_py'
[0.259s] Level 1:colcon.colcon_core.package_identification:_identify(build) by extensions ['ignore', 'ignore_ament_install']
[0.259s] Level 1:colcon.colcon_core.package_identification:_identify(build) by extension 'ignore'
[0.259s] Level 1:colcon.colcon_core.package_identification:_identify(build) ignored
[0.259s] Level 1:colcon.colcon_core.package_identification:_identify(config) by extensions ['ignore', 'ignore_ament_install']
[0.259s] Level 1:colcon.colcon_core.package_identification:_identify(config) by extension 'ignore'
[0.260s] Level 1:colcon.colcon_core.package_identification:_identify(config) by extension 'ignore_ament_install'
[0.260s] Level 1:colcon.colcon_core.package_identification:_identify(config) by extensions ['colcon_pkg']
[0.260s] Level 1:colcon.colcon_core.package_identification:_identify(config) by extension 'colcon_pkg'
[0.260s] Level 1:colcon.colcon_core.package_identification:_identify(config) by extensions ['colcon_meta']
[0.260s] Level 1:colcon.colcon_core.package_identification:_identify(config) by extension 'colcon_meta'
[0.260s] Level 1:colcon.colcon_core.package_identification:_identify(config) by extensions ['ros']
[0.260s] Level 1:colcon.colcon_core.package_identification:_identify(config) by extension 'ros'
[0.260s] Level 1:colcon.colcon_core.package_identification:_identify(config) by extensions ['cmake', 'python']
[0.260s] Level 1:colcon.colcon_core.package_identification:_identify(config) by extension 'cmake'
[0.260s] Level 1:colcon.colcon_core.package_identification:_identify(config) by extension 'python'
[0.260s] Level 1:colcon.colcon_core.package_identification:_identify(config) by extensions ['python_setup_py']
[0.260s] Level 1:colcon.colcon_core.package_identification:_identify(config) by extension 'python_setup_py'
[0.260s] Level 1:colcon.colcon_core.package_identification:_identify(install) by extensions ['ignore', 'ignore_ament_install']
[0.261s] Level 1:colcon.colcon_core.package_identification:_identify(install) by extension 'ignore'
[0.261s] Level 1:colcon.colcon_core.package_identification:_identify(install) ignored
[0.261s] Level 1:colcon.colcon_core.package_identification:_identify(log) by extensions ['ignore', 'ignore_ament_install']
[0.261s] Level 1:colcon.colcon_core.package_identification:_identify(log) by extension 'ignore'
[0.261s] Level 1:colcon.colcon_core.package_identification:_identify(log) ignored
[0.261s] Level 1:colcon.colcon_core.package_identification:_identify(src) by extensions ['ignore', 'ignore_ament_install']
[0.261s] Level 1:colcon.colcon_core.package_identification:_identify(src) by extension 'ignore'
[0.261s] Level 1:colcon.colcon_core.package_identification:_identify(src) by extension 'ignore_ament_install'
[0.261s] Level 1:colcon.colcon_core.package_identification:_identify(src) by extensions ['colcon_pkg']
[0.261s] Level 1:colcon.colcon_core.package_identification:_identify(src) by extension 'colcon_pkg'
[0.261s] Level 1:colcon.colcon_core.package_identification:_identify(src) by extensions ['colcon_meta']
[0.262s] Level 1:colcon.colcon_core.package_identification:_identify(src) by extension 'colcon_meta'
[0.262s] Level 1:colcon.colcon_core.package_identification:_identify(src) by extensions ['ros']
[0.262s] Level 1:colcon.colcon_core.package_identification:_identify(src) by extension 'ros'
[0.262s] Level 1:colcon.colcon_core.package_identification:_identify(src) by extensions ['cmake', 'python']
[0.262s] Level 1:colcon.colcon_core.package_identification:_identify(src) by extension 'cmake'
[0.262s] Level 1:colcon.colcon_core.package_identification:_identify(src) by extension 'python'
[0.262s] Level 1:colcon.colcon_core.package_identification:_identify(src) by extensions ['python_setup_py']
[0.262s] Level 1:colcon.colcon_core.package_identification:_identify(src) by extension 'python_setup_py'
[0.262s] Level 1:colcon.colcon_core.package_identification:_identify(src/osl_motor) by extensions ['ignore', 'ignore_ament_install']
[0.262s] Level 1:colcon.colcon_core.package_identification:_identify(src/osl_motor) by extension 'ignore'
[0.262s] Level 1:colcon.colcon_core.package_identification:_identify(src/osl_motor) by extension 'ignore_ament_install'
[0.262s] Level 1:colcon.colcon_core.package_identification:_identify(src/osl_motor) by extensions ['colcon_pkg']
[0.262s] Level 1:colcon.colcon_core.package_identification:_identify(src/osl_motor) by extension 'colcon_pkg'
[0.263s] Level 1:colcon.colcon_core.package_identification:_identify(src/osl_motor) by extensions ['colcon_meta']
[0.263s] Level 1:colcon.colcon_core.package_identification:_identify(src/osl_motor) by extension 'colcon_meta'
[0.263s] Level 1:colcon.colcon_core.package_identification:_identify(src/osl_motor) by extensions ['ros']
[0.263s] Level 1:colcon.colcon_core.package_identification:_identify(src/osl_motor) by extension 'ros'
[0.267s] DEBUG:colcon.colcon_core.package_identification:Package 'src/osl_motor' with type 'ros.ament_python' and name 'osl_motor'
[0.267s] Level 1:colcon.colcon_core.package_identification:_identify(src/pid_tune) by extensions ['ignore', 'ignore_ament_install']
[0.267s] Level 1:colcon.colcon_core.package_identification:_identify(src/pid_tune) by extension 'ignore'
[0.267s] Level 1:colcon.colcon_core.package_identification:_identify(src/pid_tune) by extension 'ignore_ament_install'
[0.267s] Level 1:colcon.colcon_core.package_identification:_identify(src/pid_tune) by extensions ['colcon_pkg']
[0.267s] Level 1:colcon.colcon_core.package_identification:_identify(src/pid_tune) by extension 'colcon_pkg'
[0.267s] Level 1:colcon.colcon_core.package_identification:_identify(src/pid_tune) by extensions ['colcon_meta']
[0.268s] Level 1:colcon.colcon_core.package_identification:_identify(src/pid_tune) by extension 'colcon_meta'
[0.268s] Level 1:colcon.colcon_core.package_identification:_identify(src/pid_tune) by extensions ['ros']
[0.268s] Level 1:colcon.colcon_core.package_identification:_identify(src/pid_tune) by extension 'ros'
[0.268s] DEBUG:colcon.colcon_core.package_identification:Package 'src/pid_tune' with type 'ros.ament_cmake' and name 'pid_tune'
[0.268s] Level 1:colcon.colcon_core.package_identification:_identify(src/ros2_jazzy) by extensions ['ignore', 'ignore_ament_install']
[0.269s] Level 1:colcon.colcon_core.package_identification:_identify(src/ros2_jazzy) by extension 'ignore'
[0.269s] Level 1:colcon.colcon_core.package_identification:_identify(src/ros2_jazzy) by extension 'ignore_ament_install'
[0.269s] Level 1:colcon.colcon_core.package_identification:_identify(src/ros2_jazzy) by extensions ['colcon_pkg']
[0.269s] Level 1:colcon.colcon_core.package_identification:_identify(src/ros2_jazzy) by extension 'colcon_pkg'
[0.269s] Level 1:colcon.colcon_core.package_identification:_identify(src/ros2_jazzy) by extensions ['colcon_meta']
[0.269s] Level 1:colcon.colcon_core.package_identification:_identify(src/ros2_jazzy) by extension 'colcon_meta'
[0.269s] Level 1:colcon.colcon_core.package_identification:_identify(src/ros2_jazzy) by extensions ['ros']
[0.269s] Level 1:colcon.colcon_core.package_identification:_identify(src/ros2_jazzy) by extension 'ros'
[0.270s] DEBUG:colcon.colcon_core.package_identification:Package 'src/ros2_jazzy' with type 'ros.ament_python' and name 'ros2_jazzy'
[0.270s] Level 1:colcon.colcon_core.package_discovery:discover_packages(recursive) using defaults
[0.270s] Level 1:colcon.colcon_core.package_discovery:discover_packages(ignore) discover
[0.270s] Level 1:colcon.colcon_core.package_discovery:discover_packages(ignore) using defaults
[0.270s] Level 1:colcon.colcon_core.package_discovery:discover_packages(path) discover
[0.270s] Level 1:colcon.colcon_core.package_discovery:discover_packages(path) using defaults
[0.294s] Level 1:colcon.colcon_core.package_discovery:discover_packages(prefix_path) check parameters
[0.294s] Level 1:colcon.colcon_core.package_discovery:discover_packages(prefix_path) discover
[0.299s] DEBUG:colcon.colcon_installed_package_information.package_discovery:Found 370 installed packages in /opt/ros/jazzy
[0.301s] Level 1:colcon.colcon_core.package_discovery:discover_packages(prefix_path) using defaults
[0.371s] Level 5:colcon.colcon_core.verb:set package 'osl_motor' build argument 'cmake_args' from command line to 'None'
[0.371s] Level 5:colcon.colcon_core.verb:set package 'osl_motor' build argument 'cmake_target' from command line to 'None'
[0.371s] Level 5:colcon.colcon_core.verb:set package 'osl_motor' build argument 'cmake_target_skip_unavailable' from command line to 'False'
[0.371s] Level 5:colcon.colcon_core.verb:set package 'osl_motor' build argument 'cmake_clean_cache' from command line to 'False'
[0.371s] Level 5:colcon.colcon_core.verb:set package 'osl_motor' build argument 'cmake_clean_first' from command line to 'False'
[0.371s] Level 5:colcon.colcon_core.verb:set package 'osl_motor' build argument 'cmake_force_configure' from command line to 'False'
[0.371s] Level 5:colcon.colcon_core.verb:set package 'osl_motor' build argument 'ament_cmake_args' from command line to 'None'
[0.372s] Level 5:colcon.colcon_core.verb:set package 'osl_motor' build argument 'catkin_cmake_args' from command line to 'None'
[0.372s] Level 5:colcon.colcon_core.verb:set package 'osl_motor' build argument 'catkin_skip_building_tests' from command line to 'False'
[0.372s] DEBUG:colcon.colcon_core.verb:Building package 'osl_motor' with the following arguments: {'ament_cmake_args': None, 'build_base': '/home/hari-prasad-gajurel/Our_control/leg_control/build/osl_motor', 'catkin_cmake_args': None, 'catkin_skip_building_tests': False, 'cmake_args': None, 'cmake_clean_cache': False, 'cmake_clean_first': False, 'cmake_force_configure': False, 'cmake_target': None, 'cmake_target_skip_unavailable': False, 'install_base': '/home/hari-prasad-gajurel/Our_control/leg_control/install/osl_motor', 'merge_install': False, 'path': '/home/hari-prasad-gajurel/Our_control/leg_control/src/osl_motor', 'symlink_install': True, 'test_result_base': None}
[0.372s] Level 5:colcon.colcon_core.verb:set package 'pid_tune' build argument 'cmake_args' from command line to 'None'
[0.372s] Level 5:colcon.colcon_core.verb:set package 'pid_tune' build argument 'cmake_target' from command line to 'None'
[0.372s] Level 5:colcon.colcon_core.verb:set package 'pid_tune' build argument 'cmake_target_skip_unavailable' from command line to 'False'
[0.372s] Level 5:colcon.colcon_core.verb:set package 'pid_tune' build argument 'cmake_clean_cache' from command line to 'False'
[0.372s] Level 5:colcon.colcon_core.verb:set package 'pid_tune' build argument 'cmake_clean_first' from command line to 'False'
[0.372s] Level 5:colcon.colcon_core.verb:set package 'pid_tune' build argument 'cmake_force_configure' from command line to 'False'
[0.372s] Level 5:colcon.colcon_core.verb:set package 'pid_tune' build argument 'ament_cmake_args' from command line to 'None'
[0.372s] Level 5:colcon.colcon_core.verb:set package 'pid_tune' build argument 'catkin_cmake_args' from command line to 'None'
[0.372s] Level 5:colcon.colcon_core.verb:set package 'pid_tune' build argument 'catkin_skip_building_tests' from command line to 'False'
[0.372s] DEBUG:colcon.colcon_core.verb:Building package 'pid_tune' with the following arguments: {'ament_cmake_args': None, 'build_base': '/home/hari-prasad-gajurel/Our_control/leg_control/build/pid_tune', 'catkin_cmake_args': None, 'catkin_skip_building_tests': False, 'cmake_args': None, 'cmake_clean_cache': False, 'cmake_clean_first': False, 'cmake_force_configure': False, 'cmake_target': None, 'cmake_target_skip_unavailable': False, 'install_base': '/home/hari-prasad-gajurel/Our_control/leg_control/install/pid_tune', 'merge_install': False, 'path': '/home/hari-prasad-gajurel/Our_control/leg_control/src/pid_tune', 'symlink_install': True, 'test_result_base': None}
[0.373s] Level 5:colcon.colcon_core.verb:set package 'ros2_jazzy' build argument 'cmake_args' from command line to 'None'
[0.373s] Level 5:colcon.colcon_core.verb:set package 'ros2_jazzy' build argument 'cmake_target' from command line to 'None'
[0.373s] Level 5:colcon.colcon_core.verb:set package 'ros2_jazzy' build argument 'cmake_target_skip_unavailable' from command line to 'False'
[0.373s] Level 5:colcon.colcon_core.verb:set package 'ros2_jazzy' build argument 'cmake_clean_cache' from command line to 'False'
[0.373s] Level 5:colcon.colcon_core.verb:set package 'ros2_jazzy' build argument 'cmake_clean_first' from command line to 'False'
[0.373s] Level 5:colcon.colcon_core.verb:set package 'ros2_jazzy' build argument 'cmake_force_configure' from command line to 'False'
[0.373s] Level 5:colcon.colcon_core.verb:set package 'ros2_jazzy' build argument 'ament_cmake_args' from command line to 'None'
[0.373s] Level 5:colcon.colcon_core.verb:set package 'ros2_jazzy' build argument 'catkin_cmake_args' from command line to 'None'
[0.373s] Level 5:colcon.colcon_core.verb:set package 'ros2_jazzy' build argument 'catkin_skip_building_tests' from command line to 'False'
[0.373s] DEBUG:colcon.colcon_core.verb:Building package 'ros2_jazzy' with the following arguments: {'ament_cmake_args': None, 'build_base': '/home/hari-prasad-gajurel/Our_control/leg_control/build/ros2_jazzy', 'catkin_cmake_args': None, 'catkin_skip_building_tests': False, 'cmake_args': None, 'cmake_clean_cache': False, 'cmake_clean_first': False, 'cmake_force_configure': False, 'cmake_target': None, 'cmake_target_skip_unavailable': False, 'install_base': '/home/hari-prasad-gajurel/Our_control/leg_control/install/ros2_jazzy', 'merge_install': False, 'path': '/home/hari-prasad-gajurel/Our_control/leg_control/src/ros2_jazzy', 'symlink_install': True, 'test_result_base': None}
[0.373s] INFO:colcon.colcon_core.executor:Executing jobs using 'parallel' executor
[0.375s] DEBUG:colcon.colcon_parallel_executor.executor.parallel:run_until_complete
[0.375s] INFO:colcon.colcon_ros.task.ament_python.build:Building ROS package in '/home/hari-prasad-gajurel/Our_control/leg_control/src/osl_motor' with build type 'ament_python'
[0.375s] Level 1:colcon.colcon_core.shell:create_environment_hook('osl_motor', 'ament_prefix_path')
[0.378s] INFO:colcon.colcon_core.plugin_system:Skipping extension 'colcon_core.shell.bat': Not used on non-Windows systems
[0.379s] INFO:colcon.colcon_core.shell:Creating environment hook '/home/hari-prasad-gajurel/Our_control/leg_control/install/osl_motor/share/osl_motor/hook/ament_prefix_path.ps1'
[0.379s] INFO:colcon.colcon_core.shell:Creating environment descriptor '/home/hari-prasad-gajurel/Our_control/leg_control/install/osl_motor/share/osl_motor/hook/ament_prefix_path.dsv'
[0.380s] INFO:colcon.colcon_core.shell:Creating environment hook '/home/hari-prasad-gajurel/Our_control/leg_control/install/osl_motor/share/osl_motor/hook/ament_prefix_path.sh'
[0.381s] INFO:colcon.colcon_core.shell:Skip shell extension 'powershell' for command environment: Not usable outside of PowerShell
[0.381s] DEBUG:colcon.colcon_core.shell:Skip shell extension 'dsv' for command environment
[0.385s] INFO:colcon.colcon_ros.task.ament_cmake.build:Building ROS package in '/home/hari-prasad-gajurel/Our_control/leg_control/src/pid_tune' with build type 'ament_cmake'
[0.385s] INFO:colcon.colcon_cmake.task.cmake.build:Building CMake package in '/home/hari-prasad-gajurel/Our_control/leg_control/src/pid_tune'
[0.386s] INFO:colcon.colcon_core.shell:Skip shell extension 'powershell' for command environment: Not usable outside of PowerShell
[0.386s] DEBUG:colcon.colcon_core.shell:Skip shell extension 'dsv' for command environment
[0.735s] INFO:colcon.colcon_core.task.python.build:Building Python package in '/home/hari-prasad-gajurel/Our_control/leg_control/src/osl_motor'
[0.736s] INFO:colcon.colcon_core.shell:Skip shell extension 'powershell' for command environment: Not usable outside of PowerShell
[0.736s] DEBUG:colcon.colcon_core.shell:Skip shell extension 'dsv' for command environment
[0.748s] DEBUG:colcon.colcon_core.event_handler.log_command:Invoking command in '/home/hari-prasad-gajurel/Our_control/leg_control/build/pid_tune': CMAKE_PREFIX_PATH=${CMAKE_PREFIX_PATH}:/opt/ros/jazzy DEBUGINFOD_URLS=https://debuginfod.ubuntu.com /usr/bin/cmake /home/hari-prasad-gajurel/Our_control/leg_control/src/pid_tune -DAMENT_CMAKE_SYMLINK_INSTALL=1 -DCMAKE_INSTALL_PREFIX=/home/hari-prasad-gajurel/Our_control/leg_control/install/pid_tune
[1.865s] DEBUG:colcon.colcon_core.event_handler.log_command:Invoking command in '/home/hari-prasad-gajurel/Our_control/leg_control/build/osl_motor': DEBUGINFOD_URLS=https://debuginfod.ubuntu.com PYTHONPATH=/home/hari-prasad-gajurel/Our_control/leg_control/build/osl_motor/prefix_override:/usr/lib/python3/dist-packages/colcon_core/task/python/colcon_distutils_commands:/home/hari-prasad-gajurel/Our_control/leg_control/install/osl_motor/lib/python3.12/site-packages:${PYTHONPATH} /usr/bin/python3 -W ignore:setup.py install is deprecated -W ignore:easy_install command is deprecated setup.py develop --editable --build-directory /home/hari-prasad-gajurel/Our_control/leg_control/build/osl_motor/build --no-deps symlink_data
[3.016s] Level 1:colcon.colcon_core.shell:create_environment_hook('osl_motor', 'pythonpath_develop')
[3.017s] INFO:colcon.colcon_core.shell:Creating environment hook '/home/hari-prasad-gajurel/Our_control/leg_control/build/osl_motor/share/osl_motor/hook/pythonpath_develop.ps1'
[3.018s] DEBUG:colcon.colcon_core.event_handler.log_command:Invoked command in '/home/hari-prasad-gajurel/Our_control/leg_control/build/osl_motor' returned '0': DEBUGINFOD_URLS=https://debuginfod.ubuntu.com PYTHONPATH=/home/hari-prasad-gajurel/Our_control/leg_control/build/osl_motor/prefix_override:/usr/lib/python3/dist-packages/colcon_core/task/python/colcon_distutils_commands:/home/hari-prasad-gajurel/Our_control/leg_control/install/osl_motor/lib/python3.12/site-packages:${PYTHONPATH} /usr/bin/python3 -W ignore:setup.py install is deprecated -W ignore:easy_install command is deprecated setup.py develop --editable --build-directory /home/hari-prasad-gajurel/Our_control/leg_control/build/osl_motor/build --no-deps symlink_data
[3.019s] INFO:colcon.colcon_core.shell:Creating environment descriptor '/home/hari-prasad-gajurel/Our_control/leg_control/build/osl_motor/share/osl_motor/hook/pythonpath_develop.dsv'
[3.020s] INFO:colcon.colcon_core.shell:Creating environment hook '/home/hari-prasad-gajurel/Our_control/leg_control/build/osl_motor/share/osl_motor/hook/pythonpath_develop.sh'
[3.024s] Level 1:colcon.colcon_core.environment:checking '/home/hari-prasad-gajurel/Our_control/leg_control/install/osl_motor' for CMake module files
[3.025s] Level 1:colcon.colcon_core.environment:checking '/home/hari-prasad-gajurel/Our_control/leg_control/install/osl_motor' for CMake config files
[3.027s] Level 1:colcon.colcon_core.environment:checking '/home/hari-prasad-gajurel/Our_control/leg_control/install/osl_motor/lib'
[3.027s] Level 1:colcon.colcon_core.environment:checking '/home/hari-prasad-gajurel/Our_control/leg_control/install/osl_motor/bin'
[3.028s] Level 1:colcon.colcon_core.environment:checking '/home/hari-prasad-gajurel/Our_control/leg_control/install/osl_motor/lib/pkgconfig/osl_motor.pc'
[3.028s] Level 1:colcon.colcon_core.environment:checking '/home/hari-prasad-gajurel/Our_control/leg_control/install/osl_motor/lib/python3.12/site-packages'
[3.028s] Level 1:colcon.colcon_core.shell:create_environment_hook('osl_motor', 'pythonpath')
[3.029s] INFO:colcon.colcon_core.shell:Creating environment hook '/home/hari-prasad-gajurel/Our_control/leg_control/install/osl_motor/share/osl_motor/hook/pythonpath.ps1'
[3.030s] INFO:colcon.colcon_core.shell:Creating environment descriptor '/home/hari-prasad-gajurel/Our_control/leg_control/install/osl_motor/share/osl_motor/hook/pythonpath.dsv'
[3.030s] INFO:colcon.colcon_core.shell:Creating environment hook '/home/hari-prasad-gajurel/Our_control/leg_control/install/osl_motor/share/osl_motor/hook/pythonpath.sh'
[3.032s] Level 1:colcon.colcon_core.environment:checking '/home/hari-prasad-gajurel/Our_control/leg_control/install/osl_motor/bin'
[3.032s] Level 1:colcon.colcon_core.environment:create_environment_scripts_only(osl_motor)
[3.033s] INFO:colcon.colcon_core.shell:Creating package script '/home/hari-prasad-gajurel/Our_control/leg_control/install/osl_motor/share/osl_motor/package.ps1'
[3.034s] INFO:colcon.colcon_core.shell:Creating package descriptor '/home/hari-prasad-gajurel/Our_control/leg_control/install/osl_motor/share/osl_motor/package.dsv'
[3.035s] INFO:colcon.colcon_core.shell:Creating package script '/home/hari-prasad-gajurel/Our_control/leg_control/install/osl_motor/share/osl_motor/package.sh'
[3.037s] INFO:colcon.colcon_core.shell:Creating package script '/home/hari-prasad-gajurel/Our_control/leg_control/install/osl_motor/share/osl_motor/package.bash'
[3.038s] INFO:colcon.colcon_core.shell:Creating package script '/home/hari-prasad-gajurel/Our_control/leg_control/install/osl_motor/share/osl_motor/package.zsh'
[3.039s] Level 1:colcon.colcon_core.environment:create_file_with_runtime_dependencies(/home/hari-prasad-gajurel/Our_control/leg_control/install/osl_motor/share/colcon-core/packages/osl_motor)
[6.619s] DEBUG:colcon.colcon_core.event_handler.log_command:Invoked command in '/home/hari-prasad-gajurel/Our_control/leg_control/build/pid_tune' returned '0': CMAKE_PREFIX_PATH=${CMAKE_PREFIX_PATH}:/opt/ros/jazzy DEBUGINFOD_URLS=https://debuginfod.ubuntu.com /usr/bin/cmake /home/hari-prasad-gajurel/Our_control/leg_control/src/pid_tune -DAMENT_CMAKE_SYMLINK_INSTALL=1 -DCMAKE_INSTALL_PREFIX=/home/hari-prasad-gajurel/Our_control/leg_control/install/pid_tune
[6.621s] DEBUG:colcon.colcon_core.event_handler.log_command:Invoking command in '/home/hari-prasad-gajurel/Our_control/leg_control/build/pid_tune': CMAKE_PREFIX_PATH=${CMAKE_PREFIX_PATH}:/opt/ros/jazzy DEBUGINFOD_URLS=https://debuginfod.ubuntu.com /usr/bin/cmake --build /home/hari-prasad-gajurel/Our_control/leg_control/build/pid_tune -- -j8 -l8
[10.625s] DEBUG:colcon.colcon_core.event_handler.log_command:Invoked command in '/home/hari-prasad-gajurel/Our_control/leg_control/build/pid_tune' returned '0': CMAKE_PREFIX_PATH=${CMAKE_PREFIX_PATH}:/opt/ros/jazzy DEBUGINFOD_URLS=https://debuginfod.ubuntu.com /usr/bin/cmake --build /home/hari-prasad-gajurel/Our_control/leg_control/build/pid_tune -- -j8 -l8
[10.645s] DEBUG:colcon.colcon_core.event_handler.log_command:Invoking command in '/home/hari-prasad-gajurel/Our_control/leg_control/build/pid_tune': CMAKE_PREFIX_PATH=${CMAKE_PREFIX_PATH}:/opt/ros/jazzy DEBUGINFOD_URLS=https://debuginfod.ubuntu.com /usr/bin/cmake --install /home/hari-prasad-gajurel/Our_control/leg_control/build/pid_tune
[11.920s] Level 1:colcon.colcon_core.environment:create_environment_scripts_only(pid_tune)
[11.920s] Level 1:colcon.colcon_core.environment:checking '/home/hari-prasad-gajurel/Our_control/leg_control/install/pid_tune' for CMake module files
[11.922s] DEBUG:colcon.colcon_core.event_handler.log_command:Invoked command in '/home/hari-prasad-gajurel/Our_control/leg_control/build/pid_tune' returned '0': CMAKE_PREFIX_PATH=${CMAKE_PREFIX_PATH}:/opt/ros/jazzy DEBUGINFOD_URLS=https://debuginfod.ubuntu.com /usr/bin/cmake --install /home/hari-prasad-gajurel/Our_control/leg_control/build/pid_tune
[11.924s] Level 1:colcon.colcon_core.environment:checking '/home/hari-prasad-gajurel/Our_control/leg_control/install/pid_tune' for CMake config files
[11.926s] Level 1:colcon.colcon_core.shell:create_environment_hook('pid_tune', 'cmake_prefix_path')
[11.927s] INFO:colcon.colcon_core.shell:Creating environment hook '/home/hari-prasad-gajurel/Our_control/leg_control/install/pid_tune/share/pid_tune/hook/cmake_prefix_path.ps1'
[11.928s] INFO:colcon.colcon_core.shell:Creating environment descriptor '/home/hari-prasad-gajurel/Our_control/leg_control/install/pid_tune/share/pid_tune/hook/cmake_prefix_path.dsv'
[11.930s] INFO:colcon.colcon_core.shell:Creating environment hook '/home/hari-prasad-gajurel/Our_control/leg_control/install/pid_tune/share/pid_tune/hook/cmake_prefix_path.sh'
[11.931s] Level 1:colcon.colcon_core.environment:checking '/home/hari-prasad-gajurel/Our_control/leg_control/install/pid_tune/lib'
[11.932s] Level 1:colcon.colcon_core.shell:create_environment_hook('pid_tune', 'ld_library_path_lib')
[11.932s] INFO:colcon.colcon_core.shell:Creating environment hook '/home/hari-prasad-gajurel/Our_control/leg_control/install/pid_tune/share/pid_tune/hook/ld_library_path_lib.ps1'
[11.933s] INFO:colcon.colcon_core.shell:Creating environment descriptor '/home/hari-prasad-gajurel/Our_control/leg_control/install/pid_tune/share/pid_tune/hook/ld_library_path_lib.dsv'
[11.934s] INFO:colcon.colcon_core.shell:Creating environment hook '/home/hari-prasad-gajurel/Our_control/leg_control/install/pid_tune/share/pid_tune/hook/ld_library_path_lib.sh'
[11.935s] Level 1:colcon.colcon_core.environment:checking '/home/hari-prasad-gajurel/Our_control/leg_control/install/pid_tune/bin'
[11.936s] Level 1:colcon.colcon_core.environment:checking '/home/hari-prasad-gajurel/Our_control/leg_control/install/pid_tune/lib/pkgconfig/pid_tune.pc'
[11.936s] Level 1:colcon.colcon_core.environment:checking '/home/hari-prasad-gajurel/Our_control/leg_control/install/pid_tune/lib/python3.12/site-packages'
[11.936s] Level 1:colcon.colcon_core.shell:create_environment_hook('pid_tune', 'pythonpath')
[11.937s] INFO:colcon.colcon_core.shell:Creating environment hook '/home/hari-prasad-gajurel/Our_control/leg_control/install/pid_tune/share/pid_tune/hook/pythonpath.ps1'
[11.938s] INFO:colcon.colcon_core.shell:Creating environment descriptor '/home/hari-prasad-gajurel/Our_control/leg_control/install/pid_tune/share/pid_tune/hook/pythonpath.dsv'
[11.939s] INFO:colcon.colcon_core.shell:Creating environment hook '/home/hari-prasad-gajurel/Our_control/leg_control/install/pid_tune/share/pid_tune/hook/pythonpath.sh'
[11.940s] Level 1:colcon.colcon_core.environment:checking '/home/hari-prasad-gajurel/Our_control/leg_control/install/pid_tune/bin'
[11.941s] INFO:colcon.colcon_core.shell:Creating package script '/home/hari-prasad-gajurel/Our_control/leg_control/install/pid_tune/share/pid_tune/package.ps1'
[11.943s] INFO:colcon.colcon_core.shell:Creating package descriptor '/home/hari-prasad-gajurel/Our_control/leg_control/install/pid_tune/share/pid_tune/package.dsv'
[11.945s] INFO:colcon.colcon_core.shell:Creating package script '/home/hari-prasad-gajurel/Our_control/leg_control/install/pid_tune/share/pid_tune/package.sh'
[11.947s] INFO:colcon.colcon_core.shell:Creating package script '/home/hari-prasad-gajurel/Our_control/leg_control/install/pid_tune/share/pid_tune/package.bash'
[11.949s] INFO:colcon.colcon_core.shell:Creating package script '/home/hari-prasad-gajurel/Our_control/leg_control/install/pid_tune/share/pid_tune/package.zsh'
[11.950s] Level 1:colcon.colcon_core.environment:create_file_with_runtime_dependencies(/home/hari-prasad-gajurel/Our_control/leg_control/install/pid_tune/share/colcon-core/packages/pid_tune)
[11.953s] Level 1:colcon.colcon_core.environment:create_environment_scripts_only(pid_tune)
[11.954s] Level 1:colcon.colcon_core.environment:checking '/home/hari-prasad-gajurel/Our_control/leg_control/install/pid_tune' for CMake module files
[11.957s] Level 1:colcon.colcon_core.environment:checking '/home/hari-prasad-gajurel/Our_control/leg_control/install/pid_tune' for CMake config files
[11.961s] Level 1:colcon.colcon_core.shell:create_environment_hook('pid_tune', 'cmake_prefix_path')
[11.961s] INFO:colcon.colcon_core.shell:Creating environment hook '/home/hari-prasad-gajurel/Our_control/leg_control/install/pid_tune/share/pid_tune/hook/cmake_prefix_path.ps1'
[11.963s] INFO:colcon.colcon_core.shell:Creating environment descriptor '/home/hari-prasad-gajurel/Our_control/leg_control/install/pid_tune/share/pid_tune/hook/cmake_prefix_path.dsv'
[11.965s] INFO:colcon.colcon_core.shell:Creating environment hook '/home/hari-prasad-gajurel/Our_control/leg_control/install/pid_tune/share/pid_tune/hook/cmake_prefix_path.sh'
[11.967s] Level 1:colcon.colcon_core.environment:checking '/home/hari-prasad-gajurel/Our_control/leg_control/install/pid_tune/lib'
[11.967s] Level 1:colcon.colcon_core.shell:create_environment_hook('pid_tune', 'ld_library_path_lib')
[11.968s] INFO:colcon.colcon_core.shell:Creating environment hook '/home/hari-prasad-gajurel/Our_control/leg_control/install/pid_tune/share/pid_tune/hook/ld_library_path_lib.ps1'
[11.969s] INFO:colcon.colcon_core.shell:Creating environment descriptor '/home/hari-prasad-gajurel/Our_control/leg_control/install/pid_tune/share/pid_tune/hook/ld_library_path_lib.dsv'
[11.970s] INFO:colcon.colcon_core.shell:Creating environment hook '/home/hari-prasad-gajurel/Our_control/leg_control/install/pid_tune/share/pid_tune/hook/ld_library_path_lib.sh'
[11.971s] Level 1:colcon.colcon_core.environment:checking '/home/hari-prasad-gajurel/Our_control/leg_control/install/pid_tune/bin'
[11.971s] Level 1:colcon.colcon_core.environment:checking '/home/hari-prasad-gajurel/Our_control/leg_control/install/pid_tune/lib/pkgconfig/pid_tune.pc'
[11.971s] Level 1:colcon.colcon_core.environment:checking '/home/hari-prasad-gajurel/Our_control/leg_control/install/pid_tune/lib/python3.12/site-packages'
[11.972s] Level 1:colcon.colcon_core.shell:create_environment_hook('pid_tune', 'pythonpath')
[11.972s] INFO:colcon.colcon_core.shell:Creating environment hook '/home/hari-prasad-gajurel/Our_control/leg_control/install/pid_tune/share/pid_tune/hook/pythonpath.ps1'
[11.973s] INFO:colcon.colcon_core.shell:Creating environment descriptor '/home/hari-prasad-gajurel/Our_control/leg_control/install/pid_tune/share/pid_tune/hook/pythonpath.dsv'
[11.973s] INFO:colcon.colcon_core.shell:Creating environment hook '/home/hari-prasad-gajurel/Our_control/leg_control/install/pid_tune/share/pid_tune/hook/pythonpath.sh'
[11.975s] Level 1:colcon.colcon_core.environment:checking '/home/hari-prasad-gajurel/Our_control/leg_control/install/pid_tune/bin'
[11.975s] INFO:colcon.colcon_core.shell:Creating package script '/home/hari-prasad-gajurel/Our_control/leg_control/install/pid_tune/share/pid_tune/package.ps1'
[11.976s] INFO:colcon.colcon_core.shell:Creating package descriptor '/home/hari-prasad-gajurel/Our_control/leg_control/install/pid_tune/share/pid_tune/package.dsv'
[11.976s] INFO:colcon.colcon_core.shell:Creating package script '/home/hari-prasad-gajurel/Our_control/leg_control/install/pid_tune/share/pid_tune/package.sh'
[11.977s] INFO:colcon.colcon_core.shell:Creating package script '/home/hari-prasad-gajurel/Our_control/leg_control/install/pid_tune/share/pid_tune/package.bash'
[11.977s] INFO:colcon.colcon_core.shell:Creating package script '/home/hari-prasad-gajurel/Our_control/leg_control/install/pid_tune/share/pid_tune/package.zsh'
[11.978s] Level 1:colcon.colcon_core.environment:create_file_with_runtime_dependencies(/home/hari-prasad-gajurel/Our_control/leg_control/install/pid_tune/share/colcon-core/packages/pid_tune)
[11.978s] INFO:colcon.colcon_ros.task.ament_python.build:Building ROS package in '/home/hari-prasad-gajurel/Our_control/leg_control/src/ros2_jazzy' with build type 'ament_python'
[11.979s] Level 1:colcon.colcon_core.shell:create_environment_hook('ros2_jazzy', 'ament_prefix_path')
[11.979s] INFO:colcon.colcon_core.shell:Creating environment hook '/home/hari-prasad-gajurel/Our_control/leg_control/install/ros2_jazzy/share/ros2_jazzy/hook/ament_prefix_path.ps1'
[11.980s] INFO:colcon.colcon_core.shell:Creating environment descriptor '/home/hari-prasad-gajurel/Our_control/leg_control/install/ros2_jazzy/share/ros2_jazzy/hook/ament_prefix_path.dsv'
[11.981s] INFO:colcon.colcon_core.shell:Creating environment hook '/home/hari-prasad-gajurel/Our_control/leg_control/install/ros2_jazzy/share/ros2_jazzy/hook/ament_prefix_path.sh'
[11.981s] INFO:colcon.colcon_core.shell:Skip shell extension 'powershell' for command environment: Not usable outside of PowerShell
[11.982s] DEBUG:colcon.colcon_core.shell:Skip shell extension 'dsv' for command environment
[12.334s] INFO:colcon.colcon_core.task.python.build:Building Python package in '/home/hari-prasad-gajurel/Our_control/leg_control/src/ros2_jazzy'
[12.335s] INFO:colcon.colcon_core.shell:Skip shell extension 'powershell' for command environment: Not usable outside of PowerShell
[12.335s] DEBUG:colcon.colcon_core.shell:Skip shell extension 'dsv' for command environment
[13.327s] DEBUG:colcon.colcon_core.task.python.build:While undoing a previous installation files outside the Python library path are being ignored: /home/hari-prasad-gajurel/Our_control/leg_control/install/ros2_jazzy/share/ament_index/resource_index/packages/ros2_jazzy
[13.328s] DEBUG:colcon.colcon_core.task.python.build:While undoing a previous installation files outside the Python library path are being ignored: /home/hari-prasad-gajurel/Our_control/leg_control/install/ros2_jazzy/share/ros2_jazzy/package.xml
[13.328s] DEBUG:colcon.colcon_core.task.python.build:While undoing a previous installation files outside the Python library path are being ignored: /home/hari-prasad-gajurel/Our_control/leg_control/install/ros2_jazzy/share/ros2_jazzy/data/StairAscent-3.csv
[13.328s] DEBUG:colcon.colcon_core.task.python.build:While undoing a previous installation files outside the Python library path are being ignored: /home/hari-prasad-gajurel/Our_control/leg_control/install/ros2_jazzy/share/ros2_jazzy/data/StairDescent-3.csv
[13.328s] DEBUG:colcon.colcon_core.task.python.build:While undoing a previous installation files outside the Python library path are being ignored: /home/hari-prasad-gajurel/Our_control/leg_control/install/ros2_jazzy/share/ros2_jazzy/data/angles.pkl
[13.328s] DEBUG:colcon.colcon_core.task.python.build:While undoing a previous installation files outside the Python library path are being ignored: /home/hari-prasad-gajurel/Our_control/leg_control/install/ros2_jazzy/share/ros2_jazzy/data/gyros.pkl
[13.328s] DEBUG:colcon.colcon_core.task.python.build:While undoing a previous installation files outside the Python library path are being ignored: /home/hari-prasad-gajurel/Our_control/leg_control/install/ros2_jazzy/share/ros2_jazzy/data/Walking-1.csv
[13.328s] DEBUG:colcon.colcon_core.task.python.build:While undoing a previous installation files outside the Python library path are being ignored: /home/hari-prasad-gajurel/Our_control/leg_control/install/ros2_jazzy/share/ros2_jazzy/data/StairDescent-1.csv
[13.328s] DEBUG:colcon.colcon_core.task.python.build:While undoing a previous installation files outside the Python library path are being ignored: /home/hari-prasad-gajurel/Our_control/leg_control/install/ros2_jazzy/share/ros2_jazzy/data/RampAscent-2.csv
[13.329s] DEBUG:colcon.colcon_core.task.python.build:While undoing a previous installation files outside the Python library path are being ignored: /home/hari-prasad-gajurel/Our_control/leg_control/install/ros2_jazzy/share/ros2_jazzy/data/RampDescent-3.csv
[13.329s] DEBUG:colcon.colcon_core.task.python.build:While undoing a previous installation files outside the Python library path are being ignored: /home/hari-prasad-gajurel/Our_control/leg_control/install/ros2_jazzy/share/ros2_jazzy/data/RampAscent-1.csv
[13.329s] DEBUG:colcon.colcon_core.task.python.build:While undoing a previous installation files outside the Python library path are being ignored: /home/hari-prasad-gajurel/Our_control/leg_control/install/ros2_jazzy/share/ros2_jazzy/data/RampDescent-2.csv
[13.329s] DEBUG:colcon.colcon_core.task.python.build:While undoing a previous installation files outside the Python library path are being ignored: /home/hari-prasad-gajurel/Our_control/leg_control/install/ros2_jazzy/share/ros2_jazzy/data/StairAscent-1.csv
[13.329s] DEBUG:colcon.colcon_core.task.python.build:While undoing a previous installation files outside the Python library path are being ignored: /home/hari-prasad-gajurel/Our_control/leg_control/install/ros2_jazzy/share/ros2_jazzy/data/Walking-3.csv
[13.329s] DEBUG:colcon.colcon_core.task.python.build:While undoing a previous installation files outside the Python library path are being ignored: /home/hari-prasad-gajurel/Our_control/leg_control/install/ros2_jazzy/share/ros2_jazzy/data/StairDescent-2.csv
[13.329s] DEBUG:colcon.colcon_core.task.python.build:While undoing a previous installation files outside the Python library path are being ignored: /home/hari-prasad-gajurel/Our_control/leg_control/install/ros2_jazzy/share/ros2_jazzy/data/RampAscent-3.csv
[13.329s] DEBUG:colcon.colcon_core.task.python.build:While undoing a previous installation files outside the Python library path are being ignored: /home/hari-prasad-gajurel/Our_control/leg_control/install/ros2_jazzy/share/ros2_jazzy/data/RampDescent-1.csv
[13.329s] DEBUG:colcon.colcon_core.task.python.build:While undoing a previous installation files outside the Python library path are being ignored: /home/hari-prasad-gajurel/Our_control/leg_control/install/ros2_jazzy/share/ros2_jazzy/data/StairAscent-2.csv
[13.329s] DEBUG:colcon.colcon_core.task.python.build:While undoing a previous installation files outside the Python library path are being ignored: /home/hari-prasad-gajurel/Our_control/leg_control/install/ros2_jazzy/share/ros2_jazzy/data/Walking-2.csv
[13.329s] DEBUG:colcon.colcon_core.task.python.build:While undoing a previous installation files outside the Python library path are being ignored: /home/hari-prasad-gajurel/Our_control/leg_control/install/ros2_jazzy/share/ros2_jazzy/launch/main.launch.py
[13.329s] DEBUG:colcon.colcon_core.task.python.build:While undoing a previous installation files outside the Python library path are being ignored: /home/hari-prasad-gajurel/Our_control/leg_control/install/ros2_jazzy/share/ros2_jazzy/urdf/newoslsim.xacro
[13.330s] DEBUG:colcon.colcon_core.task.python.build:While undoing a previous installation files outside the Python library path are being ignored: /home/hari-prasad-gajurel/Our_control/leg_control/install/ros2_jazzy/share/ros2_jazzy/urdf/oslsim.xacro
[13.330s] DEBUG:colcon.colcon_core.task.python.build:While undoing a previous installation files outside the Python library path are being ignored: /home/hari-prasad-gajurel/Our_control/leg_control/install/ros2_jazzy/share/ros2_jazzy/config/osl_ankle.yaml
[13.330s] DEBUG:colcon.colcon_core.task.python.build:While undoing a previous installation files outside the Python library path are being ignored: /home/hari-prasad-gajurel/Our_control/leg_control/install/ros2_jazzy/share/ros2_jazzy/config/controllers.yaml
[13.330s] DEBUG:colcon.colcon_core.task.python.build:While undoing a previous installation files outside the Python library path are being ignored: /home/hari-prasad-gajurel/Our_control/leg_control/install/ros2_jazzy/share/ros2_jazzy/config/osl_knee.yaml
[13.330s] DEBUG:colcon.colcon_core.task.python.build:While undoing a previous installation files outside the Python library path are being ignored: /home/hari-prasad-gajurel/Our_control/leg_control/install/ros2_jazzy/share/ros2_jazzy/meshes/foot.dae
[13.330s] DEBUG:colcon.colcon_core.task.python.build:While undoing a previous installation files outside the Python library path are being ignored: /home/hari-prasad-gajurel/Our_control/leg_control/install/ros2_jazzy/share/ros2_jazzy/meshes/thigh.dae
[13.330s] DEBUG:colcon.colcon_core.task.python.build:While undoing a previous installation files outside the Python library path are being ignored: /home/hari-prasad-gajurel/Our_control/leg_control/install/ros2_jazzy/share/ros2_jazzy/meshes/osl_foot.obj
[13.330s] DEBUG:colcon.colcon_core.task.python.build:While undoing a previous installation files outside the Python library path are being ignored: /home/hari-prasad-gajurel/Our_control/leg_control/install/ros2_jazzy/share/ros2_jazzy/meshes/osl_shank.dae
[13.330s] DEBUG:colcon.colcon_core.task.python.build:While undoing a previous installation files outside the Python library path are being ignored: /home/hari-prasad-gajurel/Our_control/leg_control/install/ros2_jazzy/share/ros2_jazzy/meshes/osl_shank.obj
[13.330s] DEBUG:colcon.colcon_core.task.python.build:While undoing a previous installation files outside the Python library path are being ignored: /home/hari-prasad-gajurel/Our_control/leg_control/install/ros2_jazzy/share/ros2_jazzy/meshes/robot_foot.mtl
[13.330s] DEBUG:colcon.colcon_core.task.python.build:While undoing a previous installation files outside the Python library path are being ignored: /home/hari-prasad-gajurel/Our_control/leg_control/install/ros2_jazzy/share/ros2_jazzy/meshes/socket.dae
[13.331s] DEBUG:colcon.colcon_core.task.python.build:While undoing a previous installation files outside the Python library path are being ignored: /home/hari-prasad-gajurel/Our_control/leg_control/install/ros2_jazzy/share/ros2_jazzy/meshes/shin.dae
[13.331s] DEBUG:colcon.colcon_core.task.python.build:While undoing a previous installation files outside the Python library path are being ignored: /home/hari-prasad-gajurel/Our_control/leg_control/install/ros2_jazzy/share/ros2_jazzy/meshes/osl_knee.obj
[13.331s] DEBUG:colcon.colcon_core.task.python.build:While undoing a previous installation files outside the Python library path are being ignored: /home/hari-prasad-gajurel/Our_control/leg_control/install/ros2_jazzy/share/ros2_jazzy/meshes/osl_shin.STL
[13.331s] DEBUG:colcon.colcon_core.task.python.build:While undoing a previous installation files outside the Python library path are being ignored: /home/hari-prasad-gajurel/Our_control/leg_control/install/ros2_jazzy/share/ros2_jazzy/meshes/osl_foot.dae
[13.331s] DEBUG:colcon.colcon_core.task.python.build:While undoing a previous installation files outside the Python library path are being ignored: /home/hari-prasad-gajurel/Our_control/leg_control/install/ros2_jazzy/share/ros2_jazzy/worlds/main.world
[13.332s] DEBUG:colcon.colcon_core.task.python.build:While undoing a previous installation files outside the Python library path are being ignored: /home/hari-prasad-gajurel/Our_control/leg_control/install/ros2_jazzy/lib/ros2_jazzy/loadcell
[13.332s] DEBUG:colcon.colcon_core.task.python.build:While undoing a previous installation files outside the Python library path are being ignored: /home/hari-prasad-gajurel/Our_control/leg_control/install/ros2_jazzy/lib/ros2_jazzy/oslsim_controller
[13.332s] DEBUG:colcon.colcon_core.task.python.build:While undoing a previous installation files outside the Python library path are being ignored: /home/hari-prasad-gajurel/Our_control/leg_control/install/ros2_jazzy/lib/ros2_jazzy/oslsim_pid_tuner
[13.332s] DEBUG:colcon.colcon_core.task.python.build:While undoing a previous installation files outside the Python library path are being ignored: /home/hari-prasad-gajurel/Our_control/leg_control/install/ros2_jazzy/lib/ros2_jazzy/oslsim_walker
[13.341s] DEBUG:colcon.colcon_core.event_handler.log_command:Invoking command in '/home/hari-prasad-gajurel/Our_control/leg_control/build/ros2_jazzy': AMENT_PREFIX_PATH=/home/hari-prasad-gajurel/Our_control/leg_control/install/pid_tune:/home/hari-prasad-gajurel/Our_control/leg_control/install/osl_motor:${AMENT_PREFIX_PATH} CMAKE_PREFIX_PATH=/home/hari-prasad-gajurel/Our_control/leg_control/install/pid_tune:${CMAKE_PREFIX_PATH} DEBUGINFOD_URLS=https://debuginfod.ubuntu.com LD_LIBRARY_PATH=/home/hari-prasad-gajurel/Our_control/leg_control/install/pid_tune/lib:${LD_LIBRARY_PATH} PYTHONPATH=/home/hari-prasad-gajurel/Our_control/leg_control/build/ros2_jazzy/prefix_override:/usr/lib/python3/dist-packages/colcon_core/task/python/colcon_distutils_commands:/home/hari-prasad-gajurel/Our_control/leg_control/install/ros2_jazzy/lib/python3.12/site-packages:/home/hari-prasad-gajurel/Our_control/leg_control/install/pid_tune/lib/python3.12/site-packages:/home/hari-prasad-gajurel/Our_control/leg_control/build/osl_motor:/home/hari-prasad-gajurel/Our_control/leg_control/install/osl_motor/lib/python3.12/site-packages:${PYTHONPATH} /usr/bin/python3 -W ignore:setup.py install is deprecated -W ignore:easy_install command is deprecated setup.py develop --editable --build-directory /home/hari-prasad-gajurel/Our_control/leg_control/build/ros2_jazzy/build --no-deps symlink_data --force
[14.476s] Level 1:colcon.colcon_core.shell:create_environment_hook('ros2_jazzy', 'pythonpath_develop')
[14.476s] INFO:colcon.colcon_core.shell:Creating environment hook '/home/hari-prasad-gajurel/Our_control/leg_control/build/ros2_jazzy/share/ros2_jazzy/hook/pythonpath_develop.ps1'
[14.478s] DEBUG:colcon.colcon_core.event_handler.log_command:Invoked command in '/home/hari-prasad-gajurel/Our_control/leg_control/build/ros2_jazzy' returned '0': AMENT_PREFIX_PATH=/home/hari-prasad-gajurel/Our_control/leg_control/install/pid_tune:/home/hari-prasad-gajurel/Our_control/leg_control/install/osl_motor:${AMENT_PREFIX_PATH} CMAKE_PREFIX_PATH=/home/hari-prasad-gajurel/Our_control/leg_control/install/pid_tune:${CMAKE_PREFIX_PATH} DEBUGINFOD_URLS=https://debuginfod.ubuntu.com LD_LIBRARY_PATH=/home/hari-prasad-gajurel/Our_control/leg_control/install/pid_tune/lib:${LD_LIBRARY_PATH} PYTHONPATH=/home/hari-prasad-gajurel/Our_control/leg_control/build/ros2_jazzy/prefix_override:/usr/lib/python3/dist-packages/colcon_core/task/python/colcon_distutils_commands:/home/hari-prasad-gajurel/Our_control/leg_control/install/ros2_jazzy/lib/python3.12/site-packages:/home/hari-prasad-gajurel/Our_control/leg_control/install/pid_tune/lib/python3.12/site-packages:/home/hari-prasad-gajurel/Our_control/leg_control/build/osl_motor:/home/hari-prasad-gajurel/Our_control/leg_control/install/osl_motor/lib/python3.12/site-packages:${PYTHONPATH} /usr/bin/python3 -W ignore:setup.py install is deprecated -W ignore:easy_install command is deprecated setup.py develop --editable --build-directory /home/hari-prasad-gajurel/Our_control/leg_control/build/ros2_jazzy/build --no-deps symlink_data --force
[14.478s] INFO:colcon.colcon_core.shell:Creating environment descriptor '/home/hari-prasad-gajurel/Our_control/leg_control/build/ros2_jazzy/share/ros2_jazzy/hook/pythonpath_develop.dsv'
[14.479s] INFO:colcon.colcon_core.shell:Creating environment hook '/home/hari-prasad-gajurel/Our_control/leg_control/build/ros2_jazzy/share/ros2_jazzy/hook/pythonpath_develop.sh'
[14.480s] Level 1:colcon.colcon_core.environment:checking '/home/hari-prasad-gajurel/Our_control/leg_control/install/ros2_jazzy' for CMake module files
[14.481s] Level 1:colcon.colcon_core.environment:checking '/home/hari-prasad-gajurel/Our_control/leg_control/install/ros2_jazzy' for CMake config files
[14.483s] Level 1:colcon.colcon_core.environment:checking '/home/hari-prasad-gajurel/Our_control/leg_control/install/ros2_jazzy/lib'
[14.483s] Level 1:colcon.colcon_core.environment:checking '/home/hari-prasad-gajurel/Our_control/leg_control/install/ros2_jazzy/bin'
[14.483s] Level 1:colcon.colcon_core.environment:checking '/home/hari-prasad-gajurel/Our_control/leg_control/install/ros2_jazzy/lib/pkgconfig/ros2_jazzy.pc'
[14.483s] Level 1:colcon.colcon_core.environment:checking '/home/hari-prasad-gajurel/Our_control/leg_control/install/ros2_jazzy/lib/python3.12/site-packages'
[14.484s] Level 1:colcon.colcon_core.shell:create_environment_hook('ros2_jazzy', 'pythonpath')
[14.484s] INFO:colcon.colcon_core.shell:Creating environment hook '/home/hari-prasad-gajurel/Our_control/leg_control/install/ros2_jazzy/share/ros2_jazzy/hook/pythonpath.ps1'
[14.485s] INFO:colcon.colcon_core.shell:Creating environment descriptor '/home/hari-prasad-gajurel/Our_control/leg_control/install/ros2_jazzy/share/ros2_jazzy/hook/pythonpath.dsv'
[14.485s] INFO:colcon.colcon_core.shell:Creating environment hook '/home/hari-prasad-gajurel/Our_control/leg_control/install/ros2_jazzy/share/ros2_jazzy/hook/pythonpath.sh'
[14.486s] Level 1:colcon.colcon_core.environment:checking '/home/hari-prasad-gajurel/Our_control/leg_control/install/ros2_jazzy/bin'
[14.487s] Level 1:colcon.colcon_core.environment:create_environment_scripts_only(ros2_jazzy)
[14.487s] INFO:colcon.colcon_core.shell:Creating package script '/home/hari-prasad-gajurel/Our_control/leg_control/install/ros2_jazzy/share/ros2_jazzy/package.ps1'
[14.488s] INFO:colcon.colcon_core.shell:Creating package descriptor '/home/hari-prasad-gajurel/Our_control/leg_control/install/ros2_jazzy/share/ros2_jazzy/package.dsv'
[14.489s] INFO:colcon.colcon_core.shell:Creating package script '/home/hari-prasad-gajurel/Our_control/leg_control/install/ros2_jazzy/share/ros2_jazzy/package.sh'
[14.490s] INFO:colcon.colcon_core.shell:Creating package script '/home/hari-prasad-gajurel/Our_control/leg_control/install/ros2_jazzy/share/ros2_jazzy/package.bash'
[14.491s] INFO:colcon.colcon_core.shell:Creating package script '/home/hari-prasad-gajurel/Our_control/leg_control/install/ros2_jazzy/share/ros2_jazzy/package.zsh'
[14.491s] Level 1:colcon.colcon_core.environment:create_file_with_runtime_dependencies(/home/hari-prasad-gajurel/Our_control/leg_control/install/ros2_jazzy/share/colcon-core/packages/ros2_jazzy)
[14.492s] DEBUG:colcon.colcon_parallel_executor.executor.parallel:closing loop
[14.492s] DEBUG:colcon.colcon_parallel_executor.executor.parallel:loop closed
[14.493s] DEBUG:colcon.colcon_parallel_executor.executor.parallel:run_until_complete finished with '0'
[14.493s] DEBUG:colcon.colcon_core.event_reactor:joining thread
[14.503s] INFO:colcon.colcon_core.plugin_system:Skipping extension 'colcon_notification.desktop_notification.terminal_notifier': Not used on non-Darwin systems
[14.503s] INFO:colcon.colcon_core.plugin_system:Skipping extension 'colcon_notification.desktop_notification.win32': Not used on non-Windows systems
[14.503s] INFO:colcon.colcon_notification.desktop_notification:Sending desktop notification using 'notify2'
[14.569s] DEBUG:colcon.colcon_core.event_reactor:joined thread
[14.569s] INFO:colcon.colcon_core.shell:Creating prefix script '/home/hari-prasad-gajurel/Our_control/leg_control/install/local_setup.ps1'
[14.571s] INFO:colcon.colcon_core.shell:Creating prefix util module '/home/hari-prasad-gajurel/Our_control/leg_control/install/_local_setup_util_ps1.py'
[14.573s] INFO:colcon.colcon_core.shell:Creating prefix chain script '/home/hari-prasad-gajurel/Our_control/leg_control/install/setup.ps1'
[14.576s] INFO:colcon.colcon_core.shell:Creating prefix script '/home/hari-prasad-gajurel/Our_control/leg_control/install/local_setup.sh'
[14.577s] INFO:colcon.colcon_core.shell:Creating prefix util module '/home/hari-prasad-gajurel/Our_control/leg_control/install/_local_setup_util_sh.py'
[14.579s] INFO:colcon.colcon_core.shell:Creating prefix chain script '/home/hari-prasad-gajurel/Our_control/leg_control/install/setup.sh'
[14.582s] INFO:colcon.colcon_core.shell:Creating prefix script '/home/hari-prasad-gajurel/Our_control/leg_control/install/local_setup.bash'
[14.583s] INFO:colcon.colcon_core.shell:Creating prefix chain script '/home/hari-prasad-gajurel/Our_control/leg_control/install/setup.bash'
[14.586s] INFO:colcon.colcon_core.shell:Creating prefix script '/home/hari-prasad-gajurel/Our_control/leg_control/install/local_setup.zsh'
[14.588s] INFO:colcon.colcon_core.shell:Creating prefix chain script '/home/hari-prasad-gajurel/Our_control/leg_control/install/setup.zsh'
